Timesteps: 1 sat: false Time: 0.45599374 TotalTime: 0.456760339 (REAL s)
Timesteps: 2 sat: false Time: 0.121887026 TotalTime: 0.608846698 (REAL s)
Timesteps: 3 sat: false Time: 0.128021072 TotalTime: 0.737036036 (REAL s)
Timesteps: 4 sat: false Time: 0.189322383 TotalTime: 0.92656534 (REAL s)
Timesteps: 5 sat: false Time: 0.226840544 TotalTime: 1.153643956 (REAL s)
Timesteps: 6 sat: false Time: 0.254502229 TotalTime: 1.408300123 (REAL s)
Timesteps: 7 sat: false Time: 0.282333856 TotalTime: 1.69078573 (REAL s)
Timesteps: 8 sat: false Time: 0.469521526 TotalTime: 2.160486731 (REAL s)
Timesteps: 9 sat: false Time: 0.95203959 TotalTime: 3.112665029 (REAL s)
Timesteps: 10 sat: false Time: 2.456173107 TotalTime: 5.568976661 (REAL s)
Timesteps: 11 sat: false Time: 7.144719486 TotalTime: 12.713869121 (REAL s)
Timesteps: 12 sat: true Time: 0.697108325 TotalTime: 13.41115105 (REAL s)

S 0        Snow       Reachable
-#####-    -------    -------
#.....#    -11111-    -00111-
#.#'#.#    -1---1-    -0-1-1-
#.111.#    -1---1-    -00001-
#.#q#.#    -1---1-    -0-1-1-
#.....#    -11111-    -00111-
-#####-    -------    -------

S 1        Snow       Reachable
-#####-    -------    -------
#.....#    -11111-    -11110-
#.#'#.#    -1---1-    -1-1-0-
#.1q1.#    -1---1-    -10100-
#.#1#.#    -1---1-    -1-0-1-
#.....#    -11111-    -11111-
-#####-    -------    -------

S 2        Snow       Reachable
-#####-    -------    -------
#.....#    -11111-    -11111-
#.#'#.#    -1---1-    -1-1-1-
#.1'1.#    -1---1-    -10101-
#.#q#.#    -1---1-    -1-1-1-
#..2..#    -11011-    -11011-
-#####-    -------    -------

S 3        Snow       Reachable
-#####-    -------    -------
#.....#    -11111-    -11111-
#.#'#.#    -1---1-    -1-1-1-
#.q11.#    -1---1-    -11001-
#.#'#.#    -1---1-    -1-0-1-
#..2..#    -11011-    -10011-
-#####-    -------    -------

S 4        Snow       Reachable
-#####-    -------    -------
#.....#    -11111-    -11111-
#.#'#.#    -1---1-    -1-1-1-
#.'q1.#    -1---1-    -11101-
#.#1#.#    -1---1-    -1-0-1-
#..2..#    -11011-    -10011-
-#####-    -------    -------

S 5        Snow       Reachable
-#####-    -------    -------
#.....#    -11111-    -11111-
#.#'#.#    -1---1-    -1-1-1-
#.''1.#    -1---1-    -11101-
#.#1#.#    -1---1-    -1-0-1-
#.4q..#    -10011-    -10111-
-#####-    -------    -------

S 6        Snow       Reachable
-#####-    -------    -------
#.....#    -11111-    -11110-
#.#'#.#    -1---1-    -1-1-0-
#.''1.#    -1---1-    -11100-
#.#1#.#    -1---1-    -1-0-0-
#.q4..#    -10011-    -11000-
-#####-    -------    -------

S 7        Snow       Reachable
-#####-    -------    -------
#.....#    -11111-    -11111-
#.#'#.#    -1---1-    -1-1-1-
#.''1.#    -1---1-    -11101-
#.#q#.#    -1---1-    -1-1-1-
#.'5..#    -10011-    -11001-
-#####-    -------    -------

S 8        Snow       Reachable
-#####-    -------    -------
#.....#    -11111-    -11111-
#.#'#.#    -1---1-    -1-1-1-
#.''1.#    -1---1-    -11001-
#.#'#.#    -1---1-    -1-0-1-
#.q42.#    -10001-    -11001-
-#####-    -------    -------

S 9        Snow       Reachable
-#####-    -------    -------
#.....#    -11111-    -11111-
#.#'#.#    -1---1-    -1-0-1-
#.''1.#    -1---1-    -10001-
#.#'#.#    -1---1-    -1-0-1-
#.'6q.#    -10001-    -11011-
-#####-    -------    -------

S 10       Snow       Reachable
-#####-    -------    -------
#.....#    -11111-    -11111-
#.#'#.#    -1---1-    -1-1-1-
#.'1q.#    -1---1-    -11011-
#.#'#.#    -1---1-    -1-0-1-
#.'6'.#    -10001-    -10011-
-#####-    -------    -------

S 11       Snow       Reachable
-#####-    -------    -------
#.....#    -11111-    -00000-
#.#'#.#    -1---1-    -0-0-1-
#.'q'.#    -1---1-    -11111-
#.#1#.#    -1---1-    -1-0-1-
#.'6'.#    -10001-    -11001-
-#####-    -------    -------

S 12       Snow       Reachable
-#####-    -------    -------
#.....#    -11111-    -?????-
#.#'#.#    -1---1-    -?-?-?-
#.'''.#    -1---1-    -?????-
#.#q#.#    -1---1-    -?-?-?-
#.'7'.#    -10001-    -?????-
-#####-    -------    -------

Solved: true
Time (CPU s): 12.657991
Valid: true
Actions: 91
    dlluuuurrdDDuuullddRluurrdDuurrddddlLrruuuullddllddRluurrDullddrRluurruurrddddLruuLruulldDD
Ball references from initial state:
    Ball (0): Location(Coordinate(2,3),SmallBall)
    Ball (1): Location(Coordinate(3,3),SmallBall)
    Ball (2): Location(Coordinate(4,3),SmallBall)
Ball Actions: 12
    D(1)D(1)R(0)D(0)L(1)R(1)D(0)R(0)L(0)L(2)D(2)D(2)
