Timesteps: 1 sat: false Time: 0.450310191 TotalTime: 0.451057955 (REAL s)
Timesteps: 2 sat: false Time: 0.15210009 TotalTime: 0.613437218 (REAL s)
Timesteps: 3 sat: false Time: 0.171919161 TotalTime: 0.785598398 (REAL s)
Timesteps: 4 sat: false Time: 0.200782661 TotalTime: 0.986526914 (REAL s)
Timesteps: 5 sat: false Time: 0.318210598 TotalTime: 1.305022998 (REAL s)
Timesteps: 6 sat: false Time: 0.236146236 TotalTime: 1.541387319 (REAL s)
Timesteps: 7 sat: false Time: 0.275256481 TotalTime: 1.816963792 (REAL s)
Timesteps: 8 sat: false Time: 0.359710575 TotalTime: 2.177034514 (REAL s)
Timesteps: 9 sat: false Time: 0.36238146 TotalTime: 2.539540657 (REAL s)
Timesteps: 10 sat: false Time: 0.653558842 TotalTime: 3.193196944 (REAL s)
Timesteps: 11 sat: false Time: 0.974168192 TotalTime: 4.167477051 (REAL s)
Timesteps: 12 sat: false Time: 0.974922792 TotalTime: 5.142521604 (REAL s)
Timesteps: 13 sat: true Time: 1.234527152 TotalTime: 6.37717182 (REAL s)

S 0        Snow       Reachable
-#####-    -------    -------
#.p1..#    -11-11-    -11011-
#.2.2.#    -1-1-1-    -10101-
#.....#    -11111-    -11111-
#.#.#.#    -1-1-1-    -0-1-1-
#.....#    -11111-    -01111-
-#####-    -------    -------

S 1        Snow       Reachable
-#####-    -------    -------
#..1..#    -11-11-    -11011-
#.q.2.#    -1-1-1-    -11001-
#.4...#    -10111-    -10101-
#.#.#.#    -1-1-1-    -1-1-1-
#.....#    -11111-    -11111-
-#####-    -------    -------

S 2        Snow       Reachable
-#####-    -------    -------
#..1..#    -11-11-    -10000-
#.'.2.#    -1-1-1-    -11100-
#.q4..#    -10011-    -11001-
#.#.#.#    -1-1-1-    -1-1-1-
#.....#    -11111-    -11111-
-#####-    -------    -------

S 3        Snow       Reachable
-#####-    -------    -------
#..1..#    -11-11-    -11011-
#.'42.#    -1-0-1-    -11001-
#.'q..#    -10011-    -11111-
#.#.#.#    -1-1-1-    -1-1-1-
#.....#    -11111-    -11111-
-#####-    -------    -------

S 4        Snow       Reachable
-#####-    -------    -------
#..1..#    -11-11-    -01000-
#.'6q.#    -1-0-1-    -11011-
#.''..#    -10011-    -11011-
#.#.#.#    -1-1-1-    -1-1-1-
#.....#    -11111-    -11111-
-#####-    -------    -------

S 5        Snow       Reachable
-#####-    -------    -------
#..1..#    -11-11-    -11001-
#.24q.#    -1-0-1-    -10011-
#.''..#    -10011-    -10001-
#.#.#.#    -1-1-1-    -1-1-1-
#.....#    -11111-    -11111-
-#####-    -------    -------

S 6        Snow       Reachable
-#####-    -------    -------
#..1..#    -11-11-    -01011-
#.q4'.#    -1-0-1-    -11001-
#.2'..#    -10011-    -10011-
#.#.#.#    -1-1-1-    -1-0-1-
#.....#    -11111-    -11111-
-#####-    -------    -------

S 7        Snow       Reachable
-#####-    -------    -------
#..1..#    -11-11-    -10011-
#.'4'.#    -1-0-1-    -11011-
#.q2..#    -10011-    -11011-
#.#.#.#    -1-1-1-    -1-0-1-
#.....#    -11111-    -11111-
-#####-    -------    -------

S 8        Snow       Reachable
-#####-    -------    -------
#..1..#    -11-11-    -00011-
#.4q'.#    -1-0-1-    -00111-
#.'2..#    -10011-    -11011-
#.#.#.#    -1-1-1-    -1-0-1-
#.....#    -11111-    -11111-
-#####-    -------    -------

S 9        Snow       Reachable
-#####-    -------    -------
#.41..#    -10-11-    -00000-
#.q''.#    -1-0-1-    -11100-
#.'2..#    -10011-    -10000-
#.#.#.#    -1-1-1-    -1-1-1-
#.....#    -11111-    -11111-
-#####-    -------    -------

S 10       Snow       Reachable
-#####-    -------    -------
#.41..#    -10-11-    -00011-
#.'2'.#    -1-0-1-    -11011-
#.'q..#    -10011-    -10111-
#.#.#.#    -1-1-1-    -1-1-1-
#.....#    -11111-    -11111-
-#####-    -------    -------

S 11       Snow       Reachable
-#####-    -------    -------
#.41..#    -10-11-    -00000-
#.2q'.#    -1-0-1-    -10100-
#.''..#    -10011-    -11101-
#.#.#.#    -1-1-1-    -1-1-1-
#.....#    -11111-    -11111-
-#####-    -------    -------

S 12       Snow       Reachable
-#####-    -------    -------
#.61..#    -10-11-    -00011-
#.q''.#    -1-0-1-    -11001-
#.''..#    -10011-    -11111-
#.#.#.#    -1-1-1-    -0-1-1-
#.....#    -11111-    -00011-
-#####-    -------    -------

S 13       Snow       Reachable
-#####-    -------    -------
#.7q..#    -10-11-    -?????-
#.'''.#    -1-0-1-    -?????-
#.''..#    -10011-    -?????-
#.#.#.#    -1-1-1-    -?-?-?-
#.....#    -11111-    -?????-
-#####-    -------    -------

Solved: true
Time (CPU s): 5.59117
Valid: true
Actions: 70
    DldRlddrruUrruLLdllluurDldRlddrrrruuluLrdrddlllluurUdlddrruUruLdlUrruL
Ball references from initial state:
    Ball (0): Location(Coordinate(2,4),MediumBall)
    Ball (1): Location(Coordinate(3,5),SmallBall)
    Ball (2): Location(Coordinate(4,4),MediumBall)
Ball Actions: 13
    D(0)R(0)U(0)L(2)L(2)D(2)R(2)L(0)U(0)U(2)L(2)U(2)L(1)
