Timesteps: 1 sat: false Time: 0.455791879 TotalTime: 0.456764714 (REAL s)
Timesteps: 2 sat: false Time: 0.213538279 TotalTime: 0.685294656 (REAL s)
Timesteps: 3 sat: false Time: 0.215749552 TotalTime: 0.901197221 (REAL s)
Timesteps: 4 sat: false Time: 0.301728835 TotalTime: 1.203195934 (REAL s)
Timesteps: 5 sat: false Time: 0.333204972 TotalTime: 1.53654067 (REAL s)
Timesteps: 6 sat: false Time: 0.280667392 TotalTime: 1.817382411 (REAL s)
Timesteps: 7 sat: false Time: 0.298386532 TotalTime: 2.115888628 (REAL s)
Timesteps: 8 sat: false Time: 0.31443944 TotalTime: 2.430494236 (REAL s)
Timesteps: 9 sat: false Time: 0.71770931 TotalTime: 3.148324245 (REAL s)
Timesteps: 10 sat: false Time: 1.214451714 TotalTime: 4.362973608 (REAL s)
Timesteps: 11 sat: false Time: 3.347491509 TotalTime: 7.710558961 (REAL s)
Timesteps: 12 sat: false Time: 7.936355253 TotalTime: 15.647330681 (REAL s)
Timesteps: 13 sat: false Time: 9.907782085 TotalTime: 25.555281234 (REAL s)
Timesteps: 14 sat: false Time: 19.782488921 TotalTime: 45.338078452 (REAL s)
Timesteps: 15 sat: false Time: 27.638677037 TotalTime: 72.976933344 (REAL s)
Timesteps: 16 sat: false Time: 35.038439659 TotalTime: 108.015598927 (REAL s)
Timesteps: 17 sat: false Time: 74.854532822 TotalTime: 182.870412981 (REAL s)
Timesteps: 18 sat: false Time: 122.81380961 TotalTime: 305.684408352 (REAL s)
Timesteps: 19 sat: true Time: 23.060047215 TotalTime: 328.744655784 (REAL s)

S 0              Snow             Reachable    
-----###-----    -------------    -------------
-####...####-    -----111-----    -----011-----
#...#.1.#...#    -111-1-1-111-    -111-101-011-
#.1.......1.#    -1-1111111-1-    -10111111101-
#...#.p.#...#    -111-111-111-    -011-011-111-
-####...####-    -----111-----    -----001-----
-----###-----    -------------    -------------

S 1              Snow             Reachable    
-----###-----    -------------    -------------
-####...####-    -----111-----    -----000-----
#...#.1.#...#    -111-1-1-111-    -000-000-001-
#.1......2q.#    -1-1111110-1-    -00000000011-
#...#...#...#    -111-111-111-    -000-000-111-
-####...####-    -----111-----    -----000-----
-----###-----    -------------    -------------

S 2              Snow             Reachable    
-----###-----    -------------    -------------
-####...####-    -----111-----    -----000-----
#...#.1.#...#    -111-1-1-111-    -000-000-001-
#.1.....4q'.#    -1-1111100-1-    -00000000111-
#...#...#...#    -111-111-111-    -000-000-001-
-####...####-    -----111-----    -----000-----
-----###-----    -------------    -------------

S 3              Snow             Reachable    
-----###-----    -------------    -------------
-####...####-    -----111-----    -----000-----
#...#.1.#...#    -111-1-1-111-    -000-000-000-
#.1....4q''.#    -1-1111000-1-    -00000001100-
#...#...#...#    -111-111-111-    -000-000-000-
-####...####-    -----111-----    -----000-----
-----###-----    -------------    -------------

S 4              Snow             Reachable    
-----###-----    -------------    -------------
-####...####-    -----111-----    -----000-----
#...#.1.#...#    -111-1-1-111-    -000-001-000-
#.1...4q'''.#    -1-1110000-1-    -00111011100-
#...#...#...#    -111-111-111-    -111-101-000-
-####...####-    -----111-----    -----111-----
-----###-----    -------------    -------------

S 5              Snow             Reachable    
-----###-----    -------------    -------------
-####...####-    -----111-----    -----111-----
#.2.#.1.#...#    -101-1-1-111-    -001-101-000-
#.q...4''''.#    -1-1110000-1-    -11111011110-
#...#...#...#    -111-111-111-    -111-001-000-
-####...####-    -----111-----    -----011-----
-----###-----    -------------    -------------

S 6              Snow             Reachable    
-----###-----    -------------    -------------
-####...####-    -----111-----    -----000-----
#.2.#.1.#...#    -101-1-1-111-    -000-000-111-
#.'..4q''''.#    -1-1100000-1-    -00000111111-
#...#...#...#    -111-111-111-    -000-011-011-
-####...####-    -----111-----    -----110-----
-----###-----    -------------    -------------

S 7              Snow             Reachable    
-----###-----    -------------    -------------
-####...####-    -----111-----    -----111-----
#.2.#.1.#...#    -101-1-1-111-    -000-001-000-
#.'.4q'''''.#    -1-1000000-1-    -00001010000-
#...#...#...#    -111-111-111-    -000-101-000-
-####...####-    -----111-----    -----111-----
-----###-----    -------------    -------------

S 8              Snow             Reachable    
-----###-----    -------------    -------------
-####...####-    -----111-----    -----111-----
#.2.#.q.#...#    -101-1-1-111-    -000-111-111-
#.'.4'1''''.#    -1-1000000-1-    -00001011111-
#...#...#...#    -111-111-111-    -000-101-001-
-####...####-    -----111-----    -----111-----
-----###-----    -------------    -------------

S 9              Snow             Reachable    
-----###-----    -------------    -------------
-####...####-    -----111-----    -----110-----
#.2.#.'.#...#    -101-1-1-111-    -000-101-000-
#.'4q'1''''.#    -1-0000000-1-    -00011011100-
#...#...#...#    -111-111-111-    -000-111-000-
-####...####-    -----111-----    -----011-----
-----###-----    -------------    -------------

S 10             Snow             Reachable    
-----###-----    -------------    -------------
-####...####-    -----111-----    -----000-----
#.2.#.'.#...#    -101-1-1-111-    -000-000-000-
#.4q''1''''.#    -1-0000000-1-    -10110000000-
#...#...#...#    -111-111-111-    -111-000-000-
-####...####-    -----111-----    -----000-----
-----###-----    -------------    -------------

S 11             Snow             Reachable    
-----###-----    -------------    -------------
-####...####-    -----111-----    -----000-----
#.2.#.'.#...#    -101-1-1-111-    -000-000-000-
#.q4''1''''.#    -1-0000000-1-    -01000000000-
#...#...#...#    -111-111-111-    -011-000-000-
-####...####-    -----111-----    -----000-----
-----###-----    -------------    -------------

S 12             Snow             Reachable    
-----###-----    -------------    -------------
-####...####-    -----111-----    -----111-----
#.24#.'.#...#    -100-1-1-111-    -000-101-000-
#.'q''1''''.#    -1-0000000-1-    -10111010000-
#...#...#...#    -111-111-111-    -111-000-000-
-####...####-    -----111-----    -----000-----
-----###-----    -------------    -------------

S 13             Snow             Reachable    
-----###-----    -------------    -------------
-####...####-    -----111-----    -----000-----
#.24#.'.#...#    -100-1-1-111-    -000-000-000-
#.'''1q''''.#    -1-0000000-1-    -00000100000-
#...#...#...#    -111-111-111-    -000-000-000-
-####...####-    -----111-----    -----000-----
-----###-----    -------------    -------------

S 14             Snow             Reachable    
-----###-----    -------------    -------------
-####...####-    -----111-----    -----111-----
#.24#.'.#...#    -100-1-1-111-    -000-001-000-
#.''1q'''''.#    -1-0000000-1-    -00001011100-
#...#...#...#    -111-111-111-    -000-101-000-
-####...####-    -----111-----    -----111-----
-----###-----    -------------    -------------

S 15             Snow             Reachable    
-----###-----    -------------    -------------
-####...####-    -----111-----    -----111-----
#.24#.'.#...#    -100-1-1-111-    -000-111-000-
#.'1q''''''.#    -1-0000000-1-    -00011010000-
#...#...#...#    -111-111-111-    -000-001-000-
-####...####-    -----111-----    -----001-----
-----###-----    -------------    -------------

S 16             Snow             Reachable    
-----###-----    -------------    -------------
-####...####-    -----111-----    -----110-----
#.24#.'.#...#    -100-1-1-111-    -000-111-100-
#.1q'''''''.#    -1-0000000-1-    -10111111110-
#...#...#...#    -111-111-111-    -111-111-000-
-####...####-    -----111-----    -----111-----
-----###-----    -------------    -------------

S 17             Snow             Reachable    
-----###-----    -------------    -------------
-####...####-    -----111-----    -----000-----
#.24#.'.#...#    -100-1-1-111-    -100-000-000-
#.q1'''''''.#    -1-0000000-1-    -11000000000-
#...#...#...#    -111-111-111-    -100-000-000-
-####...####-    -----111-----    -----000-----
-----###-----    -------------    -------------

S 18             Snow             Reachable    
-----###-----    -------------    -------------
-####...####-    -----111-----    -----000-----
#.q6#.'.#...#    -100-1-1-111-    -010-000-000-
#.'1'''''''.#    -1-0000000-1-    -11000000000-
#...#...#...#    -111-111-111-    -111-000-000-
-####...####-    -----111-----    -----000-----
-----###-----    -------------    -------------

S 19             Snow             Reachable    
-----###-----    -------------    -------------
-####...####-    -----111-----    -----???-----
#.'7#.'.#...#    -100-1-1-111-    -???-???-???-
#.'q'''''''.#    -1-0000000-1-    -???????????-
#...#...#...#    -111-111-111-    -???-???-???-
-####...####-    -----111-----    -----???-----
-----###-----    -------------    -------------

Solved: true
Time (CPU s): 326.2934
Valid: true
Actions: 68
    rurrurrdLLLLdllulldlUrrrdrruLLuurDldLLdlluRdrUrrurrdLLLLdlluRluRddrU
Ball references from initial state:
    Ball (0): Location(Coordinate(2,3),SmallBall)
    Ball (1): Location(Coordinate(6,4),SmallBall)
    Ball (2): Location(Coordinate(10,3),SmallBall)
Ball Actions: 19
    L(2)L(2)L(2)L(2)U(0)L(2)L(2)D(1)L(2)L(2)R(2)U(2)L(1)L(1)L(1)L(1)R(1)R(0)U(1)
