Timesteps: 1 sat: false Time: 0.450290029 TotalTime: 0.451083597 (REAL s)
Timesteps: 2 sat: false Time: 0.182115584 TotalTime: 0.641852177 (REAL s)
Timesteps: 3 sat: false Time: 0.165973269 TotalTime: 0.807990609 (REAL s)
Timesteps: 4 sat: false Time: 0.255861559 TotalTime: 1.063984819 (REAL s)
Timesteps: 5 sat: false Time: 0.300719558 TotalTime: 1.364985865 (REAL s)
Timesteps: 6 sat: true Time: 0.459415986 TotalTime: 1.824632753 (REAL s)

S 0        Snow       Reachable
-#####-    -------    -------
#.....#    -11111-    -11111-
#.1.1'#    -1-1---    -10101-
#..p''#    -111---    -11111-
#.1'''#    -1-----    -10111-
#'''..#    ----11-    -01111-
-#####-    -------    -------

S 1        Snow       Reachable
-#####-    -------    -------
#.....#    -11111-    -11111-
#.q21'#    -1-0---    -11001-
#...''#    -111---    -10111-
#.1'''#    -1-----    -10101-
#'''..#    ----11-    -10111-
-#####-    -------    -------

S 2        Snow       Reachable
-#####-    -------    -------
#.....#    -11111-    -11111-
#.'q1'#    -1-0---    -11100-
#..4''#    -110---    -10011-
#.1'''#    -1-----    -10001-
#'''..#    ----11-    -11111-
-#####-    -------    -------

S 3        Snow       Reachable
-#####-    -------    -------
#.....#    -11111-    -11111-
#.''q'#    -1-0---    -10011-
#..41'#    -110---    -10001-
#.1'''#    -1-----    -00111-
#'''..#    ----11-    -11110-
-#####-    -------    -------

S 4        Snow       Reachable
-#####-    -------    -------
#.....#    -11111-    -11111-
#.''''#    -1-0---    -10001-
#.241'#    -100---    -10001-
#.q'''#    -1-----    -11111-
#'''..#    ----11-    -11101-
-#####-    -------    -------

S 5        Snow       Reachable
-#####-    -------    -------
#.....#    -11111-    -00111-
#.''''#    -1-0---    -01101-
#.q61'#    -100---    -01001-
#.''''#    -1-----    -11001-
#'''..#    ----11-    -11001-
-#####-    -------    -------

S 6        Snow       Reachable
-#####-    -------    -------
#.....#    -11111-    -?????-
#.''''#    -1-0---    -?????-
#.'7q'#    -100---    -?????-
#.''''#    -1-----    -?????-
#'''..#    ----11-    -?????-
-#####-    -------    -------

Solved: true
Time (CPU s): 1.4198397
Valid: true
Actions: 27
    lluRurDurDlldlddrUluRdrrruL
Ball references from initial state:
    Ball (0): Location(Coordinate(2,2),SmallBall)
    Ball (1): Location(Coordinate(2,4),SmallBall)
    Ball (2): Location(Coordinate(4,4),SmallBall)
Ball Actions: 6
    R(1)D(1)D(2)U(0)R(0)L(2)
