Timesteps: 1 sat: false Time: 0.448937607 TotalTime: 0.449707504 (REAL s)
Timesteps: 2 sat: false Time: 0.162234649 TotalTime: 0.626768349 (REAL s)
Timesteps: 3 sat: false Time: 0.161295812 TotalTime: 0.788231122 (REAL s)
Timesteps: 4 sat: false Time: 0.173715276 TotalTime: 0.962089734 (REAL s)
Timesteps: 5 sat: false Time: 0.229652033 TotalTime: 1.191982786 (REAL s)
Timesteps: 6 sat: false Time: 0.259320654 TotalTime: 1.451449374 (REAL s)
Timesteps: 7 sat: true Time: 0.349998437 TotalTime: 1.801579493 (REAL s)

S 0        Snow       Reachable
---#---    -------    -------
-##4##-    -------    ---0---
#..1..#    -11-11-    -01011-
#..1..#    -11-11-    -01010-
#..p..#    -11111-    -01110-
-#####-    -------    -------

S 1        Snow       Reachable
---#---    -------    -------
-##4##-    -------    ---0---
#..q2.#    -11-01-    -11101-
#..1..#    -11-11-    -11011-
#.....#    -11111-    -11111-
-#####-    -------    -------

S 2        Snow       Reachable
---#---    -------    -------
-##4##-    -------    ---0---
#..2q.#    -11-01-    -11010-
#..1..#    -11-11-    -11011-
#.....#    -11111-    -11110-
-#####-    -------    -------

S 3        Snow       Reachable
---#---    -------    -------
-##4##-    -------    ---0---
#..3'.#    -11-01-    -11000-
#..q..#    -11-11-    -10100-
#.....#    -11111-    -11100-
-#####-    -------    -------

S 4        Snow       Reachable
---#---    -------    -------
-##4##-    -------    ---0---
#.p21.#    -11-01-    -11000-
#..'..#    -11-11-    -11111-
#.....#    -11111-    -11111-
-#####-    -------    -------

S 5        Snow       Reachable
---#---    -------    -------
-##6##-    -------    ---0---
#..q1.#    -11-01-    -00101-
#..'..#    -11-11-    -11111-
#.....#    -11111-    -00001-
-#####-    -------    -------

S 6        Snow       Reachable
---#---    -------    -------
-##6##-    -------    ---0---
#..1q.#    -11-01-    -00011-
#..'..#    -11-11-    -00111-
#.....#    -11111-    -00001-
-#####-    -------    -------

S 7        Snow       Reachable
---#---    -------    -------
-##7##-    -------    ---?---
#..q'.#    -11-01-    -?????-
#..'..#    -11-11-    -?????-
#.....#    -11111-    -?????-
-#####-    -------    -------

Solved: true
Time (CPU s): 1.2323205
Valid: true
Actions: 31
    luuRlddrruruLddlUluRdrUdrruLdlU
Ball references from initial state:
    Ball (0): Location(Coordinate(3,2),SmallBall)
    Ball (1): Location(Coordinate(3,3),SmallBall)
    Ball (2): Location(Coordinate(3,4),LargeBall)
Ball Actions: 7
    R(1)L(1)U(0)R(0)U(1)L(0)U(0)
