Timesteps: 1 sat: false Time: 0.445878363 TotalTime: 0.446816015 (REAL s)
Timesteps: 2 sat: false Time: 0.167638436 TotalTime: 0.624770081 (REAL s)
Timesteps: 3 sat: false Time: 0.138719155 TotalTime: 0.763617313 (REAL s)
Timesteps: 4 sat: false Time: 0.196490172 TotalTime: 0.960243653 (REAL s)
Timesteps: 5 sat: false Time: 0.221053462 TotalTime: 1.18150595 (REAL s)
Timesteps: 6 sat: false Time: 0.194697063 TotalTime: 1.37638559 (REAL s)
Timesteps: 7 sat: false Time: 0.193637308 TotalTime: 1.570196297 (REAL s)
Timesteps: 8 sat: false Time: 0.30819341 TotalTime: 1.878590314 (REAL s)
Timesteps: 9 sat: false Time: 0.671325059 TotalTime: 2.550170587 (REAL s)
Timesteps: 10 sat: true Time: 0.305953943 TotalTime: 2.856319302 (REAL s)

S 0          Snow         Reachable
-##-####-    ---------    ---------
#''#'''.#    -------1-    -01-0000-
#q'1'22.#    -------1-    -1100000-
#''#'''.#    -------1-    -01-0000-
-##-####-    ---------    ---------

S 1          Snow         Reachable
-##-####-    ---------    ---------
#''#'''.#    -------1-    -00-0000-
#''q122.#    -------1-    -0110000-
#''#'''.#    -------1-    -00-0000-
-##-####-    ---------    ---------

S 2          Snow         Reachable
-##-####-    ---------    ---------
#''#'''.#    -------1-    -00-1111-
#'''q32.#    -------1-    -0111001-
#''#'''.#    -------1-    -00-0111-
-##-####-    ---------    ---------

S 3          Snow         Reachable
-##-####-    ---------    ---------
#''#''2.#    -------1-    -11-1101-
#''''3q.#    -------1-    -0111011-
#''#'''.#    -------1-    -11-1110-
-##-####-    ---------    ---------

S 4          Snow         Reachable
-##-####-    ---------    ---------
#''#''q4#    -------0-    -11-1110-
#''''3'.#    -------1-    -0111000-
#''#'''.#    -------1-    -11-1000-
-##-####-    ---------    ---------

S 5          Snow         Reachable
-##-####-    ---------    ---------
#''#'''4#    -------0-    -11-1000-
#'''q21.#    -------1-    -0111000-
#''#'''.#    -------1-    -11-1100-
-##-####-    ---------    ---------

S 6          Snow         Reachable
-##-####-    ---------    ---------
#''#'2'4#    -------0-    -00-1000-
#''''q1.#    -------1-    -0001101-
#''#'''.#    -------1-    -00-1111-
-##-####-    ---------    ---------

S 7          Snow         Reachable
-##-####-    ---------    ---------
#''#'q24#    -------0-    -11-1100-
#'''''1.#    -------1-    -0111100-
#''#'''.#    -------1-    -11-1111-
-##-####-    ---------    ---------

S 8          Snow         Reachable
-##-####-    ---------    ---------
#''#''q6#    -------0-    -11-1110-
#'''''1.#    -------1-    -0111101-
#''#'''.#    -------1-    -11-1111-
-##-####-    ---------    ---------

S 9          Snow         Reachable
-##-####-    ---------    ---------
#''#''16#    -------0-    -00-0100-
#'''''q.#    -------1-    -0111111-
#''#'''.#    -------1-    -00-0001-
-##-####-    ---------    ---------

S 10         Snow         Reachable
-##-####-    ---------    ---------
#''#''q7#    -------0-    -??-????-
#''''''.#    -------1-    -???????-
#''#'''.#    -------1-    -??-????-
-##-####-    ---------    ---------

Solved: true
Time (CPU s): 2.2755344
Valid: true
Actions: 33
    rRRdrrUdlluurRlldRdrUluRRlddrUluR
Ball references from initial state:
    Ball (0): Location(Coordinate(3,2),SmallBall)
    Ball (1): Location(Coordinate(5,2),MediumBall)
    Ball (2): Location(Coordinate(6,2),MediumBall)
Ball Actions: 10
    R(0)R(0)U(2)R(2)R(0)U(1)R(1)R(1)U(0)R(0)
