Timesteps: 1 sat: false Time: 0.459242629 TotalTime: 0.460066132 (REAL s)
Timesteps: 2 sat: false Time: 0.2110606 TotalTime: 0.685506541 (REAL s)
Timesteps: 3 sat: false Time: 0.269339943 TotalTime: 0.954970006 (REAL s)
Timesteps: 4 sat: false Time: 0.20028476 TotalTime: 1.15543393 (REAL s)
Timesteps: 5 sat: false Time: 0.29869637 TotalTime: 1.454341998 (REAL s)
Timesteps: 6 sat: false Time: 0.437920357 TotalTime: 1.892382679 (REAL s)
Timesteps: 7 sat: true Time: 4.06918969 TotalTime: 5.961693931 (REAL s)

S 0          Snow         Reachable
-#######-    ---------    ---------
#.......#    -1111111-    -0001111-
#.....1.#    -11111-1-    -1111101-
#.1.....#    -1-11111-    -1011111-
#.....1.#    -11111-1-    -0111101-
#...p...#    -1111111-    -0001111-
-#######-    ---------    ---------

S 1          Snow         Reachable
-#######-    ---------    ---------
#.......#    -1111111-    -1111111-
#.....1.#    -11111-1-    -1111000-
#.q2....#    -1-01111-    -1101111-
#.....1.#    -11111-1-    -1101001-
#.......#    -1111111-    -0111011-
-#######-    ---------    ---------

S 2          Snow         Reachable
-#######-    ---------    ---------
#.......#    -1111111-    -1111111-
#.....q.#    -11111-1-    -1101111-
#.'2..2.#    -1-01101-    -1101101-
#.....1.#    -11111-1-    -1011000-
#.......#    -1111111-    -1111000-
-#######-    ---------    ---------

S 3          Snow         Reachable
-#######-    ---------    ---------
#.......#    -1111111-    -1111111-
#.....'.#    -11111-1-    -1010101-
#.'q4.2.#    -1-00101-    -1010101-
#.....1.#    -11111-1-    -0100101-
#.......#    -1111111-    -0111101-
-#######-    ---------    ---------

S 4          Snow         Reachable
-#######-    ---------    ---------
#.......#    -1111111-    -1101110-
#.....'.#    -11111-1-    -1101011-
#.''q42.#    -1-00001-    -1101001-
#.....1.#    -11111-1-    -1101001-
#.......#    -1111111-    -1111111-
-#######-    ---------    ---------

S 5          Snow         Reachable
-#######-    ---------    ---------
#.......#    -1111111-    -0111000-
#.....'.#    -11111-1-    -0111011-
#.'''6q.#    -1-00001-    -0001011-
#.....1.#    -11111-1-    -0001101-
#.......#    -1111111-    -0000111-
-#######-    ---------    ---------

S 6          Snow         Reachable
-#######-    ---------    ---------
#.......#    -1111111-    -0000101-
#.....'.#    -11111-1-    -0011111-
#.'''61.#    -1-00001-    -1110001-
#.....q.#    -11111-1-    -0010011-
#.......#    -1111111-    -0001111-
-#######-    ---------    ---------

S 7          Snow         Reachable
-#######-    ---------    ---------
#.......#    -1111111-    -???????-
#.....'.#    -11111-1-    -???????-
#.'''7q.#    -1-00001-    -???????-
#.....'.#    -11111-1-    -???????-
#.......#    -1111111-    -???????-
-#######-    ---------    ---------

Solved: true
Time (CPU s): 5.429203
Valid: true
Actions: 34
    lluluRurrrurDlllldRRurrrdLrddlUruL
Ball references from initial state:
    Ball (0): Location(Coordinate(2,3),SmallBall)
    Ball (1): Location(Coordinate(6,2),SmallBall)
    Ball (2): Location(Coordinate(6,4),SmallBall)
Ball Actions: 7
    R(0)D(2)R(0)R(0)L(2)U(1)L(1)
