Timesteps: 1 sat: false Time: 0.446197134 TotalTime: 0.447392653 (REAL s)
Timesteps: 2 sat: false Time: 0.099320234 TotalTime: 0.574985851 (REAL s)
Timesteps: 3 sat: false Time: 0.128545584 TotalTime: 0.703686876 (REAL s)
Timesteps: 4 sat: false Time: 0.221943788 TotalTime: 0.925765403 (REAL s)
Timesteps: 5 sat: false Time: 0.171321882 TotalTime: 1.097212513 (REAL s)
Timesteps: 6 sat: false Time: 0.234561162 TotalTime: 1.332008309 (REAL s)
Timesteps: 7 sat: false Time: 0.244141463 TotalTime: 1.576423194 (REAL s)
Timesteps: 8 sat: false Time: 0.844326144 TotalTime: 2.4209821 (REAL s)
Timesteps: 9 sat: false Time: 0.45390139 TotalTime: 2.875015979 (REAL s)
Timesteps: 10 sat: false Time: 1.227194775 TotalTime: 4.102411199 (REAL s)
Timesteps: 11 sat: false Time: 2.072109358 TotalTime: 6.174600251 (REAL s)
Timesteps: 12 sat: false Time: 1.063986151 TotalTime: 7.23873234 (REAL s)
Timesteps: 13 sat: true Time: 0.649577413 TotalTime: 7.888393027 (REAL s)

S 0        Snow       Reachable
----##-    -------    -------
-###..#    ----11-    ----01-
#''1..#    ----11-    -00011-
#''1.p#    ----11-    -00011-
#''1..#    ----11-    -00010-
-###..#    ----11-    ----00-
----##-    -------    -------

S 1        Snow       Reachable
----##-    -------    -------
-###..#    ----11-    ----00-
#''1..#    ----11-    -00000-
#'1q..#    ----11-    -00100-
#''1..#    ----11-    -00000-
-###..#    ----11-    ----00-
----##-    -------    -------

S 2        Snow       Reachable
----##-    -------    -------
-###..#    ----11-    ----11-
#''1..#    ----11-    -11011-
#1q'..#    ----11-    -01111-
#''1..#    ----11-    -11011-
-###..#    ----11-    ----01-
----##-    -------    -------

S 3        Snow       Reachable
----##-    -------    -------
-###..#    ----11-    ----00-
#''1..#    ----11-    -11000-
#1''..#    ----11-    -01110-
#''q2.#    ----01-    -01100-
-###..#    ----11-    ----00-
----##-    -------    -------

S 4        Snow       Reachable
----##-    -------    -------
-###..#    ----11-    ----00-
#''q2.#    ----01-    -01100-
#1''..#    ----11-    -00111-
#'''2.#    ----01-    -00001-
-###..#    ----11-    ----11-
----##-    -------    -------

S 5        Snow       Reachable
----##-    -------    -------
-###..#    ----11-    ----11-
#'''2.#    ----01-    -01101-
#1''4.#    ----01-    -01001-
#'''q.#    ----01-    -01111-
-###..#    ----11-    ----11-
----##-    -------    -------

S 6        Snow       Reachable
----##-    -------    -------
-###..#    ----11-    ----01-
#'''2.#    ----01-    -00001-
#1'4q.#    ----01-    -00011-
#''''.#    ----01-    -11111-
-###..#    ----11-    ----01-
----##-    -------    -------

S 7        Snow       Reachable
----##-    -------    -------
-###..#    ----11-    ----01-
#'''2.#    ----01-    -00001-
#14q'.#    ----01-    -00111-
#''''.#    ----01-    -11111-
-###..#    ----11-    ----11-
----##-    -------    -------

S 8        Snow       Reachable
----##-    -------    -------
-###..#    ----11-    ----01-
#'4'2.#    ----01-    -00101-
#1q''.#    ----01-    -01101-
#''''.#    ----01-    -11111-
-###..#    ----11-    ----10-
----##-    -------    -------

S 9        Snow       Reachable
----##-    -------    -------
-###..#    ----11-    ----01-
#4q'2.#    ----01-    -01101-
#1'''.#    ----01-    -00101-
#''''.#    ----01-    -11111-
-###..#    ----11-    ----11-
----##-    -------    -------

S 10       Snow       Reachable
----##-    -------    -------
-###..#    ----11-    ----11-
#4'2q.#    ----01-    -00011-
#1'''.#    ----01-    -01111-
#''''.#    ----01-    -11100-
-###..#    ----11-    ----00-
----##-    -------    -------

S 11       Snow       Reachable
----##-    -------    -------
-###..#    ----11-    ----11-
#42q'.#    ----01-    -00101-
#1'''.#    ----01-    -00111-
#''''.#    ----01-    -11101-
-###..#    ----11-    ----11-
----##-    -------    -------

S 12       Snow       Reachable
----##-    -------    -------
-###..#    ----11-    ----01-
#6q''.#    ----01-    -01111-
#1'''.#    ----01-    -00011-
#''''.#    ----01-    -11111-
-###..#    ----11-    ----11-
----##-    -------    -------

S 13       Snow       Reachable
----##-    -------    -------
-###..#    ----11-    ----??-
#7'''.#    ----01-    -?????-
#q'''.#    ----01-    -?????-
#''''.#    ----01-    -?????-
-###..#    ----11-    ----??-
----##-    -------    -------

Solved: true
Time (CPU s): 7.180697
Valid: true
Actions: 38
    lLLdRuluRdrrddlUruLLdlUruLrdrruLLLddlU
Ball references from initial state:
    Ball (0): Location(Coordinate(3,2),SmallBall)
    Ball (1): Location(Coordinate(3,3),SmallBall)
    Ball (2): Location(Coordinate(3,4),SmallBall)
Ball Actions: 13
    L(1)L(1)R(0)R(2)U(0)L(0)L(0)U(0)L(0)L(2)L(2)L(2)U(1)
