Timesteps: 1 sat: false Time: 0.446308667 TotalTime: 0.447350249 (REAL s)
Timesteps: 2 sat: false Time: 0.14437944 TotalTime: 0.611408372 (REAL s)
Timesteps: 3 sat: false Time: 0.168872402 TotalTime: 0.780395022 (REAL s)
Timesteps: 4 sat: false Time: 0.1751452 TotalTime: 0.955763991 (REAL s)
Timesteps: 5 sat: false Time: 0.268156606 TotalTime: 1.224031418 (REAL s)
Timesteps: 6 sat: false Time: 0.355024121 TotalTime: 1.579236754 (REAL s)
Timesteps: 7 sat: false Time: 0.624928454 TotalTime: 2.204276956 (REAL s)
Timesteps: 8 sat: false Time: 1.193477257 TotalTime: 3.397863038 (REAL s)
Timesteps: 9 sat: false Time: 2.742378603 TotalTime: 6.140336393 (REAL s)
Timesteps: 10 sat: false Time: 4.116336653 TotalTime: 10.256816787 (REAL s)
Timesteps: 11 sat: true Time: 4.122416861 TotalTime: 14.379510658 (REAL s)

S 0          Snow         Reachable
-#######-    ---------    ---------
#'''''''#    ---------    -0001111-
#'#...#'#    ---111---    -0-111-1-
#'#111#'#    ---------    -0-000-1-
#'''q'''#    ---------    -0011111-
-#######-    ---------    ---------

S 1          Snow         Reachable
-#######-    ---------    ---------
#'''''''#    ---------    -1111111-
#'#.2.#'#    ---101---    -1-100-1-
#'#1q1#'#    ---------    -1-010-1-
#'''''''#    ---------    -1101111-
-#######-    ---------    ---------

S 2          Snow         Reachable
-#######-    ---------    ---------
#'''''''#    ---------    -1111011-
#'#.q4#'#    ---100---    -1-110-1-
#'#1'1#'#    ---------    -1-010-1-
#'''''''#    ---------    -1111111-
-#######-    ---------    ---------

S 3          Snow         Reachable
-#######-    ---------    ---------
#'''''''#    ---------    -1111011-
#'#.'5#'#    ---100---    -1-100-1-
#'#1'q#'#    ---------    -1-001-1-
#'''''''#    ---------    -1111111-
-#######-    ---------    ---------

S 4          Snow         Reachable
-#######-    ---------    ---------
#'''''''#    ---------    -1011111-
#'#2'5#'#    ---000---    -1-000-1-
#'#q''#'#    ---------    -1-110-1-
#'''''''#    ---------    -1111111-
-#######-    ---------    ---------

S 5          Snow         Reachable
-#######-    ---------    ---------
#''2''''#    ---------    -1101111-
#'#q'5#'#    ---000---    -1-100-1-
#'#'''#'#    ---------    -1-111-1-
#'''''''#    ---------    -1111111-
-#######-    ---------    ---------

S 6          Snow         Reachable
-#######-    ---------    ---------
#''2'1''#    ---------    -1101011-
#'#''4#'#    ---000---    -1-110-1-
#'#''q#'#    ---------    -1-111-1-
#'''''''#    ---------    -1111111-
-#######-    ---------    ---------

S 7          Snow         Reachable
-#######-    ---------    ---------
#''2'q1'#    ---------    -0001101-
#'#''4#'#    ---000---    -0-110-1-
#'#'''#'#    ---------    -0-111-1-
#'''''''#    ---------    -0001111-
-#######-    ---------    ---------

S 8          Snow         Reachable
-#######-    ---------    ---------
#''2'41'#    ---------    -1101001-
#'#''q#'#    ---000---    -1-011-1-
#'#'''#'#    ---------    -1-111-1-
#'''''''#    ---------    -1111111-
-#######-    ---------    ---------

S 9          Snow         Reachable
-#######-    ---------    ---------
#''q241'#    ---------    -1110000-
#'#'''#'#    ---000---    -1-100-1-
#'#'''#'#    ---------    -1-111-1-
#'''''''#    ---------    -1100111-
-#######-    ---------    ---------

S 10         Snow         Reachable
-#######-    ---------    ---------
#'''q61'#    ---------    -1101001-
#'#'''#'#    ---000---    -1-110-1-
#'#'''#'#    ---------    -1-111-1-
#'''''''#    ---------    -1111111-
-#######-    ---------    ---------

S 11         Snow         Reachable
-#######-    ---------    ---------
#''''7q'#    ---------    -???????-
#'#'''#'#    ---000---    -?-???-?-
#'#'''#'#    ---------    -?-???-?-
#'''''''#    ---------    -???????-
-#######-    ---------    ---------

Solved: true
Time (CPU s): 13.720397
Valid: true
Actions: 56
    UdllluuurrdRddrUldlUUrdrUluuRlddrUllddlluuurRRdrddrruuuL
Ball references from initial state:
    Ball (0): Location(Coordinate(3,2),SmallBall)
    Ball (1): Location(Coordinate(4,2),SmallBall)
    Ball (2): Location(Coordinate(5,2),SmallBall)
Ball Actions: 11
    U(1)R(1)U(2)U(0)U(0)U(2)R(2)U(1)R(0)R(0)L(2)
