Timesteps: 1 sat: false Time: 0.467892351 TotalTime: 0.469195197 (REAL s)
Timesteps: 2 sat: false Time: 0.169851887 TotalTime: 0.65486848 (REAL s)
Timesteps: 3 sat: false Time: 0.198814098 TotalTime: 0.853815686 (REAL s)
Timesteps: 4 sat: false Time: 0.379825777 TotalTime: 1.233765785 (REAL s)
Timesteps: 5 sat: false Time: 0.26278279 TotalTime: 1.496684982 (REAL s)
Timesteps: 6 sat: false Time: 0.291246065 TotalTime: 1.788159178 (REAL s)
Timesteps: 7 sat: false Time: 0.414906537 TotalTime: 2.203183369 (REAL s)
Timesteps: 8 sat: false Time: 0.417498307 TotalTime: 2.620827884 (REAL s)
Timesteps: 9 sat: false Time: 0.598934906 TotalTime: 3.21991533 (REAL s)
Timesteps: 10 sat: false Time: 1.319939289 TotalTime: 4.540103255 (REAL s)
Timesteps: 11 sat: false Time: 2.993600344 TotalTime: 7.533922747 (REAL s)
Timesteps: 12 sat: false Time: 18.610857192 TotalTime: 26.144931892 (REAL s)
Timesteps: 13 sat: false Time: 88.924988888 TotalTime: 115.070085819 (REAL s)
Timesteps: 14 sat: false Time: 98.385186363 TotalTime: 213.455451613 (REAL s)
Timesteps: 15 sat: false Time: 400.103379388 TotalTime: 613.558982619 (REAL s)
Timesteps: 16 sat: true Time: 53.471655157 TotalTime: 667.030847354 (REAL s)

S 0        Snow       Reachable
--####-    -------    -------
-#''''#    -------    --1111-
#4'11'#    -------    -01001-
#q...#-    --111--    -1111--
#4'11'#    -------    -01001-
-#''''#    -------    --1111-
--####-    -------    -------

S 1        Snow       Reachable
--####-    -------    -------
-#''''#    -------    --1111-
#4'11'#    -------    -01001-
#'.2.#-    --101--    -0100--
#4'q1'#    -------    -01100-
-#''''#    -------    --1111-
--####-    -------    -------

S 2        Snow       Reachable
--####-    -------    -------
-#''''#    -------    --1111-
#4'q1'#    -------    -01101-
#'.3.#-    --101--    -0100--
#4''1'#    -------    -01101-
-#''''#    -------    --1111-
--####-    -------    -------

S 3        Snow       Reachable
--####-    -------    -------
-#''''#    -------    --1111-
#4'1q'#    -------    -01011-
#'.3.#-    --101--    -0101--
#4''1'#    -------    -01100-
-#''''#    -------    --0100-
--####-    -------    -------

S 4        Snow       Reachable
--####-    -------    -------
-#''''#    -------    --1111-
#4'1''#    -------    -01011-
#'22p#-    --001--    -0001--
#4''1'#    -------    -00000-
-#''''#    -------    --0000-
--####-    -------    -------

S 5        Snow       Reachable
--####-    -------    -------
-#''''#    -------    --1111-
#4'1''#    -------    -01010-
#'q2.#-    --001--    -0101--
#42'1'#    -------    -00000-
-#''''#    -------    --0000-
--####-    -------    -------

S 6        Snow       Reachable
--####-    -------    -------
-#''''#    -------    --1110-
#4'1''#    -------    -01010-
#'2q.#-    --001--    -0011--
#42'1'#    -------    -00000-
-#''''#    -------    --0000-
--####-    -------    -------

S 7        Snow       Reachable
--####-    -------    -------
-#''''#    -------    --0000-
#4'q1'#    -------    -00100-
#'2'.#-    --001--    -0010--
#42'1'#    -------    -00101-
-#''''#    -------    --0111-
--####-    -------    -------

S 8        Snow       Reachable
--####-    -------    -------
-#''''#    -------    --0111-
#4''1'#    -------    -00101-
#'2'.#-    --001--    -0011--
#6q'1'#    -------    -01100-
-#''''#    -------    --0000-
--####-    -------    -------

S 9        Snow       Reachable
--####-    -------    -------
-#''''#    -------    --0100-
#42'1'#    -------    -00100-
#'q'.#-    --001--    -0111--
#6''1'#    -------    -01100-
-#''''#    -------    --1110-
--####-    -------    -------

S 10       Snow       Reachable
--####-    -------    -------
-#''''#    -------    --1110-
#6q'1'#    -------    -01100-
#'''.#-    --001--    -0110--
#6''1'#    -------    -01101-
-#''''#    -------    --0111-
--####-    -------    -------

S 11       Snow       Reachable
--####-    -------    -------
-#''''#    -------    --0111-
#6''1'#    -------    -01101-
#'''.#-    --001--    -0111--
#6'1q'#    -------    -01011-
-#''''#    -------    --1111-
--####-    -------    -------

S 12       Snow       Reachable
--####-    -------    -------
-#''''#    -------    --0000-
#6'1q'#    -------    -00010-
#'''.#-    --001--    -0111--
#6'1''#    -------    -01011-
-#''''#    -------    --1111-
--####-    -------    -------

S 13       Snow       Reachable
--####-    -------    -------
-#''''#    -------    --1111-
#6'1''#    -------    -01001-
#'''.#-    --001--    -0110--
#61q''#    -------    -00110-
-#''''#    -------    --0111-
--####-    -------    -------

S 14       Snow       Reachable
--####-    -------    -------
-#''''#    -------    --0110-
#6'1''#    -------    -00011-
#'''.#-    --001--    -0011--
#7q'''#    -------    -01111-
-#''''#    -------    --0010-
--####-    -------    -------

S 15       Snow       Reachable
--####-    -------    -------
-#''''#    -------    --0111-
#61q''#    -------    -00111-
#'''.#-    --001--    -0011--
#7''''#    -------    -01111-
-#''''#    -------    --0111-
--####-    -------    -------

S 16       Snow       Reachable
--####-    -------    -------
-#''''#    -------    --????-
#7q'''#    -------    -?????-
#'''.#-    --001--    -????--
#7''''#    -------    -?????-
-#''''#    -------    --????-
--####-    -------    -------

Solved: true
Time (CPU s): 663.3018
Valid: true
Actions: 71
    rddrUluuurDurrdLdLuulldDuurrddLruulldRddLUruLrdddrruLuluurrdLddLLurruLL
Ball references from initial state:
    Ball (0): Location(Coordinate(1,2),LargeBall)
    Ball (1): Location(Coordinate(1,4),LargeBall)
    Ball (2): Location(Coordinate(3,2),SmallBall)
    Ball (3): Location(Coordinate(3,4),SmallBall)
    Ball (4): Location(Coordinate(4,2),SmallBall)
    Ball (5): Location(Coordinate(4,4),SmallBall)
Ball Actions: 16
    U(2)D(3)L(5)L(3)D(3)L(2)R(5)L(3)U(2)L(2)L(4)L(5)L(4)L(4)L(5)L(5)
