Timesteps: 1 sat: false Time: 0.47072615 TotalTime: 0.471806839 (REAL s)
Timesteps: 2 sat: false Time: 0.244561884 TotalTime: 0.72076179 (REAL s)
Timesteps: 3 sat: false Time: 0.323527179 TotalTime: 1.044537266 (REAL s)
Timesteps: 4 sat: false Time: 0.362451964 TotalTime: 1.407129546 (REAL s)
Timesteps: 5 sat: false Time: 0.466302612 TotalTime: 1.873630616 (REAL s)
Timesteps: 6 sat: false Time: 0.878673318 TotalTime: 2.752480104 (REAL s)
Timesteps: 7 sat: false Time: 1.544144794 TotalTime: 4.296716958 (REAL s)
Timesteps: 8 sat: false Time: 1.981772594 TotalTime: 6.278664262 (REAL s)
Timesteps: 9 sat: false Time: 9.100909053 TotalTime: 15.37976698 (REAL s)
Timesteps: 10 sat: false Time: 22.396077523 TotalTime: 37.77611135 (REAL s)
Timesteps: 11 sat: false Time: 70.86250495 TotalTime: 108.638917675 (REAL s)
Timesteps: 12 sat: false Time: 128.990418991 TotalTime: 237.629656242 (REAL s)
Timesteps: 13 sat: false Time: 220.97620045 TotalTime: 458.60610797 (REAL s)
Timesteps: 14 sat: false Time: 500.141175026 TotalTime: 958.747492759 (REAL s)
Timesteps: 15 sat: false Time: 977.53933493 TotalTime: 1936.287003713 (REAL s)
Timesteps: 16 sat: true Time: 81.172479925 TotalTime: 2017.459823564 (REAL s)

S 0        Snow       Reachable
-#####-    -------    -------
#..1..#    -11-11-    -11011-
#.4.2.#    -1-1-1-    -10101-
#..p..#    -11111-    -11111-
#.2.4.#    -1-1-1-    -10101-
#..1..#    -11-11-    -11011-
-#####-    -------    -------

S 1        Snow       Reachable
-#####-    -------    -------
#.41..#    -10-11-    -00011-
#.q.2.#    -1-1-1-    -11101-
#.....#    -11111-    -11111-
#.2.4.#    -1-1-1-    -10101-
#..1..#    -11-11-    -11011-
-#####-    -------    -------

S 2        Snow       Reachable
-#####-    -------    -------
#.41..#    -10-11-    -00000-
#.'.2.#    -1-1-1-    -00000-
#...4.#    -11101-    -00001-
#.2.q.#    -1-1-1-    -00011-
#..1..#    -11-11-    -00000-
-#####-    -------    -------

S 3        Snow       Reachable
-#####-    -------    -------
#.41..#    -10-11-    -00000-
#.'.2.#    -1-1-1-    -00000-
#..4q.#    -11001-    -00010-
#.2.'.#    -1-1-1-    -00110-
#..1..#    -11-11-    -00000-
-#####-    -------    -------

S 4        Snow       Reachable
-#####-    -------    -------
#.41..#    -10-11-    -10000-
#.'.2.#    -1-1-1-    -11100-
#.4q'.#    -10001-    -10100-
#.2.'.#    -1-1-1-    -10000-
#..1..#    -11-11-    -10000-
-#####-    -------    -------

S 5        Snow       Reachable
-#####-    -------    -------
#.41..#    -10-11-    -00000-
#.'.2.#    -1-1-1-    -11100-
#.q4'.#    -10001-    -11000-
#.2.'.#    -1-1-1-    -10000-
#..1..#    -11-11-    -11000-
-#####-    -------    -------

S 6        Snow       Reachable
-#####-    -------    -------
#.41..#    -10-11-    -10000-
#.'.2.#    -1-1-1-    -10000-
#.24'.#    -10001-    -10000-
#.q.'.#    -1-1-1-    -11000-
#..1..#    -11-11-    -11000-
-#####-    -------    -------

S 7        Snow       Reachable
-#####-    -------    -------
#.41..#    -10-11-    -00011-
#.2.2.#    -1-1-1-    -00001-
#.q4'.#    -10001-    -11001-
#.'.'.#    -1-1-1-    -11111-
#..1..#    -11-11-    -01000-
-#####-    -------    -------

S 8        Snow       Reachable
-#####-    -------    -------
#.61..#    -10-11-    -00011-
#.q.2.#    -1-1-1-    -01101-
#.'4'.#    -10001-    -01011-
#.'.'.#    -1-1-1-    -01111-
#..1..#    -11-11-    -00011-
-#####-    -------    -------

S 9        Snow       Reachable
-#####-    -------    -------
#.61..#    -10-11-    -10000-
#.'.2.#    -1-1-1-    -11101-
#.'q'.#    -10001-    -11111-
#.'4'.#    -1-0-1-    -11011-
#..1..#    -11-11-    -11011-
-#####-    -------    -------

S 10       Snow       Reachable
-#####-    -------    -------
#.61..#    -10-11-    -00011-
#.'.2.#    -1-1-1-    -01101-
#.'''.#    -10001-    -11111-
#.'q4.#    -1-0-1-    -11101-
#..1..#    -11-11-    -11011-
-#####-    -------    -------

S 11       Snow       Reachable
-#####-    -------    -------
#.61..#    -10-11-    -10011-
#.'.2.#    -1-1-1-    -11001-
#.'''.#    -10001-    -11111-
#.''q.#    -1-0-1-    -01111-
#..14.#    -11-01-    -11000-
-#####-    -------    -------

S 12       Snow       Reachable
-#####-    -------    -------
#.61..#    -10-11-    -10011-
#.'.q.#    -1-1-1-    -11111-
#.''2.#    -10001-    -11001-
#.'''.#    -1-0-1-    -11101-
#..14.#    -11-01-    -11001-
-#####-    -------    -------

S 13       Snow       Reachable
-#####-    -------    -------
#.7q..#    -10-11-    -00101-
#.'.'.#    -1-1-1-    -11111-
#.''2.#    -10001-    -10100-
#.'''.#    -1-0-1-    -11100-
#..14.#    -11-01-    -11000-
-#####-    -------    -------

S 14       Snow       Reachable
-#####-    -------    -------
#.7'..#    -10-11-    -00010-
#.'.'.#    -1-1-1-    -00111-
#.''q.#    -10001-    -00010-
#.''2.#    -1-0-1-    -00000-
#..14.#    -11-01-    -00000-
-#####-    -------    -------

S 15       Snow       Reachable
-#####-    -------    -------
#.7'..#    -10-11-    -00001-
#.'.'.#    -1-1-1-    -11111-
#.'''.#    -10001-    -11111-
#.''q.#    -1-0-1-    -10011-
#..16.#    -11-01-    -11001-
-#####-    -------    -------

S 16       Snow       Reachable
-#####-    -------    -------
#.7'..#    -10-11-    -?????-
#.'.'.#    -1-1-1-    -?????-
#.'''.#    -10001-    -?????-
#.'''.#    -1-0-1-    -?????-
#..q7.#    -11-01-    -?????-
-#####-    -------    -------

Solved: true
Time (CPU s): 2007.9425
Valid: true
Actions: 50
    lUdrrrddlUruLLulldRlddrUUUrDldRurDuruulDuLrdDDlldR
Ball references from initial state:
    Ball (0): Location(Coordinate(2,2),MediumBall)
    Ball (1): Location(Coordinate(2,4),LargeBall)
    Ball (2): Location(Coordinate(3,1),SmallBall)
    Ball (3): Location(Coordinate(3,5),SmallBall)
    Ball (4): Location(Coordinate(4,2),LargeBall)
    Ball (5): Location(Coordinate(4,4),MediumBall)
Ball Actions: 16
    U(1)U(4)L(4)L(4)R(4)U(0)U(0)U(0)D(4)R(4)D(4)D(5)L(3)D(5)D(5)R(2)
