Timesteps: 1 sat: false Time: 0.459773133 TotalTime: 0.460638436 (REAL s)
Timesteps: 2 sat: false Time: 0.133792629 TotalTime: 0.613023028 (REAL s)
Timesteps: 3 sat: false Time: 0.173838109 TotalTime: 0.786997714 (REAL s)
Timesteps: 4 sat: false Time: 0.254560521 TotalTime: 1.041779853 (REAL s)
Timesteps: 5 sat: false Time: 0.239115148 TotalTime: 1.28102198 (REAL s)
Timesteps: 6 sat: false Time: 0.274838823 TotalTime: 1.556080632 (REAL s)
Timesteps: 7 sat: false Time: 0.384567434 TotalTime: 1.940762564 (REAL s)
Timesteps: 8 sat: false Time: 0.440252811 TotalTime: 2.381239541 (REAL s)
Timesteps: 9 sat: false Time: 0.678640075 TotalTime: 3.059964059 (REAL s)
Timesteps: 10 sat: false Time: 1.458496806 TotalTime: 4.518564106 (REAL s)
Timesteps: 11 sat: false Time: 3.343073198 TotalTime: 7.861781705 (REAL s)
Timesteps: 12 sat: false Time: 3.147761379 TotalTime: 11.009708246 (REAL s)
Timesteps: 13 sat: true Time: 3.565836817 TotalTime: 14.575749379 (REAL s)

S 0              Snow             Reachable    
---#######---    -------------    -------------
-##...1...##-    ---111-111---    ---1110111---
#...#...#...#    -111-111-111-    -011-111-111-
#..1..p..1..#    -11-11111-11-    -01011111010-
#...#...#...#    -111-111-111-    -011-001-111-
-###-###-###-    -------------    -------------

S 1              Snow             Reachable    
---#######---    -------------    -------------
-##...1...##-    ---111-111---    ---1110111---
#...#...#...#    -111-111-111-    -011-111-111-
#..q2....1..#    -11-01111-11-    -11100110011-
#...#...#...#    -111-111-111-    -110-111-111-
-###-###-###-    -------------    -------------

S 2              Snow             Reachable    
---#######---    -------------    -------------
-##...1...##-    ---111-111---    ---1110111---
#...#...#...#    -111-111-111-    -011-111-111-
#..'q4...1..#    -11-00111-11-    -01110111011-
#...#...#...#    -111-111-111-    -011-111-111-
-###-###-###-    -------------    -------------

S 3              Snow             Reachable    
---#######---    -------------    -------------
-##...1...##-    ---111-111---    ---1110111---
#...#...#...#    -111-111-111-    -111-111-111-
#..''4..2q..#    -11-00110-11-    -10110110101-
#...#...#...#    -111-111-111-    -101-011-111-
-###-###-###-    -------------    -------------

S 4              Snow             Reachable    
---#######---    -------------    -------------
-##...1...##-    ---111-111---    ---1010111---
#...#...#...#    -111-111-111-    -111-111-111-
#..''q4.2'..#    -11-00010-11-    -10111000011-
#...#...#...#    -111-111-111-    -011-000-111-
-###-###-###-    -------------    -------------

S 5              Snow             Reachable    
---#######---    -------------    -------------
-##...1...##-    ---111-111---    ---1110111---
#...#...#...#    -111-111-111-    -111-111-111-
#..'''q42'..#    -11-00000-11-    -10111100101-
#...#...#...#    -111-111-111-    -001-111-111-
-###-###-###-    -------------    -------------

S 6              Snow             Reachable    
---#######---    -------------    -------------
-##...1...##-    ---111-111---    ---1110111---
#...#...#...#    -111-111-111-    -111-111-100-
#..''''6q'..#    -11-00000-11-    -10111101100-
#...#...#...#    -111-111-111-    -111-111-000-
-###-###-###-    -------------    -------------

S 7              Snow             Reachable    
---#######---    -------------    -------------
-##...1...##-    ---111-111---    ---0000111---
#...#...#...#    -111-111-111-    -111-111-111-
#..'''24q'..#    -11-00000-11-    -10111001101-
#...#...#...#    -111-111-111-    -110-111-111-
-###-###-###-    -------------    -------------

S 8              Snow             Reachable    
---#######---    -------------    -------------
-##...1...##-    ---111-111---    ---1110000---
#...#..4#...#    -111-110-111-    -111-110-000-
#..'''2q''..#    -11-00000-11-    -10111010000-
#...#...#...#    -111-111-111-    -000-111-000-
-###-###-###-    -------------    -------------

S 9              Snow             Reachable    
---#######---    -------------    -------------
-##...14..##-    ---111-011---    ---0010001---
#...#..q#...#    -111-110-111-    -000-111-100-
#..'''2'''..#    -11-00000-11-    -00001011100-
#...#...#...#    -111-111-111-    -000-001-000-
-###-###-###-    -------------    -------------

S 10             Snow             Reachable    
---#######---    -------------    -------------
-##...14..##-    ---111-011---    ---1110000---
#...#..'#...#    -111-110-111-    -000-110-000-
#..'''q2''..#    -11-00000-11-    -10111100000-
#...#...#...#    -111-111-111-    -111-111-000-
-###-###-###-    -------------    -------------

S 11             Snow             Reachable    
---#######---    -------------    -------------
-##...14..##-    ---111-011---    ---0000000---
#...#..2#...#    -111-110-111-    -000-000-000-
#..''''q''..#    -11-00000-11-    -11111110000-
#...#...#...#    -111-111-111-    -011-111-000-
-###-###-###-    -------------    -------------

S 12             Snow             Reachable    
---#######---    -------------    -------------
-##...16..##-    ---111-011---    ---1010001---
#...#..q#...#    -111-110-111-    -001-101-111-
#..'''''''..#    -11-00000-11-    -00111111111-
#...#...#...#    -111-111-111-    -000-010-110-
-###-###-###-    -------------    -------------

S 13             Snow             Reachable    
---#######---    -------------    -------------
-##...q7..##-    ---111-011---    ---???????---
#...#..'#...#    -111-110-111-    -???-???-???-
#..'''''''..#    -11-00000-11-    -???????????-
#...#...#...#    -111-111-111-    -???-???-???-
-###-###-###-    -------------    -------------

Solved: true
Time (CPU s): 13.780323
Valid: true
Actions: 75
    luulldldRRluurrdrrurrdrdLuulldllullddrRRururrddLLruulldllddrrUUlldRdrUUlluR
Ball references from initial state:
    Ball (0): Location(Coordinate(3,2),SmallBall)
    Ball (1): Location(Coordinate(6,4),SmallBall)
    Ball (2): Location(Coordinate(9,2),SmallBall)
Ball Actions: 13
    R(0)R(0)L(2)R(0)R(0)L(2)L(2)U(0)U(0)R(2)U(2)U(2)R(1)
