Timesteps: 1 sat: false Time: 0.456287696 TotalTime: 0.457395443 (REAL s)
Timesteps: 2 sat: false Time: 0.122065416 TotalTime: 0.602523388 (REAL s)
Timesteps: 3 sat: false Time: 0.155545187 TotalTime: 0.758193173 (REAL s)
Timesteps: 4 sat: false Time: 0.190292961 TotalTime: 0.94864302 (REAL s)
Timesteps: 5 sat: false Time: 0.253167796 TotalTime: 1.201932714 (REAL s)
Timesteps: 6 sat: false Time: 0.19049171 TotalTime: 1.392685756 (REAL s)
Timesteps: 7 sat: false Time: 0.323144398 TotalTime: 1.716004622 (REAL s)
Timesteps: 8 sat: false Time: 0.468714781 TotalTime: 2.184844387 (REAL s)
Timesteps: 9 sat: false Time: 0.488995214 TotalTime: 2.673973115 (REAL s)
Timesteps: 10 sat: true Time: 0.683782386 TotalTime: 3.357921566 (REAL s)

S 0          Snow         Reachable
-#######-    ---------    ---------
#.......#    -1111111-    -0011111-
#...4...#    -111-111-    -1110111-
#.1###1.#    -1-----1-    -10---01-
#...p...#    -1111111-    -0111111-
-#######-    ---------    ---------

S 1          Snow         Reachable
-#######-    ---------    ---------
#.......#    -1111111-    -1011111-
#...q4..#    -111-011-    -1111011-
#.1###1.#    -1-----1-    -10---01-
#.......#    -1111111-    -1111101-
-#######-    ---------    ---------

S 2          Snow         Reachable
-#######-    ---------    ---------
#.......#    -1111111-    -1111111-
#...4q..#    -111-011-    -1010101-
#.1###1.#    -1-----1-    -10---00-
#.......#    -1111111-    -1111100-
-#######-    ---------    ---------

S 3          Snow         Reachable
-#######-    ---------    ---------
#.......#    -1111111-    -0111111-
#..4q'..#    -110-011-    -1101111-
#.1###1.#    -1-----1-    -00---00-
#.......#    -1111111-    -0000000-
-#######-    ---------    ---------

S 4          Snow         Reachable
-#######-    ---------    ---------
#.......#    -1111111-    -1111111-
#.4q''..#    -100-011-    -0011111-
#.1###1.#    -1-----1-    -00---01-
#.......#    -1111111-    -1111111-
-#######-    ---------    ---------

S 5          Snow         Reachable
-#######-    ---------    ---------
#.......#    -1111111-    -1111111-
#.4'''2.#    -100-001-    -0001101-
#.1###q.#    -1-----1-    -00---11-
#.......#    -1111111-    -0011111-
-#######-    ---------    ---------

S 6          Snow         Reachable
-#######-    ---------    ---------
#.......#    -1111111-    -0000011-
#.4''2q.#    -100-001-    -0000011-
#.1###'.#    -1-----1-    -00---01-
#.......#    -1111111-    -0000011-
-#######-    ---------    ---------

S 7          Snow         Reachable
-#######-    ---------    ---------
#.......#    -1111111-    -0111111-
#.4'2q'.#    -100-001-    -0000101-
#.1###'.#    -1-----1-    -00---01-
#.......#    -1111111-    -0000011-
-#######-    ---------    ---------

S 8          Snow         Reachable
-#######-    ---------    ---------
#.......#    -1111111-    -0001111-
#.42q''.#    -100-001-    -0001011-
#.1###'.#    -1-----1-    -00---01-
#.......#    -1111111-    -0011111-
-#######-    ---------    ---------

S 9          Snow         Reachable
-#######-    ---------    ---------
#.......#    -1111111-    -1111111-
#.6q'''.#    -100-001-    -1011111-
#.1###'.#    -1-----1-    -10---11-
#.......#    -1111111-    -1111110-
-#######-    ---------    ---------

S 10         Snow         Reachable
-#######-    ---------    ---------
#.......#    -1111111-    -???????-
#.7''''.#    -100-001-    -???????-
#.q###'.#    -1-----1-    -??---??-
#.......#    -1111111-    -???????-
-#######-    ---------    ---------

Solved: true
Time (CPU s): 2.734044
Valid: true
Actions: 37
    llluurrRurrdLLLrrrrddlUruLLLLulldddrU
Ball references from initial state:
    Ball (0): Location(Coordinate(2,2),SmallBall)
    Ball (1): Location(Coordinate(4,3),LargeBall)
    Ball (2): Location(Coordinate(6,2),SmallBall)
Ball Actions: 10
    R(1)L(1)L(1)L(1)U(2)L(2)L(2)L(2)L(2)U(0)
