Timesteps: 1 sat: false Time: 0.454504316 TotalTime: 0.455328336 (REAL s)
Timesteps: 2 sat: false Time: 0.114764625 TotalTime: 0.578746603 (REAL s)
Timesteps: 3 sat: false Time: 0.143730029 TotalTime: 0.72260283 (REAL s)
Timesteps: 4 sat: false Time: 0.183947691 TotalTime: 0.906700765 (REAL s)
Timesteps: 5 sat: false Time: 0.203099323 TotalTime: 1.109941173 (REAL s)
Timesteps: 6 sat: false Time: 0.292223535 TotalTime: 1.402456242 (REAL s)
Timesteps: 7 sat: false Time: 0.325619165 TotalTime: 1.728233272 (REAL s)
Timesteps: 8 sat: false Time: 0.42177266 TotalTime: 2.150174218 (REAL s)
Timesteps: 9 sat: false Time: 0.330093928 TotalTime: 2.480375387 (REAL s)
Timesteps: 10 sat: false Time: 0.811032509 TotalTime: 3.291493649 (REAL s)
Timesteps: 11 sat: true Time: 0.985317331 TotalTime: 4.277077112 (REAL s)

S 0          Snow         Reachable
--#####--    ---------    ---------
-#..1..#-    --11-11--    --11011--
-#1...1#-    ---111---    --01110--
#...p...#    -1111111-    -0111111-
#.......#    -1111111-    -0000101-
-#######-    ---------    ---------

S 1          Snow         Reachable
--#####--    ---------    ---------
-#..1..#-    --11-11--    --00011--
-#1...q#-    ---111---    --00111--
#.....2.#    -1111101-    -1100101-
#.......#    -1111111-    -1111111-
-#######-    ---------    ---------

S 2          Snow         Reachable
--#####--    ---------    ---------
-#..1..#-    --11-11--    --00011--
-#1...'#-    ---111---    --00001--
#....4q.#    -1111001-    -0000011-
#.......#    -1111111-    -0000011-
-#######-    ---------    ---------

S 3          Snow         Reachable
--#####--    ---------    ---------
-#..1..#-    --11-11--    --11000--
-#1...'#-    ---111---    --01111--
#...4q'.#    -1110001-    -1110101-
#.......#    -1111111-    -1110111-
-#######-    ---------    ---------

S 4          Snow         Reachable
--#####--    ---------    ---------
-#..1..#-    --11-11--    --11011--
-#q...'#-    ---111---    --11111--
#.2.4''.#    -1010001-    -1010101-
#.......#    -1111111-    -1111111-
-#######-    ---------    ---------

S 5          Snow         Reachable
--#####--    ---------    ---------
-#..1..#-    --11-11--    --11011--
-#'...'#-    ---111---    --01111--
#.24q''.#    -1000001-    -1001100-
#.......#    -1111111-    -1111110-
-#######-    ---------    ---------

S 6          Snow         Reachable
--#####--    ---------    ---------
-#..1..#-    --11-11--    --00000--
-#'4..'#-    ---011---    --00010--
#.2q'''.#    -1000001-    -1010111-
#.......#    -1111111-    -1111111-
-#######-    ---------    ---------

S 7          Snow         Reachable
--#####--    ---------    ---------
-#.41..#-    --10-11--    --00011--
-#'q..'#-    ---011---    --01111--
#.2''''.#    -1000001-    -1011010-
#.......#    -1111111-    -1111110-
-#######-    ---------    ---------

S 8          Snow         Reachable
--#####--    ---------    ---------
-#.41..#-    --10-11--    --10011--
-#''..'#-    ---011---    --11111--
#.q2'''.#    -1000001-    -1101111-
#.......#    -1111111-    -1111111-
-#######-    ---------    ---------

S 9          Snow         Reachable
--#####--    ---------    ---------
-#.41..#-    --10-11--    --00010--
-#'2..'#-    ---011---    --00010--
#.'q'''.#    -1000001-    -0011111-
#.......#    -1111111-    -1111111-
-#######-    ---------    ---------

S 10         Snow         Reachable
--#####--    ---------    ---------
-#.61..#-    --10-11--    --00010--
-#'q..'#-    ---011---    --01010--
#.'''''.#    -1000001-    -1111110-
#.......#    -1111111-    -0100000-
-#######-    ---------    ---------

S 11         Snow         Reachable
--#####--    ---------    ---------
-#.7q..#-    --10-11--    --?????--
-#''..'#-    ---011---    --?????--
#.'''''.#    -1000001-    -???????-
#.......#    -1111111-    -???????-
-#######-    ---------    ---------

Solved: true
Time (CPU s): 3.6054072
Valid: true
Actions: 42
    ruurDlddrruLLullulDrrrdLdlUUddlluRdrUUrruL
Ball references from initial state:
    Ball (0): Location(Coordinate(2,3),SmallBall)
    Ball (1): Location(Coordinate(4,4),SmallBall)
    Ball (2): Location(Coordinate(6,3),SmallBall)
Ball Actions: 11
    D(2)L(2)L(2)D(0)L(2)U(2)U(2)R(0)U(0)U(0)L(1)
