Timesteps: 1 sat: false Time: 0.446314198 TotalTime: 0.447237817 (REAL s)
Timesteps: 2 sat: false Time: 0.154223752 TotalTime: 0.612777042 (REAL s)
Timesteps: 3 sat: false Time: 0.13572013 TotalTime: 0.748613344 (REAL s)
Timesteps: 4 sat: false Time: 0.148896246 TotalTime: 0.897639299 (REAL s)
Timesteps: 5 sat: false Time: 0.229788398 TotalTime: 1.127567347 (REAL s)
Timesteps: 6 sat: false Time: 0.29380897 TotalTime: 1.421519599 (REAL s)
Timesteps: 7 sat: false Time: 0.34693307 TotalTime: 1.768607768 (REAL s)
Timesteps: 8 sat: false Time: 0.5684265 TotalTime: 2.337198206 (REAL s)
Timesteps: 9 sat: false Time: 1.11105586 TotalTime: 3.44834086 (REAL s)
Timesteps: 10 sat: false Time: 2.123325103 TotalTime: 5.57192129 (REAL s)
Timesteps: 11 sat: true Time: 0.479864059 TotalTime: 6.051960377 (REAL s)

S 0        Snow       Reachable
--###--    -------    -------
-#...#-    --111--    --000--
-#1.1#-    ---1---    --000--
#''1''#    -------    -01010-
#''q''#    -------    -01110-
-#####-    -------    -------

S 1        Snow       Reachable
--###--    -------    -------
-#...#-    --111--    --011--
-#1.1#-    ---1---    --010--
#'1q''#    -------    -10101-
#'''''#    -------    -11111-
-#####-    -------    -------

S 2        Snow       Reachable
--###--    -------    -------
-#...#-    --111--    --111--
-#1.q#-    ---1---    --011--
#'1'1'#    -------    -10101-
#'''''#    -------    -11111-
-#####-    -------    -------

S 3        Snow       Reachable
--###--    -------    -------
-#...#-    --111--    --000--
-#1.'#-    ---1---    --000--
#'q11'#    -------    -01000-
#'''''#    -------    -11111-
-#####-    -------    -------

S 4        Snow       Reachable
--###--    -------    -------
-#...#-    --111--    --000--
-#12'#-    ---0---    --000--
#''q1'#    -------    -00101-
#'''''#    -------    -00111-
-#####-    -------    -------

S 5        Snow       Reachable
--###--    -------    -------
-#...#-    --111--    --000--
-#12'#-    ---0---    --000--
#''1q'#    -------    -01011-
#'''''#    -------    -11111-
-#####-    -------    -------

S 6        Snow       Reachable
--###--    -------    -------
-#...#-    --111--    --111--
-#13'#-    ---0---    --001--
#''q''#    -------    -00110-
#'''''#    -------    -11110-
-#####-    -------    -------

S 7        Snow       Reachable
--###--    -------    -------
-#.2.#-    --101--    --001--
-#12'#-    ---0---    --001--
#''q''#    -------    -00110-
#'''''#    -------    -01110-
-#####-    -------    -------

S 8        Snow       Reachable
--###--    -------    -------
-#4q.#-    --001--    --011--
-#12'#-    ---0---    --001--
#'''''#    -------    -01111-
#'''''#    -------    -11101-
-#####-    -------    -------

S 9        Snow       Reachable
--###--    -------    -------
-#42.#-    --001--    --001--
-#1q'#-    ---0---    --011--
#'''''#    -------    -00111-
#'''''#    -------    -01111-
-#####-    -------    -------

S 10       Snow       Reachable
--###--    -------    -------
-#6q.#-    --001--    --011--
-#1''#-    ---0---    --011--
#'''''#    -------    -01111-
#'''''#    -------    -11110-
-#####-    -------    -------

S 11       Snow       Reachable
--###--    -------    -------
-#7'.#-    --001--    --???--
-#q''#-    ---0---    --???--
#'''''#    -------    -?????-
#'''''#    -------    -?????-
-#####-    -------    -------

Solved: true
Time (CPU s): 5.331834
Valid: true
Actions: 42
    ruLuurDlddlluRdrUdrruLdlUUruuLrddlUruLddlU
Ball references from initial state:
    Ball (0): Location(Coordinate(2,3),SmallBall)
    Ball (1): Location(Coordinate(3,2),SmallBall)
    Ball (2): Location(Coordinate(4,3),SmallBall)
Ball Actions: 11
    L(1)D(2)R(1)U(1)L(2)U(2)U(2)L(2)U(1)L(1)U(0)
