Timesteps: 1 sat: false Time: 0.448889257 TotalTime: 0.449706535 (REAL s)
Timesteps: 2 sat: false Time: 0.12213919 TotalTime: 0.586263439 (REAL s)
Timesteps: 3 sat: false Time: 0.125237672 TotalTime: 0.711624529 (REAL s)
Timesteps: 4 sat: false Time: 0.213012078 TotalTime: 0.92477173 (REAL s)
Timesteps: 5 sat: false Time: 0.259433783 TotalTime: 1.184410298 (REAL s)
Timesteps: 6 sat: false Time: 0.305734938 TotalTime: 1.490282512 (REAL s)
Timesteps: 7 sat: false Time: 0.429543932 TotalTime: 1.920015967 (REAL s)
Timesteps: 8 sat: false Time: 0.992531393 TotalTime: 2.912644601 (REAL s)
Timesteps: 9 sat: false Time: 2.649275814 TotalTime: 5.562045589 (REAL s)
Timesteps: 10 sat: false Time: 4.203437649 TotalTime: 9.765689662 (REAL s)
Timesteps: 11 sat: false Time: 7.878998991 TotalTime: 17.644974392 (REAL s)
Timesteps: 12 sat: false Time: 15.170770119 TotalTime: 32.815958639 (REAL s)
Timesteps: 13 sat: true Time: 3.872329767 TotalTime: 36.688541527 (REAL s)

S 0        Snow       Reachable
-##-##-    -------    -------
#..#..#    -11-11-    -11-01-
#..#..#    -11-11-    -11-11-
#.111.#    -1---1-    -10001-
#..p..#    -11111-    -11111-
-#####-    -------    -------

S 1        Snow       Reachable
-##-##-    -------    -------
#..#..#    -11-11-    -01-11-
#..#2.#    -11-01-    -11-01-
#.11q.#    -1---1-    -10011-
#.....#    -11111-    -11111-
-#####-    -------    -------

S 2        Snow       Reachable
-##-##-    -------    -------
#..#..#    -11-11-    -01-00-
#..#2.#    -11-01-    -11-00-
#.q1'.#    -1---1-    -11000-
#.2...#    -10111-    -10000-
-#####-    -------    -------

S 3        Snow       Reachable
-##-##-    -------    -------
#..#..#    -11-11-    -11-00-
#..#2.#    -11-01-    -10-00-
#.'1'.#    -1---1-    -10000-
#.q4..#    -10011-    -11000-
-#####-    -------    -------

S 4        Snow       Reachable
-##-##-    -------    -------
#..#..#    -11-11-    -11-00-
#..#2.#    -11-01-    -11-00-
#.'1'.#    -1---1-    -10000-
#.'q4.#    -10001-    -11100-
-#####-    -------    -------

S 5        Snow       Reachable
-##-##-    -------    -------
#..#..#    -11-11-    -01-11-
#..#2.#    -11-01-    -11-01-
#.'1'.#    -1---1-    -11011-
#.''q4#    -10000-    -11110-
-#####-    -------    -------

S 6        Snow       Reachable
-##-##-    -------    -------
#..#..#    -11-11-    -11-11-
#..#2.#    -11-01-    -11-01-
#.1q'.#    -1---1-    -10111-
#.'''4#    -10000-    -11100-
-#####-    -------    -------

S 7        Snow       Reachable
-##-##-    -------    -------
#..#..#    -11-11-    -01-11-
#..#2.#    -11-01-    -11-01-
#.q''.#    -1---1-    -11111-
#.1''4#    -10000-    -10000-
-#####-    -------    -------

S 8        Snow       Reachable
-##-##-    -------    -------
#..#..#    -11-11-    -00-11-
#..#q.#    -11-01-    -00-11-
#.''2.#    -1---1-    -00000-
#.1''4#    -10000-    -00000-
-#####-    -------    -------

S 9        Snow       Reachable
-##-##-    -------    -------
#..#..#    -11-11-    -10-11-
#..#'.#    -11-01-    -11-01-
#.''q.#    -1---1-    -11111-
#.1'24#    -10000-    -10100-
-#####-    -------    -------

S 10       Snow       Reachable
-##-##-    -------    -------
#..#..#    -11-11-    -11-00-
#..#'.#    -11-01-    -01-00-
#.'''.#    -1---1-    -11110-
#.1'q6#    -10000-    -10110-
-#####-    -------    -------

S 11       Snow       Reachable
-##-##-    -------    -------
#..#..#    -11-11-    -01-00-
#..#'.#    -11-01-    -11-00-
#.'''.#    -1---1-    -10000-
#.q1'6#    -10000-    -11000-
-#####-    -------    -------

S 12       Snow       Reachable
-##-##-    -------    -------
#..#..#    -11-11-    -10-00-
#..#'.#    -11-01-    -11-00-
#.'''.#    -1---1-    -11100-
#.'q16#    -10000-    -10100-
-#####-    -------    -------

S 13       Snow       Reachable
-##-##-    -------    -------
#..#..#    -11-11-    -??-??-
#..#'.#    -11-01-    -??-??-
#.'''.#    -1---1-    -?????-
#.''q7#    -10000-    -?????-
-#####-    -------    -------

Solved: true
Time (CPU s): 35.772373
Valid: true
Actions: 43
    rUdllluurDldRRRuLdlluurDrrruulDDldRlulldRRR
Ball references from initial state:
    Ball (0): Location(Coordinate(2,2),SmallBall)
    Ball (1): Location(Coordinate(3,2),SmallBall)
    Ball (2): Location(Coordinate(4,2),SmallBall)
Ball Actions: 13
    U(2)D(0)R(0)R(0)R(0)L(1)D(1)D(2)D(2)R(2)R(1)R(1)R(1)
