Timesteps: 1 sat: false Time: 0.453353355 TotalTime: 0.454341176 (REAL s)
Timesteps: 2 sat: false Time: 0.18051781 TotalTime: 0.639041594 (REAL s)
Timesteps: 3 sat: false Time: 0.162222397 TotalTime: 0.801361188 (REAL s)
Timesteps: 4 sat: false Time: 0.155062053 TotalTime: 0.956568197 (REAL s)
Timesteps: 5 sat: false Time: 0.209878763 TotalTime: 1.166580052 (REAL s)
Timesteps: 6 sat: false Time: 0.259852063 TotalTime: 1.426762597 (REAL s)
Timesteps: 7 sat: false Time: 0.252546004 TotalTime: 1.679437412 (REAL s)
Timesteps: 8 sat: true Time: 0.357563023 TotalTime: 2.037134119 (REAL s)

S 0         Snow        Reachable
-######-    --------    --------
#''''''#    --------    -000011-
#'''''4#    --------    -011110-
#''3'''#    --------    -010111-
#''''q'#    --------    -001111-
-######-    --------    --------

S 1         Snow        Reachable
-######-    --------    --------
#''''''#    --------    -111000-
#'''''4#    --------    -100000-
#'q21''#    --------    -110000-
#''''''#    --------    -011000-
-######-    --------    --------

S 2         Snow        Reachable
-######-    --------    --------
#''''''#    --------    -011111-
#''2''4#    --------    -110010-
#''q1''#    --------    -101011-
#''''''#    --------    -111010-
-######-    --------    --------

S 3         Snow        Reachable
-######-    --------    --------
#''''''#    --------    -111110-
#''q2'4#    --------    -111010-
#'''1''#    --------    -111011-
#''''''#    --------    -010111-
-######-    --------    --------

S 4         Snow        Reachable
-######-    --------    --------
#''''''#    --------    -101111-
#'''2'4#    --------    -111000-
#'''q1'#    --------    -001101-
#''''''#    --------    -011111-
-######-    --------    --------

S 5         Snow        Reachable
-######-    --------    --------
#''''''#    --------    -001110-
#'''q24#    --------    -001100-
#''''1'#    --------    -010100-
#''''''#    --------    -111100-
-######-    --------    --------

S 6         Snow        Reachable
-######-    --------    --------
#''''''#    --------    -000111-
#''''q6#    --------    -001110-
#''''1'#    --------    -000101-
#''''''#    --------    -000111-
-######-    --------    --------

S 7         Snow        Reachable
-######-    --------    --------
#''''''#    --------    -000011-
#'''''6#    --------    -000110-
#''''q1#    --------    -000010-
#''''''#    --------    -011111-
-######-    --------    --------

S 8         Snow        Reachable
-######-    --------    --------
#''''''#    --------    -??????-
#'''''7#    --------    -??????-
#'''''q#    --------    -??????-
#''''''#    --------    -??????-
-######-    --------    --------

Solved: true
Time (CPU s): 1.5242531
Valid: true
Actions: 23
    llluRdrUluRdRluRRldRdrU
Ball references from initial state:
    Ball (0): Location(Coordinate(3,2),MediumBall)
    Ball (1): Location(Coordinate(3,2),SmallBall)
    Ball (2): Location(Coordinate(6,3),LargeBall)
Ball Actions: 8
    R(1)U(0)R(0)R(1)R(0)R(0)R(1)U(1)
