Timesteps: 1 sat: false Time: 0.45362656 TotalTime: 0.45454516 (REAL s)
Timesteps: 2 sat: false Time: 0.188094143 TotalTime: 0.649063452 (REAL s)
Timesteps: 3 sat: false Time: 0.159067393 TotalTime: 0.808280513 (REAL s)
Timesteps: 4 sat: false Time: 0.332686528 TotalTime: 1.141098462 (REAL s)
Timesteps: 5 sat: false Time: 0.29493855 TotalTime: 1.436349195 (REAL s)
Timesteps: 6 sat: false Time: 0.215231578 TotalTime: 1.651810489 (REAL s)
Timesteps: 7 sat: true Time: 0.287728951 TotalTime: 1.939664041 (REAL s)

S 0          Snow         Reachable
-#######-    ---------    ---------
#.1.1.2.#    -1-1-1-1-    -1010101-
#.......#    -1111111-    -1111111-
#...p...#    -1111111-    -0001110-
-#######-    ---------    ---------

S 1          Snow         Reachable
-#######-    ---------    ---------
#.1.14q.#    -1-1-0-1-    -0010010-
#.......#    -1111111-    -1111111-
#.......#    -1111111-    -1111011-
-#######-    ---------    ---------

S 2          Snow         Reachable
-#######-    ---------    ---------
#.1.q5'.#    -1-1-0-1-    -0001000-
#.......#    -1111111-    -0011111-
#.......#    -1111111-    -0000001-
-#######-    ---------    ---------

S 3          Snow         Reachable
-#######-    ---------    ---------
#.1.q41.#    -1-1-0-1-    -1001001-
#.......#    -1111111-    -1111111-
#.......#    -1111111-    -0000111-
-#######-    ---------    ---------

S 4          Snow         Reachable
-#######-    ---------    ---------
#.q2'41.#    -1-0-0-1-    -0100001-
#.......#    -1111111-    -1111111-
#.......#    -1111111-    -0000001-
-#######-    ---------    ---------

S 5          Snow         Reachable
-#######-    ---------    ---------
#.'q241.#    -1-0-0-1-    -1110001-
#.......#    -1111111-    -0011111-
#.......#    -1111111-    -0001111-
-#######-    ---------    ---------

S 6          Snow         Reachable
-#######-    ---------    ---------
#.''q61.#    -1-0-0-1-    -0111001-
#.......#    -1111111-    -0001101-
#.......#    -1111111-    -0111111-
-#######-    ---------    ---------

S 7          Snow         Reachable
-#######-    ---------    ---------
#.'''7q.#    -1-0-0-1-    -???????-
#.......#    -1111111-    -???????-
#.......#    -1111111-    -???????-
-#######-    ---------    ---------

Solved: true
Time (CPU s): 1.3867257
Valid: true
Actions: 27
    rurruLdllluRRldlluRRRdrrruL
Ball references from initial state:
    Ball (0): Location(Coordinate(2,3),SmallBall)
    Ball (1): Location(Coordinate(4,3),SmallBall)
    Ball (2): Location(Coordinate(6,3),MediumBall)
Ball Actions: 7
    L(2)R(1)R(1)R(0)R(0)R(0)L(1)
