Timesteps: 1 sat: false Time: 0.457890944 TotalTime: 0.458874814 (REAL s)
Timesteps: 2 sat: false Time: 0.176384719 TotalTime: 0.645481361 (REAL s)
Timesteps: 3 sat: false Time: 0.161090105 TotalTime: 0.806735859 (REAL s)
Timesteps: 4 sat: false Time: 0.258381592 TotalTime: 1.065243216 (REAL s)
Timesteps: 5 sat: false Time: 0.322346405 TotalTime: 1.387731981 (REAL s)
Timesteps: 6 sat: false Time: 0.273051455 TotalTime: 1.660922299 (REAL s)
Timesteps: 7 sat: false Time: 0.205618051 TotalTime: 1.866676013 (REAL s)
Timesteps: 8 sat: false Time: 0.242407726 TotalTime: 2.109366717 (REAL s)
Timesteps: 9 sat: false Time: 0.350095061 TotalTime: 2.459592053 (REAL s)
Timesteps: 10 sat: false Time: 0.652320969 TotalTime: 3.112092007 (REAL s)
Timesteps: 11 sat: false Time: 0.78513619 TotalTime: 3.897351029 (REAL s)
Timesteps: 12 sat: false Time: 1.430253754 TotalTime: 5.327718164 (REAL s)
Timesteps: 13 sat: false Time: 5.057930378 TotalTime: 10.385905505 (REAL s)
Timesteps: 14 sat: false Time: 2.928185856 TotalTime: 13.314179952 (REAL s)
Timesteps: 15 sat: false Time: 4.069611017 TotalTime: 17.383953738 (REAL s)
Timesteps: 16 sat: false Time: 5.462369616 TotalTime: 22.846549528 (REAL s)
Timesteps: 17 sat: false Time: 12.032274054 TotalTime: 34.879066205 (REAL s)
Timesteps: 18 sat: false Time: 9.928622024 TotalTime: 44.807841497 (REAL s)
Timesteps: 19 sat: false Time: 13.811858059 TotalTime: 58.620056651 (REAL s)
Timesteps: 20 sat: false Time: 16.409254716 TotalTime: 75.029546522 (REAL s)
Timesteps: 21 sat: false Time: 12.663918931 TotalTime: 87.694211858 (REAL s)
Timesteps: 22 sat: false Time: 16.500699002 TotalTime: 104.195071318 (REAL s)
Timesteps: 23 sat: false Time: 35.848681581 TotalTime: 140.043900513 (REAL s)
Timesteps: 24 sat: false Time: 33.441062173 TotalTime: 173.534057781 (REAL s)
Timesteps: 25 sat: false Time: 50.762423005 TotalTime: 224.296713265 (REAL s)
Timesteps: 26 sat: true Time: 38.76923487 TotalTime: 263.066163567 (REAL s)

S 0          Snow         Reachable
-----###-    ---------    ---------
-####'''#    ---------    -----000-
#'''#1.'#    ------1--    -001-000-
#'q''1.'#    ------1--    -0111000-
#'''#1.'#    ------1--    -001-000-
-####'''#    ---------    -----000-
-----###-    ---------    ---------

S 1          Snow         Reachable
-----###-    ---------    ---------
-####'''#    ---------    -----000-
#'''#1.'#    ------1--    -000-000-
#''''q2'#    ------0--    -0011100-
#'''#1.'#    ------1--    -000-000-
-####'''#    ---------    -----000-
-----###-    ---------    ---------

S 2          Snow         Reachable
-----###-    ---------    ---------
-####'''#    ---------    -----111-
#'''#1.'#    ------1--    -011-011-
#'''''q2#    ------0--    -1111110-
#'''#1.'#    ------1--    -111-011-
-####'''#    ---------    -----111-
-----###-    ---------    ---------

S 3          Snow         Reachable
-----###-    ---------    ---------
-####'''#    ---------    -----110-
#'''#1.'#    ------1--    -000-011-
#''''1'2#    ------0--    -0000010-
#'''#q.'#    ------1--    -000-111-
-####'''#    ---------    -----110-
-----###-    ---------    ---------

S 4          Snow         Reachable
-----###-    ---------    ---------
-####'''#    ---------    -----011-
#'''#1.'#    ------1--    -000-010-
#'''1q'2#    ------0--    -0000110-
#'''#'.'#    ------1--    -000-010-
-####'''#    ---------    -----111-
-----###-    ---------    ---------

S 5          Snow         Reachable
-----###-    ---------    ---------
-####'''#    ---------    -----111-
#'''#1.'#    ------1--    -000-011-
#''1q''2#    ------0--    -0001110-
#'''#'.'#    ------1--    -000-011-
-####'''#    ---------    -----000-
-----###-    ---------    ---------

S 6          Snow         Reachable
-----###-    ---------    ---------
-####'''#    ---------    -----111-
#'''#1.'#    ------1--    -000-011-
#'1q'''2#    ------0--    -0011110-
#'''#'.'#    ------1--    -000-011-
-####'''#    ---------    -----001-
-----###-    ---------    ---------

S 7          Snow         Reachable
-----###-    ---------    ---------
-####'''#    ---------    -----110-
#'''#1.'#    ------1--    -001-010-
#'1''''q#    ------0--    -1011111-
#'''#'.2#    ------1--    -111-100-
-####'''#    ---------    -----100-
-----###-    ---------    ---------

S 8          Snow         Reachable
-----###-    ---------    ---------
-####'''#    ---------    -----000-
#'''#1.'#    ------1--    -100-000-
#'q1''''#    ------0--    -1100000-
#'''#'.2#    ------1--    -110-000-
-####'''#    ---------    -----000-
-----###-    ---------    ---------

S 9          Snow         Reachable
-----###-    ---------    ---------
-####'''#    ---------    -----000-
#'''#1.'#    ------1--    -100-000-
#''q1'''#    ------0--    -1110000-
#'''#'.2#    ------1--    -000-000-
-####'''#    ---------    -----000-
-----###-    ---------    ---------

S 10         Snow         Reachable
-----###-    ---------    ---------
-####'''#    ---------    -----000-
#'''#1.'#    ------1--    -111-000-
#'''q1''#    ------0--    -0111000-
#'''#'.2#    ------1--    -111-000-
-####'''#    ---------    -----000-
-----###-    ---------    ---------

S 11         Snow         Reachable
-----###-    ---------    ---------
-####'''#    ---------    -----000-
#'''#1.'#    ------1--    -111-000-
#''''q1'#    ------0--    -1111100-
#'''#'.2#    ------1--    -111-110-
-####'''#    ---------    -----111-
-----###-    ---------    ---------

S 12         Snow         Reachable
-----###-    ---------    ---------
-####'''#    ---------    -----111-
#'''#12'#    ------0--    -000-001-
#'''''q'#    ------0--    -0000011-
#'''#'.2#    ------1--    -000-000-
-####'''#    ---------    -----000-
-----###-    ---------    ---------

S 13         Snow         Reachable
-----###-    ---------    ---------
-####'''#    ---------    -----111-
#'''#q2'#    ------0--    -000-101-
#''''1''#    ------0--    -0000011-
#'''#'.2#    ------1--    -000-110-
-####'''#    ---------    -----111-
-----###-    ---------    ---------

S 14         Snow         Reachable
-----###-    ---------    ---------
-####'''#    ---------    -----111-
#'''#'2'#    ------0--    -000-001-
#'''1q''#    ------0--    -0000111-
#'''#'.2#    ------1--    -000-000-
-####'''#    ---------    -----000-
-----###-    ---------    ---------

S 15         Snow         Reachable
-----###-    ---------    ---------
-####'''#    ---------    -----111-
#'''#'q'#    ------0--    -000-111-
#'''1'2'#    ------0--    -0000101-
#'''#'.2#    ------1--    -000-100-
-####'''#    ---------    -----100-
-----###-    ---------    ---------

S 16         Snow         Reachable
-----###-    ---------    ---------
-####'''#    ---------    -----000-
#'''#'''#    ------0--    -000-110-
#''1q'2'#    ------0--    -0001100-
#'''#'.2#    ------1--    -000-100-
-####'''#    ---------    -----000-
-----###-    ---------    ---------

S 17         Snow         Reachable
-----###-    ---------    ---------
-####'''#    ---------    -----000-
#'''#'''#    ------0--    -000-111-
#'1q''2'#    ------0--    -0011101-
#'''#'.2#    ------1--    -000-110-
-####'''#    ---------    -----110-
-----###-    ---------    ---------

S 18         Snow         Reachable
-----###-    ---------    ---------
-####'''#    ---------    -----111-
#'''#'''#    ------0--    -001-101-
#'1'''q'#    ------0--    -0011111-
#'''#'42#    ------0--    -001-100-
-####'''#    ---------    -----110-
-----###-    ---------    ---------

S 19         Snow         Reachable
-----###-    ---------    ---------
-####'''#    ---------    -----010-
#'''#'''#    ------0--    -000-110-
#'1'''4'#    ------0--    -0000100-
#'''#'q2#    ------0--    -000-110-
-####'''#    ---------    -----111-
-----###-    ---------    ---------

S 20         Snow         Reachable
-----###-    ---------    ---------
-####'''#    ---------    -----111-
#'''#'''#    ------0--    -000-110-
#'1'''q4#    ------0--    -0000010-
#'''#''2#    ------0--    -000-110-
-####'''#    ---------    -----111-
-----###-    ---------    ---------

S 21         Snow         Reachable
-----###-    ---------    ---------
-####'''#    ---------    -----110-
#'''#'''#    ------0--    -111-100-
#'1''''6#    ------0--    -1011100-
#'''#''q#    ------0--    -000-101-
-####'''#    ---------    -----111-
-----###-    ---------    ---------

S 22         Snow         Reachable
-----###-    ---------    ---------
-####'''#    ---------    -----000-
#'''#'''#    ------0--    -000-000-
#'q1'''6#    ------0--    -0100000-
#'''#'''#    ------0--    -010-000-
-####'''#    ---------    -----000-
-----###-    ---------    ---------

S 23         Snow         Reachable
-----###-    ---------    ---------
-####'''#    ---------    -----000-
#'''#'''#    ------0--    -111-000-
#''q1''6#    ------0--    -1110000-
#'''#'''#    ------0--    -111-000-
-####'''#    ---------    -----000-
-----###-    ---------    ---------

S 24         Snow         Reachable
-----###-    ---------    ---------
-####'''#    ---------    -----000-
#'''#'''#    ------0--    -011-000-
#'''q1'6#    ------0--    -0111000-
#'''#'''#    ------0--    -001-000-
-####'''#    ---------    -----000-
-----###-    ---------    ---------

S 25         Snow         Reachable
-----###-    ---------    ---------
-####'''#    ---------    -----100-
#'''#'''#    ------0--    -111-100-
#''''q16#    ------0--    -0011100-
#'''#'''#    ------0--    -000-100-
-####'''#    ---------    -----100-
-----###-    ---------    ---------

S 26         Snow         Reachable
-----###-    ---------    ---------
-####'''#    ---------    -----???-
#'''#'''#    ------0--    -???-???-
#'''''q7#    ------0--    -???????-
#'''#'''#    ------0--    -???-???-
-####'''#    ---------    -----???-
-----###-    ---------    ---------

Solved: true
Time (CPU s): 260.6138
Valid: true
Actions: 86
    rrRRddlUruLLLrrrurDllllulldRRRRdrUruullDurrddlLuurDldLLrrurDlddrUluRddrUllullulldRRRRR
Ball references from initial state:
    Ball (0): Location(Coordinate(5,2),SmallBall)
    Ball (1): Location(Coordinate(5,3),SmallBall)
    Ball (2): Location(Coordinate(5,4),SmallBall)
Ball Actions: 26
    R(1)R(1)U(0)L(0)L(0)L(0)D(1)R(0)R(0)R(0)R(0)U(0)D(2)L(2)D(0)L(2)L(2)D(0)U(0)R(0)U(1)R(2)R(2)R(2)R(2)R(2)
