Timesteps: 1 sat: false Time: 0.455664078 TotalTime: 0.456607507 (REAL s)
Timesteps: 2 sat: false Time: 0.16907755 TotalTime: 0.649264388 (REAL s)
Timesteps: 3 sat: false Time: 0.181561618 TotalTime: 0.830957711 (REAL s)
Timesteps: 4 sat: false Time: 0.281924548 TotalTime: 1.113047749 (REAL s)
Timesteps: 5 sat: false Time: 0.303628879 TotalTime: 1.416823776 (REAL s)
Timesteps: 6 sat: false Time: 0.236422256 TotalTime: 1.653392393 (REAL s)
Timesteps: 7 sat: false Time: 0.511767857 TotalTime: 2.165346336 (REAL s)
Timesteps: 8 sat: false Time: 1.098972155 TotalTime: 3.264432349 (REAL s)
Timesteps: 9 sat: false Time: 2.034548737 TotalTime: 5.312382057 (REAL s)
Timesteps: 10 sat: false Time: 2.772540945 TotalTime: 8.085179944 (REAL s)
Timesteps: 11 sat: false Time: 4.648122784 TotalTime: 12.733405348 (REAL s)
Timesteps: 12 sat: false Time: 6.698205956 TotalTime: 19.431778199 (REAL s)
Timesteps: 13 sat: false Time: 7.064730351 TotalTime: 26.49665889 (REAL s)
Timesteps: 14 sat: false Time: 14.715762788 TotalTime: 41.212587153 (REAL s)
Timesteps: 15 sat: true Time: 11.861050371 TotalTime: 53.073943202 (REAL s)

S 0          Snow         Reachable
-##---##-    ---------    ---------
#..#-#..#    -11---11-    -00---00-
#..#-#..#    -11---11-    -00---00-
#..###..#    -11---11-    -00---00-
#.1.1.1.#    -1-1-1-1-    -0010100-
-#..p..#-    --11111--    --11111--
--#####--    ---------    ---------

S 1          Snow         Reachable
-##---##-    ---------    ---------
#..#-#..#    -11---11-    -01---00-
#..#-#..#    -11---11-    -11---00-
#.2###..#    -10---11-    -10---00-
#.q.1.1.#    -1-1-1-1-    -1110000-
-#.....#-    --11111--    --11110--
--#####--    ---------    ---------

S 2          Snow         Reachable
-##---##-    ---------    ---------
#..#-#..#    -11---11-    -11---00-
#..#-#..#    -11---11-    -10---00-
#.q###..#    -10---11-    -11---00-
#.2.1.1.#    -1-1-1-1-    -1000000-
-#.....#-    --11111--    --00000--
--#####--    ---------    ---------

S 3          Snow         Reachable
-##---##-    ---------    ---------
#..#-#..#    -11---11-    -00---00-
#..#-#..#    -11---11-    -00---00-
#.'###..#    -10---11-    -00---00-
#.q41.1.#    -1-0-1-1-    -0100100-
-#.....#-    --11111--    --11111--
--#####--    ---------    ---------

S 4          Snow         Reachable
-##---##-    ---------    ---------
#..#-#..#    -11---11-    -00---00-
#..#-#..#    -11---11-    -00---00-
#.'###..#    -10---11-    -00---00-
#.'5q.1.#    -1-0-1-1-    -0001100-
-#.....#-    --11111--    --00111--
--#####--    ---------    ---------

S 5          Snow         Reachable
-##---##-    ---------    ---------
#..#-#..#    -11---11-    -00---01-
#..#-#..#    -11---11-    -00---11-
#.'###2.#    -10---01-    -00---01-
#.'5'.q.#    -1-0-1-1-    -0001111-
-#.....#-    --11111--    --00011--
--#####--    ---------    ---------

S 6          Snow         Reachable
-##---##-    ---------    ---------
#..#-#..#    -11---11-    -00---00-
#..#-#..#    -11---11-    -00---00-
#.'###2.#    -10---01-    -00---00-
#.14q.'.#    -1-0-1-1-    -0001111-
-#.....#-    --11111--    --11111--
--#####--    ---------    ---------

S 7          Snow         Reachable
-##---##-    ---------    ---------
#..#-#..#    -11---11-    -00---10-
#..#-#..#    -11---11-    -00---11-
#.1###2.#    -10---01-    -00---01-
#.q4'.'.#    -1-0-1-1-    -0101111-
-#.....#-    --11111--    --11111--
--#####--    ---------    ---------

S 8          Snow         Reachable
-##---##-    ---------    ---------
#..#-#..#    -11---11-    -00---00-
#..#-#..#    -11---11-    -00---00-
#.1###2.#    -10---01-    -00---00-
#.'q4.'.#    -1-0-1-1-    -0110000-
-#.....#-    --11111--    --11000--
--#####--    ---------    ---------

S 9          Snow         Reachable
-##---##-    ---------    ---------
#..#-#..#    -11---11-    -11---00-
#..#-#..#    -11---11-    -11---00-
#.1###2.#    -10---01-    -10---01-
#.''q4'.#    -1-0-0-1-    -1111011-
-#.....#-    --11111--    --11111--
--#####--    ---------    ---------

S 10         Snow         Reachable
-##---##-    ---------    ---------
#..#-#..#    -11---11-    -00---00-
#..#-#..#    -11---11-    -01---00-
#.q###2.#    -10---01-    -11---00-
#.1''4'.#    -1-0-0-1-    -1000000-
-#.....#-    --11111--    --00000--
--#####--    ---------    ---------

S 11         Snow         Reachable
-##---##-    ---------    ---------
#..#-#..#    -11---11-    -00---00-
#..#-#..#    -11---11-    -00---11-
#.'###2.#    -10---01-    -11---01-
#.q1'4'.#    -1-0-0-1-    -1100011-
-#.....#-    --11111--    --11111--
--#####--    ---------    ---------

S 12         Snow         Reachable
-##---##-    ---------    ---------
#..#-#..#    -11---11-    -00---00-
#..#-#..#    -11---11-    -00---00-
#.'###q.#    -10---01-    -00---11-
#.'1'42.#    -1-0-0-1-    -0000001-
-#.....#-    --11111--    --00000--
--#####--    ---------    ---------

S 13         Snow         Reachable
-##---##-    ---------    ---------
#..#-#..#    -11---11-    -00---11-
#..#-#..#    -11---11-    -11---11-
#.'###'.#    -10---01-    -10---11-
#.'1'6q.#    -1-0-0-1-    -1100011-
-#.....#-    --11111--    --11111--
--#####--    ---------    ---------

S 14         Snow         Reachable
-##---##-    ---------    ---------
#..#-#..#    -11---11-    -10---00-
#..#-#..#    -11---11-    -11---00-
#.'###'.#    -10---01-    -11---00-
#.'q16'.#    -1-0-0-1-    -1110000-
-#.....#-    --11111--    --00000--
--#####--    ---------    ---------

S 15         Snow         Reachable
-##---##-    ---------    ---------
#..#-#..#    -11---11-    -??---??-
#..#-#..#    -11---11-    -??---??-
#.'###'.#    -10---01-    -??---??-
#.''q7'.#    -1-0-0-1-    -???????-
-#.....#-    --11111--    --?????--
--#####--    ---------    ---------

Solved: true
Time (CPU s): 52.024975
Valid: true
Actions: 62
    llUluurDldRdrrruLrdrUllLdllURRllluurDldRdrrrruruulDrdLdlllluRR
Ball references from initial state:
    Ball (0): Location(Coordinate(2,2),SmallBall)
    Ball (1): Location(Coordinate(4,2),SmallBall)
    Ball (2): Location(Coordinate(6,2),SmallBall)
Ball Actions: 15
    U(0)D(0)R(0)L(1)U(2)L(1)U(1)R(0)R(0)D(1)R(1)D(2)L(2)R(1)R(1)
