Timesteps: 1 sat: false Time: 0.451906125 TotalTime: 0.452848394 (REAL s)
Timesteps: 2 sat: false Time: 0.154531561 TotalTime: 0.615051597 (REAL s)
Timesteps: 3 sat: false Time: 0.140632992 TotalTime: 0.755827612 (REAL s)
Timesteps: 4 sat: false Time: 0.214735557 TotalTime: 0.970896439 (REAL s)
Timesteps: 5 sat: false Time: 0.221621453 TotalTime: 1.192649311 (REAL s)
Timesteps: 6 sat: true Time: 0.334560361 TotalTime: 1.527534472 (REAL s)

S 0       Snow      Reachable
-####-    ------    ------
#''''#    ------    -0000-
-##'q#    ------    ---01-
-##''#    ------    ---01-
#'41'#    ------    -0001-
#'2'#-    ------    -000--
#'''#-    ------    -000--
-###--    ------    ------

S 1       Snow      Reachable
-####-    ------    ------
#''''#    ------    -0000-
-##''#    ------    ---00-
-##''#    ------    ---00-
#'5q'#    ------    -1010-
#'2'#-    ------    -101--
#'''#-    ------    -111--
-###--    ------    ------

S 2       Snow      Reachable
-####-    ------    ------
#''''#    ------    -0000-
-##''#    ------    ---00-
-##''#    ------    ---00-
#q41'#    ------    -1000-
#'2'#-    ------    -101--
#'''#-    ------    -111--
-###--    ------    ------

S 3       Snow      Reachable
-####-    ------    ------
#''''#    ------    -0000-
-##''#    ------    ---00-
-##''#    ------    ---00-
#'61'#    ------    -0000-
#'q'#-    ------    -011--
#'''#-    ------    -001--
-###--    ------    ------

S 4       Snow      Reachable
-####-    ------    ------
#''''#    ------    -0001-
-##''#    ------    ---11-
-##1'#    ------    ---01-
#'6q'#    ------    -0011-
#'''#-    ------    -001--
#'''#-    ------    -001--
-###--    ------    ------

S 5       Snow      Reachable
-####-    ------    ------
#''''#    ------    -0011-
-##''#    ------    ---11-
-##q'#    ------    ---11-
#'61'#    ------    -0001-
#'''#-    ------    -000--
#'''#-    ------    -000--
-###--    ------    ------

S 6       Snow      Reachable
-####-    ------    ------
#''''#    ------    -????-
-##''#    ------    ---??-
-##''#    ------    ---??-
#'7q'#    ------    -????-
#'''#-    ------    -???--
#'''#-    ------    -???--
-###--    ------    ------

Solved: true
Time (CPU s): 1.0357859
Valid: true
Actions: 24
    ddLddlluuRddrUrUruulDrdL
Ball references from initial state:
    Ball (0): Location(Coordinate(2,2),MediumBall)
    Ball (1): Location(Coordinate(2,3),LargeBall)
    Ball (2): Location(Coordinate(3,3),SmallBall)
Ball Actions: 6
    L(2)R(2)U(0)U(2)D(2)L(2)
