Timesteps: 1 sat: false Time: 0.451962801 TotalTime: 0.452919327 (REAL s)
Timesteps: 2 sat: false Time: 0.163909888 TotalTime: 0.630267777 (REAL s)
Timesteps: 3 sat: false Time: 0.157828495 TotalTime: 0.788336162 (REAL s)
Timesteps: 4 sat: false Time: 0.238108076 TotalTime: 1.026579791 (REAL s)
Timesteps: 5 sat: false Time: 0.272963769 TotalTime: 1.299747627 (REAL s)
Timesteps: 6 sat: false Time: 0.363502903 TotalTime: 1.663491673 (REAL s)
Timesteps: 7 sat: false Time: 0.476219938 TotalTime: 2.139825979 (REAL s)
Timesteps: 8 sat: false Time: 0.675813755 TotalTime: 2.815737386 (REAL s)
Timesteps: 9 sat: false Time: 1.391798818 TotalTime: 4.207646509 (REAL s)
Timesteps: 10 sat: false Time: 1.337542704 TotalTime: 5.545293038 (REAL s)
Timesteps: 11 sat: false Time: 2.885487756 TotalTime: 8.431221953 (REAL s)
Timesteps: 12 sat: false Time: 3.064050584 TotalTime: 11.49536081 (REAL s)
Timesteps: 13 sat: true Time: 3.126514559 TotalTime: 14.622066185 (REAL s)

S 0          Snow         Reachable
-#######-    ---------    ---------
#'.....'#    --11111--    -0111111-
#''#1#''#    ---------    -01-0-10-
-#''1''#-    ---------    --11011--
-#'#4#'#-    ---------    --0-0-1--
-#''q''#-    ---------    --00111--
--#####--    ---------    ---------

S 1          Snow         Reachable
-#######-    ---------    ---------
#'.....'#    --11111--    -0111111-
#''#1#''#    ---------    -01-0-10-
-#'1q''#-    ---------    --10111--
-#'#4#'#-    ---------    --0-0-1--
-#'''''#-    ---------    --00111--
--#####--    ---------    ---------

S 2          Snow         Reachable
-#######-    ---------    ---------
#'..2..'#    --11011--    -0000111-
#''#q#''#    ---------    -00-1-11-
-#'1'''#-    ---------    --00111--
-#'#4#'#-    ---------    --1-0-1--
-#'''''#-    ---------    --11111--
--#####--    ---------    ---------

S 3          Snow         Reachable
-#######-    ---------    ---------
#'..2..'#    --11011--    -1100111-
#''#'#''#    ---------    -11-0-11-
-#'14''#-    ---------    --10011--
-#'#q#'#-    ---------    --1-1-1--
-#'''''#-    ---------    --11111--
--#####--    ---------    ---------

S 4          Snow         Reachable
-#######-    ---------    ---------
#'..2..'#    --11011--    -1110000-
#''#'#''#    ---------    -11-0-11-
-#'q5''#-    ---------    --11001--
-#'#'#'#-    ---------    --1-1-1--
-#'''''#-    ---------    --11111--
--#####--    ---------    ---------

S 5          Snow         Reachable
-#######-    ---------    ---------
#'..2..'#    --11011--    -1110011-
#''#1#''#    ---------    -11-0-10-
-#''4''#-    ---------    --10011--
-#'#q#'#-    ---------    --1-1-1--
-#'''''#-    ---------    --11111--
--#####--    ---------    ---------

S 6          Snow         Reachable
-#######-    ---------    ---------
#'..2..'#    --11011--    -0000111-
#''#1#''#    ---------    -00-0-11-
-#'4q''#-    ---------    --00111--
-#'#'#'#-    ---------    --1-1-0--
-#'''''#-    ---------    --11100--
--#####--    ---------    ---------

S 7          Snow         Reachable
-#######-    ---------    ---------
#'..2..'#    --11011--    -0000011-
#''#1#''#    ---------    -00-0-10-
-#4q'''#-    ---------    --01111--
-#'#'#'#-    ---------    --1-1-1--
-#'''''#-    ---------    --11101--
--#####--    ---------    ---------

S 8          Snow         Reachable
-#######-    ---------    ---------
#'..2..'#    --11011--    -0000001-
#'4#1#''#    ---------    -00-0-11-
-#q''''#-    ---------    --10001--
-#'#'#'#-    ---------    --1-0-1--
-#'''''#-    ---------    --11111--
--#####--    ---------    ---------

S 9          Snow         Reachable
-#######-    ---------    ---------
#'4.2..'#    --01011--    -1000011-
#'q#1#''#    ---------    -11-0-11-
-#'''''#-    ---------    --10001--
-#'#'#'#-    ---------    --1-0-1--
-#'''''#-    ---------    --11111--
--#####--    ---------    ---------

S 10         Snow         Reachable
-#######-    ---------    ---------
#'q42..'#    --00011--    -1100111-
#''#1#''#    ---------    -11-0-11-
-#'''''#-    ---------    --11111--
-#'#'#'#-    ---------    --1-1-1--
-#'''''#-    ---------    --11101--
--#####--    ---------    ---------

S 11         Snow         Reachable
-#######-    ---------    ---------
#''6q..'#    --00011--    -1101111-
#''#1#''#    ---------    -11-0-11-
-#'''''#-    ---------    --11111--
-#'#'#'#-    ---------    --1-1-1--
-#'''''#-    ---------    --11111--
--#####--    ---------    ---------

S 12         Snow         Reachable
-#######-    ---------    ---------
#''61..'#    --00011--    -1100111-
#''#q#''#    ---------    -11-1-11-
-#'''''#-    ---------    --11111--
-#'#'#'#-    ---------    --1-0-1--
-#'''''#-    ---------    --11001--
--#####--    ---------    ---------

S 13         Snow         Reachable
-#######-    ---------    ---------
#''7q..'#    --00011--    -???????-
#''#'#''#    ---------    -??-?-??-
-#'''''#-    ---------    --?????--
-#'#'#'#-    ---------    --?-?-?--
-#'''''#-    ---------    --?????--
--#####--    ---------    ---------

Solved: true
Time (CPU s): 13.702158
Valid: true
Actions: 71
    rruulLUdrrddllUdlluuRlddrruUdrruulLLrddlluUUluRddrrrruulLrrddllUdrruulL
Ball references from initial state:
    Ball (0): Location(Coordinate(4,2),LargeBall)
    Ball (1): Location(Coordinate(4,3),SmallBall)
    Ball (2): Location(Coordinate(4,4),SmallBall)
Ball Actions: 13
    L(1)U(2)U(0)R(1)U(1)L(0)L(0)U(0)U(0)R(0)L(2)U(1)L(1)
