Timesteps: 1 sat: false Time: 0.451853816 TotalTime: 0.452821575 (REAL s)
Timesteps: 2 sat: false Time: 0.188540145 TotalTime: 0.651967479 (REAL s)
Timesteps: 3 sat: false Time: 0.142865011 TotalTime: 0.794970869 (REAL s)
Timesteps: 4 sat: false Time: 0.182359443 TotalTime: 0.977471147 (REAL s)
Timesteps: 5 sat: false Time: 0.239288947 TotalTime: 1.216919102 (REAL s)
Timesteps: 6 sat: false Time: 0.266933818 TotalTime: 1.484058324 (REAL s)
Timesteps: 7 sat: false Time: 0.420545692 TotalTime: 1.904833411 (REAL s)
Timesteps: 8 sat: true Time: 0.38424075 TotalTime: 2.2892797 (REAL s)

S 0        Snow       Reachable
--###--    -------    -------
-#'''#-    -------    --111--
-#1'1#-    -------    --010--
-#...#-    --111--    --111--
#''1''#    -------    -01011-
#''q''#    -------    -00111-
-#####-    -------    -------

S 1        Snow       Reachable
--###--    -------    -------
-#'''#-    -------    --000--
-#1'1#-    -------    --000--
-#.2.#-    --101--    --101--
#''q''#    -------    -11111-
#'''''#    -------    -11111-
-#####-    -------    -------

S 2        Snow       Reachable
--###--    -------    -------
-#'''#-    -------    --111--
-#1'1#-    -------    --010--
-#.q4#-    --100--    --010--
#'''''#    -------    -11100-
#'''''#    -------    -00000-
-#####-    -------    -------

S 3        Snow       Reachable
--###--    -------    -------
-#'''#-    -------    --011--
-#q'1#-    -------    --110--
-#2'4#-    --000--    --000--
#'''''#    -------    -00000-
#'''''#    -------    -00000-
-#####-    -------    -------

S 4        Snow       Reachable
--###--    -------    -------
-#'''#-    -------    --110--
-#''1#-    -------    --110--
-#q'4#-    --000--    --110--
#'2'''#    -------    -10110-
#'''''#    -------    -11110-
-#####-    -------    -------

S 5        Snow       Reachable
--###--    -------    -------
-#'''#-    -------    --111--
-#''1#-    -------    --110--
-#''4#-    --000--    --100--
#'q2''#    -------    -11000-
#'''''#    -------    -11000-
-#####-    -------    -------

S 6        Snow       Reachable
--###--    -------    -------
-#'''#-    -------    --011--
-#''1#-    -------    --110--
-#''4#-    --000--    --100--
#''q2'#    -------    -11100-
#'''''#    -------    -11111-
-#####-    -------    -------

S 7        Snow       Reachable
--###--    -------    -------
-#'''#-    -------    --111--
-#''1#-    -------    --110--
-#''6#-    --000--    --010--
#'''q'#    -------    -00110-
#'''''#    -------    -00110-
-#####-    -------    -------

S 8        Snow       Reachable
--###--    -------    -------
-#'''#-    -------    --???--
-#''q#-    -------    --???--
-#''7#-    --000--    --???--
#'''''#    -------    -?????-
#'''''#    -------    -?????-
-#####-    -------    -------

Solved: true
Time (CPU s): 1.8112724
Valid: true
Actions: 26
    UluRuulDDrddlluRRdrUluuurD
Ball references from initial state:
    Ball (0): Location(Coordinate(2,4),SmallBall)
    Ball (1): Location(Coordinate(3,2),SmallBall)
    Ball (2): Location(Coordinate(4,4),SmallBall)
Ball Actions: 8
    U(1)R(1)D(0)D(0)R(0)R(0)U(0)D(2)
