Timesteps: 1 sat: false Time: 0.449962257 TotalTime: 0.450721905 (REAL s)
Timesteps: 2 sat: false Time: 0.135760254 TotalTime: 0.594848248 (REAL s)
Timesteps: 3 sat: false Time: 0.153107102 TotalTime: 0.748100769 (REAL s)
Timesteps: 4 sat: false Time: 0.271021257 TotalTime: 1.019246967 (REAL s)
Timesteps: 5 sat: false Time: 0.287339823 TotalTime: 1.306832932 (REAL s)
Timesteps: 6 sat: false Time: 0.305542112 TotalTime: 1.612583654 (REAL s)
Timesteps: 7 sat: false Time: 0.364200037 TotalTime: 1.976953496 (REAL s)
Timesteps: 8 sat: false Time: 0.812177422 TotalTime: 2.789250289 (REAL s)
Timesteps: 9 sat: false Time: 1.665209701 TotalTime: 4.454562811 (REAL s)
Timesteps: 10 sat: true Time: 1.744596313 TotalTime: 6.199260236 (REAL s)

S 0        Snow       Reachable
-#####-    -------    -------
#.....#    -11111-    -00111-
#.#.#.#    -1-1-1-    -0-1-1-
#.111.#    -1---1-    -00001-
#.#.#.#    -1-1-1-    -0-1-1-
#..p..#    -11111-    -00111-
-#####-    -------    -------

S 1        Snow       Reachable
-#####-    -------    -------
#.....#    -11111-    -11100-
#.#.#.#    -1-1-1-    -1-1-1-
#.1q1.#    -1---1-    -10101-
#.#2#.#    -1-0-1-    -1-0-1-
#.....#    -11111-    -11111-
-#####-    -------    -------

S 2        Snow       Reachable
-#####-    -------    -------
#.....#    -11111-    -11111-
#.#.#.#    -1-1-1-    -1-1-1-
#.1'1.#    -1---1-    -10101-
#.#q#.#    -1-0-1-    -1-1-1-
#..4..#    -11011-    -10011-
-#####-    -------    -------

S 3        Snow       Reachable
-#####-    -------    -------
#.....#    -11111-    -11111-
#.#.#.#    -1-1-1-    -1-1-1-
#.q11.#    -1---1-    -11001-
#.#'#.#    -1-0-1-    -1-0-1-
#..4..#    -11011-    -10001-
-#####-    -------    -------

S 4        Snow       Reachable
-#####-    -------    -------
#.....#    -11111-    -11111-
#.#.#.#    -1-1-1-    -1-1-1-
#.'q1.#    -1---1-    -11100-
#.#1#.#    -1-0-1-    -1-0-0-
#..4..#    -11011-    -10000-
-#####-    -------    -------

S 5        Snow       Reachable
-#####-    -------    -------
#.....#    -11111-    -11111-
#.#.#.#    -1-1-1-    -1-1-1-
#.''1.#    -1---1-    -11101-
#.#q#.#    -1-0-1-    -1-1-1-
#..5..#    -11011-    -10001-
-#####-    -------    -------

S 6        Snow       Reachable
-#####-    -------    -------
#.....#    -11111-    -11111-
#.#.#.#    -1-1-1-    -1-0-1-
#.'1q.#    -1---1-    -11011-
#.#'#.#    -1-0-1-    -1-0-1-
#..5..#    -11011-    -11011-
-#####-    -------    -------

S 7        Snow       Reachable
-#####-    -------    -------
#.....#    -11111-    -11111-
#.#.#.#    -1-1-1-    -1-1-1-
#.'1'.#    -1---1-    -11011-
#.#'#.#    -1-0-1-    -1-0-1-
#.p42.#    -11001-    -11001-
-#####-    -------    -------

S 8        Snow       Reachable
-#####-    -------    -------
#.....#    -11111-    -11111-
#.#.#.#    -1-1-1-    -1-1-1-
#.'1'.#    -1---1-    -11011-
#.#'#.#    -1-0-1-    -1-0-1-
#..6q.#    -11001-    -11011-
-#####-    -------    -------

S 9        Snow       Reachable
-#####-    -------    -------
#.....#    -11111-    -11101-
#.#.#.#    -1-1-1-    -1-1-1-
#.'q'.#    -1---1-    -10111-
#.#1#.#    -1-0-1-    -1-0-1-
#..6'.#    -11001-    -10001-
-#####-    -------    -------

S 10       Snow       Reachable
-#####-    -------    -------
#.....#    -11111-    -?????-
#.#.#.#    -1-1-1-    -?-?-?-
#.'''.#    -1---1-    -?????-
#.#q#.#    -1-0-1-    -?-?-?-
#..7'.#    -11001-    -?????-
-#####-    -------    -------

Solved: true
Time (CPU s): 5.527097
Valid: true
Actions: 72
    lluuuurrdDDuuullddRluurrdDDuuurrddLruullllddddrRluuuurrrrddddLruuuulldDD
Ball references from initial state:
    Ball (0): Location(Coordinate(2,3),SmallBall)
    Ball (1): Location(Coordinate(3,3),SmallBall)
    Ball (2): Location(Coordinate(4,3),SmallBall)
Ball Actions: 10
    D(1)D(1)R(0)D(0)D(0)L(2)R(0)L(0)D(2)D(2)
