Timesteps: 1 sat: false Time: 0.449568969 TotalTime: 0.450811416 (REAL s)
Timesteps: 2 sat: false Time: 0.206444058 TotalTime: 0.670956817 (REAL s)
Timesteps: 3 sat: false Time: 0.204500577 TotalTime: 0.87568657 (REAL s)
Timesteps: 4 sat: false Time: 0.228313716 TotalTime: 1.104338597 (REAL s)
Timesteps: 5 sat: false Time: 0.365793701 TotalTime: 1.470359322 (REAL s)
Timesteps: 6 sat: true Time: 0.482194957 TotalTime: 1.952943169 (REAL s)

S 0        Snow       Reachable
-#####-    -------    -------
#.....#    -11111-    -11111-
#.#1#.#    -1---1-    -1-0-1-
#..2..#    -11-11-    -11011-
#.#1#.#    -1---1-    -1-0-1-
#..p..#    -11111-    -11101-
-#####-    -------    -------

S 1        Snow       Reachable
-#####-    -------    -------
#.....#    -11111-    -11111-
#.#1#.#    -1---1-    -1-0-1-
#.4q..#    -10-11-    -10111-
#.#1#.#    -1---1-    -1-0-1-
#.....#    -11111-    -11111-
-#####-    -------    -------

S 2        Snow       Reachable
-#####-    -------    -------
#.....#    -11111-    -11111-
#.#1#.#    -1---1-    -1-0-1-
#.q4..#    -10-11-    -11011-
#.#1#.#    -1---1-    -1-0-1-
#.....#    -11111-    -11011-
-#####-    -------    -------

S 3        Snow       Reachable
-#####-    -------    -------
#.....#    -11111-    -11111-
#.#q#.#    -1---1-    -1-1-1-
#.'5..#    -10-11-    -11011-
#.#1#.#    -1---1-    -1-0-1-
#.....#    -11111-    -11111-
-#####-    -------    -------

S 4        Snow       Reachable
-#####-    -------    -------
#.....#    -11111-    -11111-
#.#'#.#    -1---1-    -1-1-1-
#.q42.#    -10-01-    -11001-
#.#1#.#    -1---1-    -1-0-1-
#.....#    -11111-    -11111-
-#####-    -------    -------

S 5        Snow       Reachable
-#####-    -------    -------
#.....#    -11111-    -00000-
#.#'#.#    -1---1-    -0-0-0-
#.'6q.#    -10-01-    -00011-
#.#1#.#    -1---1-    -0-0-1-
#.....#    -11111-    -00111-
-#####-    -------    -------

S 6        Snow       Reachable
-#####-    -------    -------
#.....#    -11111-    -?????-
#.#'#.#    -1---1-    -?-?-?-
#.'7'.#    -10-01-    -?????-
#.#q#.#    -1---1-    -?-?-?-
#.....#    -11111-    -?????-
-#####-    -------    -------

Solved: true
Time (CPU s): 1.3363186
Valid: true
Actions: 46
    rruulLrruullllddRluurrDullddrRlddrrrruuLrddllU
Ball references from initial state:
    Ball (0): Location(Coordinate(3,2),SmallBall)
    Ball (1): Location(Coordinate(3,3),MediumBall)
    Ball (2): Location(Coordinate(3,4),SmallBall)
Ball Actions: 6
    L(1)R(1)D(2)R(2)L(2)U(0)
