Timesteps: 1 sat: false Time: 0.447147659 TotalTime: 0.447813078 (REAL s)
Timesteps: 2 sat: false Time: 0.138130731 TotalTime: 0.602321097 (REAL s)
Timesteps: 3 sat: false Time: 0.158096459 TotalTime: 0.760528833 (REAL s)
Timesteps: 4 sat: false Time: 0.272223987 TotalTime: 1.032878186 (REAL s)
Timesteps: 5 sat: false Time: 0.16514907 TotalTime: 1.198182557 (REAL s)
Timesteps: 6 sat: false Time: 0.185213041 TotalTime: 1.383534655 (REAL s)
Timesteps: 7 sat: false Time: 0.145563312 TotalTime: 1.529266119 (REAL s)
Timesteps: 8 sat: false Time: 0.2220511 TotalTime: 1.751689909 (REAL s)
Timesteps: 9 sat: false Time: 0.239812591 TotalTime: 2.014757377 (REAL s)
Timesteps: 10 sat: false Time: 0.251698211 TotalTime: 2.266557738 (REAL s)
Timesteps: 11 sat: false Time: 0.217848843 TotalTime: 2.484523587 (REAL s)
Timesteps: 12 sat: false Time: 0.311777509 TotalTime: 2.796432725 (REAL s)
Timesteps: 13 sat: false Time: 0.301779893 TotalTime: 3.098359004 (REAL s)
Timesteps: 14 sat: false Time: 0.514940848 TotalTime: 3.613416894 (REAL s)
Timesteps: 15 sat: true Time: 0.52417134 TotalTime: 4.137798043 (REAL s)

S 0         Snow        Reachable
----###-    --------    --------
-###'''#    --------    ----101-
#......#    -111111-    -111111-
#.1#4#2#    -1------    -10-0-0-
#......#    -111111-    -111111-
-###'q'#    --------    ----011-
----###-    --------    --------

S 1         Snow        Reachable
----###-    --------    --------
-###'''#    --------    ----111-
#......#    -111111-    -111111-
#.1#q#2#    -1------    -10-1-0-
#...4..#    -111011-    -111000-
-###'''#    --------    ----000-
----###-    --------    --------

S 2         Snow        Reachable
----###-    --------    --------
-###'''#    --------    ----111-
#......#    -111111-    -111111-
#.1#'#2#    -1------    -10-1-0-
#...q4.#    -111001-    -100101-
-###'''#    --------    ----111-
----###-    --------    --------

S 3         Snow        Reachable
----###-    --------    --------
-###'''#    --------    ----000-
#......#    -111111-    -000000-
#.1#'#2#    -1------    -00-0-0-
#...4q.#    -111001-    -000011-
-###'''#    --------    ----011-
----###-    --------    --------

S 4         Snow        Reachable
----###-    --------    --------
-###'''#    --------    ----111-
#......#    -111111-    -111100-
#.1#'#2#    -1------    -10-1-0-
#..4q'.#    -110001-    -110101-
-###'''#    --------    ----111-
----###-    --------    --------

S 5         Snow        Reachable
----###-    --------    --------
-###'''#    --------    ----111-
#......#    -111111-    -111111-
#.1#'#2#    -1------    -10-1-0-
#.4q''.#    -100001-    -101100-
-###'''#    --------    ----111-
----###-    --------    --------

S 6         Snow        Reachable
----###-    --------    --------
-###'''#    --------    ----111-
#......#    -111111-    -111111-
#.1#'#2#    -1------    -10-1-0-
#.q4''.#    -100001-    -110100-
-###'''#    --------    ----100-
----###-    --------    --------

S 7         Snow        Reachable
----###-    --------    --------
-###'''#    --------    ----111-
#......#    -111111-    -111100-
#.1#'#2#    -1------    -10-1-0-
#.'q4'.#    -100001-    -111000-
-###'''#    --------    ----000-
----###-    --------    --------

S 8         Snow        Reachable
----###-    --------    --------
-###'''#    --------    ----111-
#......#    -111111-    -111100-
#.1#'#2#    -1------    -00-1-0-
#.''q4.#    -100001-    -000100-
-###'''#    --------    ----100-
----###-    --------    --------

S 9         Snow        Reachable
----###-    --------    --------
-###'''#    --------    ----100-
#......#    -111111-    -111110-
#.q#'#2#    -1------    -11-1-0-
#.1''4.#    -100001-    -101101-
-###'''#    --------    ----111-
----###-    --------    --------

S 10        Snow        Reachable
----###-    --------    --------
-###'''#    --------    ----111-
#......#    -111111-    -111111-
#.'#'#2#    -1------    -01-1-0-
#.q1'4.#    -100001-    -010100-
-###'''#    --------    ----111-
----###-    --------    --------

S 11        Snow        Reachable
----###-    --------    --------
-###'''#    --------    ----000-
#......#    -111111-    -011100-
#.'#'#2#    -1------    -01-1-0-
#.'1'q4#    -100000-    -110110-
-###'''#    --------    ----111-
----###-    --------    --------

S 12        Snow        Reachable
----###-    --------    --------
-###'''#    --------    ----011-
#......#    -111111-    -011110-
#.'#'#2#    -1------    -01-1-0-
#.'q1'4#    -100000-    -011000-
-###'''#    --------    ----000-
----###-    --------    --------

S 13        Snow        Reachable
----###-    --------    --------
-###'''#    --------    ----001-
#......#    -111111-    -001111-
#.'#'#2#    -1------    -10-1-0-
#.''q14#    -100000-    -111100-
-###'''#    --------    ----111-
----###-    --------    --------

S 14        Snow        Reachable
----###-    --------    --------
-###'''#    --------    ----011-
#......#    -111111-    -011111-
#.'#'#q#    -1------    -11-1-1-
#.'''16#    -100000-    -000100-
-###'''#    --------    ----110-
----###-    --------    --------

S 15        Snow        Reachable
----###-    --------    --------
-###'''#    --------    ----???-
#......#    -111111-    -??????-
#.'#'#'#    -1------    -??-?-?-
#.'''q7#    -100000-    -??????-
-###'''#    --------    ----???-
----###-    --------    --------

Solved: true
Time (CPU s): 3.4102664
Valid: true
Actions: 73
    ulllluurrrDulllddrrRdrruLLLruulllddRRRuullDldRuurrddRluullddRRuurrDullddR
Ball references from initial state:
    Ball (0): Location(Coordinate(2,3),SmallBall)
    Ball (1): Location(Coordinate(4,3),LargeBall)
    Ball (2): Location(Coordinate(6,3),MediumBall)
Ball Actions: 15
    D(1)R(1)L(1)L(1)L(1)R(1)R(1)R(1)D(0)R(0)R(1)R(0)R(0)D(2)R(0)
