Timesteps: 1 sat: false Time: 0.458607193 TotalTime: 0.459254728 (REAL s)
Timesteps: 2 sat: false Time: 0.177502109 TotalTime: 0.639637221 (REAL s)
Timesteps: 3 sat: false Time: 0.215171813 TotalTime: 0.85493319 (REAL s)
Timesteps: 4 sat: false Time: 0.224314325 TotalTime: 1.07935785 (REAL s)
Timesteps: 5 sat: false Time: 0.165694347 TotalTime: 1.245180488 (REAL s)
Timesteps: 6 sat: false Time: 0.19002185 TotalTime: 1.435337984 (REAL s)
Timesteps: 7 sat: false Time: 0.258089868 TotalTime: 1.693555889 (REAL s)
Timesteps: 8 sat: false Time: 0.518528332 TotalTime: 2.212192653 (REAL s)
Timesteps: 9 sat: false Time: 0.720504567 TotalTime: 2.932828159 (REAL s)
Timesteps: 10 sat: false Time: 0.946059619 TotalTime: 3.879063525 (REAL s)
Timesteps: 11 sat: false Time: 2.014872944 TotalTime: 5.894085207 (REAL s)
Timesteps: 12 sat: false Time: 3.608804675 TotalTime: 9.503061239 (REAL s)
Timesteps: 13 sat: false Time: 5.720995745 TotalTime: 15.224174577 (REAL s)
Timesteps: 14 sat: true Time: 7.66548685 TotalTime: 22.889913604 (REAL s)

S 0          Snow         Reachable
-#######-    ---------    ---------
#...1...#    -111-111-    -1110111-
#.##.##.#    -1--1--1-    -1--0--1-
#...1...#    -111-111-    -1110111-
#..#.#..#    -11-1-11-    -01-0-11-
#...1...#    -111-111-    -0110111-
-#..p..#-    --11111--    --01111--
--#####--    ---------    ---------

S 1          Snow         Reachable
-#######-    ---------    ---------
#...q2..#    -111-011-    -1111011-
#.##.##.#    -1--1--1-    -1--0--1-
#...1...#    -111-111-    -1110111-
#..#.#..#    -11-1-11-    -11-0-11-
#...1...#    -111-111-    -1100111-
-#.....#-    --11111--    --11111--
--#####--    ---------    ---------

S 2          Snow         Reachable
-#######-    ---------    ---------
#...'2..#    -111-011-    -1111000-
#.##.##.#    -1--1--1-    -1--1--0-
#...q2..#    -111-011-    -1101011-
#..#.#..#    -11-1-11-    -01-0-11-
#...1...#    -111-111-    -1110110-
-#.....#-    --11111--    --11111--
--#####--    ---------    ---------

S 3          Snow         Reachable
-#######-    ---------    ---------
#...'2..#    -111-011-    -1111011-
#.##.##.#    -1--1--1-    -1--1--1-
#...2q..#    -111-011-    -1100111-
#..#.#..#    -11-1-11-    -10-0-11-
#...1...#    -111-111-    -1100010-
-#.....#-    --11111--    --11111--
--#####--    ---------    ---------

S 4          Snow         Reachable
-#######-    ---------    ---------
#...'2..#    -111-011-    -1111011-
#.##.##.#    -1--1--1-    -1--1--1-
#...q'..#    -111-011-    -1111001-
#..#4#..#    -11-0-11-    -11-0-11-
#...1...#    -111-111-    -1110111-
-#.....#-    --11111--    --01111--
--#####--    ---------    ---------

S 5          Snow         Reachable
-#######-    ---------    ---------
#...'2..#    -111-011-    -1100000-
#.##.##.#    -1--1--1-    -1--0--1-
#...''..#    -111-011-    -1000111-
#..#5#..#    -11-0-11-    -11-0-11-
#...q...#    -111-111-    -1101111-
-#.....#-    --11111--    --11111--
--#####--    ---------    ---------

S 6          Snow         Reachable
-#######-    ---------    ---------
#...'2..#    -111-011-    -1100011-
#.##.##.#    -1--1--1-    -1--0--1-
#...1'..#    -111-011-    -1110011-
#..#4#..#    -11-0-11-    -01-0-10-
#...q...#    -111-111-    -1111111-
-#.....#-    --11111--    --11111--
--#####--    ---------    ---------

S 7          Snow         Reachable
-#######-    ---------    ---------
#...'2..#    -111-011-    -0000000-
#.##.##.#    -1--1--1-    -0--0--0-
#...q1..#    -111-011-    -0111010-
#..#4#..#    -11-0-11-    -01-0-11-
#...'...#    -111-111-    -0111111-
-#.....#-    --11111--    --10010--
--#####--    ---------    ---------

S 8          Snow         Reachable
-#######-    ---------    ---------
#...'2..#    -111-011-    -0000000-
#.##.##.#    -1--1--1-    -0--0--0-
#...41..#    -111-011-    -0000010-
#..#q#..#    -11-0-11-    -10-1-11-
#...'...#    -111-111-    -1111111-
-#.....#-    --11111--    --11111--
--#####--    ---------    ---------

S 9          Snow         Reachable
-#######-    ---------    ---------
#...'2..#    -111-011-    -0000000-
#.##4##.#    -1--0--1-    -0--0--0-
#...q1..#    -111-011-    -0001000-
#..#'#..#    -11-0-11-    -11-1-01-
#...'...#    -111-111-    -0101011-
-#.....#-    --11111--    --11111--
--#####--    ---------    ---------

S 10         Snow         Reachable
-#######-    ---------    ---------
#...42..#    -111-011-    -0000011-
#.##q##.#    -1--0--1-    -0--1--1-
#...'1..#    -111-011-    -1111001-
#..#'#..#    -11-0-11-    -00-1-11-
#...'...#    -111-111-    -1101111-
-#.....#-    --11111--    --11111--
--#####--    ---------    ---------

S 11         Snow         Reachable
-#######-    ---------    ---------
#...6q..#    -111-011-    -1110111-
#.##'##.#    -1--0--1-    -1--0--1-
#...'1..#    -111-011-    -1111011-
#..#'#..#    -11-0-11-    -11-1-11-
#...'...#    -111-111-    -0111110-
-#.....#-    --11111--    --11111--
--#####--    ---------    ---------

S 12         Snow         Reachable
-#######-    ---------    ---------
#...6'..#    -111-011-    -0000000-
#.##'##.#    -1--0--1-    -0--0--0-
#...1q..#    -111-011-    -0000110-
#..#'#..#    -11-0-11-    -00-1-10-
#...'...#    -111-111-    -0001110-
-#.....#-    --11111--    --00110--
--#####--    ---------    ---------

S 13         Snow         Reachable
-#######-    ---------    ---------
#...6'..#    -111-011-    -0000000-
#.##1##.#    -1--0--1-    -0--0--0-
#...q'..#    -111-011-    -1111111-
#..#'#..#    -11-0-11-    -00-0-01-
#...'...#    -111-111-    -0001111-
-#.....#-    --11111--    --01100--
--#####--    ---------    ---------

S 14         Snow         Reachable
-#######-    ---------    ---------
#...7'..#    -111-011-    -???????-
#.##q##.#    -1--0--1-    -?--?--?-
#...''..#    -111-011-    -???????-
#..#'#..#    -11-0-11-    -??-?-??-
#...'...#    -111-111-    -???????-
-#.....#-    --11111--    --?????--
--#####--    ---------    ---------

Solved: true
Time (CPU s): 22.187263
Valid: true
Actions: 101
    luluuluurrRlllddrrRllddrdrruruuLrddldlluluuluurrrdDllddrdrUUlluurRllddrrUUUdddrruuruulLrrddlLrddlluUU
Ball references from initial state:
    Ball (0): Location(Coordinate(4,2),SmallBall)
    Ball (1): Location(Coordinate(4,4),SmallBall)
    Ball (2): Location(Coordinate(4,6),SmallBall)
Ball Actions: 14
    R(2)R(1)L(1)D(1)U(0)U(0)R(0)U(1)U(1)U(1)L(2)L(0)U(0)U(0)
