Timesteps: 1 sat: false Time: 0.456817274 TotalTime: 0.457784282 (REAL s)
Timesteps: 2 sat: false Time: 0.154738081 TotalTime: 0.626035768 (REAL s)
Timesteps: 3 sat: false Time: 0.102844497 TotalTime: 0.729150334 (REAL s)
Timesteps: 4 sat: false Time: 0.163769306 TotalTime: 0.893043989 (REAL s)
Timesteps: 5 sat: false Time: 0.1226539 TotalTime: 1.015816681 (REAL s)
Timesteps: 6 sat: false Time: 0.14231275 TotalTime: 1.158302854 (REAL s)
Timesteps: 7 sat: false Time: 0.168524454 TotalTime: 1.326958254 (REAL s)
Timesteps: 8 sat: false Time: 0.200275733 TotalTime: 1.527418274 (REAL s)
Timesteps: 9 sat: false Time: 0.31823601 TotalTime: 1.845844787 (REAL s)
Timesteps: 10 sat: false Time: 0.493951586 TotalTime: 2.340055244 (REAL s)
Timesteps: 11 sat: false Time: 0.587780855 TotalTime: 2.92792707 (REAL s)
Timesteps: 12 sat: false Time: 0.945732739 TotalTime: 3.873788522 (REAL s)
Timesteps: 13 sat: false Time: 1.664844485 TotalTime: 5.538732433 (REAL s)
Timesteps: 14 sat: false Time: 1.882093868 TotalTime: 7.420964396 (REAL s)
Timesteps: 15 sat: false Time: 2.803588911 TotalTime: 10.224714479 (REAL s)
Timesteps: 16 sat: false Time: 6.129258451 TotalTime: 16.35407938 (REAL s)
Timesteps: 17 sat: false Time: 10.813534876 TotalTime: 27.16777364 (REAL s)
Timesteps: 18 sat: false Time: 18.524810084 TotalTime: 45.692821734 (REAL s)
Timesteps: 19 sat: true Time: 15.068259403 TotalTime: 60.761239505 (REAL s)

S 0        Snow   
-#####-    -------
#.....#    -11111-
#.1.1'#    -1-1---
#..p''#    -111---
#.1'''#    -1-----
#'''..#    ----11-
-#####-    -------

S 1        Snow   
-#####-    -------
#.....#    -11111-
#.1.1'#    -1-1---
#...q'#    -111---
#.1'''#    -1-----
#'''..#    ----11-
-#####-    -------

S 2        Snow   
-#####-    -------
#.....#    -11111-
#.1.1'#    -1-1---
#...'q#    -111---
#.1'''#    -1-----
#'''..#    ----11-
-#####-    -------

S 3        Snow   
-#####-    -------
#.....#    -11111-
#.1.1q#    -1-1---
#...''#    -111---
#.1'''#    -1-----
#'''..#    ----11-
-#####-    -------

S 4        Snow   
-#####-    -------
#.....#    -11111-
#.12q'#    -1-0---
#...''#    -111---
#.1'''#    -1-----
#'''..#    ----11-
-#####-    -------

S 5        Snow   
-#####-    -------
#...p.#    -11111-
#.12''#    -1-0---
#...''#    -111---
#.1'''#    -1-----
#'''..#    ----11-
-#####-    -------

S 6        Snow   
-#####-    -------
#..p..#    -11111-
#.12''#    -1-0---
#...''#    -111---
#.1'''#    -1-----
#'''..#    ----11-
-#####-    -------

S 7        Snow   
-#####-    -------
#.....#    -11111-
#.1q''#    -1-0---
#..4''#    -110---
#.1'''#    -1-----
#'''..#    ----11-
-#####-    -------

S 8        Snow   
-#####-    -------
#..p..#    -11111-
#.1'''#    -1-0---
#..4''#    -110---
#.1'''#    -1-----
#'''..#    ----11-
-#####-    -------

S 9        Snow   
-#####-    -------
#.p...#    -11111-
#.1'''#    -1-0---
#..4''#    -110---
#.1'''#    -1-----
#'''..#    ----11-
-#####-    -------

S 10       Snow   
-#####-    -------
#.....#    -11111-
#.q'''#    -1-0---
#.24''#    -100---
#.1'''#    -1-----
#'''..#    ----11-
-#####-    -------

S 11       Snow   
-#####-    -------
#.....#    -11111-
#p''''#    -1-0---
#.24''#    -100---
#.1'''#    -1-----
#'''..#    ----11-
-#####-    -------

S 12       Snow   
-#####-    -------
#.....#    -11111-
#.''''#    -1-0---
#p24''#    -100---
#.1'''#    -1-----
#'''..#    ----11-
-#####-    -------

S 13       Snow   
-#####-    -------
#.....#    -11111-
#.''''#    -1-0---
#.q6''#    -100---
#.1'''#    -1-----
#'''..#    ----11-
-#####-    -------

S 14       Snow   
-#####-    -------
#.....#    -11111-
#.''''#    -1-0---
#p'6''#    -100---
#.1'''#    -1-----
#'''..#    ----11-
-#####-    -------

S 15       Snow   
-#####-    -------
#.....#    -11111-
#.''''#    -1-0---
#.'6''#    -100---
#p1'''#    -1-----
#'''..#    ----11-
-#####-    -------

S 16       Snow   
-#####-    -------
#.....#    -11111-
#.''''#    -1-0---
#.'6''#    -100---
#.q1''#    -1-----
#'''..#    ----11-
-#####-    -------

S 17       Snow   
-#####-    -------
#.....#    -11111-
#.''''#    -1-0---
#.'6''#    -100---
#.'1''#    -1-----
#'q'..#    ----11-
-#####-    -------

S 18       Snow   
-#####-    -------
#.....#    -11111-
#.''''#    -1-0---
#.'6''#    -100---
#.'1''#    -1-----
#''q..#    ----11-
-#####-    -------

S 19       Snow   
-#####-    -------
#.....#    -11111-
#.''''#    -1-0---
#.'7''#    -100---
#.'q''#    -1-----
#'''..#    ----11-
-#####-    -------


Solved: true
Time (CPU s): 59.62294
Valid: true
Actions: 19
    rruLulDulDldRldRdrU
Ball references from initial state:
    Ball (0): Location(Coordinate(2,2),SmallBall)
    Ball (1): Location(Coordinate(2,4),SmallBall)
    Ball (2): Location(Coordinate(4,4),SmallBall)
Ball Actions: 6
    L(2)D(2)D(1)R(1)R(0)U(0)
