Timesteps: 1 sat: false Time: 0.456697604 TotalTime: 0.457661745 (REAL s)
Timesteps: 2 sat: false Time: 0.135133142 TotalTime: 0.605938811 (REAL s)
Timesteps: 3 sat: false Time: 0.101565604 TotalTime: 0.707669828 (REAL s)
Timesteps: 4 sat: false Time: 0.126799781 TotalTime: 0.8345903 (REAL s)
Timesteps: 5 sat: false Time: 0.154295868 TotalTime: 0.989011586 (REAL s)
Timesteps: 6 sat: false Time: 0.139157995 TotalTime: 1.128286308 (REAL s)
Timesteps: 7 sat: false Time: 0.146851253 TotalTime: 1.275331131 (REAL s)
Timesteps: 8 sat: false Time: 0.20536529 TotalTime: 1.480821687 (REAL s)
Timesteps: 9 sat: false Time: 0.180459703 TotalTime: 1.661423952 (REAL s)
Timesteps: 10 sat: false Time: 0.222686762 TotalTime: 1.88429578 (REAL s)
Timesteps: 11 sat: false Time: 0.302144499 TotalTime: 2.186636165 (REAL s)
Timesteps: 12 sat: false Time: 0.254891814 TotalTime: 2.441615028 (REAL s)
Timesteps: 13 sat: false Time: 0.332670399 TotalTime: 2.774394079 (REAL s)
Timesteps: 14 sat: false Time: 0.486204958 TotalTime: 3.260726798 (REAL s)
Timesteps: 15 sat: false Time: 0.510362208 TotalTime: 3.771201593 (REAL s)
Timesteps: 16 sat: false Time: 0.619575977 TotalTime: 4.390859107 (REAL s)
Timesteps: 17 sat: false Time: 0.626636551 TotalTime: 5.017606235 (REAL s)
Timesteps: 18 sat: false Time: 1.032988181 TotalTime: 6.050848832 (REAL s)
Timesteps: 19 sat: false Time: 1.274904953 TotalTime: 7.325833673 (REAL s)
Timesteps: 20 sat: false Time: 1.475873617 TotalTime: 8.801868653 (REAL s)
Timesteps: 21 sat: false Time: 1.296321646 TotalTime: 10.09828635 (REAL s)
Timesteps: 22 sat: false Time: 1.588145262 TotalTime: 11.686516709 (REAL s)
Timesteps: 23 sat: false Time: 1.727647108 TotalTime: 13.414257561 (REAL s)
Timesteps: 24 sat: false Time: 2.830251167 TotalTime: 16.244747582 (REAL s)
Timesteps: 25 sat: false Time: 2.341557963 TotalTime: 18.586520868 (REAL s)
Timesteps: 26 sat: false Time: 3.676297075 TotalTime: 22.262992463 (REAL s)
Timesteps: 27 sat: false Time: 3.750187339 TotalTime: 26.013381912 (REAL s)
Timesteps: 28 sat: false Time: 4.827561207 TotalTime: 30.841081125 (REAL s)
Timesteps: 29 sat: false Time: 6.828324473 TotalTime: 37.669552127 (REAL s)
Timesteps: 30 sat: false Time: 6.740997456 TotalTime: 44.410753608 (REAL s)
Timesteps: 31 sat: true Time: 7.428128252 TotalTime: 51.839044788 (REAL s)

S 0        Snow   
---#---    -------
-##4##-    -------
#..1..#    -11-11-
#..1..#    -11-11-
#..p..#    -11111-
-#####-    -------

S 1        Snow   
---#---    -------
-##4##-    -------
#..1..#    -11-11-
#..1..#    -11-11-
#...p.#    -11111-
-#####-    -------

S 2        Snow   
---#---    -------
-##4##-    -------
#..1..#    -11-11-
#..1p.#    -11-11-
#.....#    -11111-
-#####-    -------

S 3        Snow   
---#---    -------
-##4##-    -------
#..1p.#    -11-11-
#..1..#    -11-11-
#.....#    -11111-
-#####-    -------

S 4        Snow   
---#---    -------
-##4##-    -------
#.2q..#    -10-11-
#..1..#    -11-11-
#.....#    -11111-
-#####-    -------

S 5        Snow   
---#---    -------
-##4##-    -------
#.2'p.#    -10-11-
#..1..#    -11-11-
#.....#    -11111-
-#####-    -------

S 6        Snow   
---#---    -------
-##4##-    -------
#.2'..#    -10-11-
#..1p.#    -11-11-
#.....#    -11111-
-#####-    -------

S 7        Snow   
---#---    -------
-##4##-    -------
#.2'..#    -10-11-
#..1..#    -11-11-
#...p.#    -11111-
-#####-    -------

S 8        Snow   
---#---    -------
-##4##-    -------
#.2'..#    -10-11-
#..1..#    -11-11-
#..p..#    -11111-
-#####-    -------

S 9        Snow   
---#---    -------
-##4##-    -------
#.2'..#    -10-11-
#..1..#    -11-11-
#.p...#    -11111-
-#####-    -------

S 10       Snow   
---#---    -------
-##4##-    -------
#.2'..#    -10-11-
#..1..#    -11-11-
#p....#    -11111-
-#####-    -------

S 11       Snow   
---#---    -------
-##4##-    -------
#.2'..#    -10-11-
#p.1..#    -11-11-
#.....#    -11111-
-#####-    -------

S 12       Snow   
---#---    -------
-##4##-    -------
#p2'..#    -10-11-
#..1..#    -11-11-
#.....#    -11111-
-#####-    -------

S 13       Snow   
---#---    -------
-##4##-    -------
#.q2..#    -10-11-
#..1..#    -11-11-
#.....#    -11111-
-#####-    -------

S 14       Snow   
---#---    -------
-##4##-    -------
#.'2..#    -10-11-
#.p1..#    -11-11-
#.....#    -11111-
-#####-    -------

S 15       Snow   
---#---    -------
-##4##-    -------
#.'2..#    -10-11-
#..1..#    -11-11-
#.p...#    -11111-
-#####-    -------

S 16       Snow   
---#---    -------
-##4##-    -------
#.'2..#    -10-11-
#..1..#    -11-11-
#..p..#    -11111-
-#####-    -------

S 17       Snow   
---#---    -------
-##4##-    -------
#.'3..#    -10-11-
#..q..#    -11-11-
#.....#    -11111-
-#####-    -------

S 18       Snow   
---#---    -------
-##4##-    -------
#.'3..#    -10-11-
#..'p.#    -11-11-
#.....#    -11111-
-#####-    -------

S 19       Snow   
---#---    -------
-##4##-    -------
#.'3p.#    -10-11-
#..'..#    -11-11-
#.....#    -11111-
-#####-    -------

S 20       Snow   
---#---    -------
-##4##-    -------
#.12p.#    -10-11-
#..'..#    -11-11-
#.....#    -11111-
-#####-    -------

S 21       Snow   
---#---    -------
-##4##-    -------
#.12..#    -10-11-
#..'p.#    -11-11-
#.....#    -11111-
-#####-    -------

S 22       Snow   
---#---    -------
-##4##-    -------
#.12..#    -10-11-
#..q..#    -11-11-
#.....#    -11111-
-#####-    -------

S 23       Snow   
---#---    -------
-##6##-    -------
#.1q..#    -10-11-
#..'..#    -11-11-
#.....#    -11111-
-#####-    -------

S 24       Snow   
---#---    -------
-##6##-    -------
#.1'..#    -10-11-
#..q..#    -11-11-
#.....#    -11111-
-#####-    -------

S 25       Snow   
---#---    -------
-##6##-    -------
#.1'..#    -10-11-
#.p'..#    -11-11-
#.....#    -11111-
-#####-    -------

S 26       Snow   
---#---    -------
-##6##-    -------
#.1'..#    -10-11-
#p.'..#    -11-11-
#.....#    -11111-
-#####-    -------

S 27       Snow   
---#---    -------
-##6##-    -------
#p1'..#    -10-11-
#..'..#    -11-11-
#.....#    -11111-
-#####-    -------

S 28       Snow   
---#---    -------
-##6##-    -------
#.q1..#    -10-11-
#..'..#    -11-11-
#.....#    -11111-
-#####-    -------

S 29       Snow   
---#---    -------
-##6##-    -------
#.'1..#    -10-11-
#.p'..#    -11-11-
#.....#    -11111-
-#####-    -------

S 30       Snow   
---#---    -------
-##6##-    -------
#.'1..#    -10-11-
#..q..#    -11-11-
#.....#    -11111-
-#####-    -------

S 31       Snow   
---#---    -------
-##7##-    -------
#.'q..#    -10-11-
#..'..#    -11-11-
#.....#    -11111-
-#####-    -------


Solved: true
Time (CPU s): 50.382427
Valid: true
Actions: 31
    ruuLrddllluuRddrUruLdlUdlluRdrU
Ball references from initial state:
    Ball (0): Location(Coordinate(3,2),SmallBall)
    Ball (1): Location(Coordinate(3,3),SmallBall)
    Ball (2): Location(Coordinate(3,4),LargeBall)
Ball Actions: 7
    L(1)R(1)U(0)L(0)U(1)R(0)U(0)
