Timesteps: 1 sat: false Time: 0.468781124 TotalTime: 0.469915399 (REAL s)
Timesteps: 2 sat: false Time: 0.127131976 TotalTime: 0.627941938 (REAL s)
Timesteps: 3 sat: false Time: 0.110974463 TotalTime: 0.739077048 (REAL s)
Timesteps: 4 sat: false Time: 0.121729435 TotalTime: 0.861064725 (REAL s)
Timesteps: 5 sat: false Time: 0.143816041 TotalTime: 1.005026922 (REAL s)
Timesteps: 6 sat: false Time: 0.143109784 TotalTime: 1.148303935 (REAL s)
Timesteps: 7 sat: false Time: 0.192790466 TotalTime: 1.341241373 (REAL s)
Timesteps: 8 sat: false Time: 0.240197987 TotalTime: 1.581600247 (REAL s)
Timesteps: 9 sat: false Time: 0.275035282 TotalTime: 1.857003588 (REAL s)
Timesteps: 10 sat: false Time: 0.345374034 TotalTime: 2.202654084 (REAL s)
Timesteps: 11 sat: false Time: 0.506797496 TotalTime: 2.70959636 (REAL s)
Timesteps: 12 sat: false Time: 0.781455551 TotalTime: 3.491168504 (REAL s)
Timesteps: 13 sat: false Time: 0.73105125 TotalTime: 4.222361221 (REAL s)
Timesteps: 14 sat: false Time: 0.98515709 TotalTime: 5.207751801 (REAL s)
Timesteps: 15 sat: false Time: 1.285460848 TotalTime: 6.493315452 (REAL s)
Timesteps: 16 sat: false Time: 2.826437455 TotalTime: 9.319932173 (REAL s)
Timesteps: 17 sat: false Time: 3.409899044 TotalTime: 12.729985702 (REAL s)
Timesteps: 18 sat: false Time: 6.266549096 TotalTime: 18.996807143 (REAL s)
Timesteps: 19 sat: false Time: 7.110968812 TotalTime: 26.108055266 (REAL s)
Timesteps: 20 sat: false Time: 10.249444245 TotalTime: 36.357768557 (REAL s)
Timesteps: 21 sat: false Time: 8.736512538 TotalTime: 45.094467501 (REAL s)
Timesteps: 22 sat: false Time: 6.81261185 TotalTime: 51.907252105 (REAL s)
Timesteps: 23 sat: false Time: 12.577166945 TotalTime: 64.484763943 (REAL s)
Timesteps: 24 sat: false Time: 11.657393375 TotalTime: 76.142479552 (REAL s)
Timesteps: 25 sat: false Time: 23.010476851 TotalTime: 99.153133671 (REAL s)
Timesteps: 26 sat: false Time: 25.329748481 TotalTime: 124.483203403 (REAL s)
Timesteps: 27 sat: false Time: 17.302280719 TotalTime: 141.785686838 (REAL s)
Timesteps: 28 sat: false Time: 26.185650713 TotalTime: 167.97169168 (REAL s)
Timesteps: 29 sat: false Time: 25.662224193 TotalTime: 193.634229974 (REAL s)
Timesteps: 30 sat: false Time: 46.246763583 TotalTime: 239.881195113 (REAL s)
Timesteps: 31 sat: false Time: 39.016470146 TotalTime: 278.89784518 (REAL s)
Timesteps: 32 sat: false Time: 53.419420604 TotalTime: 332.317475086 (REAL s)
Timesteps: 33 sat: true Time: 32.099762282 TotalTime: 364.417420643 (REAL s)

S 0          Snow     
-##-####-    ---------
#''#'''.#    -------1-
#q'1'22.#    -------1-
#''#'''.#    -------1-
-##-####-    ---------

S 1          Snow     
-##-####-    ---------
#''#'''.#    -------1-
#'q1'22.#    -------1-
#''#'''.#    -------1-
-##-####-    ---------

S 2          Snow     
-##-####-    ---------
#''#'''.#    -------1-
#''q122.#    -------1-
#''#'''.#    -------1-
-##-####-    ---------

S 3          Snow     
-##-####-    ---------
#''#'''.#    -------1-
#'''q32.#    -------1-
#''#'''.#    -------1-
-##-####-    ---------

S 4          Snow     
-##-####-    ---------
#''#q''.#    -------1-
#''''32.#    -------1-
#''#'''.#    -------1-
-##-####-    ---------

S 5          Snow     
-##-####-    ---------
#''#'q'.#    -------1-
#''''32.#    -------1-
#''#'''.#    -------1-
-##-####-    ---------

S 6          Snow     
-##-####-    ---------
#''#''q.#    -------1-
#''''32.#    -------1-
#''#'''.#    -------1-
-##-####-    ---------

S 7          Snow     
-##-####-    ---------
#''#'''.#    -------1-
#''''3q.#    -------1-
#''#''2.#    -------1-
-##-####-    ---------

S 8          Snow     
-##-####-    ---------
#''#''q.#    -------1-
#''''3'.#    -------1-
#''#''2.#    -------1-
-##-####-    ---------

S 9          Snow     
-##-####-    ---------
#''#'q'.#    -------1-
#''''3'.#    -------1-
#''#''2.#    -------1-
-##-####-    ---------

S 10         Snow     
-##-####-    ---------
#''#q''.#    -------1-
#''''3'.#    -------1-
#''#''2.#    -------1-
-##-####-    ---------

S 11         Snow     
-##-####-    ---------
#''#'''.#    -------1-
#'''q3'.#    -------1-
#''#''2.#    -------1-
-##-####-    ---------

S 12         Snow     
-##-####-    ---------
#''#'''.#    -------1-
#''''3'.#    -------1-
#''#q'2.#    -------1-
-##-####-    ---------

S 13         Snow     
-##-####-    ---------
#''#'''.#    -------1-
#''''3'.#    -------1-
#''#'q2.#    -------1-
-##-####-    ---------

S 14         Snow     
-##-####-    ---------
#''#'''.#    -------1-
#''''3'.#    -------1-
#''#''q4#    -------0-
-##-####-    ---------

S 15         Snow     
-##-####-    ---------
#''#'''.#    -------1-
#''''3'.#    -------1-
#''#'q'4#    -------0-
-##-####-    ---------

S 16         Snow     
-##-####-    ---------
#''#'''.#    -------1-
#''''3'.#    -------1-
#''#q''4#    -------0-
-##-####-    ---------

S 17         Snow     
-##-####-    ---------
#''#'''.#    -------1-
#'''q3'.#    -------1-
#''#'''4#    -------0-
-##-####-    ---------

S 18         Snow     
-##-####-    ---------
#''#'''.#    -------1-
#'''q21.#    -------1-
#''#'''4#    -------0-
-##-####-    ---------

S 19         Snow     
-##-####-    ---------
#''#q''.#    -------1-
#''''21.#    -------1-
#''#'''4#    -------0-
-##-####-    ---------

S 20         Snow     
-##-####-    ---------
#''#'q'.#    -------1-
#''''21.#    -------1-
#''#'''4#    -------0-
-##-####-    ---------

S 21         Snow     
-##-####-    ---------
#''#'''.#    -------1-
#''''q1.#    -------1-
#''#'2'4#    -------0-
-##-####-    ---------

S 22         Snow     
-##-####-    ---------
#''#'''.#    -------1-
#'''q'1.#    -------1-
#''#'2'4#    -------0-
-##-####-    ---------

S 23         Snow     
-##-####-    ---------
#''#'''.#    -------1-
#'''''1.#    -------1-
#''#q2'4#    -------0-
-##-####-    ---------

S 24         Snow     
-##-####-    ---------
#''#'''.#    -------1-
#'''''1.#    -------1-
#''#'q24#    -------0-
-##-####-    ---------

S 25         Snow     
-##-####-    ---------
#''#'''.#    -------1-
#'''''1.#    -------1-
#''#''q6#    -------0-
-##-####-    ---------

S 26         Snow     
-##-####-    ---------
#''#'''.#    -------1-
#'''''1.#    -------1-
#''#'q'6#    -------0-
-##-####-    ---------

S 27         Snow     
-##-####-    ---------
#''#'''.#    -------1-
#''''q1.#    -------1-
#''#'''6#    -------0-
-##-####-    ---------

S 28         Snow     
-##-####-    ---------
#''#'q'.#    -------1-
#'''''1.#    -------1-
#''#'''6#    -------0-
-##-####-    ---------

S 29         Snow     
-##-####-    ---------
#''#''q.#    -------1-
#'''''1.#    -------1-
#''#'''6#    -------0-
-##-####-    ---------

S 30         Snow     
-##-####-    ---------
#''#'''.#    -------1-
#'''''q.#    -------1-
#''#''16#    -------0-
-##-####-    ---------

S 31         Snow     
-##-####-    ---------
#''#'''.#    -------1-
#''''q'.#    -------1-
#''#''16#    -------0-
-##-####-    ---------

S 32         Snow     
-##-####-    ---------
#''#'''.#    -------1-
#''''''.#    -------1-
#''#'q16#    -------0-
-##-####-    ---------

S 33         Snow     
-##-####-    ---------
#''#'''.#    -------1-
#''''''.#    -------1-
#''#''q7#    -------0-
-##-####-    ---------


Solved: true
Time (CPU s): 361.15216
Valid: true
Actions: 33
    rRRurrDullddrRlluRurDldRRluurDldR
Ball references from initial state:
    Ball (0): Location(Coordinate(3,2),SmallBall)
    Ball (1): Location(Coordinate(5,2),MediumBall)
    Ball (2): Location(Coordinate(6,2),MediumBall)
Ball Actions: 10
    R(0)R(0)D(2)R(2)R(0)D(1)R(1)R(1)D(0)R(0)
