Timesteps: 1 sat: false Time: 0.456595613 TotalTime: 0.457570339 (REAL s)
Timesteps: 2 sat: false Time: 0.141174423 TotalTime: 0.606978201 (REAL s)
Timesteps: 3 sat: false Time: 0.128660546 TotalTime: 0.735767532 (REAL s)
Timesteps: 4 sat: false Time: 0.154406877 TotalTime: 0.890314381 (REAL s)
Timesteps: 5 sat: false Time: 0.15759912 TotalTime: 1.048038665 (REAL s)
Timesteps: 6 sat: false Time: 0.170458936 TotalTime: 1.218644997 (REAL s)
Timesteps: 7 sat: false Time: 0.270988398 TotalTime: 1.489774087 (REAL s)
Timesteps: 8 sat: false Time: 0.1705464 TotalTime: 1.660524828 (REAL s)
Timesteps: 9 sat: false Time: 0.220004355 TotalTime: 1.880661729 (REAL s)
Timesteps: 10 sat: false Time: 0.348164629 TotalTime: 2.229080526 (REAL s)
Timesteps: 11 sat: false Time: 0.317148471 TotalTime: 2.546329536 (REAL s)
Timesteps: 12 sat: false Time: 0.572657129 TotalTime: 3.119126988 (REAL s)
Timesteps: 13 sat: false Time: 0.750217489 TotalTime: 3.869442735 (REAL s)
Timesteps: 14 sat: false Time: 0.98884675 TotalTime: 4.858407301 (REAL s)
Timesteps: 15 sat: false Time: 1.16651041 TotalTime: 6.025015603 (REAL s)
Timesteps: 16 sat: false Time: 2.020013888 TotalTime: 8.045124583 (REAL s)
Timesteps: 17 sat: false Time: 2.588832954 TotalTime: 10.634193181 (REAL s)
Timesteps: 18 sat: false Time: 4.33144694 TotalTime: 14.96577987 (REAL s)
Timesteps: 19 sat: false Time: 6.162247551 TotalTime: 21.128266365 (REAL s)
Timesteps: 20 sat: false Time: 7.73639569 TotalTime: 28.864950924 (REAL s)
Timesteps: 21 sat: false Time: 15.218213858 TotalTime: 44.083333421 (REAL s)
Timesteps: 22 sat: false Time: 26.379758979 TotalTime: 70.463261739 (REAL s)
Timesteps: 23 sat: true Time: 37.217374889 TotalTime: 107.680822481 (REAL s)

S 0          Snow     
-#######-    ---------
#.......#    -1111111-
#.....1.#    -11111-1-
#.1.....#    -1-11111-
#.....1.#    -11111-1-
#...p...#    -1111111-
-#######-    ---------

S 1          Snow     
-#######-    ---------
#.......#    -1111111-
#.....1.#    -11111-1-
#.1.....#    -1-11111-
#.....1.#    -11111-1-
#..p....#    -1111111-
-#######-    ---------

S 2          Snow     
-#######-    ---------
#.......#    -1111111-
#.....1.#    -11111-1-
#.1.....#    -1-11111-
#.....1.#    -11111-1-
#.p.....#    -1111111-
-#######-    ---------

S 3          Snow     
-#######-    ---------
#.......#    -1111111-
#.....1.#    -11111-1-
#.1.....#    -1-11111-
#.....1.#    -11111-1-
#p......#    -1111111-
-#######-    ---------

S 4          Snow     
-#######-    ---------
#.......#    -1111111-
#.....1.#    -11111-1-
#.1.....#    -1-11111-
#p....1.#    -11111-1-
#.......#    -1111111-
-#######-    ---------

S 5          Snow     
-#######-    ---------
#.......#    -1111111-
#.....1.#    -11111-1-
#p1.....#    -1-11111-
#.....1.#    -11111-1-
#.......#    -1111111-
-#######-    ---------

S 6          Snow     
-#######-    ---------
#.......#    -1111111-
#.....1.#    -11111-1-
#.q2....#    -1-01111-
#.....1.#    -11111-1-
#.......#    -1111111-
-#######-    ---------

S 7          Snow     
-#######-    ---------
#.......#    -1111111-
#.....1.#    -11111-1-
#.'q4...#    -1-00111-
#.....1.#    -11111-1-
#.......#    -1111111-
-#######-    ---------

S 8          Snow     
-#######-    ---------
#.......#    -1111111-
#.....1.#    -11111-1-
#.''q4..#    -1-00011-
#.....1.#    -11111-1-
#.......#    -1111111-
-#######-    ---------

S 9          Snow     
-#######-    ---------
#.......#    -1111111-
#...p.1.#    -11111-1-
#.'''4..#    -1-00011-
#.....1.#    -11111-1-
#.......#    -1111111-
-#######-    ---------

S 10         Snow     
-#######-    ---------
#.......#    -1111111-
#....p1.#    -11111-1-
#.'''4..#    -1-00011-
#.....1.#    -11111-1-
#.......#    -1111111-
-#######-    ---------

S 11         Snow     
-#######-    ---------
#.......#    -1111111-
#.....1.#    -11111-1-
#.'''q..#    -1-00011-
#....41.#    -11110-1-
#.......#    -1111111-
-#######-    ---------

S 12         Snow     
-#######-    ---------
#.......#    -1111111-
#.....1.#    -11111-1-
#.''''p.#    -1-00011-
#....41.#    -11110-1-
#.......#    -1111111-
-#######-    ---------

S 13         Snow     
-#######-    ---------
#.......#    -1111111-
#.....1.#    -11111-1-
#.''''.p#    -1-00011-
#....41.#    -11110-1-
#.......#    -1111111-
-#######-    ---------

S 14         Snow     
-#######-    ---------
#.......#    -1111111-
#.....1p#    -11111-1-
#.''''..#    -1-00011-
#....41.#    -11110-1-
#.......#    -1111111-
-#######-    ---------

S 15         Snow     
-#######-    ---------
#.......#    -1111111-
#....2q.#    -11110-1-
#.''''..#    -1-00011-
#....41.#    -11110-1-
#.......#    -1111111-
-#######-    ---------

S 16         Snow     
-#######-    ---------
#.....p.#    -1111111-
#....2'.#    -11110-1-
#.''''..#    -1-00011-
#....41.#    -11110-1-
#.......#    -1111111-
-#######-    ---------

S 17         Snow     
-#######-    ---------
#....p..#    -1111111-
#....2'.#    -11110-1-
#.''''..#    -1-00011-
#....41.#    -11110-1-
#.......#    -1111111-
-#######-    ---------

S 18         Snow     
-#######-    ---------
#.......#    -1111111-
#....q'.#    -11110-1-
#.'''2..#    -1-00011-
#....41.#    -11110-1-
#.......#    -1111111-
-#######-    ---------

S 19         Snow     
-#######-    ---------
#.......#    -1111111-
#....''.#    -11110-1-
#.'''q..#    -1-00011-
#....61.#    -11110-1-
#.......#    -1111111-
-#######-    ---------

S 20         Snow     
-#######-    ---------
#.......#    -1111111-
#....''.#    -11110-1-
#.''''p.#    -1-00011-
#....61.#    -11110-1-
#.......#    -1111111-
-#######-    ---------

S 21         Snow     
-#######-    ---------
#.......#    -1111111-
#....''.#    -11110-1-
#.''''.p#    -1-00011-
#....61.#    -11110-1-
#.......#    -1111111-
-#######-    ---------

S 22         Snow     
-#######-    ---------
#.......#    -1111111-
#....''.#    -11110-1-
#.''''..#    -1-00011-
#....61p#    -11110-1-
#.......#    -1111111-
-#######-    ---------

S 23         Snow     
-#######-    ---------
#.......#    -1111111-
#....''.#    -11110-1-
#.''''..#    -1-00011-
#....7q.#    -11110-1-
#.......#    -1111111-
-#######-    ---------


Solved: true
Time (CPU s): 106.17905
Valid: true
Actions: 23
    llluuRRRurDrruLulDDrrdL
Ball references from initial state:
    Ball (0): Location(Coordinate(2,3),SmallBall)
    Ball (1): Location(Coordinate(6,2),SmallBall)
    Ball (2): Location(Coordinate(6,4),SmallBall)
Ball Actions: 8
    R(0)R(0)R(0)D(0)L(2)D(2)D(2)L(1)
