Timesteps: 1 sat: false Time: 0.456735972 TotalTime: 0.457769546 (REAL s)
Timesteps: 2 sat: false Time: 0.174427674 TotalTime: 0.655379666 (REAL s)
Timesteps: 3 sat: false Time: 0.101091499 TotalTime: 0.756588717 (REAL s)
Timesteps: 4 sat: false Time: 0.113327222 TotalTime: 0.870055066 (REAL s)
Timesteps: 5 sat: false Time: 0.127125523 TotalTime: 0.99729628 (REAL s)
Timesteps: 6 sat: false Time: 0.129618781 TotalTime: 1.127120004 (REAL s)
Timesteps: 7 sat: false Time: 0.163431118 TotalTime: 1.290682108 (REAL s)
Timesteps: 8 sat: false Time: 0.190771183 TotalTime: 1.481565485 (REAL s)
Timesteps: 9 sat: false Time: 0.214911794 TotalTime: 1.696604423 (REAL s)
Timesteps: 10 sat: false Time: 0.257688598 TotalTime: 1.954487475 (REAL s)
Timesteps: 11 sat: false Time: 0.313061668 TotalTime: 2.267768276 (REAL s)
Timesteps: 12 sat: false Time: 0.508773859 TotalTime: 2.776635328 (REAL s)
Timesteps: 13 sat: false Time: 0.577077134 TotalTime: 3.353893448 (REAL s)
Timesteps: 14 sat: false Time: 0.749114881 TotalTime: 4.103115065 (REAL s)
Timesteps: 15 sat: false Time: 1.553040392 TotalTime: 5.656445678 (REAL s)
Timesteps: 16 sat: false Time: 2.361389207 TotalTime: 8.01796684 (REAL s)
Timesteps: 17 sat: false Time: 2.811809479 TotalTime: 10.829924795 (REAL s)
Timesteps: 18 sat: false Time: 2.65604961 TotalTime: 13.486092882 (REAL s)
Timesteps: 19 sat: false Time: 5.064913811 TotalTime: 18.551176406 (REAL s)
Timesteps: 20 sat: false Time: 6.625309324 TotalTime: 25.176666255 (REAL s)
Timesteps: 21 sat: false Time: 6.103462535 TotalTime: 31.280297387 (REAL s)
Timesteps: 22 sat: false Time: 10.095079963 TotalTime: 41.375605764 (REAL s)
Timesteps: 23 sat: false Time: 11.794587627 TotalTime: 53.170369964 (REAL s)
Timesteps: 24 sat: false Time: 22.770099547 TotalTime: 75.940641448 (REAL s)
Timesteps: 25 sat: false Time: 16.211437863 TotalTime: 92.152330787 (REAL s)
Timesteps: 26 sat: false Time: 20.126986924 TotalTime: 112.279545029 (REAL s)
Timesteps: 27 sat: false Time: 32.833195526 TotalTime: 145.112917999 (REAL s)
Timesteps: 28 sat: false Time: 24.241063358 TotalTime: 169.354234251 (REAL s)
Timesteps: 29 sat: false Time: 26.573775933 TotalTime: 195.928178607 (REAL s)
Timesteps: 30 sat: false Time: 56.274237007 TotalTime: 252.202582843 (REAL s)
Timesteps: 31 sat: false Time: 29.391746808 TotalTime: 281.594566018 (REAL s)
Timesteps: 32 sat: false Time: 34.18380363 TotalTime: 315.778542131 (REAL s)
Timesteps: 33 sat: false Time: 62.247837956 TotalTime: 378.026639205 (REAL s)
Timesteps: 34 sat: false Time: 114.998432608 TotalTime: 493.025242611 (REAL s)
Timesteps: 35 sat: false Time: 106.309599296 TotalTime: 599.33509651 (REAL s)
Timesteps: 36 sat: false Time: 106.898565828 TotalTime: 706.233835398 (REAL s)
Timesteps: 37 sat: false Time: 316.906832945 TotalTime: 1023.140920242 (REAL s)
Timesteps: 38 sat: true Time: 40.715823884 TotalTime: 1063.856979971 (REAL s)

S 0        Snow   
----##-    -------
-###..#    ----11-
#''1..#    ----11-
#''1.p#    ----11-
#''1..#    ----11-
-###..#    ----11-
----##-    -------

S 1        Snow   
----##-    -------
-###..#    ----11-
#''1..#    ----11-
#''1p.#    ----11-
#''1..#    ----11-
-###..#    ----11-
----##-    -------

S 2        Snow   
----##-    -------
-###..#    ----11-
#''1..#    ----11-
#'1q..#    ----11-
#''1..#    ----11-
-###..#    ----11-
----##-    -------

S 3        Snow   
----##-    -------
-###..#    ----11-
#''1..#    ----11-
#1q'..#    ----11-
#''1..#    ----11-
-###..#    ----11-
----##-    -------

S 4        Snow   
----##-    -------
-###..#    ----11-
#'q1..#    ----11-
#1''..#    ----11-
#''1..#    ----11-
-###..#    ----11-
----##-    -------

S 5        Snow   
----##-    -------
-###..#    ----11-
#''q2.#    ----01-
#1''..#    ----11-
#''1..#    ----11-
-###..#    ----11-
----##-    -------

S 6        Snow   
----##-    -------
-###..#    ----11-
#'q'2.#    ----01-
#1''..#    ----11-
#''1..#    ----11-
-###..#    ----11-
----##-    -------

S 7        Snow   
----##-    -------
-###..#    ----11-
#'''2.#    ----01-
#1q'..#    ----11-
#''1..#    ----11-
-###..#    ----11-
----##-    -------

S 8        Snow   
----##-    -------
-###..#    ----11-
#'''2.#    ----01-
#1''..#    ----11-
#'q1..#    ----11-
-###..#    ----11-
----##-    -------

S 9        Snow   
----##-    -------
-###..#    ----11-
#'''2.#    ----01-
#1''..#    ----11-
#''q2.#    ----01-
-###..#    ----11-
----##-    -------

S 10       Snow   
----##-    -------
-###..#    ----11-
#'''2.#    ----01-
#1'q..#    ----11-
#'''2.#    ----01-
-###..#    ----11-
----##-    -------

S 11       Snow   
----##-    -------
-###..#    ----11-
#'''2.#    ----01-
#1''p.#    ----11-
#'''2.#    ----01-
-###..#    ----11-
----##-    -------

S 12       Snow   
----##-    -------
-###..#    ----11-
#'''2.#    ----01-
#1''.p#    ----11-
#'''2.#    ----01-
-###..#    ----11-
----##-    -------

S 13       Snow   
----##-    -------
-###..#    ----11-
#'''2p#    ----01-
#1''..#    ----11-
#'''2.#    ----01-
-###..#    ----11-
----##-    -------

S 14       Snow   
----##-    -------
-###.p#    ----11-
#'''2.#    ----01-
#1''..#    ----11-
#'''2.#    ----01-
-###..#    ----11-
----##-    -------

S 15       Snow   
----##-    -------
-###p.#    ----11-
#'''2.#    ----01-
#1''..#    ----11-
#'''2.#    ----01-
-###..#    ----11-
----##-    -------

S 16       Snow   
----##-    -------
-###..#    ----11-
#'''q.#    ----01-
#1''4.#    ----01-
#'''2.#    ----01-
-###..#    ----11-
----##-    -------

S 17       Snow   
----##-    -------
-###..#    ----11-
#''''p#    ----01-
#1''4.#    ----01-
#'''2.#    ----01-
-###..#    ----11-
----##-    -------

S 18       Snow   
----##-    -------
-###..#    ----11-
#''''.#    ----01-
#1''4p#    ----01-
#'''2.#    ----01-
-###..#    ----11-
----##-    -------

S 19       Snow   
----##-    -------
-###..#    ----11-
#''''.#    ----01-
#1'4q.#    ----01-
#'''2.#    ----01-
-###..#    ----11-
----##-    -------

S 20       Snow   
----##-    -------
-###..#    ----11-
#''''.#    ----01-
#14q'.#    ----01-
#'''2.#    ----01-
-###..#    ----11-
----##-    -------

S 21       Snow   
----##-    -------
-###..#    ----11-
#''q'.#    ----01-
#14''.#    ----01-
#'''2.#    ----01-
-###..#    ----11-
----##-    -------

S 22       Snow   
----##-    -------
-###..#    ----11-
#'q''.#    ----01-
#14''.#    ----01-
#'''2.#    ----01-
-###..#    ----11-
----##-    -------

S 23       Snow   
----##-    -------
-###..#    ----11-
#''''.#    ----01-
#1q''.#    ----01-
#'4'2.#    ----01-
-###..#    ----11-
----##-    -------

S 24       Snow   
----##-    -------
-###..#    ----11-
#''''.#    ----01-
#1'q'.#    ----01-
#'4'2.#    ----01-
-###..#    ----11-
----##-    -------

S 25       Snow   
----##-    -------
-###..#    ----11-
#''''.#    ----01-
#1'''.#    ----01-
#'4q2.#    ----01-
-###..#    ----11-
----##-    -------

S 26       Snow   
----##-    -------
-###..#    ----11-
#''''.#    ----01-
#1'''.#    ----01-
#4q'2.#    ----01-
-###..#    ----11-
----##-    -------

S 27       Snow   
----##-    -------
-###..#    ----11-
#''''.#    ----01-
#1'''.#    ----01-
#4'q2.#    ----01-
-###..#    ----11-
----##-    -------

S 28       Snow   
----##-    -------
-###..#    ----11-
#''''.#    ----01-
#1'q'.#    ----01-
#4''2.#    ----01-
-###..#    ----11-
----##-    -------

S 29       Snow   
----##-    -------
-###..#    ----11-
#''''.#    ----01-
#1''q.#    ----01-
#4''2.#    ----01-
-###..#    ----11-
----##-    -------

S 30       Snow   
----##-    -------
-###..#    ----11-
#''''.#    ----01-
#1'''p#    ----01-
#4''2.#    ----01-
-###..#    ----11-
----##-    -------

S 31       Snow   
----##-    -------
-###..#    ----11-
#''''.#    ----01-
#1'''.#    ----01-
#4''2p#    ----01-
-###..#    ----11-
----##-    -------

S 32       Snow   
----##-    -------
-###..#    ----11-
#''''.#    ----01-
#1'''.#    ----01-
#4'2q.#    ----01-
-###..#    ----11-
----##-    -------

S 33       Snow   
----##-    -------
-###..#    ----11-
#''''.#    ----01-
#1'''.#    ----01-
#42q'.#    ----01-
-###..#    ----11-
----##-    -------

S 34       Snow   
----##-    -------
-###..#    ----11-
#''''.#    ----01-
#1'''.#    ----01-
#6q''.#    ----01-
-###..#    ----11-
----##-    -------

S 35       Snow   
----##-    -------
-###..#    ----11-
#''''.#    ----01-
#1q''.#    ----01-
#6'''.#    ----01-
-###..#    ----11-
----##-    -------

S 36       Snow   
----##-    -------
-###..#    ----11-
#'q''.#    ----01-
#1'''.#    ----01-
#6'''.#    ----01-
-###..#    ----11-
----##-    -------

S 37       Snow   
----##-    -------
-###..#    ----11-
#q'''.#    ----01-
#1'''.#    ----01-
#6'''.#    ----01-
-###..#    ----11-
----##-    -------

S 38       Snow   
----##-    -------
-###..#    ----11-
#''''.#    ----01-
#q'''.#    ----01-
#7'''.#    ----01-
-###..#    ----11-
----##-    -------


Solved: true
Time (CPU s): 1057.7406
Valid: true
Actions: 38
    lLLuRlddRurruulDrdLLulDrdLrurrdLLLuulD
Ball references from initial state:
    Ball (0): Location(Coordinate(3,2),SmallBall)
    Ball (1): Location(Coordinate(3,3),SmallBall)
    Ball (2): Location(Coordinate(3,4),SmallBall)
Ball Actions: 13
    L(1)L(1)R(2)R(0)D(2)L(2)L(2)D(2)L(2)L(0)L(0)L(0)D(1)
