Timesteps: 1 sat: false Time: 0.456626279 TotalTime: 0.457650742 (REAL s)
Timesteps: 2 sat: false Time: 0.135927149 TotalTime: 0.596237865 (REAL s)
Timesteps: 3 sat: false Time: 0.123190392 TotalTime: 0.719579661 (REAL s)
Timesteps: 4 sat: false Time: 0.107156017 TotalTime: 0.826874094 (REAL s)
Timesteps: 5 sat: false Time: 0.141184208 TotalTime: 0.968174397 (REAL s)
Timesteps: 6 sat: false Time: 0.15455612 TotalTime: 1.122853931 (REAL s)
Timesteps: 7 sat: false Time: 0.164974288 TotalTime: 1.28810547 (REAL s)
Timesteps: 8 sat: false Time: 0.194570997 TotalTime: 1.482794609 (REAL s)
Timesteps: 9 sat: false Time: 0.284907848 TotalTime: 1.767840707 (REAL s)
Timesteps: 10 sat: false Time: 0.639315266 TotalTime: 2.407377776 (REAL s)
Timesteps: 11 sat: false Time: 0.859313143 TotalTime: 3.266902931 (REAL s)
Timesteps: 12 sat: false Time: 1.08660044 TotalTime: 4.3577652 (REAL s)
Timesteps: 13 sat: false Time: 1.117577625 TotalTime: 5.475430948 (REAL s)
Timesteps: 14 sat: false Time: 1.726273589 TotalTime: 7.201920822 (REAL s)
Timesteps: 15 sat: false Time: 2.495696728 TotalTime: 9.697773767 (REAL s)
Timesteps: 16 sat: false Time: 4.762872918 TotalTime: 14.460734209 (REAL s)
Timesteps: 17 sat: false Time: 3.57124545 TotalTime: 18.032256914 (REAL s)
Timesteps: 18 sat: false Time: 5.96178286 TotalTime: 23.994195125 (REAL s)
Timesteps: 19 sat: false Time: 6.735409032 TotalTime: 30.729765233 (REAL s)
Timesteps: 20 sat: false Time: 7.339655927 TotalTime: 38.069577155 (REAL s)
Timesteps: 21 sat: false Time: 13.806543926 TotalTime: 51.876680686 (REAL s)
Timesteps: 22 sat: false Time: 13.93623177 TotalTime: 65.813200077 (REAL s)
Timesteps: 23 sat: false Time: 17.488342245 TotalTime: 83.301756261 (REAL s)
Timesteps: 24 sat: false Time: 25.92008215 TotalTime: 109.221982122 (REAL s)
Timesteps: 25 sat: false Time: 31.09030832 TotalTime: 140.312522839 (REAL s)
Timesteps: 26 sat: false Time: 29.343217451 TotalTime: 169.655920436 (REAL s)
Timesteps: 27 sat: false Time: 40.208555422 TotalTime: 209.864698823 (REAL s)
Timesteps: 28 sat: false Time: 49.766784136 TotalTime: 259.631650375 (REAL s)
Timesteps: 29 sat: false Time: 77.202069659 TotalTime: 336.833939648 (REAL s)
Timesteps: 30 sat: false Time: 74.651365805 TotalTime: 411.485469113 (REAL s)
Timesteps: 31 sat: false Time: 84.971254587 TotalTime: 496.456975251 (REAL s)
Timesteps: 32 sat: false Time: 133.869985627 TotalTime: 630.327177202 (REAL s)
Timesteps: 33 sat: false Time: 156.304742587 TotalTime: 786.632146189 (REAL s)
Timesteps: 34 sat: false Time: 321.426510379 TotalTime: 1108.05892497 (REAL s)
Timesteps: 35 sat: false Time: 268.064014419 TotalTime: 1376.123100876 (REAL s)
Timesteps: 36 sat: false Time: 207.870840785 TotalTime: 1583.994158951 (REAL s)
Timesteps: 37 sat: false Time: 214.405730907 TotalTime: 1798.400057127 (REAL s)
Timesteps: 38 sat: false Time: 275.339694917 TotalTime: 2073.739976104 (REAL s)
Timesteps: 39 sat: false Time: 387.323177576 TotalTime: 2461.063431897 (REAL s)
Timesteps: 40 sat: false Time: 403.201325766 TotalTime: 2864.264921557 (REAL s)
Timesteps: 41 sat: false Time: 404.872776525 TotalTime: 3269.137858678 (REAL s)
Timesteps: 42 sat: true Time: 99.962034311 TotalTime: 3369.100054708 (REAL s)

S 0          Snow     
-#######-    ---------
#'''''''#    ---------
#'#...#'#    ---111---
#'#111#'#    ---------
#'''q'''#    ---------
-#######-    ---------

S 1          Snow     
-#######-    ---------
#'''''''#    ---------
#'#.2.#'#    ---101---
#'#1q1#'#    ---------
#'''''''#    ---------
-#######-    ---------

S 2          Snow     
-#######-    ---------
#'''''''#    ---------
#'#.2.#'#    ---101---
#'#1'1#'#    ---------
#'''q'''#    ---------
-#######-    ---------

S 3          Snow     
-#######-    ---------
#'''''''#    ---------
#'#.2.#'#    ---101---
#'#1'1#'#    ---------
#''''q''#    ---------
-#######-    ---------

S 4          Snow     
-#######-    ---------
#'''''''#    ---------
#'#.22#'#    ---100---
#'#1'q#'#    ---------
#'''''''#    ---------
-#######-    ---------

S 5          Snow     
-#######-    ---------
#''''2''#    ---------
#'#.2q#'#    ---100---
#'#1''#'#    ---------
#'''''''#    ---------
-#######-    ---------

S 6          Snow     
-#######-    ---------
#''''2''#    ---------
#'#4q'#'#    ---000---
#'#1''#'#    ---------
#'''''''#    ---------
-#######-    ---------

S 7          Snow     
-#######-    ---------
#''''2''#    ---------
#'#4''#'#    ---000---
#'#1q'#'#    ---------
#'''''''#    ---------
-#######-    ---------

S 8          Snow     
-#######-    ---------
#''''2''#    ---------
#'#4''#'#    ---000---
#'#1''#'#    ---------
#'''q'''#    ---------
-#######-    ---------

S 9          Snow     
-#######-    ---------
#''''2''#    ---------
#'#4''#'#    ---000---
#'#1''#'#    ---------
#''q''''#    ---------
-#######-    ---------

S 10         Snow     
-#######-    ---------
#''''2''#    ---------
#'#5''#'#    ---000---
#'#q''#'#    ---------
#'''''''#    ---------
-#######-    ---------

S 11         Snow     
-#######-    ---------
#''1'2''#    ---------
#'#4''#'#    ---000---
#'#q''#'#    ---------
#'''''''#    ---------
-#######-    ---------

S 12         Snow     
-#######-    ---------
#''1'2''#    ---------
#'#4''#'#    ---000---
#'#'q'#'#    ---------
#'''''''#    ---------
-#######-    ---------

S 13         Snow     
-#######-    ---------
#''1'2''#    ---------
#'#4q'#'#    ---000---
#'#'''#'#    ---------
#'''''''#    ---------
-#######-    ---------

S 14         Snow     
-#######-    ---------
#''1q2''#    ---------
#'#4''#'#    ---000---
#'#'''#'#    ---------
#'''''''#    ---------
-#######-    ---------

S 15         Snow     
-#######-    ---------
#'1q'2''#    ---------
#'#4''#'#    ---000---
#'#'''#'#    ---------
#'''''''#    ---------
-#######-    ---------

S 16         Snow     
-#######-    ---------
#'1'q2''#    ---------
#'#4''#'#    ---000---
#'#'''#'#    ---------
#'''''''#    ---------
-#######-    ---------

S 17         Snow     
-#######-    ---------
#'1''2''#    ---------
#'#4q'#'#    ---000---
#'#'''#'#    ---------
#'''''''#    ---------
-#######-    ---------

S 18         Snow     
-#######-    ---------
#'1''2''#    ---------
#'#4''#'#    ---000---
#'#'q'#'#    ---------
#'''''''#    ---------
-#######-    ---------

S 19         Snow     
-#######-    ---------
#'1''2''#    ---------
#'#4''#'#    ---000---
#'#q''#'#    ---------
#'''''''#    ---------
-#######-    ---------

S 20         Snow     
-#######-    ---------
#'14'2''#    ---------
#'#q''#'#    ---000---
#'#'''#'#    ---------
#'''''''#    ---------
-#######-    ---------

S 21         Snow     
-#######-    ---------
#'14'2''#    ---------
#'#'''#'#    ---000---
#'#q''#'#    ---------
#'''''''#    ---------
-#######-    ---------

S 22         Snow     
-#######-    ---------
#'14'2''#    ---------
#'#'''#'#    ---000---
#'#'q'#'#    ---------
#'''''''#    ---------
-#######-    ---------

S 23         Snow     
-#######-    ---------
#'14'2''#    ---------
#'#'''#'#    ---000---
#'#''q#'#    ---------
#'''''''#    ---------
-#######-    ---------

S 24         Snow     
-#######-    ---------
#'14'2''#    ---------
#'#'''#'#    ---000---
#'#'''#'#    ---------
#''''q''#    ---------
-#######-    ---------

S 25         Snow     
-#######-    ---------
#'14'2''#    ---------
#'#'''#'#    ---000---
#'#'''#'#    ---------
#'''''q'#    ---------
-#######-    ---------

S 26         Snow     
-#######-    ---------
#'14'2''#    ---------
#'#'''#'#    ---000---
#'#'''#'#    ---------
#''''''q#    ---------
-#######-    ---------

S 27         Snow     
-#######-    ---------
#'14'2''#    ---------
#'#'''#'#    ---000---
#'#'''#q#    ---------
#'''''''#    ---------
-#######-    ---------

S 28         Snow     
-#######-    ---------
#'14'2''#    ---------
#'#'''#q#    ---000---
#'#'''#'#    ---------
#'''''''#    ---------
-#######-    ---------

S 29         Snow     
-#######-    ---------
#'14'2'q#    ---------
#'#'''#'#    ---000---
#'#'''#'#    ---------
#'''''''#    ---------
-#######-    ---------

S 30         Snow     
-#######-    ---------
#'14'2q'#    ---------
#'#'''#'#    ---000---
#'#'''#'#    ---------
#'''''''#    ---------
-#######-    ---------

S 31         Snow     
-#######-    ---------
#'142q''#    ---------
#'#'''#'#    ---000---
#'#'''#'#    ---------
#'''''''#    ---------
-#######-    ---------

S 32         Snow     
-#######-    ---------
#'16q'''#    ---------
#'#'''#'#    ---000---
#'#'''#'#    ---------
#'''''''#    ---------
-#######-    ---------

S 33         Snow     
-#######-    ---------
#'16''''#    ---------
#'#'q'#'#    ---000---
#'#'''#'#    ---------
#'''''''#    ---------
-#######-    ---------

S 34         Snow     
-#######-    ---------
#'16''''#    ---------
#'#'''#'#    ---000---
#'#'q'#'#    ---------
#'''''''#    ---------
-#######-    ---------

S 35         Snow     
-#######-    ---------
#'16''''#    ---------
#'#'''#'#    ---000---
#'#'''#'#    ---------
#'''q'''#    ---------
-#######-    ---------

S 36         Snow     
-#######-    ---------
#'16''''#    ---------
#'#'''#'#    ---000---
#'#'''#'#    ---------
#''q''''#    ---------
-#######-    ---------

S 37         Snow     
-#######-    ---------
#'16''''#    ---------
#'#'''#'#    ---000---
#'#'''#'#    ---------
#'q'''''#    ---------
-#######-    ---------

S 38         Snow     
-#######-    ---------
#'16''''#    ---------
#'#'''#'#    ---000---
#'#'''#'#    ---------
#q''''''#    ---------
-#######-    ---------

S 39         Snow     
-#######-    ---------
#'16''''#    ---------
#'#'''#'#    ---000---
#q#'''#'#    ---------
#'''''''#    ---------
-#######-    ---------

S 40         Snow     
-#######-    ---------
#'16''''#    ---------
#q#'''#'#    ---000---
#'#'''#'#    ---------
#'''''''#    ---------
-#######-    ---------

S 41         Snow     
-#######-    ---------
#q16''''#    ---------
#'#'''#'#    ---000---
#'#'''#'#    ---------
#'''''''#    ---------
-#######-    ---------

S 42         Snow     
-#######-    ---------
#'q7''''#    ---------
#'#'''#'#    ---000---
#'#'''#'#    ---------
#'''''''#    ---------
-#######-    ---------


Solved: true
Time (CPU s): 3354.4019
Valid: true
Actions: 42
    UdrUULddlUUruuLrddlUdrrdrruuulLLdddllluuuR
Ball references from initial state:
    Ball (0): Location(Coordinate(3,2),SmallBall)
    Ball (1): Location(Coordinate(4,2),SmallBall)
    Ball (2): Location(Coordinate(5,2),SmallBall)
Ball Actions: 11
    U(1)U(2)U(2)L(1)U(0)U(0)L(0)U(1)L(2)L(2)R(0)
