Timesteps: 1 sat: false Time: 0.456629919 TotalTime: 0.457573669 (REAL s)
Timesteps: 2 sat: false Time: 0.126716645 TotalTime: 0.604703187 (REAL s)
Timesteps: 3 sat: false Time: 0.113321075 TotalTime: 0.718159945 (REAL s)
Timesteps: 4 sat: false Time: 0.100905381 TotalTime: 0.819242224 (REAL s)
Timesteps: 5 sat: false Time: 0.137697038 TotalTime: 0.957135435 (REAL s)
Timesteps: 6 sat: false Time: 0.167573588 TotalTime: 1.124861166 (REAL s)
Timesteps: 7 sat: false Time: 0.168945261 TotalTime: 1.293926386 (REAL s)
Timesteps: 8 sat: false Time: 0.200120988 TotalTime: 1.494272104 (REAL s)
Timesteps: 9 sat: false Time: 0.181285587 TotalTime: 1.675691564 (REAL s)
Timesteps: 10 sat: false Time: 0.302686985 TotalTime: 1.978483743 (REAL s)
Timesteps: 11 sat: false Time: 0.272402358 TotalTime: 2.2510846 (REAL s)
Timesteps: 12 sat: false Time: 0.351475606 TotalTime: 2.602642485 (REAL s)
Timesteps: 13 sat: false Time: 0.571737303 TotalTime: 3.17447613 (REAL s)
Timesteps: 14 sat: false Time: 0.751661918 TotalTime: 3.926247187 (REAL s)
Timesteps: 15 sat: false Time: 1.045608272 TotalTime: 4.971940817 (REAL s)
Timesteps: 16 sat: false Time: 1.390960623 TotalTime: 6.363004313 (REAL s)
Timesteps: 17 sat: false Time: 1.814939669 TotalTime: 8.178024824 (REAL s)
Timesteps: 18 sat: false Time: 3.493167066 TotalTime: 11.671335839 (REAL s)
Timesteps: 19 sat: false Time: 4.704800425 TotalTime: 16.37629456 (REAL s)
Timesteps: 20 sat: false Time: 6.121658409 TotalTime: 22.498173913 (REAL s)
Timesteps: 21 sat: false Time: 6.182407791 TotalTime: 28.681025029 (REAL s)
Timesteps: 22 sat: false Time: 12.143734463 TotalTime: 40.824959803 (REAL s)
Timesteps: 23 sat: false Time: 14.496744669 TotalTime: 55.321935011 (REAL s)
Timesteps: 24 sat: false Time: 21.439712458 TotalTime: 76.761870943 (REAL s)
Timesteps: 25 sat: false Time: 20.980799695 TotalTime: 97.742821781 (REAL s)
Timesteps: 26 sat: false Time: 36.541573672 TotalTime: 134.284548528 (REAL s)
Timesteps: 27 sat: false Time: 35.963659552 TotalTime: 170.24842921 (REAL s)
Timesteps: 28 sat: false Time: 46.007284633 TotalTime: 216.255879648 (REAL s)
Timesteps: 29 sat: false Time: 75.702086055 TotalTime: 291.958115544 (REAL s)
Timesteps: 30 sat: false Time: 64.401663244 TotalTime: 356.359972748 (REAL s)
Timesteps: 31 sat: false Time: 121.171903938 TotalTime: 477.532090597 (REAL s)
Timesteps: 32 sat: false Time: 99.303202056 TotalTime: 576.835527121 (REAL s)
Timesteps: 33 sat: false Time: 85.596688244 TotalTime: 662.432466536 (REAL s)
Timesteps: 34 sat: false Time: 153.50999899 TotalTime: 815.942702868 (REAL s)
Timesteps: 35 sat: false Time: 136.388181563 TotalTime: 952.331079506 (REAL s)
Timesteps: 36 sat: true Time: 114.817348221 TotalTime: 1067.148663541 (REAL s)

S 0          Snow     
-#######-    ---------
#.......#    -1111111-
#...4...#    -111-111-
#.1###1.#    -1-----1-
#...p...#    -1111111-
-#######-    ---------

S 1          Snow     
-#######-    ---------
#.......#    -1111111-
#...4...#    -111-111-
#.1###1.#    -1-----1-
#....p..#    -1111111-
-#######-    ---------

S 2          Snow     
-#######-    ---------
#.......#    -1111111-
#...4...#    -111-111-
#.1###1.#    -1-----1-
#.....p.#    -1111111-
-#######-    ---------

S 3          Snow     
-#######-    ---------
#.......#    -1111111-
#...4.2.#    -111-101-
#.1###q.#    -1-----1-
#.......#    -1111111-
-#######-    ---------

S 4          Snow     
-#######-    ---------
#.......#    -1111111-
#...4.2.#    -111-101-
#.1###'p#    -1-----1-
#.......#    -1111111-
-#######-    ---------

S 5          Snow     
-#######-    ---------
#.......#    -1111111-
#...4.2p#    -111-101-
#.1###'.#    -1-----1-
#.......#    -1111111-
-#######-    ---------

S 6          Snow     
-#######-    ---------
#......p#    -1111111-
#...4.2.#    -111-101-
#.1###'.#    -1-----1-
#.......#    -1111111-
-#######-    ---------

S 7          Snow     
-#######-    ---------
#.....p.#    -1111111-
#...4.2.#    -111-101-
#.1###'.#    -1-----1-
#.......#    -1111111-
-#######-    ---------

S 8          Snow     
-#######-    ---------
#....p..#    -1111111-
#...4.2.#    -111-101-
#.1###'.#    -1-----1-
#.......#    -1111111-
-#######-    ---------

S 9          Snow     
-#######-    ---------
#.......#    -1111111-
#...4p2.#    -111-101-
#.1###'.#    -1-----1-
#.......#    -1111111-
-#######-    ---------

S 10         Snow     
-#######-    ---------
#.......#    -1111111-
#..4q.2.#    -110-101-
#.1###'.#    -1-----1-
#.......#    -1111111-
-#######-    ---------

S 11         Snow     
-#######-    ---------
#.......#    -1111111-
#.4q'.2.#    -100-101-
#.1###'.#    -1-----1-
#.......#    -1111111-
-#######-    ---------

S 12         Snow     
-#######-    ---------
#..p....#    -1111111-
#.4''.2.#    -100-101-
#.1###'.#    -1-----1-
#.......#    -1111111-
-#######-    ---------

S 13         Snow     
-#######-    ---------
#.p.....#    -1111111-
#.4''.2.#    -100-101-
#.1###'.#    -1-----1-
#.......#    -1111111-
-#######-    ---------

S 14         Snow     
-#######-    ---------
#p......#    -1111111-
#.4''.2.#    -100-101-
#.1###'.#    -1-----1-
#.......#    -1111111-
-#######-    ---------

S 15         Snow     
-#######-    ---------
#.......#    -1111111-
#p4''.2.#    -100-101-
#.1###'.#    -1-----1-
#.......#    -1111111-
-#######-    ---------

S 16         Snow     
-#######-    ---------
#.......#    -1111111-
#.q4'.2.#    -100-101-
#.1###'.#    -1-----1-
#.......#    -1111111-
-#######-    ---------

S 17         Snow     
-#######-    ---------
#.......#    -1111111-
#.'q4.2.#    -100-101-
#.1###'.#    -1-----1-
#.......#    -1111111-
-#######-    ---------

S 18         Snow     
-#######-    ---------
#.......#    -1111111-
#.''q42.#    -100-001-
#.1###'.#    -1-----1-
#.......#    -1111111-
-#######-    ---------

S 19         Snow     
-#######-    ---------
#...p...#    -1111111-
#.'''42.#    -100-001-
#.1###'.#    -1-----1-
#.......#    -1111111-
-#######-    ---------

S 20         Snow     
-#######-    ---------
#....p..#    -1111111-
#.'''42.#    -100-001-
#.1###'.#    -1-----1-
#.......#    -1111111-
-#######-    ---------

S 21         Snow     
-#######-    ---------
#.....p.#    -1111111-
#.'''42.#    -100-001-
#.1###'.#    -1-----1-
#.......#    -1111111-
-#######-    ---------

S 22         Snow     
-#######-    ---------
#......p#    -1111111-
#.'''42.#    -100-001-
#.1###'.#    -1-----1-
#.......#    -1111111-
-#######-    ---------

S 23         Snow     
-#######-    ---------
#.......#    -1111111-
#.'''42p#    -100-001-
#.1###'.#    -1-----1-
#.......#    -1111111-
-#######-    ---------

S 24         Snow     
-#######-    ---------
#.......#    -1111111-
#.'''6q.#    -100-001-
#.1###'.#    -1-----1-
#.......#    -1111111-
-#######-    ---------

S 25         Snow     
-#######-    ---------
#.......#    -1111111-
#.'''6'.#    -100-001-
#.1###q.#    -1-----1-
#.......#    -1111111-
-#######-    ---------

S 26         Snow     
-#######-    ---------
#.......#    -1111111-
#.'''6'.#    -100-001-
#.1###'.#    -1-----1-
#.....p.#    -1111111-
-#######-    ---------

S 27         Snow     
-#######-    ---------
#.......#    -1111111-
#.'''6'.#    -100-001-
#.1###'.#    -1-----1-
#....p..#    -1111111-
-#######-    ---------

S 28         Snow     
-#######-    ---------
#.......#    -1111111-
#.'''6'.#    -100-001-
#.1###'.#    -1-----1-
#...p...#    -1111111-
-#######-    ---------

S 29         Snow     
-#######-    ---------
#.......#    -1111111-
#.'''6'.#    -100-001-
#.1###'.#    -1-----1-
#..p....#    -1111111-
-#######-    ---------

S 30         Snow     
-#######-    ---------
#.......#    -1111111-
#.'''6'.#    -100-001-
#.1###'.#    -1-----1-
#.p.....#    -1111111-
-#######-    ---------

S 31         Snow     
-#######-    ---------
#.......#    -1111111-
#.1''6'.#    -100-001-
#.q###'.#    -1-----1-
#.......#    -1111111-
-#######-    ---------

S 32         Snow     
-#######-    ---------
#.......#    -1111111-
#.1''6'.#    -100-001-
#p'###'.#    -1-----1-
#.......#    -1111111-
-#######-    ---------

S 33         Snow     
-#######-    ---------
#.......#    -1111111-
#p1''6'.#    -100-001-
#.'###'.#    -1-----1-
#.......#    -1111111-
-#######-    ---------

S 34         Snow     
-#######-    ---------
#.......#    -1111111-
#.q1'6'.#    -100-001-
#.'###'.#    -1-----1-
#.......#    -1111111-
-#######-    ---------

S 35         Snow     
-#######-    ---------
#.......#    -1111111-
#.'q16'.#    -100-001-
#.'###'.#    -1-----1-
#.......#    -1111111-
-#######-    ---------

S 36         Snow     
-#######-    ---------
#.......#    -1111111-
#.''q7'.#    -100-001-
#.'###'.#    -1-----1-
#.......#    -1111111-
-#######-    ---------


Solved: true
Time (CPU s): 1061.3188
Valid: true
Actions: 36
    rrUruulldLLulldRRRurrrdLddllllUluRRR
Ball references from initial state:
    Ball (0): Location(Coordinate(2,2),SmallBall)
    Ball (1): Location(Coordinate(4,3),LargeBall)
    Ball (2): Location(Coordinate(6,2),SmallBall)
Ball Actions: 11
    U(2)L(1)L(1)R(1)R(1)R(1)L(2)U(0)R(0)R(0)R(0)
