Timesteps: 1 sat: false Time: 0.456765217 TotalTime: 0.457705161 (REAL s)
Timesteps: 2 sat: false Time: 0.147758225 TotalTime: 0.623506964 (REAL s)
Timesteps: 3 sat: false Time: 0.11213281 TotalTime: 0.73577663 (REAL s)
Timesteps: 4 sat: false Time: 0.092416386 TotalTime: 0.828481219 (REAL s)
Timesteps: 5 sat: false Time: 0.125244564 TotalTime: 0.953894758 (REAL s)
Timesteps: 6 sat: false Time: 0.151156182 TotalTime: 1.105174318 (REAL s)
Timesteps: 7 sat: false Time: 0.177434028 TotalTime: 1.282772813 (REAL s)
Timesteps: 8 sat: false Time: 0.227773666 TotalTime: 1.510709474 (REAL s)
Timesteps: 9 sat: false Time: 0.289284807 TotalTime: 1.800119284 (REAL s)
Timesteps: 10 sat: false Time: 0.226179206 TotalTime: 2.044089507 (REAL s)
Timesteps: 11 sat: false Time: 0.406810673 TotalTime: 2.451008004 (REAL s)
Timesteps: 12 sat: false Time: 0.3684843 TotalTime: 2.819601237 (REAL s)
Timesteps: 13 sat: false Time: 0.522764232 TotalTime: 3.342450981 (REAL s)
Timesteps: 14 sat: false Time: 0.638709556 TotalTime: 3.981405021 (REAL s)
Timesteps: 15 sat: false Time: 0.497289533 TotalTime: 4.478942005 (REAL s)
Timesteps: 16 sat: false Time: 1.600800327 TotalTime: 6.079851397 (REAL s)
Timesteps: 17 sat: false Time: 1.353228792 TotalTime: 7.433163609 (REAL s)
Timesteps: 18 sat: false Time: 1.321261777 TotalTime: 8.754570485 (REAL s)
Timesteps: 19 sat: false Time: 1.459859058 TotalTime: 10.214514496 (REAL s)
Timesteps: 20 sat: false Time: 1.429370115 TotalTime: 11.64398545 (REAL s)
Timesteps: 21 sat: false Time: 2.304694537 TotalTime: 13.948764905 (REAL s)
Timesteps: 22 sat: false Time: 2.504283761 TotalTime: 16.453300233 (REAL s)
Timesteps: 23 sat: false Time: 3.523628597 TotalTime: 19.977090731 (REAL s)
Timesteps: 24 sat: false Time: 5.163762998 TotalTime: 25.141078095 (REAL s)
Timesteps: 25 sat: false Time: 7.824334721 TotalTime: 32.96563707 (REAL s)
Timesteps: 26 sat: false Time: 7.504249452 TotalTime: 40.470071073 (REAL s)
Timesteps: 27 sat: false Time: 6.560620456 TotalTime: 47.030901226 (REAL s)
Timesteps: 28 sat: false Time: 10.365777997 TotalTime: 57.396892291 (REAL s)
Timesteps: 29 sat: false Time: 15.3555235 TotalTime: 72.752621952 (REAL s)
Timesteps: 30 sat: false Time: 12.970179836 TotalTime: 85.723032831 (REAL s)
Timesteps: 31 sat: false Time: 16.048621517 TotalTime: 101.771804811 (REAL s)
Timesteps: 32 sat: false Time: 14.619933345 TotalTime: 116.391959283 (REAL s)
Timesteps: 33 sat: false Time: 25.321585625 TotalTime: 141.71374356 (REAL s)
Timesteps: 34 sat: false Time: 28.046167998 TotalTime: 169.760104705 (REAL s)
Timesteps: 35 sat: false Time: 32.733075652 TotalTime: 202.493409397 (REAL s)
Timesteps: 36 sat: false Time: 38.069110034 TotalTime: 240.562686548 (REAL s)
Timesteps: 37 sat: false Time: 42.331194548 TotalTime: 282.894035859 (REAL s)
Timesteps: 38 sat: true Time: 37.133109134 TotalTime: 320.027358699 (REAL s)

S 0          Snow     
--#####--    ---------
-#..1..#-    --11-11--
-#1...1#-    ---111---
#...p...#    -1111111-
#.......#    -1111111-
-#######-    ---------

S 1          Snow     
--#####--    ---------
-#..1..#-    --11-11--
-#1...1#-    ---111---
#....p..#    -1111111-
#.......#    -1111111-
-#######-    ---------

S 2          Snow     
--#####--    ---------
-#..1..#-    --11-11--
-#1..p1#-    ---111---
#.......#    -1111111-
#.......#    -1111111-
-#######-    ---------

S 3          Snow     
--#####--    ---------
-#..1p.#-    --11-11--
-#1...1#-    ---111---
#.......#    -1111111-
#.......#    -1111111-
-#######-    ---------

S 4          Snow     
--#####--    ---------
-#..1.p#-    --11-11--
-#1...1#-    ---111---
#.......#    -1111111-
#.......#    -1111111-
-#######-    ---------

S 5          Snow     
--#####--    ---------
-#..1..#-    --11-11--
-#1...q#-    ---111---
#.....2.#    -1111101-
#.......#    -1111111-
-#######-    ---------

S 6          Snow     
--#####--    ---------
-#..1..#-    --11-11--
-#1..p'#-    ---111---
#.....2.#    -1111101-
#.......#    -1111111-
-#######-    ---------

S 7          Snow     
--#####--    ---------
-#..1..#-    --11-11--
-#1.p.'#-    ---111---
#.....2.#    -1111101-
#.......#    -1111111-
-#######-    ---------

S 8          Snow     
--#####--    ---------
-#..1..#-    --11-11--
-#1p..'#-    ---111---
#.....2.#    -1111101-
#.......#    -1111111-
-#######-    ---------

S 9          Snow     
--#####--    ---------
-#.p1..#-    --11-11--
-#1...'#-    ---111---
#.....2.#    -1111101-
#.......#    -1111111-
-#######-    ---------

S 10         Snow     
--#####--    ---------
-#p.1..#-    --11-11--
-#1...'#-    ---111---
#.....2.#    -1111101-
#.......#    -1111111-
-#######-    ---------

S 11         Snow     
--#####--    ---------
-#..1..#-    --11-11--
-#q...'#-    ---111---
#.2...2.#    -1011101-
#.......#    -1111111-
-#######-    ---------

S 12         Snow     
--#####--    ---------
-#..1..#-    --11-11--
-#'p..'#-    ---111---
#.2...2.#    -1011101-
#.......#    -1111111-
-#######-    ---------

S 13         Snow     
--#####--    ---------
-#..1..#-    --11-11--
-#'...'#-    ---111---
#.2p..2.#    -1011101-
#.......#    -1111111-
-#######-    ---------

S 14         Snow     
--#####--    ---------
-#..1..#-    --11-11--
-#'...'#-    ---111---
#.2...2.#    -1011101-
#..p....#    -1111111-
-#######-    ---------

S 15         Snow     
--#####--    ---------
-#..1..#-    --11-11--
-#'...'#-    ---111---
#.2...2.#    -1011101-
#.p.....#    -1111111-
-#######-    ---------

S 16         Snow     
--#####--    ---------
-#..1..#-    --11-11--
-#'...'#-    ---111---
#.2...2.#    -1011101-
#p......#    -1111111-
-#######-    ---------

S 17         Snow     
--#####--    ---------
-#..1..#-    --11-11--
-#'...'#-    ---111---
#p2...2.#    -1011101-
#.......#    -1111111-
-#######-    ---------

S 18         Snow     
--#####--    ---------
-#..1..#-    --11-11--
-#'...'#-    ---111---
#.q4..2.#    -1001101-
#.......#    -1111111-
-#######-    ---------

S 19         Snow     
--#####--    ---------
-#..1..#-    --11-11--
-#'...'#-    ---111---
#.'q4.2.#    -1000101-
#.......#    -1111111-
-#######-    ---------

S 20         Snow     
--#####--    ---------
-#..1..#-    --11-11--
-#'...'#-    ---111---
#.''q42.#    -1000001-
#.......#    -1111111-
-#######-    ---------

S 21         Snow     
--#####--    ---------
-#..1..#-    --11-11--
-#'...'#-    ---111---
#.'''42.#    -1000001-
#...p...#    -1111111-
-#######-    ---------

S 22         Snow     
--#####--    ---------
-#..1..#-    --11-11--
-#'...'#-    ---111---
#.'''42.#    -1000001-
#....p..#    -1111111-
-#######-    ---------

S 23         Snow     
--#####--    ---------
-#..1..#-    --11-11--
-#'..4'#-    ---110---
#.'''q2.#    -1000001-
#.......#    -1111111-
-#######-    ---------

S 24         Snow     
--#####--    ---------
-#..14.#-    --11-01--
-#'..q'#-    ---110---
#.''''2.#    -1000001-
#.......#    -1111111-
-#######-    ---------

S 25         Snow     
--#####--    ---------
-#..14.#-    --11-01--
-#'..''#-    ---110---
#.'''q2.#    -1000001-
#.......#    -1111111-
-#######-    ---------

S 26         Snow     
--#####--    ---------
-#..14.#-    --11-01--
-#'..''#-    ---110---
#.''''2.#    -1000001-
#....p..#    -1111111-
-#######-    ---------

S 27         Snow     
--#####--    ---------
-#..14.#-    --11-01--
-#'..''#-    ---110---
#.''''2.#    -1000001-
#.....p.#    -1111111-
-#######-    ---------

S 28         Snow     
--#####--    ---------
-#..14.#-    --11-01--
-#'..''#-    ---110---
#.''''2.#    -1000001-
#......p#    -1111111-
-#######-    ---------

S 29         Snow     
--#####--    ---------
-#..14.#-    --11-01--
-#'..''#-    ---110---
#.''''2p#    -1000001-
#.......#    -1111111-
-#######-    ---------

S 30         Snow     
--#####--    ---------
-#..14.#-    --11-01--
-#'..''#-    ---110---
#.'''2q.#    -1000001-
#.......#    -1111111-
-#######-    ---------

S 31         Snow     
--#####--    ---------
-#..14.#-    --11-01--
-#'..''#-    ---110---
#.'''2'.#    -1000001-
#.....p.#    -1111111-
-#######-    ---------

S 32         Snow     
--#####--    ---------
-#..14.#-    --11-01--
-#'..''#-    ---110---
#.'''2'.#    -1000001-
#....p..#    -1111111-
-#######-    ---------

S 33         Snow     
--#####--    ---------
-#..14.#-    --11-01--
-#'..2'#-    ---110---
#.'''q'.#    -1000001-
#.......#    -1111111-
-#######-    ---------

S 34         Snow     
--#####--    ---------
-#..16.#-    --11-01--
-#'..q'#-    ---110---
#.'''''.#    -1000001-
#.......#    -1111111-
-#######-    ---------

S 35         Snow     
--#####--    ---------
-#..16.#-    --11-01--
-#'.p''#-    ---110---
#.'''''.#    -1000001-
#.......#    -1111111-
-#######-    ---------

S 36         Snow     
--#####--    ---------
-#..16.#-    --11-01--
-#'p.''#-    ---110---
#.'''''.#    -1000001-
#.......#    -1111111-
-#######-    ---------

S 37         Snow     
--#####--    ---------
-#.p16.#-    --11-01--
-#'..''#-    ---110---
#.'''''.#    -1000001-
#.......#    -1111111-
-#######-    ---------

S 38         Snow     
--#####--    ---------
-#..q7.#-    --11-01--
-#'..''#-    ---110---
#.'''''.#    -1000001-
#.......#    -1111111-
-#######-    ---------


Solved: true
Time (CPU s): 317.32596
Valid: true
Actions: 38
    ruurDlllulDrddlluRRRdrUUddrruLdlUUlluR
Ball references from initial state:
    Ball (0): Location(Coordinate(2,3),SmallBall)
    Ball (1): Location(Coordinate(4,4),SmallBall)
    Ball (2): Location(Coordinate(6,3),SmallBall)
Ball Actions: 11
    D(2)D(0)R(0)R(0)R(0)U(0)U(0)L(2)U(2)U(2)R(1)
