Timesteps: 1 sat: false Time: 0.456396416 TotalTime: 0.457319353 (REAL s)
Timesteps: 2 sat: false Time: 0.135348335 TotalTime: 0.595169531 (REAL s)
Timesteps: 3 sat: false Time: 0.154547939 TotalTime: 0.749864965 (REAL s)
Timesteps: 4 sat: false Time: 0.11249062 TotalTime: 0.862507327 (REAL s)
Timesteps: 5 sat: false Time: 0.11586467 TotalTime: 0.978457574 (REAL s)
Timesteps: 6 sat: false Time: 0.120418054 TotalTime: 1.099094254 (REAL s)
Timesteps: 7 sat: false Time: 0.210490384 TotalTime: 1.309708911 (REAL s)
Timesteps: 8 sat: false Time: 0.13349563 TotalTime: 1.44350178 (REAL s)
Timesteps: 9 sat: false Time: 0.227638502 TotalTime: 1.671328346 (REAL s)
Timesteps: 10 sat: false Time: 0.16435035 TotalTime: 1.835882899 (REAL s)
Timesteps: 11 sat: false Time: 0.419276976 TotalTime: 2.255429673 (REAL s)
Timesteps: 12 sat: false Time: 0.52465395 TotalTime: 2.78018323 (REAL s)
Timesteps: 13 sat: false Time: 0.780516728 TotalTime: 3.56078601 (REAL s)
Timesteps: 14 sat: false Time: 1.016508543 TotalTime: 4.577519161 (REAL s)
Timesteps: 15 sat: false Time: 1.238792488 TotalTime: 5.816393334 (REAL s)
Timesteps: 16 sat: false Time: 1.767302242 TotalTime: 7.583777514 (REAL s)
Timesteps: 17 sat: false Time: 2.255911691 TotalTime: 9.839891429 (REAL s)
Timesteps: 18 sat: false Time: 3.077668261 TotalTime: 12.917667472 (REAL s)
Timesteps: 19 sat: false Time: 4.476456157 TotalTime: 17.394268548 (REAL s)
Timesteps: 20 sat: false Time: 4.387201786 TotalTime: 21.781676529 (REAL s)
Timesteps: 21 sat: false Time: 4.738681978 TotalTime: 26.520443564 (REAL s)
Timesteps: 22 sat: false Time: 7.337661369 TotalTime: 33.858331056 (REAL s)
Timesteps: 23 sat: false Time: 7.738329053 TotalTime: 41.596837856 (REAL s)
Timesteps: 24 sat: false Time: 8.409191523 TotalTime: 50.006182678 (REAL s)
Timesteps: 25 sat: false Time: 11.818581322 TotalTime: 61.824909357 (REAL s)
Timesteps: 26 sat: false Time: 12.700193165 TotalTime: 74.525345825 (REAL s)
Timesteps: 27 sat: false Time: 16.839271371 TotalTime: 91.364865385 (REAL s)
Timesteps: 28 sat: false Time: 21.34008282 TotalTime: 112.705155686 (REAL s)
Timesteps: 29 sat: false Time: 24.059280936 TotalTime: 136.764589372 (REAL s)
Timesteps: 30 sat: false Time: 26.89874367 TotalTime: 163.663528921 (REAL s)
Timesteps: 31 sat: false Time: 24.99831015 TotalTime: 188.662070861 (REAL s)
Timesteps: 32 sat: false Time: 38.196588045 TotalTime: 226.858875594 (REAL s)
Timesteps: 33 sat: false Time: 42.966857176 TotalTime: 269.825971731 (REAL s)
Timesteps: 34 sat: false Time: 41.382072935 TotalTime: 311.20826149 (REAL s)
Timesteps: 35 sat: false Time: 57.872172767 TotalTime: 369.080665723 (REAL s)
Timesteps: 36 sat: false Time: 63.080391166 TotalTime: 432.161285723 (REAL s)
Timesteps: 37 sat: false Time: 78.261468963 TotalTime: 510.422905737 (REAL s)
Timesteps: 38 sat: false Time: 83.462108801 TotalTime: 593.885215734 (REAL s)
Timesteps: 39 sat: false Time: 80.133187076 TotalTime: 674.018661104 (REAL s)
Timesteps: 40 sat: false Time: 88.074824562 TotalTime: 762.093637012 (REAL s)
Timesteps: 41 sat: false Time: 111.501693753 TotalTime: 873.595567679 (REAL s)
Timesteps: 42 sat: true Time: 91.584175975 TotalTime: 965.179910785 (REAL s)

S 0        Snow   
--###--    -------
-#...#-    --111--
-#1.1#-    ---1---
#''1''#    -------
#''q''#    -------
-#####-    -------

S 1        Snow   
--###--    -------
-#...#-    --111--
-#1.1#-    ---1---
#''1''#    -------
#'''q'#    -------
-#####-    -------

S 2        Snow   
--###--    -------
-#...#-    --111--
-#1.1#-    ---1---
#''1q'#    -------
#'''''#    -------
-#####-    -------

S 3        Snow   
--###--    -------
-#...#-    --111--
-#1.1#-    ---1---
#'1q''#    -------
#'''''#    -------
-#####-    -------

S 4        Snow   
--###--    -------
-#...#-    --111--
-#1p1#-    ---1---
#'1'''#    -------
#'''''#    -------
-#####-    -------

S 5        Snow   
--###--    -------
-#.p.#-    --111--
-#1.1#-    ---1---
#'1'''#    -------
#'''''#    -------
-#####-    -------

S 6        Snow   
--###--    -------
-#..p#-    --111--
-#1.1#-    ---1---
#'1'''#    -------
#'''''#    -------
-#####-    -------

S 7        Snow   
--###--    -------
-#...#-    --111--
-#1.q#-    ---1---
#'1'1'#    -------
#'''''#    -------
-#####-    -------

S 8        Snow   
--###--    -------
-#...#-    --111--
-#1p'#-    ---1---
#'1'1'#    -------
#'''''#    -------
-#####-    -------

S 9        Snow   
--###--    -------
-#...#-    --111--
-#1.'#-    ---1---
#'1q1'#    -------
#'''''#    -------
-#####-    -------

S 10       Snow   
--###--    -------
-#...#-    --111--
-#1.'#-    ---1---
#'1'1'#    -------
#''q''#    -------
-#####-    -------

S 11       Snow   
--###--    -------
-#...#-    --111--
-#1.'#-    ---1---
#'1'1'#    -------
#'q'''#    -------
-#####-    -------

S 12       Snow   
--###--    -------
-#...#-    --111--
-#1.'#-    ---1---
#'1'1'#    -------
#q''''#    -------
-#####-    -------

S 13       Snow   
--###--    -------
-#...#-    --111--
-#1.'#-    ---1---
#q1'1'#    -------
#'''''#    -------
-#####-    -------

S 14       Snow   
--###--    -------
-#...#-    --111--
-#1.'#-    ---1---
#'q11'#    -------
#'''''#    -------
-#####-    -------

S 15       Snow   
--###--    -------
-#...#-    --111--
-#1.'#-    ---1---
#''11'#    -------
#'q'''#    -------
-#####-    -------

S 16       Snow   
--###--    -------
-#...#-    --111--
-#1.'#-    ---1---
#''11'#    -------
#''q''#    -------
-#####-    -------

S 17       Snow   
--###--    -------
-#...#-    --111--
-#12'#-    ---0---
#''q1'#    -------
#'''''#    -------
-#####-    -------

S 18       Snow   
--###--    -------
-#...#-    --111--
-#12'#-    ---0---
#'''1'#    -------
#''q''#    -------
-#####-    -------

S 19       Snow   
--###--    -------
-#...#-    --111--
-#12'#-    ---0---
#'''1'#    -------
#'''q'#    -------
-#####-    -------

S 20       Snow   
--###--    -------
-#...#-    --111--
-#12'#-    ---0---
#'''1'#    -------
#''''q#    -------
-#####-    -------

S 21       Snow   
--###--    -------
-#...#-    --111--
-#12'#-    ---0---
#'''1q#    -------
#'''''#    -------
-#####-    -------

S 22       Snow   
--###--    -------
-#...#-    --111--
-#12'#-    ---0---
#''1q'#    -------
#'''''#    -------
-#####-    -------

S 23       Snow   
--###--    -------
-#...#-    --111--
-#12'#-    ---0---
#''1''#    -------
#'''q'#    -------
-#####-    -------

S 24       Snow   
--###--    -------
-#...#-    --111--
-#12'#-    ---0---
#''1''#    -------
#''q''#    -------
-#####-    -------

S 25       Snow   
--###--    -------
-#...#-    --111--
-#13'#-    ---0---
#''q''#    -------
#'''''#    -------
-#####-    -------

S 26       Snow   
--###--    -------
-#.2.#-    --101--
-#12'#-    ---0---
#''q''#    -------
#'''''#    -------
-#####-    -------

S 27       Snow   
--###--    -------
-#.2.#-    --101--
-#12'#-    ---0---
#'''q'#    -------
#'''''#    -------
-#####-    -------

S 28       Snow   
--###--    -------
-#.2.#-    --101--
-#12q#-    ---0---
#'''''#    -------
#'''''#    -------
-#####-    -------

S 29       Snow   
--###--    -------
-#.2p#-    --101--
-#12'#-    ---0---
#'''''#    -------
#'''''#    -------
-#####-    -------

S 30       Snow   
--###--    -------
-#4q.#-    --001--
-#12'#-    ---0---
#'''''#    -------
#'''''#    -------
-#####-    -------

S 31       Snow   
--###--    -------
-#4'p#-    --001--
-#12'#-    ---0---
#'''''#    -------
#'''''#    -------
-#####-    -------

S 32       Snow   
--###--    -------
-#4'.#-    --001--
-#12q#-    ---0---
#'''''#    -------
#'''''#    -------
-#####-    -------

S 33       Snow   
--###--    -------
-#4'.#-    --001--
-#12'#-    ---0---
#'''q'#    -------
#'''''#    -------
-#####-    -------

S 34       Snow   
--###--    -------
-#4'.#-    --001--
-#12'#-    ---0---
#''q''#    -------
#'''''#    -------
-#####-    -------

S 35       Snow   
--###--    -------
-#42.#-    --001--
-#1q'#-    ---0---
#'''''#    -------
#'''''#    -------
-#####-    -------

S 36       Snow   
--###--    -------
-#42.#-    --001--
-#1'q#-    ---0---
#'''''#    -------
#'''''#    -------
-#####-    -------

S 37       Snow   
--###--    -------
-#42p#-    --001--
-#1''#-    ---0---
#'''''#    -------
#'''''#    -------
-#####-    -------

S 38       Snow   
--###--    -------
-#6q.#-    --001--
-#1''#-    ---0---
#'''''#    -------
#'''''#    -------
-#####-    -------

S 39       Snow   
--###--    -------
-#6'.#-    --001--
-#1q'#-    ---0---
#'''''#    -------
#'''''#    -------
-#####-    -------

S 40       Snow   
--###--    -------
-#6'.#-    --001--
-#1''#-    ---0---
#''q''#    -------
#'''''#    -------
-#####-    -------

S 41       Snow   
--###--    -------
-#6'.#-    --001--
-#1''#-    ---0---
#'q'''#    -------
#'''''#    -------
-#####-    -------

S 42       Snow   
--###--    -------
-#7'.#-    --001--
-#q''#-    ---0---
#'''''#    -------
#'''''#    -------
-#####-    -------


Solved: true
Time (CPU s): 959.9518
Valid: true
Actions: 42
    ruLuurDlddlluRdrUdrruLdlUUruuLrddlUruLddlU
Ball references from initial state:
    Ball (0): Location(Coordinate(2,3),SmallBall)
    Ball (1): Location(Coordinate(3,2),SmallBall)
    Ball (2): Location(Coordinate(4,3),SmallBall)
Ball Actions: 11
    L(1)D(2)R(1)U(1)L(2)U(2)U(2)L(2)U(1)L(1)U(0)
