Timesteps: 1 sat: false Time: 0.456395211 TotalTime: 0.457310314 (REAL s)
Timesteps: 2 sat: false Time: 0.138129417 TotalTime: 0.605362652 (REAL s)
Timesteps: 3 sat: false Time: 0.123105943 TotalTime: 0.72858805 (REAL s)
Timesteps: 4 sat: false Time: 0.10541842 TotalTime: 0.834126698 (REAL s)
Timesteps: 5 sat: false Time: 0.148023863 TotalTime: 0.98226722 (REAL s)
Timesteps: 6 sat: false Time: 0.151345654 TotalTime: 1.133725875 (REAL s)
Timesteps: 7 sat: false Time: 0.170528064 TotalTime: 1.304392471 (REAL s)
Timesteps: 8 sat: false Time: 0.18641369 TotalTime: 1.491131566 (REAL s)
Timesteps: 9 sat: false Time: 0.291983378 TotalTime: 1.78324055 (REAL s)
Timesteps: 10 sat: false Time: 0.283512782 TotalTime: 2.067019644 (REAL s)
Timesteps: 11 sat: false Time: 0.735256857 TotalTime: 2.802363853 (REAL s)
Timesteps: 12 sat: false Time: 0.942201857 TotalTime: 3.7447812 (REAL s)
Timesteps: 13 sat: false Time: 0.842663169 TotalTime: 4.587736221 (REAL s)
Timesteps: 14 sat: false Time: 1.355725287 TotalTime: 5.943647913 (REAL s)
Timesteps: 15 sat: false Time: 1.353392224 TotalTime: 7.297117062 (REAL s)
Timesteps: 16 sat: false Time: 1.838608237 TotalTime: 9.135865187 (REAL s)
Timesteps: 17 sat: false Time: 2.77807426 TotalTime: 11.914092069 (REAL s)
Timesteps: 18 sat: false Time: 4.858554784 TotalTime: 16.77280461 (REAL s)
Timesteps: 19 sat: false Time: 9.751999917 TotalTime: 26.524938281 (REAL s)
Timesteps: 20 sat: false Time: 7.181093546 TotalTime: 33.706222361 (REAL s)
Timesteps: 21 sat: false Time: 7.314281772 TotalTime: 41.021081565 (REAL s)
Timesteps: 22 sat: false Time: 14.326318542 TotalTime: 55.347662144 (REAL s)
Timesteps: 23 sat: false Time: 28.249137628 TotalTime: 83.596972385 (REAL s)
Timesteps: 24 sat: false Time: 29.304527412 TotalTime: 112.901644781 (REAL s)
Timesteps: 25 sat: false Time: 48.131768314 TotalTime: 161.033635277 (REAL s)
Timesteps: 26 sat: false Time: 39.353021944 TotalTime: 200.386822976 (REAL s)
Timesteps: 27 sat: false Time: 32.021327728 TotalTime: 232.408352658 (REAL s)
Timesteps: 28 sat: false Time: 53.606151836 TotalTime: 286.014657031 (REAL s)
Timesteps: 29 sat: false Time: 68.051738326 TotalTime: 354.066564983 (REAL s)
Timesteps: 30 sat: false Time: 100.431062632 TotalTime: 454.497854387 (REAL s)
Timesteps: 31 sat: false Time: 117.503070215 TotalTime: 572.001075214 (REAL s)
Timesteps: 32 sat: false Time: 88.36112257 TotalTime: 660.362350558 (REAL s)
Timesteps: 33 sat: true Time: 90.546529931 TotalTime: 750.909076928 (REAL s)

S 0        Snow   
-##-##-    -------
#..#..#    -11-11-
#..#..#    -11-11-
#.111.#    -1---1-
#..p..#    -11111-
-#####-    -------

S 1        Snow   
-##-##-    -------
#..#..#    -11-11-
#..#..#    -11-11-
#.111.#    -1---1-
#...p.#    -11111-
-#####-    -------

S 2        Snow   
-##-##-    -------
#..#..#    -11-11-
#..#..#    -11-11-
#.111.#    -1---1-
#....p#    -11111-
-#####-    -------

S 3        Snow   
-##-##-    -------
#..#..#    -11-11-
#..#..#    -11-11-
#.111p#    -1---1-
#.....#    -11111-
-#####-    -------

S 4        Snow   
-##-##-    -------
#..#..#    -11-11-
#..#.p#    -11-11-
#.111.#    -1---1-
#.....#    -11111-
-#####-    -------

S 5        Snow   
-##-##-    -------
#..#..#    -11-11-
#..#p.#    -11-11-
#.111.#    -1---1-
#.....#    -11111-
-#####-    -------

S 6        Snow   
-##-##-    -------
#..#..#    -11-11-
#..#..#    -11-11-
#.11q.#    -1---1-
#...2.#    -11101-
-#####-    -------

S 7        Snow   
-##-##-    -------
#..#..#    -11-11-
#..#..#    -11-11-
#.11'p#    -1---1-
#...2.#    -11101-
-#####-    -------

S 8        Snow   
-##-##-    -------
#..#..#    -11-11-
#..#..#    -11-11-
#.11'.#    -1---1-
#...2p#    -11101-
-#####-    -------

S 9        Snow   
-##-##-    -------
#..#..#    -11-11-
#..#..#    -11-11-
#.11'.#    -1---1-
#..4q.#    -11001-
-#####-    -------

S 10       Snow   
-##-##-    -------
#..#..#    -11-11-
#..#..#    -11-11-
#.11'.#    -1---1-
#.4q'.#    -10001-
-#####-    -------

S 11       Snow   
-##-##-    -------
#..#..#    -11-11-
#..#..#    -11-11-
#.11'.#    -1---1-
#4q''.#    -00001-
-#####-    -------

S 12       Snow   
-##-##-    -------
#..#..#    -11-11-
#.2#..#    -10-11-
#.q1'.#    -1---1-
#4'''.#    -00001-
-#####-    -------

S 13       Snow   
-##-##-    -------
#..#..#    -11-11-
#.2#..#    -10-11-
#p'1'.#    -1---1-
#4'''.#    -00001-
-#####-    -------

S 14       Snow   
-##-##-    -------
#..#..#    -11-11-
#p2#..#    -10-11-
#.'1'.#    -1---1-
#4'''.#    -00001-
-#####-    -------

S 15       Snow   
-##-##-    -------
#p.#..#    -11-11-
#.2#..#    -10-11-
#.'1'.#    -1---1-
#4'''.#    -00001-
-#####-    -------

S 16       Snow   
-##-##-    -------
#.p#..#    -11-11-
#.2#..#    -10-11-
#.'1'.#    -1---1-
#4'''.#    -00001-
-#####-    -------

S 17       Snow   
-##-##-    -------
#..#..#    -11-11-
#.q#..#    -10-11-
#.21'.#    -1---1-
#4'''.#    -00001-
-#####-    -------

S 18       Snow   
-##-##-    -------
#..#..#    -11-11-
#.'#..#    -10-11-
#.q1'.#    -1---1-
#42''.#    -00001-
-#####-    -------

S 19       Snow   
-##-##-    -------
#..#..#    -11-11-
#.'#..#    -10-11-
#.'q1.#    -1---1-
#42''.#    -00001-
-#####-    -------

S 20       Snow   
-##-##-    -------
#..#..#    -11-11-
#.'#..#    -10-11-
#.''1.#    -1---1-
#42q'.#    -00001-
-#####-    -------

S 21       Snow   
-##-##-    -------
#..#..#    -11-11-
#.'#..#    -10-11-
#.''1.#    -1---1-
#6q''.#    -00001-
-#####-    -------

S 22       Snow   
-##-##-    -------
#..#..#    -11-11-
#.'#..#    -10-11-
#.''1.#    -1---1-
#6'q'.#    -00001-
-#####-    -------

S 23       Snow   
-##-##-    -------
#..#..#    -11-11-
#.'#..#    -10-11-
#.''1.#    -1---1-
#6''q.#    -00001-
-#####-    -------

S 24       Snow   
-##-##-    -------
#..#..#    -11-11-
#.'#..#    -10-11-
#.''1.#    -1---1-
#6'''p#    -00001-
-#####-    -------

S 25       Snow   
-##-##-    -------
#..#..#    -11-11-
#.'#..#    -10-11-
#.''1p#    -1---1-
#6'''.#    -00001-
-#####-    -------

S 26       Snow   
-##-##-    -------
#..#..#    -11-11-
#.'#.p#    -10-11-
#.''1.#    -1---1-
#6'''.#    -00001-
-#####-    -------

S 27       Snow   
-##-##-    -------
#..#..#    -11-11-
#.'#p.#    -10-11-
#.''1.#    -1---1-
#6'''.#    -00001-
-#####-    -------

S 28       Snow   
-##-##-    -------
#..#..#    -11-11-
#.'#..#    -10-11-
#.''q.#    -1---1-
#6''1.#    -00001-
-#####-    -------

S 29       Snow   
-##-##-    -------
#..#..#    -11-11-
#.'#..#    -10-11-
#.'''p#    -1---1-
#6''1.#    -00001-
-#####-    -------

S 30       Snow   
-##-##-    -------
#..#..#    -11-11-
#.'#..#    -10-11-
#.'''.#    -1---1-
#6''1p#    -00001-
-#####-    -------

S 31       Snow   
-##-##-    -------
#..#..#    -11-11-
#.'#..#    -10-11-
#.'''.#    -1---1-
#6'1q.#    -00001-
-#####-    -------

S 32       Snow   
-##-##-    -------
#..#..#    -11-11-
#.'#..#    -10-11-
#.'''.#    -1---1-
#61q'.#    -00001-
-#####-    -------

S 33       Snow   
-##-##-    -------
#..#..#    -11-11-
#.'#..#    -10-11-
#.'''.#    -1---1-
#7q''.#    -00001-
-#####-    -------


Solved: true
Time (CPU s): 746.7342
Valid: true
Actions: 33
    rruulDrdLLLUluurDDRdLrrruulDrdLLL
Ball references from initial state:
    Ball (0): Location(Coordinate(2,2),SmallBall)
    Ball (1): Location(Coordinate(3,2),SmallBall)
    Ball (2): Location(Coordinate(4,2),SmallBall)
Ball Actions: 13
    D(2)L(2)L(2)L(2)U(0)D(0)D(0)R(1)L(0)D(1)L(1)L(1)L(1)
