Timesteps: 1 sat: false Time: 0.456547246 TotalTime: 0.457486676 (REAL s)
Timesteps: 2 sat: false Time: 0.111844868 TotalTime: 0.57864622 (REAL s)
Timesteps: 3 sat: false Time: 0.128700279 TotalTime: 0.707492419 (REAL s)
Timesteps: 4 sat: false Time: 0.09932323 TotalTime: 0.806954499 (REAL s)
Timesteps: 5 sat: false Time: 0.106445494 TotalTime: 0.913536805 (REAL s)
Timesteps: 6 sat: false Time: 0.085233692 TotalTime: 0.998879156 (REAL s)
Timesteps: 7 sat: false Time: 0.100323577 TotalTime: 1.099361701 (REAL s)
Timesteps: 8 sat: false Time: 0.146135555 TotalTime: 1.245606958 (REAL s)
Timesteps: 9 sat: false Time: 0.110955663 TotalTime: 1.356682923 (REAL s)
Timesteps: 10 sat: false Time: 0.143257259 TotalTime: 1.500091773 (REAL s)
Timesteps: 11 sat: false Time: 0.242357259 TotalTime: 1.742560413 (REAL s)
Timesteps: 12 sat: false Time: 0.199688825 TotalTime: 1.94248307 (REAL s)
Timesteps: 13 sat: false Time: 0.283813245 TotalTime: 2.226389974 (REAL s)
Timesteps: 14 sat: false Time: 0.275654161 TotalTime: 2.502145384 (REAL s)
Timesteps: 15 sat: false Time: 0.455736559 TotalTime: 2.957963336 (REAL s)
Timesteps: 16 sat: false Time: 0.641945144 TotalTime: 3.599999776 (REAL s)
Timesteps: 17 sat: false Time: 0.758951258 TotalTime: 4.359032894 (REAL s)
Timesteps: 18 sat: false Time: 0.926273723 TotalTime: 5.285403857 (REAL s)
Timesteps: 19 sat: true Time: 1.812552846 TotalTime: 7.098036159 (REAL s)

S 0         Snow    
-######-    --------
#''''''#    --------
#'''''4#    --------
#''3'''#    --------
#''''q'#    --------
-######-    --------

S 1         Snow    
-######-    --------
#''''''#    --------
#'''''4#    --------
#''3'''#    --------
#'''q''#    --------
-######-    --------

S 2         Snow    
-######-    --------
#''''''#    --------
#'''''4#    --------
#''3'''#    --------
#''q'''#    --------
-######-    --------

S 3         Snow    
-######-    --------
#''''''#    --------
#''1''4#    --------
#''2'''#    --------
#''q'''#    --------
-######-    --------

S 4         Snow    
-######-    --------
#''''''#    --------
#''1''4#    --------
#''2'''#    --------
#'q''''#    --------
-######-    --------

S 5         Snow    
-######-    --------
#''''''#    --------
#''1''4#    --------
#'q2'''#    --------
#''''''#    --------
-######-    --------

S 6         Snow    
-######-    --------
#''''''#    --------
#''1''4#    --------
#''q2''#    --------
#''''''#    --------
-######-    --------

S 7         Snow    
-######-    --------
#''''''#    --------
#''1''4#    --------
#'''q2'#    --------
#''''''#    --------
-######-    --------

S 8         Snow    
-######-    --------
#''''''#    --------
#''1''4#    --------
#''''q2#    --------
#''''''#    --------
-######-    --------

S 9         Snow    
-######-    --------
#''''''#    --------
#''1''4#    --------
#'''''2#    --------
#''''q'#    --------
-######-    --------

S 10        Snow    
-######-    --------
#''''''#    --------
#''1''4#    --------
#'''''2#    --------
#'''''q#    --------
-######-    --------

S 11        Snow    
-######-    --------
#''''''#    --------
#''1''6#    --------
#'''''q#    --------
#''''''#    --------
-######-    --------

S 12        Snow    
-######-    --------
#''''''#    --------
#''1''6#    --------
#''''q'#    --------
#''''''#    --------
-######-    --------

S 13        Snow    
-######-    --------
#''''''#    --------
#''1''6#    --------
#'''q''#    --------
#''''''#    --------
-######-    --------

S 14        Snow    
-######-    --------
#''''''#    --------
#''1''6#    --------
#''q'''#    --------
#''''''#    --------
-######-    --------

S 15        Snow    
-######-    --------
#''''''#    --------
#''1''6#    --------
#'q''''#    --------
#''''''#    --------
-######-    --------

S 16        Snow    
-######-    --------
#''''''#    --------
#'q1''6#    --------
#''''''#    --------
#''''''#    --------
-######-    --------

S 17        Snow    
-######-    --------
#''''''#    --------
#''q1'6#    --------
#''''''#    --------
#''''''#    --------
-######-    --------

S 18        Snow    
-######-    --------
#''''''#    --------
#'''q16#    --------
#''''''#    --------
#''''''#    --------
-######-    --------

S 19        Snow    
-######-    --------
#''''''#    --------
#''''q7#    --------
#''''''#    --------
#''''''#    --------
-######-    --------


Solved: true
Time (CPU s): 6.1467457
Valid: true
Actions: 19
    llUluRRRdrUlllluRRR
Ball references from initial state:
    Ball (0): Location(Coordinate(3,2),MediumBall)
    Ball (1): Location(Coordinate(3,2),SmallBall)
    Ball (2): Location(Coordinate(6,3),LargeBall)
Ball Actions: 8
    U(1)R(0)R(0)R(0)U(0)R(1)R(1)R(1)
