Timesteps: 1 sat: false Time: 0.456558373 TotalTime: 0.457571301 (REAL s)
Timesteps: 2 sat: false Time: 0.135127944 TotalTime: 0.622344951 (REAL s)
Timesteps: 3 sat: false Time: 0.119988849 TotalTime: 0.742456282 (REAL s)
Timesteps: 4 sat: false Time: 0.154685262 TotalTime: 0.897272053 (REAL s)
Timesteps: 5 sat: false Time: 0.118059353 TotalTime: 1.015462295 (REAL s)
Timesteps: 6 sat: false Time: 0.144635837 TotalTime: 1.160336922 (REAL s)
Timesteps: 7 sat: false Time: 0.233213338 TotalTime: 1.393796317 (REAL s)
Timesteps: 8 sat: false Time: 0.183061542 TotalTime: 1.577040132 (REAL s)
Timesteps: 9 sat: false Time: 0.148957813 TotalTime: 1.726113577 (REAL s)
Timesteps: 10 sat: false Time: 0.426552002 TotalTime: 2.152847613 (REAL s)
Timesteps: 11 sat: false Time: 0.384835445 TotalTime: 2.537827823 (REAL s)
Timesteps: 12 sat: false Time: 0.435491749 TotalTime: 2.973413698 (REAL s)
Timesteps: 13 sat: false Time: 0.693095773 TotalTime: 3.666627696 (REAL s)
Timesteps: 14 sat: false Time: 0.871055648 TotalTime: 4.537790107 (REAL s)
Timesteps: 15 sat: false Time: 1.767044234 TotalTime: 6.304922076 (REAL s)
Timesteps: 16 sat: false Time: 1.203438908 TotalTime: 7.508443126 (REAL s)
Timesteps: 17 sat: false Time: 1.496636176 TotalTime: 9.005334319 (REAL s)
Timesteps: 18 sat: false Time: 2.236809859 TotalTime: 11.242274767 (REAL s)
Timesteps: 19 sat: false Time: 1.971786741 TotalTime: 13.214142586 (REAL s)
Timesteps: 20 sat: false Time: 4.341114452 TotalTime: 17.555405435 (REAL s)
Timesteps: 21 sat: false Time: 2.928260541 TotalTime: 20.483822478 (REAL s)
Timesteps: 22 sat: false Time: 4.71942445 TotalTime: 25.203327648 (REAL s)
Timesteps: 23 sat: false Time: 4.189049758 TotalTime: 29.392611724 (REAL s)
Timesteps: 24 sat: false Time: 6.714974696 TotalTime: 36.107806463 (REAL s)
Timesteps: 25 sat: false Time: 6.800136291 TotalTime: 42.908098941 (REAL s)
Timesteps: 26 sat: false Time: 8.614117744 TotalTime: 51.522371934 (REAL s)
Timesteps: 27 sat: true Time: 7.225109392 TotalTime: 58.747691164 (REAL s)

S 0          Snow     
-#######-    ---------
#.1.1.2.#    -1-1-1-1-
#.......#    -1111111-
#...p...#    -1111111-
-#######-    ---------

S 1          Snow     
-#######-    ---------
#.1.1.2.#    -1-1-1-1-
#.......#    -1111111-
#....p..#    -1111111-
-#######-    ---------

S 2          Snow     
-#######-    ---------
#.1.1.2.#    -1-1-1-1-
#.......#    -1111111-
#.....p.#    -1111111-
-#######-    ---------

S 3          Snow     
-#######-    ---------
#.1.1.2.#    -1-1-1-1-
#.....p.#    -1111111-
#.......#    -1111111-
-#######-    ---------

S 4          Snow     
-#######-    ---------
#.1.1.2.#    -1-1-1-1-
#......p#    -1111111-
#.......#    -1111111-
-#######-    ---------

S 5          Snow     
-#######-    ---------
#.1.1.2p#    -1-1-1-1-
#.......#    -1111111-
#.......#    -1111111-
-#######-    ---------

S 6          Snow     
-#######-    ---------
#.1.14q.#    -1-1-0-1-
#.......#    -1111111-
#.......#    -1111111-
-#######-    ---------

S 7          Snow     
-#######-    ---------
#.1.14'.#    -1-1-0-1-
#.....p.#    -1111111-
#.......#    -1111111-
-#######-    ---------

S 8          Snow     
-#######-    ---------
#.1.14'.#    -1-1-0-1-
#....p..#    -1111111-
#.......#    -1111111-
-#######-    ---------

S 9          Snow     
-#######-    ---------
#.1.14'.#    -1-1-0-1-
#...p...#    -1111111-
#.......#    -1111111-
-#######-    ---------

S 10         Snow     
-#######-    ---------
#.1.14'.#    -1-1-0-1-
#..p....#    -1111111-
#.......#    -1111111-
-#######-    ---------

S 11         Snow     
-#######-    ---------
#.1p14'.#    -1-1-0-1-
#.......#    -1111111-
#.......#    -1111111-
-#######-    ---------

S 12         Snow     
-#######-    ---------
#.1.q5'.#    -1-1-0-1-
#.......#    -1111111-
#.......#    -1111111-
-#######-    ---------

S 13         Snow     
-#######-    ---------
#.1.q41.#    -1-1-0-1-
#.......#    -1111111-
#.......#    -1111111-
-#######-    ---------

S 14         Snow     
-#######-    ---------
#.1p'41.#    -1-1-0-1-
#.......#    -1111111-
#.......#    -1111111-
-#######-    ---------

S 15         Snow     
-#######-    ---------
#.1.'41.#    -1-1-0-1-
#..p....#    -1111111-
#.......#    -1111111-
-#######-    ---------

S 16         Snow     
-#######-    ---------
#.1.'41.#    -1-1-0-1-
#.p.....#    -1111111-
#.......#    -1111111-
-#######-    ---------

S 17         Snow     
-#######-    ---------
#.1.'41.#    -1-1-0-1-
#p......#    -1111111-
#.......#    -1111111-
-#######-    ---------

S 18         Snow     
-#######-    ---------
#p1.'41.#    -1-1-0-1-
#.......#    -1111111-
#.......#    -1111111-
-#######-    ---------

S 19         Snow     
-#######-    ---------
#.q2'41.#    -1-0-0-1-
#.......#    -1111111-
#.......#    -1111111-
-#######-    ---------

S 20         Snow     
-#######-    ---------
#.'q241.#    -1-0-0-1-
#.......#    -1111111-
#.......#    -1111111-
-#######-    ---------

S 21         Snow     
-#######-    ---------
#.''q61.#    -1-0-0-1-
#.......#    -1111111-
#.......#    -1111111-
-#######-    ---------

S 22         Snow     
-#######-    ---------
#.'''61.#    -1-0-0-1-
#...p...#    -1111111-
#.......#    -1111111-
-#######-    ---------

S 23         Snow     
-#######-    ---------
#.'''61.#    -1-0-0-1-
#....p..#    -1111111-
#.......#    -1111111-
-#######-    ---------

S 24         Snow     
-#######-    ---------
#.'''61.#    -1-0-0-1-
#.....p.#    -1111111-
#.......#    -1111111-
-#######-    ---------

S 25         Snow     
-#######-    ---------
#.'''61.#    -1-0-0-1-
#......p#    -1111111-
#.......#    -1111111-
-#######-    ---------

S 26         Snow     
-#######-    ---------
#.'''61p#    -1-0-0-1-
#.......#    -1111111-
#.......#    -1111111-
-#######-    ---------

S 27         Snow     
-#######-    ---------
#.'''7q.#    -1-0-0-1-
#.......#    -1111111-
#.......#    -1111111-
-#######-    ---------


Solved: true
Time (CPU s): 57.41499
Valid: true
Actions: 27
    rruruLdllluRRldlluRRRdrrruL
Ball references from initial state:
    Ball (0): Location(Coordinate(2,3),SmallBall)
    Ball (1): Location(Coordinate(4,3),SmallBall)
    Ball (2): Location(Coordinate(6,3),MediumBall)
Ball Actions: 7
    L(2)R(1)R(1)R(0)R(0)R(0)L(1)
