Timesteps: 1 sat: false Time: 0.456543931 TotalTime: 0.45758141 (REAL s)
Timesteps: 2 sat: false Time: 0.125034302 TotalTime: 0.584879562 (REAL s)
Timesteps: 3 sat: false Time: 0.106303027 TotalTime: 0.69132112 (REAL s)
Timesteps: 4 sat: false Time: 0.118211186 TotalTime: 0.809652774 (REAL s)
Timesteps: 5 sat: false Time: 0.12589577 TotalTime: 0.935673472 (REAL s)
Timesteps: 6 sat: false Time: 0.151010144 TotalTime: 1.086805212 (REAL s)
Timesteps: 7 sat: false Time: 0.13679428 TotalTime: 1.223847453 (REAL s)
Timesteps: 8 sat: false Time: 0.22459951 TotalTime: 1.448672829 (REAL s)
Timesteps: 9 sat: false Time: 0.236826347 TotalTime: 1.685628168 (REAL s)
Timesteps: 10 sat: false Time: 0.330844742 TotalTime: 2.016573881 (REAL s)
Timesteps: 11 sat: false Time: 0.822329576 TotalTime: 2.839227609 (REAL s)
Timesteps: 12 sat: false Time: 0.567101711 TotalTime: 3.406424966 (REAL s)
Timesteps: 13 sat: false Time: 0.903098467 TotalTime: 4.30962626 (REAL s)
Timesteps: 14 sat: false Time: 1.176980141 TotalTime: 5.48672353 (REAL s)
Timesteps: 15 sat: false Time: 1.656929224 TotalTime: 7.143734623 (REAL s)
Timesteps: 16 sat: false Time: 2.676049568 TotalTime: 9.819928257 (REAL s)
Timesteps: 17 sat: false Time: 3.031559448 TotalTime: 12.851635422 (REAL s)
Timesteps: 18 sat: false Time: 3.842477626 TotalTime: 16.694320798 (REAL s)
Timesteps: 19 sat: false Time: 2.989678129 TotalTime: 19.684098748 (REAL s)
Timesteps: 20 sat: false Time: 5.801340393 TotalTime: 25.485699302 (REAL s)
Timesteps: 21 sat: false Time: 8.760420119 TotalTime: 34.246411291 (REAL s)
Timesteps: 22 sat: false Time: 7.001159533 TotalTime: 41.247718429 (REAL s)
Timesteps: 23 sat: false Time: 10.587084898 TotalTime: 51.83494984 (REAL s)
Timesteps: 24 sat: false Time: 8.808188855 TotalTime: 60.643348723 (REAL s)
Timesteps: 25 sat: false Time: 10.365649894 TotalTime: 71.009227139 (REAL s)
Timesteps: 26 sat: false Time: 12.597331998 TotalTime: 83.606710255 (REAL s)
Timesteps: 27 sat: false Time: 10.515010193 TotalTime: 94.121976436 (REAL s)
Timesteps: 28 sat: false Time: 16.435122008 TotalTime: 110.557249504 (REAL s)
Timesteps: 29 sat: false Time: 16.110286959 TotalTime: 126.66781218 (REAL s)
Timesteps: 30 sat: false Time: 24.654067568 TotalTime: 151.322025008 (REAL s)
Timesteps: 31 sat: false Time: 22.621444859 TotalTime: 173.943620978 (REAL s)
Timesteps: 32 sat: false Time: 23.474489414 TotalTime: 197.418309379 (REAL s)
Timesteps: 33 sat: false Time: 27.078104817 TotalTime: 224.496614603 (REAL s)
Timesteps: 34 sat: false Time: 25.558627418 TotalTime: 250.05544368 (REAL s)
Timesteps: 35 sat: false Time: 31.519078299 TotalTime: 281.574666861 (REAL s)
Timesteps: 36 sat: false Time: 38.778363515 TotalTime: 320.353194403 (REAL s)
Timesteps: 37 sat: false Time: 36.165312741 TotalTime: 356.518653348 (REAL s)
Timesteps: 38 sat: false Time: 32.590140332 TotalTime: 389.108998765 (REAL s)
Timesteps: 39 sat: false Time: 48.485756177 TotalTime: 437.595010547 (REAL s)
Timesteps: 40 sat: false Time: 50.677690979 TotalTime: 488.272894812 (REAL s)
Timesteps: 41 sat: true Time: 52.51277656 TotalTime: 540.785896689 (REAL s)

S 0        Snow   
-#####-    -------
#.....#    -11111-
#.4#3.#    -1---1-
#..p..#    -11111-
-#####-    -------

S 1        Snow   
-#####-    -------
#.....#    -11111-
#.4#3.#    -1---1-
#.p...#    -11111-
-#####-    -------

S 2        Snow   
-#####-    -------
#.4...#    -10111-
#.q#3.#    -1---1-
#.....#    -11111-
-#####-    -------

S 3        Snow   
-#####-    -------
#.4...#    -10111-
#p'#3.#    -1---1-
#.....#    -11111-
-#####-    -------

S 4        Snow   
-#####-    -------
#p4...#    -10111-
#.'#3.#    -1---1-
#.....#    -11111-
-#####-    -------

S 5        Snow   
-#####-    -------
#.q4..#    -10011-
#.'#3.#    -1---1-
#.....#    -11111-
-#####-    -------

S 6        Snow   
-#####-    -------
#.'q4.#    -10001-
#.'#3.#    -1---1-
#.....#    -11111-
-#####-    -------

S 7        Snow   
-#####-    -------
#.q'4.#    -10001-
#.'#3.#    -1---1-
#.....#    -11111-
-#####-    -------

S 8        Snow   
-#####-    -------
#.''4.#    -10001-
#.q#3.#    -1---1-
#.....#    -11111-
-#####-    -------

S 9        Snow   
-#####-    -------
#.''4.#    -10001-
#.'#3.#    -1---1-
#.p...#    -11111-
-#####-    -------

S 10       Snow   
-#####-    -------
#.''4.#    -10001-
#.'#3.#    -1---1-
#..p..#    -11111-
-#####-    -------

S 11       Snow   
-#####-    -------
#.''4.#    -10001-
#.'#3.#    -1---1-
#...p.#    -11111-
-#####-    -------

S 12       Snow   
-#####-    -------
#.''4.#    -10001-
#.'#3.#    -1---1-
#....p#    -11111-
-#####-    -------

S 13       Snow   
-#####-    -------
#.''4.#    -10001-
#.'#3p#    -1---1-
#.....#    -11111-
-#####-    -------

S 14       Snow   
-#####-    -------
#.''4p#    -10001-
#.'#3.#    -1---1-
#.....#    -11111-
-#####-    -------

S 15       Snow   
-#####-    -------
#.'4q.#    -10001-
#.'#3.#    -1---1-
#.....#    -11111-
-#####-    -------

S 16       Snow   
-#####-    -------
#.'4'p#    -10001-
#.'#3.#    -1---1-
#.....#    -11111-
-#####-    -------

S 17       Snow   
-#####-    -------
#.'4'.#    -10001-
#.'#3p#    -1---1-
#.....#    -11111-
-#####-    -------

S 18       Snow   
-#####-    -------
#.'4'.#    -10001-
#.'#3.#    -1---1-
#....p#    -11111-
-#####-    -------

S 19       Snow   
-#####-    -------
#.'4'.#    -10001-
#.'#3.#    -1---1-
#...p.#    -11111-
-#####-    -------

S 20       Snow   
-#####-    -------
#.'41.#    -10001-
#.'#2.#    -1---1-
#...p.#    -11111-
-#####-    -------

S 21       Snow   
-#####-    -------
#.'41.#    -10001-
#.'#2.#    -1---1-
#....p#    -11111-
-#####-    -------

S 22       Snow   
-#####-    -------
#.'41.#    -10001-
#.'#2p#    -1---1-
#.....#    -11111-
-#####-    -------

S 23       Snow   
-#####-    -------
#.'41p#    -10001-
#.'#2.#    -1---1-
#.....#    -11111-
-#####-    -------

S 24       Snow   
-#####-    -------
#.'5q.#    -10001-
#.'#2.#    -1---1-
#.....#    -11111-
-#####-    -------

S 25       Snow   
-#####-    -------
#.14q.#    -10001-
#.'#2.#    -1---1-
#.....#    -11111-
-#####-    -------

S 26       Snow   
-#####-    -------
#.14'p#    -10001-
#.'#2.#    -1---1-
#.....#    -11111-
-#####-    -------

S 27       Snow   
-#####-    -------
#.14'.#    -10001-
#.'#2p#    -1---1-
#.....#    -11111-
-#####-    -------

S 28       Snow   
-#####-    -------
#.14'.#    -10001-
#.'#2.#    -1---1-
#....p#    -11111-
-#####-    -------

S 29       Snow   
-#####-    -------
#.14'.#    -10001-
#.'#2.#    -1---1-
#...p.#    -11111-
-#####-    -------

S 30       Snow   
-#####-    -------
#.142.#    -10001-
#.'#q.#    -1---1-
#.....#    -11111-
-#####-    -------

S 31       Snow   
-#####-    -------
#.142.#    -10001-
#.'#'p#    -1---1-
#.....#    -11111-
-#####-    -------

S 32       Snow   
-#####-    -------
#.142p#    -10001-
#.'#'.#    -1---1-
#.....#    -11111-
-#####-    -------

S 33       Snow   
-#####-    -------
#.16q.#    -10001-
#.'#'.#    -1---1-
#.....#    -11111-
-#####-    -------

S 34       Snow   
-#####-    -------
#.16'.#    -10001-
#.'#q.#    -1---1-
#.....#    -11111-
-#####-    -------

S 35       Snow   
-#####-    -------
#.16'.#    -10001-
#.'#'.#    -1---1-
#...p.#    -11111-
-#####-    -------

S 36       Snow   
-#####-    -------
#.16'.#    -10001-
#.'#'.#    -1---1-
#..p..#    -11111-
-#####-    -------

S 37       Snow   
-#####-    -------
#.16'.#    -10001-
#.'#'.#    -1---1-
#.p...#    -11111-
-#####-    -------

S 38       Snow   
-#####-    -------
#.16'.#    -10001-
#.q#'.#    -1---1-
#.....#    -11111-
-#####-    -------

S 39       Snow   
-#####-    -------
#.16'.#    -10001-
#p'#'.#    -1---1-
#.....#    -11111-
-#####-    -------

S 40       Snow   
-#####-    -------
#p16'.#    -10001-
#.'#'.#    -1---1-
#.....#    -11111-
-#####-    -------

S 41       Snow   
-#####-    -------
#.q7'.#    -10001-
#.'#'.#    -1---1-
#.....#    -11111-
-#####-    -------


Solved: true
Time (CPU s): 537.28143
Valid: true
Actions: 41
    lUluRRlddrrruuLrddlUruuLLrddlUruLddlluluR
Ball references from initial state:
    Ball (0): Location(Coordinate(2,2),LargeBall)
    Ball (1): Location(Coordinate(4,2),MediumBall)
    Ball (2): Location(Coordinate(4,2),SmallBall)
Ball Actions: 10
    U(0)R(0)R(0)L(0)U(2)L(2)L(2)U(1)L(1)R(2)
