Timesteps: 1 sat: false Time: 0.456378398 TotalTime: 0.457370819 (REAL s)
Timesteps: 2 sat: false Time: 0.108731743 TotalTime: 0.567975397 (REAL s)
Timesteps: 3 sat: false Time: 0.109034603 TotalTime: 0.677162296 (REAL s)
Timesteps: 4 sat: false Time: 0.087866497 TotalTime: 0.765168632 (REAL s)
Timesteps: 5 sat: false Time: 0.101586303 TotalTime: 0.866880231 (REAL s)
Timesteps: 6 sat: false Time: 0.131431189 TotalTime: 0.998399904 (REAL s)
Timesteps: 7 sat: false Time: 0.17376969 TotalTime: 1.17229743 (REAL s)
Timesteps: 8 sat: false Time: 0.124089097 TotalTime: 1.296738684 (REAL s)
Timesteps: 9 sat: false Time: 0.269444098 TotalTime: 1.566301509 (REAL s)
Timesteps: 10 sat: false Time: 0.236718855 TotalTime: 1.803258579 (REAL s)
Timesteps: 11 sat: false Time: 0.258692824 TotalTime: 2.062142426 (REAL s)
Timesteps: 12 sat: false Time: 0.594195265 TotalTime: 2.656486823 (REAL s)
Timesteps: 13 sat: false Time: 0.819831751 TotalTime: 3.476682215 (REAL s)
Timesteps: 14 sat: false Time: 0.793501512 TotalTime: 4.270363941 (REAL s)
Timesteps: 15 sat: false Time: 1.267938629 TotalTime: 5.538390114 (REAL s)
Timesteps: 16 sat: false Time: 1.066531269 TotalTime: 6.605029133 (REAL s)
Timesteps: 17 sat: false Time: 1.646818948 TotalTime: 8.252000559 (REAL s)
Timesteps: 18 sat: false Time: 2.85731836 TotalTime: 11.109466969 (REAL s)
Timesteps: 19 sat: false Time: 3.457190255 TotalTime: 14.566777933 (REAL s)
Timesteps: 20 sat: false Time: 4.440371268 TotalTime: 19.007296037 (REAL s)
Timesteps: 21 sat: false Time: 5.255025358 TotalTime: 24.262612874 (REAL s)
Timesteps: 22 sat: false Time: 4.713856725 TotalTime: 28.976684669 (REAL s)
Timesteps: 23 sat: false Time: 6.935159792 TotalTime: 35.912096453 (REAL s)
Timesteps: 24 sat: true Time: 8.039380549 TotalTime: 43.951709169 (REAL s)

S 0       Snow  
-####-    ------
#''''#    ------
-##'q#    ------
-##''#    ------
#'41'#    ------
#'2'#-    ------
#'''#-    ------
-###--    ------

S 1       Snow  
-####-    ------
#''''#    ------
-##''#    ------
-##'q#    ------
#'41'#    ------
#'2'#-    ------
#'''#-    ------
-###--    ------

S 2       Snow  
-####-    ------
#''''#    ------
-##''#    ------
-##''#    ------
#'41q#    ------
#'2'#-    ------
#'''#-    ------
-###--    ------

S 3       Snow  
-####-    ------
#''''#    ------
-##''#    ------
-##''#    ------
#'5q'#    ------
#'2'#-    ------
#'''#-    ------
-###--    ------

S 4       Snow  
-####-    ------
#''''#    ------
-##''#    ------
-##''#    ------
#'5''#    ------
#'2q#-    ------
#'''#-    ------
-###--    ------

S 5       Snow  
-####-    ------
#''''#    ------
-##''#    ------
-##''#    ------
#'5''#    ------
#'2'#-    ------
#''q#-    ------
-###--    ------

S 6       Snow  
-####-    ------
#''''#    ------
-##''#    ------
-##''#    ------
#'5''#    ------
#'2'#-    ------
#'q'#-    ------
-###--    ------

S 7       Snow  
-####-    ------
#''''#    ------
-##''#    ------
-##''#    ------
#'5''#    ------
#'2'#-    ------
#q''#-    ------
-###--    ------

S 8       Snow  
-####-    ------
#''''#    ------
-##''#    ------
-##''#    ------
#'5''#    ------
#q2'#-    ------
#'''#-    ------
-###--    ------

S 9       Snow  
-####-    ------
#''''#    ------
-##''#    ------
-##''#    ------
#q5''#    ------
#'2'#-    ------
#'''#-    ------
-###--    ------

S 10      Snow  
-####-    ------
#''''#    ------
-##''#    ------
-##''#    ------
#q41'#    ------
#'2'#-    ------
#'''#-    ------
-###--    ------

S 11      Snow  
-####-    ------
#''''#    ------
-##''#    ------
-##''#    ------
#'41'#    ------
#q2'#-    ------
#'''#-    ------
-###--    ------

S 12      Snow  
-####-    ------
#''''#    ------
-##''#    ------
-##''#    ------
#'41'#    ------
#'2'#-    ------
#q''#-    ------
-###--    ------

S 13      Snow  
-####-    ------
#''''#    ------
-##''#    ------
-##''#    ------
#'41'#    ------
#'2'#-    ------
#'q'#-    ------
-###--    ------

S 14      Snow  
-####-    ------
#''''#    ------
-##''#    ------
-##''#    ------
#'61'#    ------
#'q'#-    ------
#'''#-    ------
-###--    ------

S 15      Snow  
-####-    ------
#''''#    ------
-##''#    ------
-##''#    ------
#'61'#    ------
#''q#-    ------
#'''#-    ------
-###--    ------

S 16      Snow  
-####-    ------
#''''#    ------
-##''#    ------
-##1'#    ------
#'6q'#    ------
#'''#-    ------
#'''#-    ------
-###--    ------

S 17      Snow  
-####-    ------
#''''#    ------
-##''#    ------
-##1'#    ------
#'6'q#    ------
#'''#-    ------
#'''#-    ------
-###--    ------

S 18      Snow  
-####-    ------
#''''#    ------
-##''#    ------
-##1q#    ------
#'6''#    ------
#'''#-    ------
#'''#-    ------
-###--    ------

S 19      Snow  
-####-    ------
#''''#    ------
-##'q#    ------
-##1'#    ------
#'6''#    ------
#'''#-    ------
#'''#-    ------
-###--    ------

S 20      Snow  
-####-    ------
#''''#    ------
-##q'#    ------
-##1'#    ------
#'6''#    ------
#'''#-    ------
#'''#-    ------
-###--    ------

S 21      Snow  
-####-    ------
#''''#    ------
-##''#    ------
-##q'#    ------
#'61'#    ------
#'''#-    ------
#'''#-    ------
-###--    ------

S 22      Snow  
-####-    ------
#''''#    ------
-##''#    ------
-##'q#    ------
#'61'#    ------
#'''#-    ------
#'''#-    ------
-###--    ------

S 23      Snow  
-####-    ------
#''''#    ------
-##''#    ------
-##''#    ------
#'61q#    ------
#'''#-    ------
#'''#-    ------
-###--    ------

S 24      Snow  
-####-    ------
#''''#    ------
-##''#    ------
-##''#    ------
#'7q'#    ------
#'''#-    ------
#'''#-    ------
-###--    ------


Solved: true
Time (CPU s): 42.732235
Valid: true
Actions: 24
    ddLddlluuRddrUrUruulDrdL
Ball references from initial state:
    Ball (0): Location(Coordinate(2,2),MediumBall)
    Ball (1): Location(Coordinate(2,3),LargeBall)
    Ball (2): Location(Coordinate(3,3),SmallBall)
Ball Actions: 6
    L(2)R(2)U(0)U(2)D(2)L(2)
