Timesteps: 1 sat: false Time: 0.456235512 TotalTime: 0.457180984 (REAL s)
Timesteps: 2 sat: false Time: 0.168530515 TotalTime: 0.650893516 (REAL s)
Timesteps: 3 sat: false Time: 0.093627788 TotalTime: 0.744677068 (REAL s)
Timesteps: 4 sat: false Time: 0.117809804 TotalTime: 0.862641619 (REAL s)
Timesteps: 5 sat: false Time: 0.102286113 TotalTime: 0.965047237 (REAL s)
Timesteps: 6 sat: false Time: 0.123100326 TotalTime: 1.088301774 (REAL s)
Timesteps: 7 sat: false Time: 0.184430135 TotalTime: 1.272986537 (REAL s)
Timesteps: 8 sat: false Time: 0.253276942 TotalTime: 1.526390323 (REAL s)
Timesteps: 9 sat: false Time: 0.179280327 TotalTime: 1.705844404 (REAL s)
Timesteps: 10 sat: false Time: 0.418534307 TotalTime: 2.124496819 (REAL s)
Timesteps: 11 sat: false Time: 0.221138878 TotalTime: 2.345903757 (REAL s)
Timesteps: 12 sat: false Time: 0.323492244 TotalTime: 2.669609154 (REAL s)
Timesteps: 13 sat: false Time: 0.53243152 TotalTime: 3.202236607 (REAL s)
Timesteps: 14 sat: false Time: 0.953397487 TotalTime: 4.155740347 (REAL s)
Timesteps: 15 sat: false Time: 1.028839266 TotalTime: 5.184663445 (REAL s)
Timesteps: 16 sat: false Time: 0.679101593 TotalTime: 5.863847417 (REAL s)
Timesteps: 17 sat: false Time: 1.346646506 TotalTime: 7.210732242 (REAL s)
Timesteps: 18 sat: false Time: 2.507437452 TotalTime: 9.71830708 (REAL s)
Timesteps: 19 sat: false Time: 1.623894429 TotalTime: 11.342333682 (REAL s)
Timesteps: 20 sat: false Time: 3.248381541 TotalTime: 14.590844632 (REAL s)
Timesteps: 21 sat: false Time: 2.510523808 TotalTime: 17.101512601 (REAL s)
Timesteps: 22 sat: false Time: 3.639643862 TotalTime: 20.741390701 (REAL s)
Timesteps: 23 sat: false Time: 4.031484433 TotalTime: 24.772960125 (REAL s)
Timesteps: 24 sat: false Time: 5.559928361 TotalTime: 30.333117358 (REAL s)
Timesteps: 25 sat: false Time: 10.235618816 TotalTime: 40.568987535 (REAL s)
Timesteps: 26 sat: true Time: 11.001941906 TotalTime: 51.571148107 (REAL s)

S 0        Snow   
--###--    -------
-#'''#-    -------
-#1'1#-    -------
-#...#-    --111--
#''1''#    -------
#''q''#    -------
-#####-    -------

S 1        Snow   
--###--    -------
-#'''#-    -------
-#1'1#-    -------
-#.2.#-    --101--
#''q''#    -------
#'''''#    -------
-#####-    -------

S 2        Snow   
--###--    -------
-#'''#-    -------
-#1'1#-    -------
-#.2.#-    --101--
#'''q'#    -------
#'''''#    -------
-#####-    -------

S 3        Snow   
--###--    -------
-#'''#-    -------
-#1'1#-    -------
-#.2p#-    --101--
#'''''#    -------
#'''''#    -------
-#####-    -------

S 4        Snow   
--###--    -------
-#'''#-    -------
-#1'1#-    -------
-#4q.#-    --001--
#'''''#    -------
#'''''#    -------
-#####-    -------

S 5        Snow   
--###--    -------
-#'''#-    -------
-#1q1#-    -------
-#4'.#-    --001--
#'''''#    -------
#'''''#    -------
-#####-    -------

S 6        Snow   
--###--    -------
-#'q'#-    -------
-#1'1#-    -------
-#4'.#-    --001--
#'''''#    -------
#'''''#    -------
-#####-    -------

S 7        Snow   
--###--    -------
-#''q#-    -------
-#1'1#-    -------
-#4'.#-    --001--
#'''''#    -------
#'''''#    -------
-#####-    -------

S 8        Snow   
--###--    -------
-#'''#-    -------
-#1'q#-    -------
-#4'2#-    --000--
#'''''#    -------
#'''''#    -------
-#####-    -------

S 9        Snow   
--###--    -------
-#'''#-    -------
-#1''#-    -------
-#4'q#-    --000--
#'''2'#    -------
#'''''#    -------
-#####-    -------

S 10       Snow   
--###--    -------
-#'''#-    -------
-#1''#-    -------
-#4q'#-    --000--
#'''2'#    -------
#'''''#    -------
-#####-    -------

S 11       Snow   
--###--    -------
-#'''#-    -------
-#1''#-    -------
-#4''#-    --000--
#''q2'#    -------
#'''''#    -------
-#####-    -------

S 12       Snow   
--###--    -------
-#'''#-    -------
-#1''#-    -------
-#4''#-    --000--
#'''2'#    -------
#''q''#    -------
-#####-    -------

S 13       Snow   
--###--    -------
-#'''#-    -------
-#1''#-    -------
-#4''#-    --000--
#'''2'#    -------
#'''q'#    -------
-#####-    -------

S 14       Snow   
--###--    -------
-#'''#-    -------
-#1''#-    -------
-#4''#-    --000--
#'''2'#    -------
#''''q#    -------
-#####-    -------

S 15       Snow   
--###--    -------
-#'''#-    -------
-#1''#-    -------
-#4''#-    --000--
#'''2q#    -------
#'''''#    -------
-#####-    -------

S 16       Snow   
--###--    -------
-#'''#-    -------
-#1''#-    -------
-#4''#-    --000--
#''2q'#    -------
#'''''#    -------
-#####-    -------

S 17       Snow   
--###--    -------
-#'''#-    -------
-#1''#-    -------
-#4''#-    --000--
#''2''#    -------
#'''q'#    -------
-#####-    -------

S 18       Snow   
--###--    -------
-#'''#-    -------
-#1''#-    -------
-#4''#-    --000--
#''2''#    -------
#''q''#    -------
-#####-    -------

S 19       Snow   
--###--    -------
-#'''#-    -------
-#1''#-    -------
-#42'#-    --000--
#''q''#    -------
#'''''#    -------
-#####-    -------

S 20       Snow   
--###--    -------
-#'''#-    -------
-#1''#-    -------
-#42'#-    --000--
#'''q'#    -------
#'''''#    -------
-#####-    -------

S 21       Snow   
--###--    -------
-#'''#-    -------
-#1''#-    -------
-#42q#-    --000--
#'''''#    -------
#'''''#    -------
-#####-    -------

S 22       Snow   
--###--    -------
-#'''#-    -------
-#1''#-    -------
-#6q'#-    --000--
#'''''#    -------
#'''''#    -------
-#####-    -------

S 23       Snow   
--###--    -------
-#'''#-    -------
-#1q'#-    -------
-#6''#-    --000--
#'''''#    -------
#'''''#    -------
-#####-    -------

S 24       Snow   
--###--    -------
-#'q'#-    -------
-#1''#-    -------
-#6''#-    --000--
#'''''#    -------
#'''''#    -------
-#####-    -------

S 25       Snow   
--###--    -------
-#q''#-    -------
-#1''#-    -------
-#6''#-    --000--
#'''''#    -------
#'''''#    -------
-#####-    -------

S 26       Snow   
--###--    -------
-#'''#-    -------
-#q''#-    -------
-#7''#-    --000--
#'''''#    -------
#'''''#    -------
-#####-    -------


Solved: true
Time (CPU s): 50.22405
Valid: true
Actions: 26
    UruLuurDDlddrruLdlUruLuulD
Ball references from initial state:
    Ball (0): Location(Coordinate(2,4),SmallBall)
    Ball (1): Location(Coordinate(3,2),SmallBall)
    Ball (2): Location(Coordinate(4,4),SmallBall)
Ball Actions: 8
    U(1)L(1)D(2)D(2)L(2)U(2)L(2)D(0)
