Timesteps: 1 sat: false Time: 0.456812439 TotalTime: 0.457550683 (REAL s)
Timesteps: 2 sat: false Time: 0.107104768 TotalTime: 0.597675566 (REAL s)
Timesteps: 3 sat: false Time: 0.090708107 TotalTime: 0.688520837 (REAL s)
Timesteps: 4 sat: false Time: 0.107911251 TotalTime: 0.796649592 (REAL s)
Timesteps: 5 sat: false Time: 0.13544612 TotalTime: 0.932194506 (REAL s)
Timesteps: 6 sat: false Time: 0.174633272 TotalTime: 1.106946429 (REAL s)
Timesteps: 7 sat: false Time: 0.133356605 TotalTime: 1.240491465 (REAL s)
Timesteps: 8 sat: false Time: 0.154352923 TotalTime: 1.394964033 (REAL s)
Timesteps: 9 sat: false Time: 0.167655946 TotalTime: 1.56273398 (REAL s)
Timesteps: 10 sat: false Time: 0.187638703 TotalTime: 1.750562176 (REAL s)
Timesteps: 11 sat: false Time: 0.311216874 TotalTime: 2.062030633 (REAL s)
Timesteps: 12 sat: false Time: 0.332882223 TotalTime: 2.395032368 (REAL s)
Timesteps: 13 sat: false Time: 0.486202825 TotalTime: 2.881316953 (REAL s)
Timesteps: 14 sat: false Time: 0.369873204 TotalTime: 3.251294496 (REAL s)
Timesteps: 15 sat: false Time: 0.407320766 TotalTime: 3.658713065 (REAL s)
Timesteps: 16 sat: false Time: 0.354569521 TotalTime: 4.013383471 (REAL s)
Timesteps: 17 sat: false Time: 0.594706278 TotalTime: 4.608183234 (REAL s)
Timesteps: 18 sat: false Time: 1.005540993 TotalTime: 5.613800425 (REAL s)
Timesteps: 19 sat: false Time: 1.247423557 TotalTime: 6.861303057 (REAL s)
Timesteps: 20 sat: false Time: 1.184846112 TotalTime: 8.046348458 (REAL s)
Timesteps: 21 sat: false Time: 2.433527836 TotalTime: 10.480102608 (REAL s)
Timesteps: 22 sat: false Time: 2.167595079 TotalTime: 12.647837206 (REAL s)
Timesteps: 23 sat: false Time: 2.774308697 TotalTime: 15.422289796 (REAL s)
Timesteps: 24 sat: false Time: 2.233909577 TotalTime: 17.656299153 (REAL s)
Timesteps: 25 sat: false Time: 5.224898188 TotalTime: 22.881402185 (REAL s)
Timesteps: 26 sat: false Time: 5.703162788 TotalTime: 28.584703935 (REAL s)
Timesteps: 27 sat: false Time: 8.357213729 TotalTime: 36.942083375 (REAL s)
Timesteps: 28 sat: false Time: 11.262614519 TotalTime: 48.204842126 (REAL s)
Timesteps: 29 sat: false Time: 10.949516333 TotalTime: 59.154613224 (REAL s)
Timesteps: 30 sat: false Time: 10.478970382 TotalTime: 69.633743437 (REAL s)
Timesteps: 31 sat: false Time: 22.892582878 TotalTime: 92.526539319 (REAL s)
Timesteps: 32 sat: false Time: 14.784207827 TotalTime: 107.311005409 (REAL s)
Timesteps: 33 sat: false Time: 20.061961365 TotalTime: 127.373127259 (REAL s)
Timesteps: 34 sat: false Time: 20.949505993 TotalTime: 148.322906745 (REAL s)
Timesteps: 35 sat: false Time: 30.230100616 TotalTime: 178.553236735 (REAL s)
Timesteps: 36 sat: false Time: 26.80281912 TotalTime: 205.356277959 (REAL s)
Timesteps: 37 sat: false Time: 30.558166777 TotalTime: 235.914612906 (REAL s)
Timesteps: 38 sat: false Time: 33.817805728 TotalTime: 269.732671503 (REAL s)
Timesteps: 39 sat: false Time: 43.90092869 TotalTime: 313.633851868 (REAL s)
Timesteps: 40 sat: false Time: 65.431031897 TotalTime: 379.065030948 (REAL s)
Timesteps: 41 sat: false Time: 62.156730789 TotalTime: 441.222011344 (REAL s)
Timesteps: 42 sat: false Time: 70.028777247 TotalTime: 511.250934084 (REAL s)
Timesteps: 43 sat: false Time: 103.134251628 TotalTime: 614.385384626 (REAL s)
Timesteps: 44 sat: false Time: 71.860688455 TotalTime: 686.246331412 (REAL s)
Timesteps: 45 sat: false Time: 82.904969546 TotalTime: 769.151450949 (REAL s)
Timesteps: 46 sat: false Time: 113.714870382 TotalTime: 882.8664606 (REAL s)
Timesteps: 47 sat: false Time: 97.191845995 TotalTime: 980.058451922 (REAL s)
Timesteps: 48 sat: false Time: 109.987157554 TotalTime: 1090.045756916 (REAL s)
Timesteps: 49 sat: true Time: 73.527631619 TotalTime: 1163.573534024 (REAL s)

S 0         Snow    
----###-    --------
-###'''#    --------
#......#    -111111-
#.1#4#2#    -1------
#......#    -111111-
-###'q'#    --------
----###-    --------

S 1         Snow    
----###-    --------
-###'''#    --------
#......#    -111111-
#.1#4#2#    -1------
#....p.#    -111111-
-###'''#    --------
----###-    --------

S 2         Snow    
----###-    --------
-###'''#    --------
#......#    -111111-
#.1#4#2#    -1------
#...p..#    -111111-
-###'''#    --------
----###-    --------

S 3         Snow    
----###-    --------
-###'''#    --------
#...4..#    -111011-
#.1#q#2#    -1------
#......#    -111111-
-###'''#    --------
----###-    --------

S 4         Snow    
----###-    --------
-###'''#    --------
#...4..#    -111011-
#.1#'#2#    -1------
#...p..#    -111111-
-###'''#    --------
----###-    --------

S 5         Snow    
----###-    --------
-###'''#    --------
#...4..#    -111011-
#.1#'#2#    -1------
#..p...#    -111111-
-###'''#    --------
----###-    --------

S 6         Snow    
----###-    --------
-###'''#    --------
#...4..#    -111011-
#.1#'#2#    -1------
#.p....#    -111111-
-###'''#    --------
----###-    --------

S 7         Snow    
----###-    --------
-###'''#    --------
#...4..#    -111011-
#.1#'#2#    -1------
#p.....#    -111111-
-###'''#    --------
----###-    --------

S 8         Snow    
----###-    --------
-###'''#    --------
#...4..#    -111011-
#p1#'#2#    -1------
#......#    -111111-
-###'''#    --------
----###-    --------

S 9         Snow    
----###-    --------
-###'''#    --------
#p..4..#    -111011-
#.1#'#2#    -1------
#......#    -111111-
-###'''#    --------
----###-    --------

S 10        Snow    
----###-    --------
-###'''#    --------
#.p.4..#    -111011-
#.1#'#2#    -1------
#......#    -111111-
-###'''#    --------
----###-    --------

S 11        Snow    
----###-    --------
-###'''#    --------
#..p4..#    -111011-
#.1#'#2#    -1------
#......#    -111111-
-###'''#    --------
----###-    --------

S 12        Snow    
----###-    --------
-###'''#    --------
#...q4.#    -111001-
#.1#'#2#    -1------
#......#    -111111-
-###'''#    --------
----###-    --------

S 13        Snow    
----###-    --------
-###q''#    --------
#...'4.#    -111001-
#.1#'#2#    -1------
#......#    -111111-
-###'''#    --------
----###-    --------

S 14        Snow    
----###-    --------
-###'q'#    --------
#...'4.#    -111001-
#.1#'#2#    -1------
#......#    -111111-
-###'''#    --------
----###-    --------

S 15        Snow    
----###-    --------
-###''q#    --------
#...'4.#    -111001-
#.1#'#2#    -1------
#......#    -111111-
-###'''#    --------
----###-    --------

S 16        Snow    
----###-    --------
-###'''#    --------
#...'4p#    -111001-
#.1#'#2#    -1------
#......#    -111111-
-###'''#    --------
----###-    --------

S 17        Snow    
----###-    --------
-###'''#    --------
#...4q.#    -111001-
#.1#'#2#    -1------
#......#    -111111-
-###'''#    --------
----###-    --------

S 18        Snow    
----###-    --------
-###'''#    --------
#..4q'.#    -110001-
#.1#'#2#    -1------
#......#    -111111-
-###'''#    --------
----###-    --------

S 19        Snow    
----###-    --------
-###'''#    --------
#.4q''.#    -100001-
#.1#'#2#    -1------
#......#    -111111-
-###'''#    --------
----###-    --------

S 20        Snow    
----###-    --------
-###'''#    --------
#.4'q'.#    -100001-
#.1#'#2#    -1------
#......#    -111111-
-###'''#    --------
----###-    --------

S 21        Snow    
----###-    --------
-###'''#    --------
#.4'''.#    -100001-
#.1#q#2#    -1------
#......#    -111111-
-###'''#    --------
----###-    --------

S 22        Snow    
----###-    --------
-###'''#    --------
#.4'''.#    -100001-
#.1#'#2#    -1------
#...p..#    -111111-
-###'''#    --------
----###-    --------

S 23        Snow    
----###-    --------
-###'''#    --------
#.4'''.#    -100001-
#.1#'#2#    -1------
#..p...#    -111111-
-###'''#    --------
----###-    --------

S 24        Snow    
----###-    --------
-###'''#    --------
#.4'''.#    -100001-
#.1#'#2#    -1------
#.p....#    -111111-
-###'''#    --------
----###-    --------

S 25        Snow    
----###-    --------
-###'''#    --------
#.4'''.#    -100001-
#.1#'#2#    -1------
#p.....#    -111111-
-###'''#    --------
----###-    --------

S 26        Snow    
----###-    --------
-###'''#    --------
#.4'''.#    -100001-
#p1#'#2#    -1------
#......#    -111111-
-###'''#    --------
----###-    --------

S 27        Snow    
----###-    --------
-###'''#    --------
#p4'''.#    -100001-
#.1#'#2#    -1------
#......#    -111111-
-###'''#    --------
----###-    --------

S 28        Snow    
----###-    --------
-###'''#    --------
#.q4''.#    -100001-
#.1#'#2#    -1------
#......#    -111111-
-###'''#    --------
----###-    --------

S 29        Snow    
----###-    --------
-###'''#    --------
#.'q4'.#    -100001-
#.1#'#2#    -1------
#......#    -111111-
-###'''#    --------
----###-    --------

S 30        Snow    
----###-    --------
-###'''#    --------
#.''q4.#    -100001-
#.1#'#2#    -1------
#......#    -111111-
-###'''#    --------
----###-    --------

S 31        Snow    
----###-    --------
-###'''#    --------
#.'''q4#    -100000-
#.1#'#2#    -1------
#......#    -111111-
-###'''#    --------
----###-    --------

S 32        Snow    
----###-    --------
-###'''#    --------
#.''q'4#    -100000-
#.1#'#2#    -1------
#......#    -111111-
-###'''#    --------
----###-    --------

S 33        Snow    
----###-    --------
-###'''#    --------
#.''''4#    -100000-
#.1#q#2#    -1------
#......#    -111111-
-###'''#    --------
----###-    --------

S 34        Snow    
----###-    --------
-###'''#    --------
#.''''4#    -100000-
#.1#'#2#    -1------
#...p..#    -111111-
-###'''#    --------
----###-    --------

S 35        Snow    
----###-    --------
-###'''#    --------
#.''''4#    -100000-
#.1#'#2#    -1------
#....p.#    -111111-
-###'''#    --------
----###-    --------

S 36        Snow    
----###-    --------
-###'''#    --------
#.''''4#    -100000-
#.1#'#2#    -1------
#.....p#    -111111-
-###'''#    --------
----###-    --------

S 37        Snow    
----###-    --------
-###'''#    --------
#.''''6#    -100000-
#.1#'#q#    -1------
#......#    -111111-
-###'''#    --------
----###-    --------

S 38        Snow    
----###-    --------
-###'''#    --------
#.''''6#    -100000-
#.1#'#'#    -1------
#.....p#    -111111-
-###'''#    --------
----###-    --------

S 39        Snow    
----###-    --------
-###'''#    --------
#.''''6#    -100000-
#.1#'#'#    -1------
#....p.#    -111111-
-###'''#    --------
----###-    --------

S 40        Snow    
----###-    --------
-###'''#    --------
#.''''6#    -100000-
#.1#'#'#    -1------
#...p..#    -111111-
-###'''#    --------
----###-    --------

S 41        Snow    
----###-    --------
-###'''#    --------
#.''''6#    -100000-
#.1#'#'#    -1------
#..p...#    -111111-
-###'''#    --------
----###-    --------

S 42        Snow    
----###-    --------
-###'''#    --------
#.''''6#    -100000-
#.1#'#'#    -1------
#.p....#    -111111-
-###'''#    --------
----###-    --------

S 43        Snow    
----###-    --------
-###'''#    --------
#.1'''6#    -100000-
#.q#'#'#    -1------
#......#    -111111-
-###'''#    --------
----###-    --------

S 44        Snow    
----###-    --------
-###'''#    --------
#.1'''6#    -100000-
#p'#'#'#    -1------
#......#    -111111-
-###'''#    --------
----###-    --------

S 45        Snow    
----###-    --------
-###'''#    --------
#p1'''6#    -100000-
#.'#'#'#    -1------
#......#    -111111-
-###'''#    --------
----###-    --------

S 46        Snow    
----###-    --------
-###'''#    --------
#.q1''6#    -100000-
#.'#'#'#    -1------
#......#    -111111-
-###'''#    --------
----###-    --------

S 47        Snow    
----###-    --------
-###'''#    --------
#.'q1'6#    -100000-
#.'#'#'#    -1------
#......#    -111111-
-###'''#    --------
----###-    --------

S 48        Snow    
----###-    --------
-###'''#    --------
#.''q16#    -100000-
#.'#'#'#    -1------
#......#    -111111-
-###'''#    --------
----###-    --------

S 49        Snow    
----###-    --------
-###'''#    --------
#.'''q7#    -100000-
#.'#'#'#    -1------
#......#    -111111-
-###'''#    --------
----###-    --------


Solved: true
Time (CPU s): 1157.4673
Valid: true
Actions: 49
    ulUdllluurrRurrdLLLrddllluuRRRRlddrrUdllllUluRRRR
Ball references from initial state:
    Ball (0): Location(Coordinate(2,3),SmallBall)
    Ball (1): Location(Coordinate(4,3),LargeBall)
    Ball (2): Location(Coordinate(6,3),MediumBall)
Ball Actions: 15
    U(1)R(1)L(1)L(1)L(1)R(1)R(1)R(1)R(1)U(2)U(0)R(0)R(0)R(0)R(0)
