Timesteps: 1 sat: false Time: 0.407030262 TotalTime: 0.408017586 (REAL s)
Timesteps: 2 sat: false Time: 0.180597467 TotalTime: 0.600001311 (REAL s)
Timesteps: 3 sat: false Time: 0.150377418 TotalTime: 0.750527773 (REAL s)
Timesteps: 4 sat: false Time: 0.214063094 TotalTime: 0.964743055 (REAL s)
Timesteps: 5 sat: false Time: 0.230480874 TotalTime: 1.195454888 (REAL s)
Timesteps: 6 sat: false Time: 0.303520571 TotalTime: 1.499256002 (REAL s)
Timesteps: 7 sat: false Time: 0.465527165 TotalTime: 1.964915695 (REAL s)
Timesteps: 8 sat: false Time: 0.549296385 TotalTime: 2.514775337 (REAL s)
Timesteps: 9 sat: false Time: 1.145112473 TotalTime: 3.660111581 (REAL s)
Timesteps: 10 sat: false Time: 2.859227821 TotalTime: 6.519557892 (REAL s)
Timesteps: 11 sat: false Time: 8.510115917 TotalTime: 15.029844585 (REAL s)
Timesteps: 12 sat: true Time: 1.692160373 TotalTime: 16.72225951 (REAL s)

S 0        Snow       Reachable
-#####-    -------    -------
#.....#    -11111-    -00111-
#.#'#.#    -1---1-    -0-1-1-
#.111.#    -1---1-    -00001-
#.#q#.#    -1---1-    -0-1-1-
#.....#    -11111-    -00111-
-#####-    -------    -------

S 1        Snow       Reachable
-#####-    -------    -------
#.....#    -11111-    -11111-
#.#'#.#    -1---1-    -1-1-1-
#.1q1.#    -1---1-    -10101-
#.#1#.#    -1---1-    -0-0-0-
#.....#    -11111-    -00000-
-#####-    -------    -------

S 2        Snow       Reachable
-#####-    -------    -------
#.....#    -11111-    -11111-
#.#'#.#    -1---1-    -1-1-1-
#.1'1.#    -1---1-    -10101-
#.#q#.#    -1---1-    -1-1-1-
#..2..#    -11011-    -10011-
-#####-    -------    -------

S 3        Snow       Reachable
-#####-    -------    -------
#.....#    -11111-    -11111-
#.#'#.#    -1---1-    -1-0-1-
#.q11.#    -1---1-    -11001-
#.#'#.#    -1---1-    -1-0-1-
#..2..#    -11011-    -11011-
-#####-    -------    -------

S 4        Snow       Reachable
-#####-    -------    -------
#.....#    -11111-    -11111-
#.#'#.#    -1---1-    -1-1-1-
#.'11.#    -1---1-    -11001-
#.#'#.#    -1---1-    -1-0-1-
#.4q..#    -10011-    -10111-
-#####-    -------    -------

S 5        Snow       Reachable
-#####-    -------    -------
#.....#    -11111-    -11111-
#.#'#.#    -1---1-    -1-1-1-
#.'11.#    -1---1-    -10000-
#.#'#.#    -1---1-    -1-0-0-
#.q4..#    -10011-    -11000-
-#####-    -------    -------

S 6        Snow       Reachable
-#####-    -------    -------
#.....#    -11111-    -11111-
#.#'#.#    -1---1-    -1-1-1-
#.'q1.#    -1---1-    -10100-
#.#1#.#    -1---1-    -1-0-0-
#.'4..#    -10011-    -11000-
-#####-    -------    -------

S 7        Snow       Reachable
-#####-    -------    -------
#.....#    -11111-    -11111-
#.#'#.#    -1---1-    -1-0-1-
#.''1.#    -1---1-    -11101-
#.#q#.#    -1---1-    -1-1-1-
#.'5..#    -10011-    -11011-
-#####-    -------    -------

S 8        Snow       Reachable
-#####-    -------    -------
#.....#    -11111-    -11111-
#.#'#.#    -1---1-    -1-1-1-
#.'1q.#    -1---1-    -11011-
#.#'#.#    -1---1-    -1-0-1-
#.'5..#    -10011-    -11011-
-#####-    -------    -------

S 9        Snow       Reachable
-#####-    -------    -------
#.....#    -11111-    -11111-
#.#'#.#    -1---1-    -1-1-1-
#.'1'.#    -1---1-    -10001-
#.#'#.#    -1---1-    -1-0-1-
#.q42.#    -10001-    -11000-
-#####-    -------    -------

S 10       Snow       Reachable
-#####-    -------    -------
#.....#    -11111-    -10001-
#.#'#.#    -1---1-    -1-0-1-
#.'q'.#    -1---1-    -11111-
#.#1#.#    -1---1-    -1-0-1-
#.'42.#    -10001-    -10001-
-#####-    -------    -------

S 11       Snow       Reachable
-#####-    -------    -------
#.....#    -11111-    -11100-
#.#'#.#    -1---1-    -1-1-0-
#.'''.#    -1---1-    -11111-
#.#1#.#    -1---1-    -1-0-1-
#.'6q.#    -10001-    -11011-
-#####-    -------    -------

S 12       Snow       Reachable
-#####-    -------    -------
#.....#    -11111-    -?????-
#.#'#.#    -1---1-    -?-?-?-
#.'''.#    -1---1-    -?????-
#.#q#.#    -1---1-    -?-?-?-
#.'7'.#    -10001-    -?????-
-#####-    -------    -------

Solved: true
Time (CPU s): 15.945221
Valid: true
Actions: 99
    dlluuuurrdDDuuullddRluurrrrddddlLrruuuullllddddRluuuurrdDDuuurrddLruullllddddrRluuuurrdDrrddLruullD
Ball references from initial state:
    Ball (0): Location(Coordinate(2,3),SmallBall)
    Ball (1): Location(Coordinate(3,3),SmallBall)
    Ball (2): Location(Coordinate(4,3),SmallBall)
Ball Actions: 12
    D(1)D(1)R(0)L(1)R(1)D(0)D(0)L(2)R(0)D(2)L(0)D(2)
