Timesteps: 1 sat: false Time: 0.405953537 TotalTime: 0.406983813 (REAL s)
Timesteps: 2 sat: false Time: 0.159126816 TotalTime: 0.57359438 (REAL s)
Timesteps: 3 sat: false Time: 0.176097302 TotalTime: 0.749918075 (REAL s)
Timesteps: 4 sat: false Time: 0.209335459 TotalTime: 0.959407601 (REAL s)
Timesteps: 5 sat: false Time: 0.279786443 TotalTime: 1.239486668 (REAL s)
Timesteps: 6 sat: false Time: 0.378847626 TotalTime: 1.618468063 (REAL s)
Timesteps: 7 sat: false Time: 0.824713239 TotalTime: 2.443358559 (REAL s)
Timesteps: 8 sat: false Time: 1.419385914 TotalTime: 3.862857485 (REAL s)
Timesteps: 9 sat: false Time: 2.595800029 TotalTime: 6.458754262 (REAL s)
Timesteps: 10 sat: false Time: 3.322265024 TotalTime: 9.781199249 (REAL s)
Timesteps: 11 sat: false Time: 5.455355755 TotalTime: 15.236712176 (REAL s)
Timesteps: 12 sat: false Time: 8.527766277 TotalTime: 23.764662239 (REAL s)
Timesteps: 13 sat: true Time: 3.987334918 TotalTime: 27.752300676 (REAL s)

S 0        Snow       Reachable
-#####-    -------    -------
#.p1..#    -11-11-    -11011-
#.2.2.#    -1-1-1-    -10101-
#.....#    -11111-    -11111-
#.#.#.#    -1-1-1-    -0-1-1-
#.....#    -11111-    -01111-
-#####-    -------    -------

S 1        Snow       Reachable
-#####-    -------    -------
#..1..#    -11-11-    -10011-
#.q.2.#    -1-1-1-    -11001-
#.4...#    -10111-    -10011-
#.#.#.#    -1-1-1-    -1-1-1-
#.....#    -11111-    -11111-
-#####-    -------    -------

S 2        Snow       Reachable
-#####-    -------    -------
#..1..#    -11-11-    -10000-
#.'.2.#    -1-1-1-    -11000-
#.q4..#    -10011-    -11001-
#.#.#.#    -1-1-1-    -1-0-1-
#.....#    -11111-    -11111-
-#####-    -------    -------

S 3        Snow       Reachable
-#####-    -------    -------
#..1..#    -11-11-    -01000-
#.'.2.#    -1-1-1-    -11100-
#.'q4.#    -10001-    -10101-
#.#.#.#    -1-1-1-    -1-1-1-
#.....#    -11111-    -11111-
-#####-    -------    -------

S 4        Snow       Reachable
-#####-    -------    -------
#..1..#    -11-11-    -01011-
#.'.2.#    -1-1-1-    -11001-
#.'4q.#    -10001-    -10011-
#.#.#.#    -1-1-1-    -1-1-1-
#.....#    -11111-    -11111-
-#####-    -------    -------

S 5        Snow       Reachable
-#####-    -------    -------
#..1..#    -11-11-    -00011-
#.'42.#    -1-0-1-    -00001-
#.'q'.#    -10001-    -11111-
#.#.#.#    -1-1-1-    -1-1-1-
#.....#    -11111-    -11111-
-#####-    -------    -------

S 6        Snow       Reachable
-#####-    -------    -------
#..1..#    -11-11-    -10011-
#.'4q.#    -1-0-1-    -11011-
#.''2.#    -10001-    -11001-
#.#.#.#    -1-1-1-    -1-1-1-
#.....#    -11111-    -11111-
-#####-    -------    -------

S 7        Snow       Reachable
-#####-    -------    -------
#..1..#    -11-11-    -11000-
#.'q4.#    -1-0-1-    -11100-
#.''2.#    -10001-    -11001-
#.#.#.#    -1-1-1-    -1-1-1-
#.....#    -11111-    -11111-
-#####-    -------    -------

S 8        Snow       Reachable
-#####-    -------    -------
#..1..#    -11-11-    -11011-
#.''4.#    -1-0-1-    -11101-
#.'2q.#    -10001-    -11011-
#.#.#.#    -1-1-1-    -1-1-1-
#.....#    -11111-    -11111-
-#####-    -------    -------

S 9        Snow       Reachable
-#####-    -------    -------
#..1..#    -11-11-    -11001-
#.'24.#    -1-0-1-    -11001-
#.'q'.#    -10001-    -11111-
#.#.#.#    -1-1-1-    -1-1-1-
#.....#    -11111-    -11111-
-#####-    -------    -------

S 10       Snow       Reachable
-#####-    -------    -------
#..14.#    -11-01-    -10000-
#.'2q.#    -1-0-1-    -11011-
#.'''.#    -10001-    -01111-
#.#.#.#    -1-1-1-    -1-1-1-
#.....#    -11111-    -11111-
-#####-    -------    -------

S 11       Snow       Reachable
-#####-    -------    -------
#..14.#    -11-01-    -00001-
#.'q2.#    -1-0-1-    -11101-
#.'''.#    -10001-    -11111-
#.#.#.#    -1-1-1-    -1-1-1-
#.....#    -11111-    -11100-
-#####-    -------    -------

S 12       Snow       Reachable
-#####-    -------    -------
#..16.#    -11-01-    -11000-
#.''q.#    -1-0-1-    -10111-
#.'''.#    -10001-    -11101-
#.#.#.#    -1-1-1-    -1-1-1-
#.....#    -11111-    -11111-
-#####-    -------    -------

S 13       Snow       Reachable
-#####-    -------    -------
#..q7.#    -11-01-    -?????-
#.'''.#    -1-0-1-    -?????-
#.'''.#    -10001-    -?????-
#.#.#.#    -1-1-1-    -?-?-?-
#.....#    -11111-    -?????-
-#####-    -------    -------

Solved: true
Time (CPU s): 26.836203
Valid: true
Actions: 65
    DldRRddrruuLrddlluUrruulDrdddlluuluRdddrruuLrddlluUrUdlluRdrUlluR
Ball references from initial state:
    Ball (0): Location(Coordinate(2,4),MediumBall)
    Ball (1): Location(Coordinate(3,5),SmallBall)
    Ball (2): Location(Coordinate(4,4),MediumBall)
Ball Actions: 13
    D(0)R(0)R(0)L(0)U(0)D(2)R(0)L(2)U(2)U(0)R(2)U(2)R(1)
