Timesteps: 1 sat: false Time: 0.428074478 TotalTime: 0.429002797 (REAL s)
Timesteps: 2 sat: false Time: 0.200477681 TotalTime: 0.633213444 (REAL s)
Timesteps: 3 sat: false Time: 0.174807999 TotalTime: 0.808152482 (REAL s)
Timesteps: 4 sat: false Time: 0.226681277 TotalTime: 1.035011552 (REAL s)
Timesteps: 5 sat: false Time: 0.257391186 TotalTime: 1.292642603 (REAL s)
Timesteps: 6 sat: false Time: 0.221600602 TotalTime: 1.514443083 (REAL s)
Timesteps: 7 sat: false Time: 0.240044818 TotalTime: 1.754662549 (REAL s)
Timesteps: 8 sat: false Time: 0.33575494 TotalTime: 2.090571222 (REAL s)
Timesteps: 9 sat: false Time: 0.660514217 TotalTime: 2.751214021 (REAL s)
Timesteps: 10 sat: false Time: 1.909046395 TotalTime: 4.66037801 (REAL s)
Timesteps: 11 sat: false Time: 4.394333258 TotalTime: 9.054807473 (REAL s)
Timesteps: 12 sat: false Time: 12.10360887 TotalTime: 21.158685144 (REAL s)
Timesteps: 13 sat: false Time: 14.104384885 TotalTime: 35.263377666 (REAL s)
Timesteps: 14 sat: false Time: 35.732618375 TotalTime: 70.996227056 (REAL s)
Timesteps: 15 sat: false Time: 56.575288542 TotalTime: 127.57169446 (REAL s)
Timesteps: 16 sat: false Time: 75.319940192 TotalTime: 202.891839372 (REAL s)
Timesteps: 17 sat: false Time: 118.642454494 TotalTime: 321.53446461 (REAL s)
Timesteps: 18 sat: false Time: 153.050874487 TotalTime: 474.585669094 (REAL s)
Timesteps: 19 sat: true Time: 17.227582229 TotalTime: 491.813528653 (REAL s)

S 0              Snow             Reachable    
-----###-----    -------------    -------------
-####...####-    -----111-----    -----011-----
#...#.1.#...#    -111-1-1-111-    -111-101-011-
#.1.......1.#    -1-1111111-1-    -10111111101-
#...#.p.#...#    -111-111-111-    -011-011-111-
-####...####-    -----111-----    -----001-----
-----###-----    -------------    -------------

S 1              Snow             Reachable    
-----###-----    -------------    -------------
-####...####-    -----111-----    -----000-----
#...#.1.#...#    -111-1-1-111-    -000-000-000-
#.1......2q.#    -1-1111110-1-    -00000000011-
#...#...#...#    -111-111-111-    -000-000-000-
-####...####-    -----111-----    -----000-----
-----###-----    -------------    -------------

S 2              Snow             Reachable    
-----###-----    -------------    -------------
-####...####-    -----111-----    -----000-----
#...#.1.#...#    -111-1-1-111-    -000-000-011-
#.1.....4q'.#    -1-1111100-1-    -00000000111-
#...#...#...#    -111-111-111-    -000-000-010-
-####...####-    -----111-----    -----000-----
-----###-----    -------------    -------------

S 3              Snow             Reachable    
-----###-----    -------------    -------------
-####...####-    -----111-----    -----000-----
#...#.1.#...#    -111-1-1-111-    -000-000-001-
#.1....4q''.#    -1-1111000-1-    -00000001111-
#...#...#...#    -111-111-111-    -000-000-101-
-####...####-    -----111-----    -----000-----
-----###-----    -------------    -------------

S 4              Snow             Reachable    
-----###-----    -------------    -------------
-####...####-    -----111-----    -----001-----
#...#.1.#...#    -111-1-1-111-    -011-001-111-
#.1...4q'''.#    -1-1110000-1-    -00111011111-
#...#...#...#    -111-111-111-    -000-101-000-
-####...####-    -----111-----    -----111-----
-----###-----    -------------    -------------

S 5              Snow             Reachable    
-----###-----    -------------    -------------
-####...####-    -----111-----    -----111-----
#...#.1.#...#    -111-1-1-111-    -110-101-111-
#.q...4''''.#    -1-1110000-1-    -11111011111-
#.2.#...#...#    -101-111-111-    -000-111-111-
-####...####-    -----111-----    -----110-----
-----###-----    -------------    -------------

S 6              Snow             Reachable    
-----###-----    -------------    -------------
-####...####-    -----111-----    -----001-----
#...#.1.#...#    -111-1-1-111-    -000-001-011-
#.'..4q''''.#    -1-1100000-1-    -00000111111-
#.2.#...#...#    -101-111-111-    -000-001-011-
-####...####-    -----111-----    -----001-----
-----###-----    -------------    -------------

S 7              Snow             Reachable    
-----###-----    -------------    -------------
-####...####-    -----111-----    -----001-----
#...#.1.#...#    -111-1-1-111-    -000-001-000-
#.'.4q'''''.#    -1-1000000-1-    -00001011000-
#.2.#...#...#    -101-111-111-    -000-111-000-
-####...####-    -----111-----    -----001-----
-----###-----    -------------    -------------

S 8              Snow             Reachable    
-----###-----    -------------    -------------
-####...####-    -----111-----    -----001-----
#...#.1.#...#    -111-1-1-111-    -000-001-111-
#.'4q''''''.#    -1-0000000-1-    -00011111111-
#.2.#...#...#    -101-111-111-    -000-011-111-
-####...####-    -----111-----    -----011-----
-----###-----    -------------    -------------

S 9              Snow             Reachable    
-----###-----    -------------    -------------
-####...####-    -----111-----    -----001-----
#...#.1.#...#    -111-1-1-111-    -111-001-111-
#.4q'''''''.#    -1-0000000-1-    -10111111101-
#.2.#...#...#    -101-111-111-    -000-111-111-
-####...####-    -----111-----    -----111-----
-----###-----    -------------    -------------

S 10             Snow             Reachable    
-----###-----    -------------    -------------
-####...####-    -----111-----    -----000-----
#...#.1.#...#    -111-1-1-111-    -111-000-000-
#.q4'''''''.#    -1-0000000-1-    -11000000000-
#.2.#...#...#    -101-111-111-    -100-000-000-
-####...####-    -----111-----    -----000-----
-----###-----    -------------    -------------

S 11             Snow             Reachable    
-----###-----    -------------    -------------
-####...####-    -----111-----    -----001-----
#...#.1.#...#    -111-1-1-111-    -000-001-111-
#.'q'''''''.#    -1-0000000-1-    -11111011111-
#.24#...#...#    -100-111-111-    -100-111-111-
-####...####-    -----111-----    -----010-----
-----###-----    -------------    -------------

S 12             Snow             Reachable    
-----###-----    -------------    -------------
-####...####-    -----111-----    -----111-----
#...#.1.#...#    -111-1-1-111-    -111-101-111-
#.'''''''''.#    -1-0000000-1-    -10111111101-
#.q6#...#...#    -100-111-111-    -110-111-111-
-####...####-    -----111-----    -----101-----
-----###-----    -------------    -------------

S 13             Snow             Reachable    
-----###-----    -------------    -------------
-####...####-    -----111-----    -----111-----
#...#.q.#...#    -111-1-1-111-    -111-111-111-
#.''''1''''.#    -1-0000000-1-    -11111011101-
#.'6#...#...#    -100-111-111-    -110-111-111-
-####...####-    -----111-----    -----111-----
-----###-----    -------------    -------------

S 14             Snow             Reachable    
-----###-----    -------------    -------------
-####...####-    -----111-----    -----111-----
#...#.'.#...#    -111-1-1-111-    -000-001-001-
#.'''1q''''.#    -1-0000000-1-    -00000111111-
#.'6#...#...#    -100-111-111-    -000-011-100-
-####...####-    -----111-----    -----111-----
-----###-----    -------------    -------------

S 15             Snow             Reachable    
-----###-----    -------------    -------------
-####...####-    -----111-----    -----011-----
#...#.'.#...#    -111-1-1-111-    -000-011-111-
#.''1q'''''.#    -1-0000000-1-    -00001011101-
#.'6#...#...#    -100-111-111-    -000-111-000-
-####...####-    -----111-----    -----011-----
-----###-----    -------------    -------------

S 16             Snow             Reachable    
-----###-----    -------------    -------------
-####...####-    -----111-----    -----111-----
#...#.'.#...#    -111-1-1-111-    -000-011-111-
#.'1q''''''.#    -1-0000000-1-    -00011111101-
#.'6#...#...#    -100-111-111-    -000-011-011-
-####...####-    -----111-----    -----111-----
-----###-----    -------------    -------------

S 17             Snow             Reachable    
-----###-----    -------------    -------------
-####...####-    -----111-----    -----111-----
#...#.'.#...#    -111-1-1-111-    -111-001-111-
#.1q'''''''.#    -1-0000000-1-    -10111111111-
#.'6#...#...#    -100-111-111-    -000-011-001-
-####...####-    -----111-----    -----111-----
-----###-----    -------------    -------------

S 18             Snow             Reachable    
-----###-----    -------------    -------------
-####...####-    -----111-----    -----111-----
#...#.'.#...#    -111-1-1-111-    -111-111-000-
#.q''''''''.#    -1-0000000-1-    -11111011110-
#.16#...#...#    -100-111-111-    -100-000-111-
-####...####-    -----111-----    -----000-----
-----###-----    -------------    -------------

S 19             Snow             Reachable    
-----###-----    -------------    -------------
-####...####-    -----111-----    -----???-----
#...#.'.#...#    -111-1-1-111-    -???-???-???-
#.'''''''''.#    -1-0000000-1-    -???????????-
#.q7#...#...#    -100-111-111-    -???-???-???-
-####...####-    -----111-----    -----???-----
-----###-----    -------------    -------------

Solved: true
Time (CPU s): 488.73907
Valid: true
Actions: 64
    rurrurrdLLLLdllullulDrrrdrruLLLLulldRurDlldRurrruurDrdLLLLulDldR
Ball references from initial state:
    Ball (0): Location(Coordinate(2,3),SmallBall)
    Ball (1): Location(Coordinate(6,4),SmallBall)
    Ball (2): Location(Coordinate(10,3),SmallBall)
Ball Actions: 19
    L(2)L(2)L(2)L(2)D(0)L(2)L(2)L(2)L(2)R(2)D(2)R(0)D(1)L(1)L(1)L(1)L(1)D(1)R(1)
