Timesteps: 1 sat: false Time: 0.420436823 TotalTime: 0.42156163 (REAL s)
Timesteps: 2 sat: false Time: 0.183965741 TotalTime: 0.616377776 (REAL s)
Timesteps: 3 sat: false Time: 0.135656812 TotalTime: 0.752166528 (REAL s)
Timesteps: 4 sat: false Time: 0.202087036 TotalTime: 0.954457789 (REAL s)
Timesteps: 5 sat: false Time: 0.304632202 TotalTime: 1.259317884 (REAL s)
Timesteps: 6 sat: true Time: 0.330944044 TotalTime: 1.590394606 (REAL s)

S 0        Snow       Reachable
-#####-    -------    -------
#.....#    -11111-    -11111-
#.1.1'#    -1-1---    -10101-
#..p''#    -111---    -11111-
#.1'''#    -1-----    -10111-
#'''..#    ----11-    -01111-
-#####-    -------    -------

S 1        Snow       Reachable
-#####-    -------    -------
#.....#    -11111-    -11111-
#.1.1'#    -1-1---    -10001-
#.2.''#    -101---    -10101-
#.q'''#    -1-----    -11111-
#'''..#    ----11-    -10111-
-#####-    -------    -------

S 2        Snow       Reachable
-#####-    -------    -------
#.....#    -11111-    -11111-
#.1.q'#    -1-1---    -10111-
#.2.1'#    -101---    -10101-
#.''''#    -1-----    -11111-
#'''..#    ----11-    -10111-
-#####-    -------    -------

S 3        Snow       Reachable
-#####-    -------    -------
#.....#    -11111-    -11010-
#.q2''#    -1-0---    -11011-
#.2.1'#    -101---    -10101-
#.''''#    -1-----    -11111-
#'''..#    ----11-    -00111-
-#####-    -------    -------

S 4        Snow       Reachable
-#####-    -------    -------
#.....#    -11111-    -11111-
#.'2''#    -1-0---    -10011-
#.q41'#    -100---    -11001-
#.''''#    -1-----    -00111-
#'''..#    ----11-    -00111-
-#####-    -------    -------

S 5        Snow       Reachable
-#####-    -------    -------
#.....#    -11111-    -01111-
#.'q''#    -1-0---    -00111-
#.'61'#    -100---    -00001-
#.''''#    -1-----    -00001-
#'''..#    ----11-    -00011-
-#####-    -------    -------

S 6        Snow       Reachable
-#####-    -------    -------
#.....#    -11111-    -?????-
#.''''#    -1-0---    -?????-
#.'7q'#    -100---    -?????-
#.''''#    -1-----    -?????-
#'''..#    ----11-    -?????-
-#####-    -------    -------

Solved: true
Time (CPU s): 1.108433
Valid: true
Actions: 27
    ddlUruuurDlulldRldRuurDrrdL
Ball references from initial state:
    Ball (0): Location(Coordinate(2,2),SmallBall)
    Ball (1): Location(Coordinate(2,4),SmallBall)
    Ball (2): Location(Coordinate(4,4),SmallBall)
Ball Actions: 6
    U(0)D(2)R(1)R(0)D(1)L(2)
