Timesteps: 1 sat: false Time: 0.423969941 TotalTime: 0.424944381 (REAL s)
Timesteps: 2 sat: false Time: 0.148567567 TotalTime: 0.587553462 (REAL s)
Timesteps: 3 sat: false Time: 0.135639131 TotalTime: 0.723322376 (REAL s)
Timesteps: 4 sat: false Time: 0.201793428 TotalTime: 0.925230943 (REAL s)
Timesteps: 5 sat: false Time: 0.252686228 TotalTime: 1.178153888 (REAL s)
Timesteps: 6 sat: false Time: 0.163821634 TotalTime: 1.342154443 (REAL s)
Timesteps: 7 sat: true Time: 0.27540066 TotalTime: 1.617709554 (REAL s)

S 0        Snow       Reachable
---#---    -------    -------
-##4##-    -------    ---0---
#..1..#    -11-11-    -01011-
#..1..#    -11-11-    -01010-
#..p..#    -11111-    -01110-
-#####-    -------    -------

S 1        Snow       Reachable
---#---    -------    -------
-##4##-    -------    ---0---
#..q2.#    -11-01-    -11101-
#..1..#    -11-11-    -10011-
#.....#    -11111-    -11111-
-#####-    -------    -------

S 2        Snow       Reachable
---#---    -------    -------
-##4##-    -------    ---0---
#..2q.#    -11-01-    -00010-
#..1..#    -11-11-    -01010-
#.....#    -11111-    -11111-
-#####-    -------    -------

S 3        Snow       Reachable
---#---    -------    -------
-##4##-    -------    ---0---
#..3'.#    -11-01-    -11000-
#..q..#    -11-11-    -11100-
#.....#    -11111-    -10000-
-#####-    -------    -------

S 4        Snow       Reachable
---#---    -------    -------
-##4##-    -------    ---0---
#.p21.#    -11-01-    -11001-
#..'..#    -11-11-    -11101-
#.....#    -11111-    -11111-
-#####-    -------    -------

S 5        Snow       Reachable
---#---    -------    -------
-##6##-    -------    ---0---
#..q1.#    -11-01-    -10101-
#..'..#    -11-11-    -11101-
#.....#    -11111-    -11111-
-#####-    -------    -------

S 6        Snow       Reachable
---#---    -------    -------
-##6##-    -------    ---0---
#..1q.#    -11-01-    -00010-
#..'..#    -11-11-    -01110-
#.....#    -11111-    -00111-
-#####-    -------    -------

S 7        Snow       Reachable
---#---    -------    -------
-##7##-    -------    ---?---
#..q'.#    -11-01-    -?????-
#..'..#    -11-11-    -?????-
#.....#    -11111-    -?????-
-#####-    -------    -------

Solved: true
Time (CPU s): 1.1116033
Valid: true
Actions: 31
    luuRlddrruruLddlUluRdrUdrruLdlU
Ball references from initial state:
    Ball (0): Location(Coordinate(3,2),SmallBall)
    Ball (1): Location(Coordinate(3,3),SmallBall)
    Ball (2): Location(Coordinate(3,4),LargeBall)
Ball Actions: 7
    R(1)L(1)U(0)R(0)U(1)L(0)U(0)
