Timesteps: 1 sat: false Time: 0.309394653 TotalTime: 0.310457528 (REAL s)
Timesteps: 2 sat: false Time: 0.168248401 TotalTime: 0.490366194 (REAL s)
Timesteps: 3 sat: false Time: 0.151302201 TotalTime: 0.641808468 (REAL s)
Timesteps: 4 sat: false Time: 0.14119575 TotalTime: 0.783129449 (REAL s)
Timesteps: 5 sat: false Time: 0.184591295 TotalTime: 0.967933605 (REAL s)
Timesteps: 6 sat: false Time: 0.263922112 TotalTime: 1.231978939 (REAL s)
Timesteps: 7 sat: false Time: 0.296918258 TotalTime: 1.529023872 (REAL s)
Timesteps: 8 sat: false Time: 0.365507672 TotalTime: 1.894704219 (REAL s)
Timesteps: 9 sat: false Time: 0.537637234 TotalTime: 2.432579181 (REAL s)
Timesteps: 10 sat: true Time: 0.722786055 TotalTime: 3.155453604 (REAL s)

S 0          Snow         Reachable
-##-####-    ---------    ---------
#''#'''.#    -------1-    -01-0000-
#q'1'22.#    -------1-    -1100000-
#''#'''.#    -------1-    -01-0000-
-##-####-    ---------    ---------

S 1          Snow         Reachable
-##-####-    ---------    ---------
#''#'''.#    -------1-    -00-0000-
#''q122.#    -------1-    -0110000-
#''#'''.#    -------1-    -00-0000-
-##-####-    ---------    ---------

S 2          Snow         Reachable
-##-####-    ---------    ---------
#''#'''.#    -------1-    -00-1111-
#'''q32.#    -------1-    -0001001-
#''#'''.#    -------1-    -00-0111-
-##-####-    ---------    ---------

S 3          Snow         Reachable
-##-####-    ---------    ---------
#''#'''.#    -------1-    -11-1110-
#''''3q.#    -------1-    -0111010-
#''#''2.#    -------1-    -11-1100-
-##-####-    ---------    ---------

S 4          Snow         Reachable
-##-####-    ---------    ---------
#''#'''.#    -------1-    -00-1111-
#'''q21.#    -------1-    -0111001-
#''#''2.#    -------1-    -00-1100-
-##-####-    ---------    ---------

S 5          Snow         Reachable
-##-####-    ---------    ---------
#''#'''.#    -------1-    -11-1111-
#''''21.#    -------1-    -1111001-
#''#''q4#    -------0-    -00-1110-
-##-####-    ---------    ---------

S 6          Snow         Reachable
-##-####-    ---------    ---------
#''#'''.#    -------1-    -11-1111-
#''''q1.#    -------1-    -0111101-
#''#'2'4#    -------0-    -11-1000-
-##-####-    ---------    ---------

S 7          Snow         Reachable
-##-####-    ---------    ---------
#''#'''.#    -------1-    -11-1111-
#'''''1.#    -------1-    -1111100-
#''#'q24#    -------0-    -11-1100-
-##-####-    ---------    ---------

S 8          Snow         Reachable
-##-####-    ---------    ---------
#''#'''.#    -------1-    -10-1111-
#'''''1.#    -------1-    -1111101-
#''#''q6#    -------0-    -10-0110-
-##-####-    ---------    ---------

S 9          Snow         Reachable
-##-####-    ---------    ---------
#''#'''.#    -------1-    -11-0111-
#'''''q.#    -------1-    -1111110-
#''#''16#    -------0-    -10-1100-
-##-####-    ---------    ---------

S 10         Snow         Reachable
-##-####-    ---------    ---------
#''#'''.#    -------1-    -??-????-
#''''''.#    -------1-    -???????-
#''#''q7#    -------0-    -??-????-
-##-####-    ---------    ---------

Solved: true
Time (CPU s): 2.6119983
Valid: true
Actions: 33
    rRRurrDulldRdrRlluurDldRRluurDldR
Ball references from initial state:
    Ball (0): Location(Coordinate(3,2),SmallBall)
    Ball (1): Location(Coordinate(5,2),MediumBall)
    Ball (2): Location(Coordinate(6,2),MediumBall)
Ball Actions: 10
    R(0)R(0)D(2)R(0)R(2)D(1)R(1)R(1)D(0)R(0)
