Timesteps: 1 sat: false Time: 0.425655314 TotalTime: 0.426646196 (REAL s)
Timesteps: 2 sat: false Time: 0.213975075 TotalTime: 0.701118631 (REAL s)
Timesteps: 3 sat: false Time: 0.26093199 TotalTime: 0.96218892 (REAL s)
Timesteps: 4 sat: false Time: 0.193846385 TotalTime: 1.156262652 (REAL s)
Timesteps: 5 sat: false Time: 0.286019396 TotalTime: 1.442492157 (REAL s)
Timesteps: 6 sat: false Time: 0.353808626 TotalTime: 1.796433497 (REAL s)
Timesteps: 7 sat: true Time: 0.954703841 TotalTime: 2.751301534 (REAL s)

S 0          Snow         Reachable
-#######-    ---------    ---------
#.......#    -1111111-    -0001100-
#.....1.#    -11111-1-    -1111100-
#.1.....#    -1-11111-    -1011111-
#.....1.#    -11111-1-    -0111101-
#...p...#    -1111111-    -0001111-
-#######-    ---------    ---------

S 1          Snow         Reachable
-#######-    ---------    ---------
#.......#    -1111111-    -0110000-
#.....1.#    -11111-1-    -1100000-
#.q2....#    -1-01111-    -1100000-
#.....1.#    -11111-1-    -0111001-
#.......#    -1111111-    -1111111-
-#######-    ---------    ---------

S 2          Snow         Reachable
-#######-    ---------    ---------
#.......#    -1111111-    -0111111-
#.....1.#    -11111-1-    -0111001-
#.'q4...#    -1-00111-    -1110001-
#.....1.#    -11111-1-    -1100000-
#.......#    -1111111-    -1111100-
-#######-    ---------    ---------

S 3          Snow         Reachable
-#######-    ---------    ---------
#.......#    -1111111-    -0111111-
#.....1.#    -11111-1-    -0110001-
#.''q4..#    -1-00011-    -1111001-
#.....1.#    -11111-1-    -1110101-
#.......#    -1111111-    -0111111-
-#######-    ---------    ---------

S 4          Snow         Reachable
-#######-    ---------    ---------
#.......#    -1111111-    -0000001-
#.....1.#    -11111-1-    -0000001-
#.'''42.#    -1-00001-    -0000001-
#.....q.#    -11111-1-    -0001111-
#.......#    -1111111-    -0001111-
-#######-    ---------    ---------

S 5          Snow         Reachable
-#######-    ---------    ---------
#.......#    -1111111-    -0111111-
#.....1.#    -11111-1-    -1111101-
#.'''6q.#    -1-00001-    -1011011-
#.....'.#    -11111-1-    -1111111-
#.......#    -1111111-    -1111111-
-#######-    ---------    ---------

S 6          Snow         Reachable
-#######-    ---------    ---------
#.......#    -1111111-    -0001111-
#.....q.#    -11111-1-    -1111011-
#.'''61.#    -1-00001-    -0010001-
#.....'.#    -11111-1-    -0010111-
#.......#    -1111111-    -0000100-
-#######-    ---------    ---------

S 7          Snow         Reachable
-#######-    ---------    ---------
#.......#    -1111111-    -???????-
#.....'.#    -11111-1-    -???????-
#.'''7q.#    -1-00001-    -???????-
#.....'.#    -11111-1-    -???????-
#.......#    -1111111-    -???????-
-#######-    ---------    ---------

Solved: true
Time (CPU s): 2.2535071
Valid: true
Actions: 24
    lluluRRRdrdrUruLruulDrdL
Ball references from initial state:
    Ball (0): Location(Coordinate(2,3),SmallBall)
    Ball (1): Location(Coordinate(6,2),SmallBall)
    Ball (2): Location(Coordinate(6,4),SmallBall)
Ball Actions: 7
    R(0)R(0)R(0)U(1)L(1)D(2)L(2)
