Timesteps: 1 sat: false Time: 0.412708334 TotalTime: 0.413631895 (REAL s)
Timesteps: 2 sat: false Time: 0.161629999 TotalTime: 0.588254393 (REAL s)
Timesteps: 3 sat: false Time: 0.150214104 TotalTime: 0.738638951 (REAL s)
Timesteps: 4 sat: false Time: 0.158648924 TotalTime: 0.897416738 (REAL s)
Timesteps: 5 sat: false Time: 0.241189279 TotalTime: 1.138893667 (REAL s)
Timesteps: 6 sat: false Time: 0.247489158 TotalTime: 1.386516643 (REAL s)
Timesteps: 7 sat: false Time: 0.284048012 TotalTime: 1.670733149 (REAL s)
Timesteps: 8 sat: false Time: 0.666151951 TotalTime: 2.337026572 (REAL s)
Timesteps: 9 sat: false Time: 1.203826035 TotalTime: 3.540967677 (REAL s)
Timesteps: 10 sat: false Time: 0.961634771 TotalTime: 4.502695609 (REAL s)
Timesteps: 11 sat: false Time: 2.401825682 TotalTime: 6.904832964 (REAL s)
Timesteps: 12 sat: false Time: 2.928765494 TotalTime: 9.833768156 (REAL s)
Timesteps: 13 sat: true Time: 1.315943723 TotalTime: 11.149797846 (REAL s)

S 0        Snow       Reachable
----##-    -------    -------
-###..#    ----11-    ----01-
#''1..#    ----11-    -00011-
#''1.p#    ----11-    -00011-
#''1..#    ----11-    -00010-
-###..#    ----11-    ----00-
----##-    -------    -------

S 1        Snow       Reachable
----##-    -------    -------
-###..#    ----11-    ----11-
#''1..#    ----11-    -00011-
#'1q..#    ----11-    -00111-
#''1..#    ----11-    -00011-
-###..#    ----11-    ----11-
----##-    -------    -------

S 2        Snow       Reachable
----##-    -------    -------
-###..#    ----11-    ----11-
#''1..#    ----11-    -00001-
#1q'..#    ----11-    -01111-
#''1..#    ----11-    -01011-
-###..#    ----11-    ----11-
----##-    -------    -------

S 3        Snow       Reachable
----##-    -------    -------
-###..#    ----11-    ----11-
#''1..#    ----11-    -11011-
#1''..#    ----11-    -01111-
#''q2.#    ----01-    -11101-
-###..#    ----11-    ----11-
----##-    -------    -------

S 4        Snow       Reachable
----##-    -------    -------
-###..#    ----11-    ----11-
#''1..#    ----11-    -00011-
#1''4.#    ----01-    -00001-
#'''q.#    ----01-    -00011-
-###..#    ----11-    ----11-
----##-    -------    -------

S 5        Snow       Reachable
----##-    -------    -------
-###..#    ----11-    ----00-
#''1..#    ----11-    -01001-
#1'4q.#    ----01-    -01011-
#''''.#    ----01-    -11111-
-###..#    ----11-    ----00-
----##-    -------    -------

S 6        Snow       Reachable
----##-    -------    -------
-###..#    ----11-    ----11-
#''q2.#    ----01-    -11101-
#1'4'.#    ----01-    -01011-
#''''.#    ----01-    -11111-
-###..#    ----11-    ----01-
----##-    -------    -------

S 7        Snow       Reachable
----##-    -------    -------
-###..#    ----11-    ----00-
#'''2.#    ----01-    -00000-
#14q'.#    ----01-    -00111-
#''''.#    ----01-    -11111-
-###..#    ----11-    ----11-
----##-    -------    -------

S 8        Snow       Reachable
----##-    -------    -------
-###..#    ----11-    ----00-
#'4'2.#    ----01-    -00100-
#1q''.#    ----01-    -01100-
#''''.#    ----01-    -00000-
-###..#    ----11-    ----00-
----##-    -------    -------

S 9        Snow       Reachable
----##-    -------    -------
-###..#    ----11-    ----11-
#4q'2.#    ----01-    -01001-
#1'''.#    ----01-    -01011-
#''''.#    ----01-    -01110-
-###..#    ----11-    ----11-
----##-    -------    -------

S 10       Snow       Reachable
----##-    -------    -------
-###..#    ----11-    ----10-
#4'2q.#    ----01-    -00011-
#1'''.#    ----01-    -01110-
#''''.#    ----01-    -00111-
-###..#    ----11-    ----11-
----##-    -------    -------

S 11       Snow       Reachable
----##-    -------    -------
-###..#    ----11-    ----00-
#42q'.#    ----01-    -00111-
#1'''.#    ----01-    -00011-
#''''.#    ----01-    -11110-
-###..#    ----11-    ----11-
----##-    -------    -------

S 12       Snow       Reachable
----##-    -------    -------
-###..#    ----11-    ----00-
#6q''.#    ----01-    -01111-
#1'''.#    ----01-    -00101-
#''''.#    ----01-    -11101-
-###..#    ----11-    ----01-
----##-    -------    -------

S 13       Snow       Reachable
----##-    -------    -------
-###..#    ----11-    ----??-
#7'''.#    ----01-    -?????-
#q'''.#    ----01-    -?????-
#''''.#    ----01-    -?????-
-###..#    ----11-    ----??-
----##-    -------    -------

Solved: true
Time (CPU s): 10.431778
Valid: true
Actions: 46
    lLLdRurrddlUruLdlluuRlddrruLdlUruLrdrruLLLddlU
Ball references from initial state:
    Ball (0): Location(Coordinate(3,2),SmallBall)
    Ball (1): Location(Coordinate(3,3),SmallBall)
    Ball (2): Location(Coordinate(3,4),SmallBall)
Ball Actions: 13
    L(1)L(1)R(0)U(0)L(0)R(2)L(0)U(0)L(0)L(2)L(2)L(2)U(1)
