Timesteps: 1 sat: false Time: 0.425251054 TotalTime: 0.42599866 (REAL s)
Timesteps: 2 sat: false Time: 0.151658224 TotalTime: 0.623944225 (REAL s)
Timesteps: 3 sat: false Time: 0.163852801 TotalTime: 0.787984603 (REAL s)
Timesteps: 4 sat: false Time: 0.224169232 TotalTime: 1.012286373 (REAL s)
Timesteps: 5 sat: false Time: 0.35030631 TotalTime: 1.362845005 (REAL s)
Timesteps: 6 sat: false Time: 0.460692857 TotalTime: 1.823666449 (REAL s)
Timesteps: 7 sat: false Time: 0.813461112 TotalTime: 2.637210038 (REAL s)
Timesteps: 8 sat: false Time: 1.122513341 TotalTime: 3.759830051 (REAL s)
Timesteps: 9 sat: false Time: 2.851256809 TotalTime: 6.611226107 (REAL s)
Timesteps: 10 sat: false Time: 3.709543951 TotalTime: 10.32101841 (REAL s)
Timesteps: 11 sat: true Time: 2.033926264 TotalTime: 12.35514506 (REAL s)

S 0          Snow         Reachable
-#######-    ---------    ---------
#'''''''#    ---------    -0001111-
#'#...#'#    ---111---    -0-111-1-
#'#111#'#    ---------    -0-000-1-
#'''q'''#    ---------    -0011111-
-#######-    ---------    ---------

S 1          Snow         Reachable
-#######-    ---------    ---------
#'''''''#    ---------    -1111111-
#'#.2.#'#    ---101---    -1-101-1-
#'#1q1#'#    ---------    -1-010-1-
#'''''''#    ---------    -1111011-
-#######-    ---------    ---------

S 2          Snow         Reachable
-#######-    ---------    ---------
#'''''''#    ---------    -1101111-
#'#.q4#'#    ---100---    -1-010-1-
#'#1'1#'#    ---------    -1-000-1-
#'''''''#    ---------    -1111111-
-#######-    ---------    ---------

S 3          Snow         Reachable
-#######-    ---------    ---------
#'''''''#    ---------    -1110011-
#'#.'5#'#    ---100---    -1-000-1-
#'#1'q#'#    ---------    -1-001-1-
#'''''''#    ---------    -1111111-
-#######-    ---------    ---------

S 4          Snow         Reachable
-#######-    ---------    ---------
#''''1''#    ---------    -1111001-
#'#.'4#'#    ---100---    -1-000-1-
#'#1'q#'#    ---------    -1-011-1-
#'''''''#    ---------    -1111111-
-#######-    ---------    ---------

S 5          Snow         Reachable
-#######-    ---------    ---------
#''''1''#    ---------    -1101000-
#'#2'4#'#    ---000---    -1-010-0-
#'#q''#'#    ---------    -1-110-0-
#'''''''#    ---------    -1111111-
-#######-    ---------    ---------

S 6          Snow         Reachable
-#######-    ---------    ---------
#''''q1'#    ---------    -1111101-
#'#2'4#'#    ---000---    -1-010-1-
#'#'''#'#    ---------    -1-111-1-
#'''''''#    ---------    -1111111-
-#######-    ---------    ---------

S 7          Snow         Reachable
-#######-    ---------    ---------
#''''41'#    ---------    -1100000-
#'#2'q#'#    ---000---    -1-001-1-
#'#'''#'#    ---------    -1-111-1-
#'''''''#    ---------    -1110111-
-#######-    ---------    ---------

S 8          Snow         Reachable
-#######-    ---------    ---------
#''2'41'#    ---------    -1101000-
#'#q''#'#    ---000---    -1-111-1-
#'#'''#'#    ---------    -1-111-1-
#'''''''#    ---------    -1110111-
-#######-    ---------    ---------

S 9          Snow         Reachable
-#######-    ---------    ---------
#''q241'#    ---------    -1110000-
#'#'''#'#    ---000---    -1-100-1-
#'#'''#'#    ---------    -1-011-1-
#'''''''#    ---------    -1111111-
-#######-    ---------    ---------

S 10         Snow         Reachable
-#######-    ---------    ---------
#'''q61'#    ---------    -1111001-
#'#'''#'#    ---000---    -1-111-1-
#'#'''#'#    ---------    -1-011-1-
#'''''''#    ---------    -1111111-
-#######-    ---------    ---------

S 11         Snow         Reachable
-#######-    ---------    ---------
#''''7q'#    ---------    -???????-
#'#'''#'#    ---000---    -?-???-?-
#'#'''#'#    ---------    -?-???-?-
#'''''''#    ---------    -???????-
-#######-    ---------    ---------

Solved: true
Time (CPU s): 11.44679
Valid: true
Actions: 54
    UdllluuurrdRddrUUldlUruuRlddrUldlUddlluuurRRdrddrruuuL
Ball references from initial state:
    Ball (0): Location(Coordinate(3,2),SmallBall)
    Ball (1): Location(Coordinate(4,2),SmallBall)
    Ball (2): Location(Coordinate(5,2),SmallBall)
Ball Actions: 11
    U(1)R(1)U(2)U(2)U(0)R(2)U(1)U(0)R(0)R(0)L(2)
