Timesteps: 1 sat: false Time: 0.463338237 TotalTime: 0.464284812 (REAL s)
Timesteps: 2 sat: false Time: 0.185593831 TotalTime: 0.658527503 (REAL s)
Timesteps: 3 sat: false Time: 0.176690902 TotalTime: 0.835472347 (REAL s)
Timesteps: 4 sat: false Time: 0.31117665 TotalTime: 1.146842544 (REAL s)
Timesteps: 5 sat: false Time: 0.297098957 TotalTime: 1.444178717 (REAL s)
Timesteps: 6 sat: false Time: 0.204847346 TotalTime: 1.649199553 (REAL s)
Timesteps: 7 sat: false Time: 0.311993578 TotalTime: 1.961382339 (REAL s)
Timesteps: 8 sat: false Time: 0.481667271 TotalTime: 2.443170118 (REAL s)
Timesteps: 9 sat: false Time: 0.532870854 TotalTime: 2.976146992 (REAL s)
Timesteps: 10 sat: false Time: 1.244893702 TotalTime: 4.221229147 (REAL s)
Timesteps: 11 sat: false Time: 3.087556372 TotalTime: 7.30896869 (REAL s)
Timesteps: 12 sat: false Time: 56.435768427 TotalTime: 63.745048672 (REAL s)
Timesteps: 13 sat: false Time: 61.055335305 TotalTime: 124.800557511 (REAL s)
Timesteps: 14 sat: false Time: 165.860879742 TotalTime: 290.661684102 (REAL s)
Timesteps: 15 sat: false Time: 413.971255861 TotalTime: 704.633129017 (REAL s)
Timesteps: 16 sat: true Time: 83.230598955 TotalTime: 787.863992123 (REAL s)

S 0        Snow       Reachable
--####-    -------    -------
-#''''#    -------    --1111-
#4'11'#    -------    -01001-
#q...#-    --111--    -1111--
#4'11'#    -------    -01001-
-#''''#    -------    --1111-
--####-    -------    -------

S 1        Snow       Reachable
--####-    -------    -------
-#''''#    -------    --1111-
#4'q1'#    -------    -01101-
#'.2.#-    --101--    -0100--
#4'11'#    -------    -01001-
-#''''#    -------    --1111-
--####-    -------    -------

S 2        Snow       Reachable
--####-    -------    -------
-#''''#    -------    --1111-
#4''1'#    -------    -01000-
#'.3.#-    --101--    -0100--
#4'q1'#    -------    -01101-
-#''''#    -------    --1111-
--####-    -------    -------

S 3        Snow       Reachable
--####-    -------    -------
-#''''#    -------    --0000-
#4''1'#    -------    -00000-
#'.3.#-    --101--    -0001--
#4'1q'#    -------    -01011-
-#''''#    -------    --1111-
--####-    -------    -------

S 4        Snow       Reachable
--####-    -------    -------
-#''''#    -------    --0000-
#4''1'#    -------    -00000-
#'22p#-    --001--    -0001--
#4'1''#    -------    -01011-
-#''''#    -------    --1111-
--####-    -------    -------

S 5        Snow       Reachable
--####-    -------    -------
-#''''#    -------    --0000-
#42'1'#    -------    -00000-
#'q2.#-    --001--    -0101--
#4'1''#    -------    -01010-
-#''''#    -------    --1111-
--####-    -------    -------

S 6        Snow       Reachable
--####-    -------    -------
-#''''#    -------    --1110-
#42'1'#    -------    -00100-
#'2q.#-    --001--    -0011--
#4'1''#    -------    -01011-
-#''''#    -------    --1111-
--####-    -------    -------

S 7        Snow       Reachable
--####-    -------    -------
-#''''#    -------    --0000-
#6q'1'#    -------    -01000-
#'2'.#-    --001--    -0000--
#4'1''#    -------    -00000-
-#''''#    -------    --0000-
--####-    -------    -------

S 8        Snow       Reachable
--####-    -------    -------
-#''''#    -------    --0100-
#6''1'#    -------    -00100-
#'q'.#-    --001--    -0111--
#421''#    -------    -00011-
-#''''#    -------    --0111-
--####-    -------    -------

S 9        Snow       Reachable
--####-    -------    -------
-#''''#    -------    --1111-
#6''1'#    -------    -00100-
#'''.#-    --001--    -0110--
#43q''#    -------    -00110-
-#''''#    -------    --1110-
--####-    -------    -------

S 10       Snow       Reachable
--####-    -------    -------
-#''''#    -------    --1111-
#6''1'#    -------    -01101-
#'1'.#-    --001--    -0010--
#42'''#    -------    -00100-
-#q'''#    -------    --1100-
--####-    -------    -------

S 11       Snow       Reachable
--####-    -------    -------
-#''''#    -------    --0011-
#6'1q'#    -------    -00011-
#'1'.#-    --001--    -0001--
#42'''#    -------    -00011-
-#''''#    -------    --0011-
--####-    -------    -------

S 12       Snow       Reachable
--####-    -------    -------
-#''''#    -------    --1111-
#61q''#    -------    -00111-
#'1'.#-    --001--    -0011--
#42'''#    -------    -00011-
-#''''#    -------    --0111-
--####-    -------    -------

S 13       Snow       Reachable
--####-    -------    -------
-#''''#    -------    --0111-
#7q'''#    -------    -01101-
#'1'.#-    --001--    -0011--
#42'''#    -------    -00101-
-#''''#    -------    --0111-
--####-    -------    -------

S 14       Snow       Reachable
--####-    -------    -------
-#''''#    -------    --1011-
#7''''#    -------    -01111-
#'1'.#-    --001--    -0011--
#6q'''#    -------    -01111-
-#''''#    -------    --1101-
--####-    -------    -------

S 15       Snow       Reachable
--####-    -------    -------
-#''''#    -------    --1110-
#7''''#    -------    -01110-
#'q'.#-    --001--    -0111--
#61'''#    -------    -00111-
-#''''#    -------    --1111-
--####-    -------    -------

S 16       Snow       Reachable
--####-    -------    -------
-#''''#    -------    --????-
#7''''#    -------    -?????-
#'''.#-    --001--    -????--
#7q'''#    -------    -?????-
-#''''#    -------    --????-
--####-    -------    -------

Solved: true
Time (CPU s): 783.71375
Valid: true
Actions: 64
    ruurDldddrUdrruLuLddlluUddrruuLuLDrrdLdlUruuuurrdLLLrddLruulDrdL
Ball references from initial state:
    Ball (0): Location(Coordinate(1,2),LargeBall)
    Ball (1): Location(Coordinate(1,4),LargeBall)
    Ball (2): Location(Coordinate(3,2),SmallBall)
    Ball (3): Location(Coordinate(3,4),SmallBall)
    Ball (4): Location(Coordinate(4,2),SmallBall)
    Ball (5): Location(Coordinate(4,4),SmallBall)
Ball Actions: 16
    D(3)U(2)L(4)L(2)U(2)L(3)L(2)D(3)L(4)U(4)L(5)L(5)L(5)L(3)D(4)L(4)
