Timesteps: 1 sat: false Time: 0.503255937 TotalTime: 0.504266865 (REAL s)
Timesteps: 2 sat: false Time: 0.185463302 TotalTime: 0.692533873 (REAL s)
Timesteps: 3 sat: false Time: 0.174073745 TotalTime: 0.866747497 (REAL s)
Timesteps: 4 sat: false Time: 0.231645123 TotalTime: 1.098723747 (REAL s)
Timesteps: 5 sat: false Time: 0.228191804 TotalTime: 1.327064262 (REAL s)
Timesteps: 6 sat: false Time: 0.279889818 TotalTime: 1.60718437 (REAL s)
Timesteps: 7 sat: false Time: 0.357625949 TotalTime: 1.96493588 (REAL s)
Timesteps: 8 sat: false Time: 0.466208311 TotalTime: 2.431270628 (REAL s)
Timesteps: 9 sat: false Time: 0.730340298 TotalTime: 3.161715166 (REAL s)
Timesteps: 10 sat: false Time: 1.512148164 TotalTime: 4.674112182 (REAL s)
Timesteps: 11 sat: false Time: 1.730339599 TotalTime: 6.404543564 (REAL s)
Timesteps: 12 sat: false Time: 2.97093058 TotalTime: 9.375746902 (REAL s)
Timesteps: 13 sat: true Time: 5.63105294 TotalTime: 15.00689504 (REAL s)

S 0              Snow             Reachable    
---#######---    -------------    -------------
-##...1...##-    ---111-111---    ---1110111---
#...#...#...#    -111-111-111-    -011-111-111-
#..1..p..1..#    -11-11111-11-    -01011111010-
#...#...#...#    -111-111-111-    -011-001-111-
-###-###-###-    -------------    -------------

S 1              Snow             Reachable    
---#######---    -------------    -------------
-##...1...##-    ---111-111---    ---1110111---
#...#...#...#    -111-111-111-    -111-111-110-
#..q2....1..#    -11-01111-11-    -11101011011-
#...#...#...#    -111-111-111-    -110-111-010-
-###-###-###-    -------------    -------------

S 2              Snow             Reachable    
---#######---    -------------    -------------
-##...1...##-    ---111-111---    ---1110111---
#...#...#...#    -111-111-111-    -111-111-101-
#..'2...2q..#    -11-01110-11-    -11000010111-
#...#...#...#    -111-111-111-    -111-111-111-
-###-###-###-    -------------    -------------

S 3              Snow             Reachable    
---#######---    -------------    -------------
-##...1...##-    ---111-111---    ---1110111---
#...#...#...#    -111-111-111-    -011-111-111-
#..'2..4q'..#    -11-01100-11-    -00101001101-
#...#...#...#    -111-111-111-    -001-000-111-
-###-###-###-    -------------    -------------

S 4              Snow             Reachable    
---#######---    -------------    -------------
-##...1...##-    ---111-111---    ---1110011---
#...#...#...#    -111-111-111-    -111-111-111-
#..'2.4q''..#    -11-01000-11-    -11101011111-
#...#...#...#    -111-111-111-    -111-101-110-
-###-###-###-    -------------    -------------

S 5              Snow             Reachable    
---#######---    -------------    -------------
-##...1...##-    ---111-111---    ---1110111---
#...#...#...#    -111-111-111-    -111-111-000-
#..'24q'''..#    -11-00000-11-    -11100100000-
#...#...#...#    -111-111-111-    -111-011-000-
-###-###-###-    -------------    -------------

S 6              Snow             Reachable    
---#######---    -------------    -------------
-##...1...##-    ---111-111---    ---1110111---
#...#...#...#    -111-111-111-    -111-111-111-
#..'q6''''..#    -11-00000-11-    -10110111111-
#...#...#...#    -111-111-111-    -101-011-111-
-###-###-###-    -------------    -------------

S 7              Snow             Reachable    
---#######---    -------------    -------------
-##...1...##-    ---111-111---    ---1110111---
#...#...#...#    -111-111-111-    -001-111-110-
#..'q42'''..#    -11-00000-11-    -00110011000-
#...#...#...#    -111-111-111-    -000-111-000-
-###-###-###-    -------------    -------------

S 8              Snow             Reachable    
---#######---    -------------    -------------
-##...1...##-    ---111-111---    ---0000111---
#...#4..#...#    -111-011-111-    -000-011-111-
#..''q2'''..#    -11-00000-11-    -00001010010-
#...#...#...#    -111-111-111-    -000-111-000-
-###-###-###-    -------------    -------------

S 9              Snow             Reachable    
---#######---    -------------    -------------
-##..41...##-    ---110-111---    ---0000111---
#...#q..#...#    -111-011-111-    -111-111-111-
#..'''2'''..#    -11-00000-11-    -10111011111-
#...#...#...#    -111-111-111-    -111-101-111-
-###-###-###-    -------------    -------------

S 10             Snow             Reachable    
---#######---    -------------    -------------
-##..41...##-    ---110-111---    ---0000111---
#...#'..#...#    -111-011-111-    -000-111-111-
#..''2q'''..#    -11-00000-11-    -00000111101-
#...#...#...#    -111-111-111-    -000-111-111-
-###-###-###-    -------------    -------------

S 11             Snow             Reachable    
---#######---    -------------    -------------
-##..41...##-    ---110-111---    ---1000110---
#...#2..#...#    -111-011-111-    -011-001-111-
#..''q''''..#    -11-00000-11-    -00111011101-
#...#...#...#    -111-111-111-    -011-111-110-
-###-###-###-    -------------    -------------

S 12             Snow             Reachable    
---#######---    -------------    -------------
-##..61...##-    ---110-111---    ---1000110---
#...#q..#...#    -111-011-111-    -001-101-000-
#..'''''''..#    -11-00000-11-    -11111110000-
#...#...#...#    -111-111-111-    -000-110-000-
-###-###-###-    -------------    -------------

S 13             Snow             Reachable    
---#######---    -------------    -------------
-##..7q...##-    ---110-111---    ---???????---
#...#'..#...#    -111-011-111-    -???-???-???-
#..'''''''..#    -11-00000-11-    -???????????-
#...#...#...#    -111-111-111-    -???-???-???-
-###-###-###-    -------------    -------------

Solved: true
Time (CPU s): 14.214857
Valid: true
Actions: 61
    luulldldRuurrdrrurrdrdLLLLulullddRRluurrdrrddllUUrrdLdlUUrruL
Ball references from initial state:
    Ball (0): Location(Coordinate(3,2),SmallBall)
    Ball (1): Location(Coordinate(6,4),SmallBall)
    Ball (2): Location(Coordinate(9,2),SmallBall)
Ball Actions: 13
    R(0)L(2)L(2)L(2)L(2)R(0)R(0)U(2)U(2)L(0)U(0)U(0)L(1)
