Timesteps: 1 sat: false Time: 0.422252328 TotalTime: 0.423344529 (REAL s)
Timesteps: 2 sat: false Time: 0.186776258 TotalTime: 0.626571021 (REAL s)
Timesteps: 3 sat: false Time: 0.157103284 TotalTime: 0.783828364 (REAL s)
Timesteps: 4 sat: false Time: 0.192628843 TotalTime: 0.976710695 (REAL s)
Timesteps: 5 sat: false Time: 0.229716537 TotalTime: 1.20668406 (REAL s)
Timesteps: 6 sat: false Time: 0.314864264 TotalTime: 1.521772221 (REAL s)
Timesteps: 7 sat: false Time: 0.407724612 TotalTime: 1.929647168 (REAL s)
Timesteps: 8 sat: false Time: 1.02414958 TotalTime: 2.953907391 (REAL s)
Timesteps: 9 sat: false Time: 1.575474609 TotalTime: 4.530053458 (REAL s)
Timesteps: 10 sat: true Time: 1.628126743 TotalTime: 6.158295254 (REAL s)

S 0          Snow         Reachable
-#######-    ---------    ---------
#.......#    -1111111-    -0011111-
#...4...#    -111-111-    -1110111-
#.1###1.#    -1-----1-    -10---01-
#...p...#    -1111111-    -0111111-
-#######-    ---------    ---------

S 1          Snow         Reachable
-#######-    ---------    ---------
#.......#    -1111111-    -1111111-
#...q4..#    -111-011-    -1001010-
#.1###1.#    -1-----1-    -10---00-
#.......#    -1111111-    -1111100-
-#######-    ---------    ---------

S 2          Snow         Reachable
-#######-    ---------    ---------
#.......#    -1111111-    -1111110-
#...4q..#    -111-011-    -1010111-
#.1###1.#    -1-----1-    -10---01-
#.......#    -1111111-    -1000011-
-#######-    ---------    ---------

S 3          Snow         Reachable
-#######-    ---------    ---------
#.......#    -1111111-    -0011111-
#...4'2.#    -111-001-    -0110101-
#.1###q.#    -1-----1-    -00---11-
#.......#    -1111111-    -0011111-
-#######-    ---------    ---------

S 4          Snow         Reachable
-#######-    ---------    ---------
#.......#    -1111111-    -1111101-
#..4q'2.#    -110-001-    -1001101-
#.1###'.#    -1-----1-    -10---11-
#.......#    -1111111-    -1111110-
-#######-    ---------    ---------

S 5          Snow         Reachable
-#######-    ---------    ---------
#.......#    -1111111-    -1111111-
#.4q''2.#    -100-001-    -1011101-
#.1###'.#    -1-----1-    -10---01-
#.......#    -1111111-    -1111111-
-#######-    ---------    ---------

S 6          Snow         Reachable
-#######-    ---------    ---------
#.......#    -1111111-    -1111111-
#.4''2q.#    -100-001-    -0001011-
#.1###'.#    -1-----1-    -10---01-
#.......#    -1111111-    -1111111-
-#######-    ---------    ---------

S 7          Snow         Reachable
-#######-    ---------    ---------
#.......#    -1111111-    -0000100-
#.4'2q'.#    -100-001-    -0000111-
#.1###'.#    -1-----1-    -00---01-
#.......#    -1111111-    -0011111-
-#######-    ---------    ---------

S 8          Snow         Reachable
-#######-    ---------    ---------
#.......#    -1111111-    -0000011-
#.42q''.#    -100-001-    -0001111-
#.1###'.#    -1-----1-    -00---01-
#.......#    -1111111-    -0000011-
-#######-    ---------    ---------

S 9          Snow         Reachable
-#######-    ---------    ---------
#.......#    -1111111-    -0001111-
#.6q'''.#    -100-001-    -0011111-
#.1###'.#    -1-----1-    -00---10-
#.......#    -1111111-    -1111110-
-#######-    ---------    ---------

S 10         Snow         Reachable
-#######-    ---------    ---------
#.......#    -1111111-    -???????-
#.7''''.#    -100-001-    -???????-
#.q###'.#    -1-----1-    -??---??-
#.......#    -1111111-    -???????-
-#######-    ---------    ---------

Solved: true
Time (CPU s): 5.4627094
Valid: true
Actions: 45
    llluurrRurrdLrrddlUruulldLLrrurrdLLLLulldddrU
Ball references from initial state:
    Ball (0): Location(Coordinate(2,2),SmallBall)
    Ball (1): Location(Coordinate(4,3),LargeBall)
    Ball (2): Location(Coordinate(6,2),SmallBall)
Ball Actions: 10
    R(1)L(1)U(2)L(1)L(1)L(2)L(2)L(2)L(2)U(0)
