Timesteps: 1 sat: false Time: 0.421960799 TotalTime: 0.422702345 (REAL s)
Timesteps: 2 sat: false Time: 0.169153332 TotalTime: 0.599656362 (REAL s)
Timesteps: 3 sat: false Time: 0.122122317 TotalTime: 0.722105732 (REAL s)
Timesteps: 4 sat: false Time: 0.136916616 TotalTime: 0.859280502 (REAL s)
Timesteps: 5 sat: false Time: 0.194368784 TotalTime: 1.053873868 (REAL s)
Timesteps: 6 sat: false Time: 0.273212408 TotalTime: 1.327257376 (REAL s)
Timesteps: 7 sat: false Time: 0.305064402 TotalTime: 1.632476323 (REAL s)
Timesteps: 8 sat: false Time: 0.516109865 TotalTime: 2.148755603 (REAL s)
Timesteps: 9 sat: false Time: 1.02653824 TotalTime: 3.175392536 (REAL s)
Timesteps: 10 sat: false Time: 1.727349579 TotalTime: 4.902837711 (REAL s)
Timesteps: 11 sat: true Time: 2.775379334 TotalTime: 7.678310501 (REAL s)

S 0        Snow       Reachable
--###--    -------    -------
-#...#-    --111--    --000--
-#1.1#-    ---1---    --000--
#''1''#    -------    -01011-
#''q''#    -------    -01111-
-#####-    -------    -------

S 1        Snow       Reachable
--###--    -------    -------
-#...#-    --111--    --111--
-#1.1#-    ---1---    --010--
#''q1'#    -------    -10101-
#'''''#    -------    -11111-
-#####-    -------    -------

S 2        Snow       Reachable
--###--    -------    -------
-#...#-    --111--    --111--
-#q.1#-    ---1---    --110--
#'1'1'#    -------    -10101-
#'''''#    -------    -11111-
-#####-    -------    -------

S 3        Snow       Reachable
--###--    -------    -------
-#...#-    --111--    --000--
-#'.1#-    ---1---    --000--
#'11q'#    -------    -10011-
#'''''#    -------    -11111-
-#####-    -------    -------

S 4        Snow       Reachable
--###--    -------    -------
-#...#-    --111--    --000--
-#'21#-    ---0---    --000--
#'1q''#    -------    -10101-
#'''''#    -------    -11111-
-#####-    -------    -------

S 5        Snow       Reachable
--###--    -------    -------
-#...#-    --111--    --000--
-#'21#-    ---0---    --000--
#'q1''#    -------    -11000-
#'''''#    -------    -11110-
-#####-    -------    -------

S 6        Snow       Reachable
--###--    -------    -------
-#...#-    --111--    --000--
-#'31#-    ---0---    --000--
#''q''#    -------    -10111-
#'''''#    -------    -11111-
-#####-    -------    -------

S 7        Snow       Reachable
--###--    -------    -------
-#.2.#-    --101--    --100--
-#'21#-    ---0---    --100--
#''q''#    -------    -11110-
#'''''#    -------    -11111-
-#####-    -------    -------

S 8        Snow       Reachable
--###--    -------    -------
-#.q4#-    --100--    --110--
-#'21#-    ---0---    --100--
#'''''#    -------    -01111-
#'''''#    -------    -01111-
-#####-    -------    -------

S 9        Snow       Reachable
--###--    -------    -------
-#.24#-    --100--    --100--
-#'q1#-    ---0---    --110--
#'''''#    -------    -00101-
#'''''#    -------    -11111-
-#####-    -------    -------

S 10       Snow       Reachable
--###--    -------    -------
-#.q6#-    --100--    --110--
-#''1#-    ---0---    --110--
#'''''#    -------    -11111-
#'''''#    -------    -11101-
-#####-    -------    -------

S 11       Snow       Reachable
--###--    -------    -------
-#.'7#-    --100--    --???--
-#''q#-    ---0---    --???--
#'''''#    -------    -?????-
#'''''#    -------    -?????-
-#####-    -------    -------

Solved: true
Time (CPU s): 7.003381
Valid: true
Actions: 42
    luRuulDrddrruLdlUdlluRdrUUluuRlddrUluRddrU
Ball references from initial state:
    Ball (0): Location(Coordinate(2,3),SmallBall)
    Ball (1): Location(Coordinate(3,2),SmallBall)
    Ball (2): Location(Coordinate(4,3),SmallBall)
Ball Actions: 11
    R(1)D(0)L(1)U(1)R(0)U(0)U(0)R(0)U(1)R(1)U(2)
