Timesteps: 1 sat: false Time: 0.412968539 TotalTime: 0.413700078 (REAL s)
Timesteps: 2 sat: false Time: 0.180898673 TotalTime: 0.60053862 (REAL s)
Timesteps: 3 sat: false Time: 0.147796405 TotalTime: 0.748508913 (REAL s)
Timesteps: 4 sat: false Time: 0.170667949 TotalTime: 0.919312865 (REAL s)
Timesteps: 5 sat: false Time: 0.21284003 TotalTime: 1.132424737 (REAL s)
Timesteps: 6 sat: false Time: 0.28999178 TotalTime: 1.422568118 (REAL s)
Timesteps: 7 sat: false Time: 0.399756207 TotalTime: 1.822504187 (REAL s)
Timesteps: 8 sat: false Time: 0.661402734 TotalTime: 2.484276094 (REAL s)
Timesteps: 9 sat: false Time: 2.26496104 TotalTime: 4.749329947 (REAL s)
Timesteps: 10 sat: false Time: 4.992043292 TotalTime: 9.741480567 (REAL s)
Timesteps: 11 sat: false Time: 7.726896326 TotalTime: 17.468558692 (REAL s)
Timesteps: 12 sat: false Time: 16.857373062 TotalTime: 34.326088934 (REAL s)
Timesteps: 13 sat: true Time: 16.728324256 TotalTime: 51.054655356 (REAL s)

S 0        Snow       Reachable
-##-##-    -------    -------
#..#..#    -11-11-    -11-01-
#..#..#    -11-11-    -11-11-
#.111.#    -1---1-    -10001-
#..p..#    -11111-    -11111-
-#####-    -------    -------

S 1        Snow       Reachable
-##-##-    -------    -------
#..#..#    -11-11-    -00-11-
#..#..#    -11-11-    -00-11-
#.11q.#    -1---1-    -00011-
#...2.#    -11101-    -00001-
-#####-    -------    -------

S 2        Snow       Reachable
-##-##-    -------    -------
#..#..#    -11-11-    -00-11-
#..#..#    -11-11-    -00-01-
#.11'.#    -1---1-    -00011-
#..4q.#    -11001-    -00011-
-#####-    -------    -------

S 3        Snow       Reachable
-##-##-    -------    -------
#..#..#    -11-11-    -00-11-
#..#..#    -11-11-    -00-11-
#.11'.#    -1---1-    -00011-
#.4q'.#    -10001-    -00110-
-#####-    -------    -------

S 4        Snow       Reachable
-##-##-    -------    -------
#..#..#    -11-11-    -00-11-
#..#..#    -11-11-    -00-11-
#.11'.#    -1---1-    -00001-
#4q''.#    -00001-    -01111-
-#####-    -------    -------

S 5        Snow       Reachable
-##-##-    -------    -------
#..#..#    -11-11-    -11-00-
#.2#..#    -10-11-    -10-00-
#.q1'.#    -1---1-    -11000-
#4'''.#    -00001-    -01000-
-#####-    -------    -------

S 6        Snow       Reachable
-##-##-    -------    -------
#..#..#    -11-11-    -11-11-
#.2#..#    -10-11-    -10-01-
#.'q1.#    -1---1-    -11101-
#4'''.#    -00001-    -00111-
-#####-    -------    -------

S 7        Snow       Reachable
-##-##-    -------    -------
#..#..#    -11-11-    -11-00-
#.q#..#    -10-11-    -11-00-
#.2'1.#    -1---1-    -10000-
#4'''.#    -00001-    -00000-
-#####-    -------    -------

S 8        Snow       Reachable
-##-##-    -------    -------
#..#..#    -11-11-    -00-00-
#.'#..#    -10-11-    -00-00-
#.q'1.#    -1---1-    -01100-
#42''.#    -00001-    -00100-
-#####-    -------    -------

S 9        Snow       Reachable
-##-##-    -------    -------
#..#..#    -11-11-    -11-00-
#.'#..#    -10-11-    -11-11-
#.''1.#    -1---1-    -11101-
#6q''.#    -00001-    -01111-
-#####-    -------    -------

S 10       Snow       Reachable
-##-##-    -------    -------
#..#..#    -11-11-    -00-00-
#.'#..#    -10-11-    -00-00-
#.''q.#    -1---1-    -00111-
#6''1.#    -00001-    -00001-
-#####-    -------    -------

S 11       Snow       Reachable
-##-##-    -------    -------
#..#..#    -11-11-    -00-00-
#.'#..#    -10-11-    -00-00-
#.'''.#    -1---1-    -00000-
#6'1q.#    -00001-    -00010-
-#####-    -------    -------

S 12       Snow       Reachable
-##-##-    -------    -------
#..#..#    -11-11-    -00-11-
#.'#..#    -10-11-    -00-11-
#.'''.#    -1---1-    -00111-
#61q'.#    -00001-    -00101-
-#####-    -------    -------

S 13       Snow       Reachable
-##-##-    -------    -------
#..#..#    -11-11-    -??-??-
#.'#..#    -10-11-    -??-??-
#.'''.#    -1---1-    -?????-
#7q''.#    -00001-    -?????-
-#####-    -------    -------

Solved: true
Time (CPU s): 50.19671
Valid: true
Actions: 35
    rruulDrdLLLURlluurDDrdLrrruulDrdLLL
Ball references from initial state:
    Ball (0): Location(Coordinate(2,2),SmallBall)
    Ball (1): Location(Coordinate(3,2),SmallBall)
    Ball (2): Location(Coordinate(4,2),SmallBall)
Ball Actions: 13
    D(2)L(2)L(2)L(2)U(0)R(1)D(0)D(0)L(0)D(1)L(1)L(1)L(1)
