Timesteps: 1 sat: false Time: 0.424218856 TotalTime: 0.425000426 (REAL s)
Timesteps: 2 sat: false Time: 0.172708581 TotalTime: 0.616299485 (REAL s)
Timesteps: 3 sat: false Time: 0.126082325 TotalTime: 0.742565641 (REAL s)
Timesteps: 4 sat: false Time: 0.135461405 TotalTime: 0.878157053 (REAL s)
Timesteps: 5 sat: false Time: 0.18162999 TotalTime: 1.06013567 (REAL s)
Timesteps: 6 sat: false Time: 0.251635851 TotalTime: 1.311915944 (REAL s)
Timesteps: 7 sat: false Time: 0.252364943 TotalTime: 1.56442177 (REAL s)
Timesteps: 8 sat: true Time: 0.295587841 TotalTime: 1.86034796 (REAL s)

S 0         Snow        Reachable
-######-    --------    --------
#''''''#    --------    -000011-
#'''''4#    --------    -011110-
#''3'''#    --------    -010011-
#''''q'#    --------    -000011-
-######-    --------    --------

S 1         Snow        Reachable
-######-    --------    --------
#''''''#    --------    -011011-
#'''''4#    --------    -011110-
#'q21''#    --------    -010010-
#''''''#    --------    -011110-
-######-    --------    --------

S 2         Snow        Reachable
-######-    --------    --------
#''''''#    --------    -011111-
#''2''4#    --------    -010010-
#''q1''#    --------    -011011-
#''''''#    --------    -000111-
-######-    --------    --------

S 3         Snow        Reachable
-######-    --------    --------
#''''''#    --------    -011110-
#''2''4#    --------    -010110-
#'''q1'#    --------    -011100-
#''''''#    --------    -001110-
-######-    --------    --------

S 4         Snow        Reachable
-######-    --------    --------
#''''''#    --------    -000000-
#''q2'4#    --------    -001000-
#''''1'#    --------    -001101-
#''''''#    --------    -000111-
-######-    --------    --------

S 5         Snow        Reachable
-######-    --------    --------
#''''''#    --------    -000000-
#'''2'4#    --------    -001010-
#''''q1#    --------    -111110-
#''''''#    --------    -100010-
-######-    --------    --------

S 6         Snow        Reachable
-######-    --------    --------
#''''''#    --------    -011111-
#'''q24#    --------    -000100-
#'''''1#    --------    -111100-
#''''''#    --------    -110000-
-######-    --------    --------

S 7         Snow        Reachable
-######-    --------    --------
#''''''#    --------    -111110-
#''''q6#    --------    -000010-
#'''''1#    --------    -000110-
#''''''#    --------    -000011-
-######-    --------    --------

S 8         Snow        Reachable
-######-    --------    --------
#''''''#    --------    -??????-
#'''''7#    --------    -??????-
#'''''q#    --------    -??????-
#''''''#    --------    -??????-
-######-    --------    --------

Solved: true
Time (CPU s): 1.3713466
Valid: true
Actions: 25
    llluRdrURlluRdrRlluRRddrU
Ball references from initial state:
    Ball (0): Location(Coordinate(3,2),MediumBall)
    Ball (1): Location(Coordinate(3,2),SmallBall)
    Ball (2): Location(Coordinate(6,3),LargeBall)
Ball Actions: 8
    R(1)U(0)R(1)R(0)R(1)R(0)R(0)U(1)
