Timesteps: 1 sat: false Time: 0.43432855 TotalTime: 0.435305496 (REAL s)
Timesteps: 2 sat: false Time: 0.179733033 TotalTime: 0.625447957 (REAL s)
Timesteps: 3 sat: false Time: 0.155619544 TotalTime: 0.781215746 (REAL s)
Timesteps: 4 sat: false Time: 0.186832657 TotalTime: 0.968180724 (REAL s)
Timesteps: 5 sat: false Time: 0.251801768 TotalTime: 1.220196585 (REAL s)
Timesteps: 6 sat: false Time: 0.291935021 TotalTime: 1.51226405 (REAL s)
Timesteps: 7 sat: true Time: 0.296354838 TotalTime: 1.808771024 (REAL s)

S 0          Snow         Reachable
-#######-    ---------    ---------
#.1.1.2.#    -1-1-1-1-    -1010101-
#.......#    -1111111-    -1111111-
#...p...#    -1111111-    -0001110-
-#######-    ---------    ---------

S 1          Snow         Reachable
-#######-    ---------    ---------
#.1.14q.#    -1-1-0-1-    -0010011-
#.......#    -1111111-    -0011111-
#.......#    -1111111-    -0011111-
-#######-    ---------    ---------

S 2          Snow         Reachable
-#######-    ---------    ---------
#.1.q5'.#    -1-1-0-1-    -1011011-
#.......#    -1111111-    -1101111-
#.......#    -1111111-    -1111101-
-#######-    ---------    ---------

S 3          Snow         Reachable
-#######-    ---------    ---------
#.q2'5'.#    -1-0-0-1-    -0101011-
#.......#    -1111111-    -1111011-
#.......#    -1111111-    -1111111-
-#######-    ---------    ---------

S 4          Snow         Reachable
-#######-    ---------    ---------
#.'2q41.#    -1-0-0-1-    -1101000-
#.......#    -1111111-    -1011000-
#.......#    -1111111-    -1111000-
-#######-    ---------    ---------

S 5          Snow         Reachable
-#######-    ---------    ---------
#.'q241.#    -1-0-0-1-    -1110000-
#.......#    -1111111-    -0011001-
#.......#    -1111111-    -0011111-
-#######-    ---------    ---------

S 6          Snow         Reachable
-#######-    ---------    ---------
#.''q61.#    -1-0-0-1-    -1111001-
#.......#    -1111111-    -0010111-
#.......#    -1111111-    -0011111-
-#######-    ---------    ---------

S 7          Snow         Reachable
-#######-    ---------    ---------
#.'''7q.#    -1-0-0-1-    -???????-
#.......#    -1111111-    -???????-
#.......#    -1111111-    -???????-
-#######-    ---------    ---------

Solved: true
Time (CPU s): 1.3102005
Valid: true
Actions: 35
    rurruLdllluRldlluRdrruRdlluRRdrrruL
Ball references from initial state:
    Ball (0): Location(Coordinate(2,3),SmallBall)
    Ball (1): Location(Coordinate(4,3),SmallBall)
    Ball (2): Location(Coordinate(6,3),MediumBall)
Ball Actions: 7
    L(2)R(1)R(0)R(1)R(0)R(0)L(1)
