Timesteps: 1 sat: false Time: 0.412927927 TotalTime: 0.413890699 (REAL s)
Timesteps: 2 sat: false Time: 0.167402863 TotalTime: 0.602766883 (REAL s)
Timesteps: 3 sat: false Time: 0.145614916 TotalTime: 0.748505446 (REAL s)
Timesteps: 4 sat: false Time: 0.226415328 TotalTime: 0.975032739 (REAL s)
Timesteps: 5 sat: false Time: 0.215613493 TotalTime: 1.19085076 (REAL s)
Timesteps: 6 sat: false Time: 0.184742612 TotalTime: 1.375721996 (REAL s)
Timesteps: 7 sat: false Time: 0.219909734 TotalTime: 1.595815676 (REAL s)
Timesteps: 8 sat: false Time: 0.515105218 TotalTime: 2.111063069 (REAL s)
Timesteps: 9 sat: false Time: 0.800993636 TotalTime: 2.912150974 (REAL s)
Timesteps: 10 sat: false Time: 0.423266546 TotalTime: 3.336079009 (REAL s)
Timesteps: 11 sat: false Time: 0.996885087 TotalTime: 4.333086745 (REAL s)
Timesteps: 12 sat: false Time: 1.366859307 TotalTime: 5.700060206 (REAL s)
Timesteps: 13 sat: false Time: 2.26175807 TotalTime: 7.961905069 (REAL s)
Timesteps: 14 sat: false Time: 13.078442587 TotalTime: 21.040540787 (REAL s)
Timesteps: 15 sat: false Time: 4.177002773 TotalTime: 25.217690604 (REAL s)
Timesteps: 16 sat: false Time: 2.781443564 TotalTime: 27.999278689 (REAL s)
Timesteps: 17 sat: false Time: 8.7627527 TotalTime: 36.762144174 (REAL s)
Timesteps: 18 sat: false Time: 9.204250058 TotalTime: 45.966544608 (REAL s)
Timesteps: 19 sat: false Time: 12.692437775 TotalTime: 58.659130534 (REAL s)
Timesteps: 20 sat: false Time: 12.746985444 TotalTime: 71.406349161 (REAL s)
Timesteps: 21 sat: false Time: 24.834485154 TotalTime: 96.24098991 (REAL s)
Timesteps: 22 sat: false Time: 14.007370537 TotalTime: 110.248510552 (REAL s)
Timesteps: 23 sat: false Time: 29.170814882 TotalTime: 139.41947291 (REAL s)
Timesteps: 24 sat: false Time: 26.375652526 TotalTime: 165.79534713 (REAL s)
Timesteps: 25 sat: false Time: 35.520926047 TotalTime: 201.316532164 (REAL s)
Timesteps: 26 sat: true Time: 16.581489722 TotalTime: 217.898283681 (REAL s)

S 0          Snow         Reachable
-----###-    ---------    ---------
-####'''#    ---------    -----000-
#'''#1.'#    ------1--    -001-000-
#'q''1.'#    ------1--    -0111000-
#'''#1.'#    ------1--    -001-000-
-####'''#    ---------    -----000-
-----###-    ---------    ---------

S 1          Snow         Reachable
-----###-    ---------    ---------
-####'''#    ---------    -----000-
#'''#1.'#    ------1--    -000-000-
#''''q2'#    ------0--    -0000100-
#'''#1.'#    ------1--    -000-000-
-####'''#    ---------    -----000-
-----###-    ---------    ---------

S 2          Snow         Reachable
-----###-    ---------    ---------
-####'''#    ---------    -----111-
#'''#1.'#    ------1--    -000-011-
#'''''q2#    ------0--    -0011110-
#'''#1.'#    ------1--    -111-011-
-####'''#    ---------    -----111-
-----###-    ---------    ---------

S 3          Snow         Reachable
-----###-    ---------    ---------
-####'''#    ---------    -----001-
#'''#q.'#    ------1--    -000-111-
#''''1'2#    ------0--    -0000010-
#'''#1.'#    ------1--    -000-010-
-####'''#    ---------    -----111-
-----###-    ---------    ---------

S 4          Snow         Reachable
-----###-    ---------    ---------
-####'''#    ---------    -----111-
#'''#'.'#    ------1--    -000-011-
#'''1q'2#    ------0--    -0000110-
#'''#1.'#    ------1--    -000-011-
-####'''#    ---------    -----111-
-----###-    ---------    ---------

S 5          Snow         Reachable
-----###-    ---------    ---------
-####'''#    ---------    -----111-
#'''#'.2#    ------1--    -000-010-
#'''1''q#    ------0--    -0000111-
#'''#1.'#    ------1--    -000-001-
-####'''#    ---------    -----111-
-----###-    ---------    ---------

S 6          Snow         Reachable
-----###-    ---------    ---------
-####'''#    ---------    -----111-
#'''#'.2#    ------1--    -000-110-
#''1q'''#    ------0--    -0001110-
#'''#1.'#    ------1--    -000-011-
-####'''#    ---------    -----111-
-----###-    ---------    ---------

S 7          Snow         Reachable
-----###-    ---------    ---------
-####'''#    ---------    -----000-
#'''#'.2#    ------1--    -111-110-
#'1q''''#    ------0--    -1011110-
#'''#1.'#    ------1--    -100-010-
-####'''#    ---------    -----111-
-----###-    ---------    ---------

S 8          Snow         Reachable
-----###-    ---------    ---------
-####'''#    ---------    -----000-
#'''#'.2#    ------1--    -000-000-
#'q1''''#    ------0--    -0100000-
#'''#1.'#    ------1--    -000-000-
-####'''#    ---------    -----000-
-----###-    ---------    ---------

S 9          Snow         Reachable
-----###-    ---------    ---------
-####'''#    ---------    -----000-
#'''#'.2#    ------1--    -111-000-
#''q1'''#    ------0--    -1010000-
#'''#1.'#    ------1--    -111-000-
-####'''#    ---------    -----000-
-----###-    ---------    ---------

S 10         Snow         Reachable
-----###-    ---------    ---------
-####'''#    ---------    -----000-
#'''#'.2#    ------1--    -000-000-
#'''q1''#    ------0--    -0011000-
#'''#1.'#    ------1--    -000-000-
-####'''#    ---------    -----000-
-----###-    ---------    ---------

S 11         Snow         Reachable
-----###-    ---------    ---------
-####'''#    ---------    -----000-
#'''#'.2#    ------1--    -000-110-
#''''q1'#    ------0--    -0000100-
#'''#1.'#    ------1--    -000-000-
-####'''#    ---------    -----000-
-----###-    ---------    ---------

S 12         Snow         Reachable
-----###-    ---------    ---------
-####'''#    ---------    -----000-
#'''#'.2#    ------1--    -000-000-
#'''''q'#    ------0--    -0000111-
#'''#12'#    ------0--    -000-001-
-####'''#    ---------    -----111-
-----###-    ---------    ---------

S 13         Snow         Reachable
-----###-    ---------    ---------
-####'''#    ---------    -----111-
#'''#'.2#    ------1--    -000-110-
#''''1''#    ------0--    -0000011-
#'''#q2'#    ------0--    -000-101-
-####'''#    ---------    -----111-
-----###-    ---------    ---------

S 14         Snow         Reachable
-----###-    ---------    ---------
-####'''#    ---------    -----000-
#'''#'.2#    ------1--    -000-000-
#''''12'#    ------0--    -0000001-
#'''#'q'#    ------0--    -000-011-
-####'''#    ---------    -----011-
-----###-    ---------    ---------

S 15         Snow         Reachable
-----###-    ---------    ---------
-####'''#    ---------    -----000-
#'''#'42#    ------0--    -000-000-
#''''1q'#    ------0--    -0000010-
#'''#'''#    ------0--    -000-010-
-####'''#    ---------    -----000-
-----###-    ---------    ---------

S 16         Snow         Reachable
-----###-    ---------    ---------
-####'''#    ---------    -----000-
#'''#'42#    ------0--    -000-000-
#'''1q''#    ------0--    -0000100-
#'''#'''#    ------0--    -000-000-
-####'''#    ---------    -----000-
-----###-    ---------    ---------

S 17         Snow         Reachable
-----###-    ---------    ---------
-####'''#    ---------    -----000-
#'''#'42#    ------0--    -000-100-
#''1q'''#    ------0--    -0001110-
#'''#'''#    ------0--    -000-011-
-####'''#    ---------    -----111-
-----###-    ---------    ---------

S 18         Snow         Reachable
-----###-    ---------    ---------
-####'''#    ---------    -----110-
#'''#'42#    ------0--    -111-100-
#'1q''''#    ------0--    -1011111-
#'''#'''#    ------0--    -000-111-
-####'''#    ---------    -----111-
-----###-    ---------    ---------

S 19         Snow         Reachable
-----###-    ---------    ---------
-####'''#    ---------    -----110-
#'''#'q2#    ------0--    -111-110-
#'1'''4'#    ------0--    -0011100-
#'''#'''#    ------0--    -011-000-
-####'''#    ---------    -----000-
-----###-    ---------    ---------

S 20         Snow         Reachable
-----###-    ---------    ---------
-####'''#    ---------    -----000-
#'''#''2#    ------0--    -111-110-
#'1'''q4#    ------0--    -1011110-
#'''#'''#    ------0--    -100-111-
-####'''#    ---------    -----111-
-----###-    ---------    ---------

S 21         Snow         Reachable
-----###-    ---------    ---------
-####'''#    ---------    -----000-
#'''#''2#    ------0--    -000-000-
#'q1'''4#    ------0--    -0100000-
#'''#'''#    ------0--    -000-000-
-####'''#    ---------    -----000-
-----###-    ---------    ---------

S 22         Snow         Reachable
-----###-    ---------    ---------
-####'''#    ---------    -----000-
#'''#''2#    ------0--    -000-000-
#''q1''4#    ------0--    -0010000-
#'''#'''#    ------0--    -000-000-
-####'''#    ---------    -----000-
-----###-    ---------    ---------

S 23         Snow         Reachable
-----###-    ---------    ---------
-####'''#    ---------    -----000-
#'''#''2#    ------0--    -011-000-
#'''q1'4#    ------0--    -0111000-
#'''#'''#    ------0--    -111-000-
-####'''#    ---------    -----000-
-----###-    ---------    ---------

S 24         Snow         Reachable
-----###-    ---------    ---------
-####'''#    ---------    -----111-
#'''#''2#    ------0--    -110-100-
#''''q14#    ------0--    -0111100-
#'''#'''#    ------0--    -001-100-
-####'''#    ---------    -----111-
-----###-    ---------    ---------

S 25         Snow         Reachable
-----###-    ---------    ---------
-####'''#    ---------    -----110-
#'''#''q#    ------0--    -001-111-
#'''''16#    ------0--    -0011100-
#'''#'''#    ------0--    -001-110-
-####'''#    ---------    -----111-
-----###-    ---------    ---------

S 26         Snow         Reachable
-----###-    ---------    ---------
-####'''#    ---------    -----???-
#'''#'''#    ------0--    -???-???-
#'''''q7#    ------0--    -???????-
#'''#'''#    ------0--    -???-???-
-####'''#    ---------    -----???-
-----###-    ---------    ---------

Solved: true
Time (CPU s): 215.84158
Valid: true
Actions: 72
    rrRRuulDrdLrdrUllLLulldRRRRurDrddllUdrUULLLrruurDldRlllulldRRRRururDlldR
Ball references from initial state:
    Ball (0): Location(Coordinate(5,2),SmallBall)
    Ball (1): Location(Coordinate(5,3),SmallBall)
    Ball (2): Location(Coordinate(5,4),SmallBall)
Ball Actions: 26
    R(1)R(1)D(2)L(2)U(1)L(2)L(2)R(2)R(2)R(2)R(2)D(2)U(0)U(2)U(2)L(0)L(0)L(0)D(2)R(2)R(0)R(0)R(0)R(0)D(1)R(0)
