Timesteps: 1 sat: false Time: 0.434537066 TotalTime: 0.43523606 (REAL s)
Timesteps: 2 sat: false Time: 0.171881823 TotalTime: 0.619023637 (REAL s)
Timesteps: 3 sat: false Time: 0.14457453 TotalTime: 0.763752706 (REAL s)
Timesteps: 4 sat: false Time: 0.193528178 TotalTime: 0.957455173 (REAL s)
Timesteps: 5 sat: false Time: 0.186257579 TotalTime: 1.1439149 (REAL s)
Timesteps: 6 sat: false Time: 0.223180855 TotalTime: 1.367208599 (REAL s)
Timesteps: 7 sat: false Time: 0.375397276 TotalTime: 1.742727197 (REAL s)
Timesteps: 8 sat: false Time: 0.788010742 TotalTime: 2.531097037 (REAL s)
Timesteps: 9 sat: false Time: 1.345305063 TotalTime: 3.87650706 (REAL s)
Timesteps: 10 sat: false Time: 2.8272847 TotalTime: 6.703940956 (REAL s)
Timesteps: 11 sat: false Time: 6.547751448 TotalTime: 13.251845578 (REAL s)
Timesteps: 12 sat: false Time: 11.271848452 TotalTime: 24.523839795 (REAL s)
Timesteps: 13 sat: false Time: 17.512813065 TotalTime: 42.036800303 (REAL s)
Timesteps: 14 sat: false Time: 28.170942574 TotalTime: 70.207945192 (REAL s)
Timesteps: 15 sat: true Time: 13.417530068 TotalTime: 83.625646078 (REAL s)

S 0          Snow         Reachable
-##---##-    ---------    ---------
#..#-#..#    -11---11-    -00---00-
#..#-#..#    -11---11-    -00---00-
#..###..#    -11---11-    -00---00-
#.1.1.1.#    -1-1-1-1-    -0010100-
-#..p..#-    --11111--    --11111--
--#####--    ---------    ---------

S 1          Snow         Reachable
-##---##-    ---------    ---------
#..#-#..#    -11---11-    -11---00-
#..#-#..#    -11---11-    -11---00-
#.2###..#    -10---11-    -10---00-
#.q.1.1.#    -1-1-1-1-    -1110100-
-#.....#-    --11111--    --11111--
--#####--    ---------    ---------

S 2          Snow         Reachable
-##---##-    ---------    ---------
#..#-#..#    -11---11-    -01---00-
#..#-#..#    -11---11-    -11---00-
#.q###..#    -10---11-    -11---00-
#.2.1.1.#    -1-1-1-1-    -1000000-
-#.....#-    --11111--    --00000--
--#####--    ---------    ---------

S 3          Snow         Reachable
-##---##-    ---------    ---------
#..#-#..#    -11---11-    -11---00-
#..#-#..#    -11---11-    -11---00-
#.'###..#    -10---11-    -10---00-
#.q41.1.#    -1-0-1-1-    -1100100-
-#.....#-    --11111--    --11111--
--#####--    ---------    ---------

S 4          Snow         Reachable
-##---##-    ---------    ---------
#..#-#..#    -11---11-    -11---00-
#..#-#..#    -11---11-    -11---00-
#.'###..#    -10---11-    -01---00-
#.'5q.1.#    -1-0-1-1-    -0101000-
-#.....#-    --11111--    --11110--
--#####--    ---------    ---------

S 5          Snow         Reachable
-##---##-    ---------    ---------
#..#-#..#    -11---11-    -00---00-
#..#-#..#    -11---11-    -00---00-
#.'###..#    -10---11-    -00---00-
#.14q.1.#    -1-0-1-1-    -0001000-
-#.....#-    --11111--    --11100--
--#####--    ---------    ---------

S 6          Snow         Reachable
-##---##-    ---------    ---------
#..#-#..#    -11---11-    -00---00-
#..#-#..#    -11---11-    -00---00-
#.1###..#    -10---11-    -00---00-
#.q4'.1.#    -1-0-1-1-    -0100000-
-#.....#-    --11111--    --10000--
--#####--    ---------    ---------

S 7          Snow         Reachable
-##---##-    ---------    ---------
#..#-#..#    -11---11-    -00---00-
#..#-#..#    -11---11-    -00---00-
#.1###..#    -10---11-    -00---00-
#.'q4.1.#    -1-0-1-1-    -0010000-
-#.....#-    --11111--    --11110--
--#####--    ---------    ---------

S 8          Snow         Reachable
-##---##-    ---------    ---------
#..#-#..#    -11---11-    -00---00-
#..#-#..#    -11---11-    -00---00-
#.1###..#    -10---11-    -00---00-
#.''q41.#    -1-0-0-1-    -0001000-
-#.....#-    --11111--    --11111--
--#####--    ---------    ---------

S 9          Snow         Reachable
-##---##-    ---------    ---------
#..#-#..#    -11---11-    -00---11-
#..#-#..#    -11---11-    -00---11-
#.1###2.#    -10---01-    -00---01-
#.'''4q.#    -1-0-0-1-    -0010011-
-#.....#-    --11111--    --01111--
--#####--    ---------    ---------

S 10         Snow         Reachable
-##---##-    ---------    ---------
#..#-#..#    -11---11-    -00---11-
#..#-#..#    -11---11-    -00---11-
#.1###q.#    -10---01-    -00---11-
#.'''42.#    -1-0-0-1-    -0000001-
-#.....#-    --11111--    --00000--
--#####--    ---------    ---------

S 11         Snow         Reachable
-##---##-    ---------    ---------
#..#-#..#    -11---11-    -11---00-
#..#-#..#    -11---11-    -11---10-
#.1###'.#    -10---01-    -10---11-
#.'''6q.#    -1-0-0-1-    -1111010-
-#.....#-    --11111--    --11111--
--#####--    ---------    ---------

S 12         Snow         Reachable
-##---##-    ---------    ---------
#..#-#..#    -11---11-    -11---00-
#..#-#..#    -11---11-    -11---00-
#.q###'.#    -10---01-    -11---00-
#.1''6'.#    -1-0-0-1-    -1000000-
-#.....#-    --11111--    --00000--
--#####--    ---------    ---------

S 13         Snow         Reachable
-##---##-    ---------    ---------
#..#-#..#    -11---11-    -00---00-
#..#-#..#    -11---11-    -00---00-
#.'###'.#    -10---01-    -00---00-
#.q1'6'.#    -1-0-0-1-    -0100000-
-#.....#-    --11111--    --00000--
--#####--    ---------    ---------

S 14         Snow         Reachable
-##---##-    ---------    ---------
#..#-#..#    -11---11-    -00---00-
#..#-#..#    -11---11-    -00---00-
#.'###'.#    -10---01-    -00---00-
#.'q16'.#    -1-0-0-1-    -0010000-
-#.....#-    --11111--    --01000--
--#####--    ---------    ---------

S 15         Snow         Reachable
-##---##-    ---------    ---------
#..#-#..#    -11---11-    -??---??-
#..#-#..#    -11---11-    -??---??-
#.'###'.#    -10---01-    -??---??-
#.''q7'.#    -1-0-0-1-    -???????-
-#.....#-    --11111--    --?????--
--#####--    ---------    ---------

Solved: true
Time (CPU s): 82.45983
Valid: true
Actions: 52
    llUluurDldRdrrruLLdllURRdrrUruulDrdLdllullluurDldRRR
Ball references from initial state:
    Ball (0): Location(Coordinate(2,2),SmallBall)
    Ball (1): Location(Coordinate(4,2),SmallBall)
    Ball (2): Location(Coordinate(6,2),SmallBall)
Ball Actions: 15
    U(0)D(0)R(0)L(1)L(1)U(1)R(0)R(0)U(2)D(2)L(2)D(1)R(1)R(1)R(1)
