Timesteps: 1 sat: false Time: 0.412989763 TotalTime: 0.413996641 (REAL s)
Timesteps: 2 sat: false Time: 0.125746038 TotalTime: 0.553188025 (REAL s)
Timesteps: 3 sat: false Time: 0.143106876 TotalTime: 0.696423349 (REAL s)
Timesteps: 4 sat: false Time: 0.169984413 TotalTime: 0.866522969 (REAL s)
Timesteps: 5 sat: false Time: 0.194969531 TotalTime: 1.061710802 (REAL s)
Timesteps: 6 sat: true Time: 0.270085325 TotalTime: 1.331925772 (REAL s)

S 0       Snow      Reachable
-####-    ------    ------
#''''#    ------    -0000-
-##'q#    ------    ---01-
-##''#    ------    ---01-
#'41'#    ------    -0001-
#'2'#-    ------    -000--
#'''#-    ------    -000--
-###--    ------    ------

S 1       Snow      Reachable
-####-    ------    ------
#''''#    ------    -0000-
-##''#    ------    ---00-
-##''#    ------    ---00-
#'5q'#    ------    -1010-
#'2'#-    ------    -101--
#'''#-    ------    -111--
-###--    ------    ------

S 2       Snow      Reachable
-####-    ------    ------
#''''#    ------    -0000-
-##''#    ------    ---00-
-##''#    ------    ---00-
#q41'#    ------    -1000-
#'2'#-    ------    -101--
#'''#-    ------    -111--
-###--    ------    ------

S 3       Snow      Reachable
-####-    ------    ------
#''''#    ------    -0011-
-##''#    ------    ---11-
-##1'#    ------    ---01-
#'4q'#    ------    -0011-
#'2'#-    ------    -001--
#'''#-    ------    -011--
-###--    ------    ------

S 4       Snow      Reachable
-####-    ------    ------
#''''#    ------    -1111-
-##''#    ------    ---11-
-##1'#    ------    ---01-
#'6''#    ------    -0011-
#'q'#-    ------    -011--
#'''#-    ------    -011--
-###--    ------    ------

S 5       Snow      Reachable
-####-    ------    ------
#''''#    ------    -0011-
-##''#    ------    ---11-
-##q'#    ------    ---11-
#'61'#    ------    -0001-
#'''#-    ------    -000--
#'''#-    ------    -000--
-###--    ------    ------

S 6       Snow      Reachable
-####-    ------    ------
#''''#    ------    -????-
-##''#    ------    ---??-
-##''#    ------    ---??-
#'7q'#    ------    -????-
#'''#-    ------    -???--
#'''#-    ------    -???--
-###--    ------    ------

Solved: true
Time (CPU s): 0.8362966
Valid: true
Actions: 30
    ddLddlluuRddrruUddlUruruulDrdL
Ball references from initial state:
    Ball (0): Location(Coordinate(2,2),MediumBall)
    Ball (1): Location(Coordinate(2,3),LargeBall)
    Ball (2): Location(Coordinate(3,3),SmallBall)
Ball Actions: 6
    L(2)R(2)U(2)U(0)D(2)L(2)
