Timesteps: 1 sat: false Time: 0.415483186 TotalTime: 0.416282783 (REAL s)
Timesteps: 2 sat: false Time: 0.192933167 TotalTime: 0.611647017 (REAL s)
Timesteps: 3 sat: false Time: 0.141035537 TotalTime: 0.752810111 (REAL s)
Timesteps: 4 sat: false Time: 0.181125552 TotalTime: 0.934128098 (REAL s)
Timesteps: 5 sat: false Time: 0.189489334 TotalTime: 1.123849631 (REAL s)
Timesteps: 6 sat: false Time: 0.31090146 TotalTime: 1.434933567 (REAL s)
Timesteps: 7 sat: false Time: 0.398658764 TotalTime: 1.833706646 (REAL s)
Timesteps: 8 sat: false Time: 0.582181635 TotalTime: 2.415990644 (REAL s)
Timesteps: 9 sat: false Time: 0.929883902 TotalTime: 3.345973063 (REAL s)
Timesteps: 10 sat: false Time: 1.318010306 TotalTime: 4.664109204 (REAL s)
Timesteps: 11 sat: false Time: 1.104121282 TotalTime: 5.768346462 (REAL s)
Timesteps: 12 sat: false Time: 1.944561534 TotalTime: 7.713064424 (REAL s)
Timesteps: 13 sat: true Time: 2.146823302 TotalTime: 9.860123532 (REAL s)

S 0          Snow         Reachable
-#######-    ---------    ---------
#'.....'#    --11111--    -0111111-
#''#1#''#    ---------    -01-0-10-
-#''1''#-    ---------    --11011--
-#'#4#'#-    ---------    --0-0-1--
-#''q''#-    ---------    --00111--
--#####--    ---------    ---------

S 1          Snow         Reachable
-#######-    ---------    ---------
#'.....'#    --11111--    -0111110-
#''#1#''#    ---------    -01-0-11-
-#'1q''#-    ---------    --10111--
-#'#4#'#-    ---------    --0-0-1--
-#'''''#-    ---------    --01111--
--#####--    ---------    ---------

S 2          Snow         Reachable
-#######-    ---------    ---------
#'..2..'#    --11011--    -1110001-
#''#q#''#    ---------    -11-1-11-
-#'1'''#-    ---------    --10111--
-#'#4#'#-    ---------    --1-0-1--
-#'''''#-    ---------    --11111--
--#####--    ---------    ---------

S 3          Snow         Reachable
-#######-    ---------    ---------
#'..2..'#    --11011--    -1110011-
#''#'#''#    ---------    -11-0-10-
-#'14''#-    ---------    --10011--
-#'#q#'#-    ---------    --1-1-1--
-#'''''#-    ---------    --11111--
--#####--    ---------    ---------

S 4          Snow         Reachable
-#######-    ---------    ---------
#'..2..'#    --11011--    -1110111-
#''#'#''#    ---------    -11-0-11-
-#'q5''#-    ---------    --11011--
-#'#'#'#-    ---------    --1-1-1--
-#'''''#-    ---------    --11111--
--#####--    ---------    ---------

S 5          Snow         Reachable
-#######-    ---------    ---------
#'..2..'#    --11011--    -1110001-
#''#1#''#    ---------    -01-0-11-
-#''4''#-    ---------    --11011--
-#'#q#'#-    ---------    --1-1-1--
-#'''''#-    ---------    --11111--
--#####--    ---------    ---------

S 6          Snow         Reachable
-#######-    ---------    ---------
#'..2..'#    --11011--    -0000011-
#''#1#''#    ---------    -00-0-10-
-#'4q''#-    ---------    --00111--
-#'#'#'#-    ---------    --1-0-1--
-#'''''#-    ---------    --11111--
--#####--    ---------    ---------

S 7          Snow         Reachable
-#######-    ---------    ---------
#'..2..'#    --11011--    -0000110-
#''#1#''#    ---------    -00-0-11-
-#4q'''#-    ---------    --01111--
-#'#'#'#-    ---------    --1-1-1--
-#'''''#-    ---------    --11111--
--#####--    ---------    ---------

S 8          Snow         Reachable
-#######-    ---------    ---------
#'..2..'#    --11011--    -0000011-
#'4#1#''#    ---------    -00-0-11-
-#q''''#-    ---------    --10101--
-#'#'#'#-    ---------    --1-1-1--
-#'''''#-    ---------    --11111--
--#####--    ---------    ---------

S 9          Snow         Reachable
-#######-    ---------    ---------
#'4.2..'#    --01011--    -1000111-
#'q#1#''#    ---------    -11-0-11-
-#'''''#-    ---------    --10011--
-#'#'#'#-    ---------    --1-1-1--
-#'''''#-    ---------    --11111--
--#####--    ---------    ---------

S 10         Snow         Reachable
-#######-    ---------    ---------
#'q42..'#    --00011--    -1100111-
#''#1#''#    ---------    -01-0-11-
-#'''''#-    ---------    --11011--
-#'#'#'#-    ---------    --1-1-1--
-#'''''#-    ---------    --11111--
--#####--    ---------    ---------

S 11         Snow         Reachable
-#######-    ---------    ---------
#''6q..'#    --00011--    -0001111-
#''#1#''#    ---------    -00-0-11-
-#'''''#-    ---------    --11111--
-#'#'#'#-    ---------    --1-1-1--
-#'''''#-    ---------    --11111--
--#####--    ---------    ---------

S 12         Snow         Reachable
-#######-    ---------    ---------
#''61..'#    --00011--    -0000111-
#''#q#''#    ---------    -11-1-10-
-#'''''#-    ---------    --10111--
-#'#'#'#-    ---------    --1-1-1--
-#'''''#-    ---------    --11111--
--#####--    ---------    ---------

S 13         Snow         Reachable
-#######-    ---------    ---------
#''7q..'#    --00011--    -???????-
#''#'#''#    ---------    -??-?-??-
-#'''''#-    ---------    --?????--
-#'#'#'#-    ---------    --?-?-?--
-#'''''#-    ---------    --?????--
--#####--    ---------    ---------

Solved: true
Time (CPU s): 8.999777
Valid: true
Actions: 71
    rruulLUdrrddllUdlluuRlddrruUdrruulLLrddlluUUluRddrrrruulLrrddllUdrruulL
Ball references from initial state:
    Ball (0): Location(Coordinate(4,2),LargeBall)
    Ball (1): Location(Coordinate(4,3),SmallBall)
    Ball (2): Location(Coordinate(4,4),SmallBall)
Ball Actions: 13
    L(1)U(2)U(0)R(1)U(1)L(0)L(0)U(0)U(0)R(0)L(2)U(1)L(1)
