Timesteps: 1 sat: false Time: 0.412801132 TotalTime: 0.413757264 (REAL s)
Timesteps: 2 sat: false Time: 0.145916202 TotalTime: 0.578146613 (REAL s)
Timesteps: 3 sat: false Time: 0.115147608 TotalTime: 0.693488526 (REAL s)
Timesteps: 4 sat: false Time: 0.169212734 TotalTime: 0.862828453 (REAL s)
Timesteps: 5 sat: false Time: 0.24924975 TotalTime: 1.112298781 (REAL s)
Timesteps: 6 sat: false Time: 0.191207419 TotalTime: 1.303697163 (REAL s)
Timesteps: 7 sat: false Time: 0.253178419 TotalTime: 1.557040413 (REAL s)
Timesteps: 8 sat: true Time: 0.444976673 TotalTime: 2.002140362 (REAL s)

S 0        Snow       Reachable
--###--    -------    -------
-#'''#-    -------    --111--
-#1'1#-    -------    --010--
-#...#-    --111--    --111--
#''1''#    -------    -01011-
#''q''#    -------    -00111-
-#####-    -------    -------

S 1        Snow       Reachable
--###--    -------    -------
-#'''#-    -------    --111--
-#1'q#-    -------    --011--
-#..2#-    --110--    --110--
#''1''#    -------    -11011-
#'''''#    -------    -11111-
-#####-    -------    -------

S 2        Snow       Reachable
--###--    -------    -------
-#'''#-    -------    --111--
-#1''#-    -------    --010--
-#..q#-    --110--    --111--
#''12'#    -------    -01000-
#'''''#    -------    -11111-
-#####-    -------    -------

S 3        Snow       Reachable
--###--    -------    -------
-#'''#-    -------    --000--
-#1''#-    -------    --000--
-#.2'#-    --100--    --000--
#''q2'#    -------    -10101-
#'''''#    -------    -11111-
-#####-    -------    -------

S 4        Snow       Reachable
--###--    -------    -------
-#'''#-    -------    --011--
-#1''#-    -------    --001--
-#.2'#-    --100--    --001--
#''2q'#    -------    -10011-
#'''''#    -------    -11111-
-#####-    -------    -------

S 5        Snow       Reachable
--###--    -------    -------
-#'''#-    -------    --111--
-#1''#-    -------    --001--
-#.2'#-    --100--    --001--
#'2q''#    -------    -10111-
#'''''#    -------    -11111-
-#####-    -------    -------

S 6        Snow       Reachable
--###--    -------    -------
-#'''#-    -------    --011--
-#1''#-    -------    --011--
-#4q'#-    --000--    --011--
#'2'''#    -------    -00111-
#'''''#    -------    -11111-
-#####-    -------    -------

S 7        Snow       Reachable
--###--    -------    -------
-#'''#-    -------    --111--
-#1''#-    -------    --010--
-#6''#-    --000--    --010--
#'q'''#    -------    -01101-
#'''''#    -------    -01111-
-#####-    -------    -------

S 8        Snow       Reachable
--###--    -------    -------
-#'''#-    -------    --???--
-#q''#-    -------    --???--
-#7''#-    --000--    --???--
#'''''#    -------    -?????-
#'''''#    -------    -?????-
-#####-    -------    -------

Solved: true
Time (CPU s): 1.518445
Valid: true
Actions: 34
    ruuluurDDllddrUdrruLLruLddlUruuulD
Ball references from initial state:
    Ball (0): Location(Coordinate(2,4),SmallBall)
    Ball (1): Location(Coordinate(3,2),SmallBall)
    Ball (2): Location(Coordinate(4,4),SmallBall)
Ball Actions: 8
    D(2)D(2)U(1)L(2)L(2)L(1)U(2)D(0)
