Timesteps: 1 sat: false Time: 0.406040591 TotalTime: 0.407077562 (REAL s)
Timesteps: 2 sat: false Time: 0.171942572 TotalTime: 0.581345042 (REAL s)
Timesteps: 3 sat: false Time: 0.22113123 TotalTime: 0.802666316 (REAL s)
Timesteps: 4 sat: false Time: 0.176937597 TotalTime: 0.979766085 (REAL s)
Timesteps: 5 sat: false Time: 0.233561795 TotalTime: 1.213573107 (REAL s)
Timesteps: 6 sat: false Time: 0.385034086 TotalTime: 1.598763812 (REAL s)
Timesteps: 7 sat: false Time: 0.509537795 TotalTime: 2.108432923 (REAL s)
Timesteps: 8 sat: false Time: 0.90798958 TotalTime: 3.016817131 (REAL s)
Timesteps: 9 sat: false Time: 2.099609854 TotalTime: 5.11653637 (REAL s)
Timesteps: 10 sat: true Time: 1.437495984 TotalTime: 6.554307913 (REAL s)

S 0        Snow       Reachable
-#####-    -------    -------
#.....#    -11111-    -00111-
#.#.#.#    -1-1-1-    -0-1-1-
#.111.#    -1---1-    -00001-
#.#.#.#    -1-1-1-    -0-1-1-
#..p..#    -11111-    -00111-
-#####-    -------    -------

S 1        Snow       Reachable
-#####-    -------    -------
#.....#    -11111-    -11111-
#.#2#.#    -1-0-1-    -1-0-1-
#.1q1.#    -1---1-    -10101-
#.#.#.#    -1-1-1-    -1-1-1-
#.....#    -11111-    -11111-
-#####-    -------    -------

S 2        Snow       Reachable
-#####-    -------    -------
#.....#    -11111-    -11111-
#.#2#.#    -1-0-1-    -1-0-1-
#.q11.#    -1---1-    -11000-
#.#.#.#    -1-1-1-    -1-1-1-
#.....#    -11111-    -11111-
-#####-    -------    -------

S 3        Snow       Reachable
-#####-    -------    -------
#.....#    -11111-    -11111-
#.#3#.#    -1-0-1-    -1-0-1-
#.'q1.#    -1---1-    -10100-
#.#.#.#    -1-1-1-    -1-1-1-
#.....#    -11111-    -11111-
-#####-    -------    -------

S 4        Snow       Reachable
-#####-    -------    -------
#..2..#    -11011-    -10011-
#.#2#.#    -1-0-1-    -1-0-1-
#.'q1.#    -1---1-    -11101-
#.#.#.#    -1-1-1-    -1-0-1-
#.....#    -11111-    -11111-
-#####-    -------    -------

S 5        Snow       Reachable
-#####-    -------    -------
#.4q..#    -10011-    -10111-
#.#2#.#    -1-0-1-    -1-0-1-
#.''1.#    -1---1-    -11101-
#.#.#.#    -1-1-1-    -1-1-1-
#.....#    -11111-    -11111-
-#####-    -------    -------

S 6        Snow       Reachable
-#####-    -------    -------
#.q4..#    -10011-    -11011-
#.#2#.#    -1-0-1-    -1-0-1-
#.''1.#    -1---1-    -11101-
#.#.#.#    -1-1-1-    -1-1-1-
#.....#    -11111-    -11111-
-#####-    -------    -------

S 7        Snow       Reachable
-#####-    -------    -------
#.'6..#    -10011-    -11011-
#.#q#.#    -1-0-1-    -1-1-1-
#.''1.#    -1---1-    -11101-
#.#.#.#    -1-1-1-    -1-1-1-
#.....#    -11111-    -11111-
-#####-    -------    -------

S 8        Snow       Reachable
-#####-    -------    -------
#.'6..#    -10011-    -11011-
#.#'#.#    -1-0-1-    -1-0-1-
#.'1q.#    -1---1-    -11011-
#.#.#.#    -1-1-1-    -1-1-1-
#.....#    -11111-    -11111-
-#####-    -------    -------

S 9        Snow       Reachable
-#####-    -------    -------
#.'6..#    -10011-    -00001-
#.#1#.#    -1-0-1-    -0-0-1-
#.'q'.#    -1---1-    -11101-
#.#.#.#    -1-1-1-    -1-0-1-
#.....#    -11111-    -11111-
-#####-    -------    -------

S 10       Snow       Reachable
-#####-    -------    -------
#.'7..#    -10011-    -?????-
#.#q#.#    -1-0-1-    -?-?-?-
#.'''.#    -1---1-    -?????-
#.#.#.#    -1-1-1-    -?-?-?-
#.....#    -11111-    -?????-
-#####-    -------    -------

Solved: true
Time (CPU s): 5.8499484
Valid: true
Actions: 64
    uUddlluuRlddrruUUddrruuuulLrrddddlluulluuRlddrrUdddrruuLrddlluUU
Ball references from initial state:
    Ball (0): Location(Coordinate(2,3),SmallBall)
    Ball (1): Location(Coordinate(3,3),SmallBall)
    Ball (2): Location(Coordinate(4,3),SmallBall)
Ball Actions: 10
    U(1)R(0)U(0)U(0)L(0)R(0)U(1)L(2)U(2)U(2)
