Timesteps: 1 sat: false Time: 0.411742267 TotalTime: 0.412769705 (REAL s)
Timesteps: 2 sat: false Time: 0.143828497 TotalTime: 0.559683764 (REAL s)
Timesteps: 3 sat: false Time: 0.158391324 TotalTime: 0.718249867 (REAL s)
Timesteps: 4 sat: false Time: 0.174137306 TotalTime: 0.892599577 (REAL s)
Timesteps: 5 sat: false Time: 0.254824739 TotalTime: 1.147564041 (REAL s)
Timesteps: 6 sat: true Time: 0.434038349 TotalTime: 1.581943279 (REAL s)

S 0        Snow       Reachable
-#####-    -------    -------
#.....#    -11111-    -11111-
#.#1#.#    -1---1-    -1-0-1-
#..2..#    -11-11-    -11011-
#.#1#.#    -1---1-    -1-0-1-
#..p..#    -11111-    -11101-
-#####-    -------    -------

S 1        Snow       Reachable
-#####-    -------    -------
#.....#    -11111-    -11111-
#.#1#.#    -1---1-    -1-0-1-
#.4q..#    -10-11-    -10111-
#.#1#.#    -1---1-    -1-0-1-
#.....#    -11111-    -11111-
-#####-    -------    -------

S 2        Snow       Reachable
-#####-    -------    -------
#.....#    -11111-    -11111-
#.#1#.#    -1---1-    -1-0-1-
#.q4..#    -10-11-    -11001-
#.#1#.#    -1---1-    -1-0-1-
#.....#    -11111-    -11011-
-#####-    -------    -------

S 3        Snow       Reachable
-#####-    -------    -------
#.....#    -11111-    -11111-
#.#q#.#    -1---1-    -1-1-1-
#.'5..#    -10-11-    -11011-
#.#1#.#    -1---1-    -1-0-1-
#.....#    -11111-    -11111-
-#####-    -------    -------

S 4        Snow       Reachable
-#####-    -------    -------
#.....#    -11111-    -11111-
#.#'#.#    -1---1-    -1-1-1-
#.q42.#    -10-01-    -11001-
#.#1#.#    -1---1-    -1-0-1-
#.....#    -11111-    -11011-
-#####-    -------    -------

S 5        Snow       Reachable
-#####-    -------    -------
#.....#    -11111-    -11111-
#.#'#.#    -1---1-    -1-0-1-
#.'6q.#    -10-01-    -10011-
#.#1#.#    -1---1-    -1-0-1-
#.....#    -11111-    -11111-
-#####-    -------    -------

S 6        Snow       Reachable
-#####-    -------    -------
#.....#    -11111-    -?????-
#.#'#.#    -1---1-    -?-?-?-
#.'7'.#    -10-01-    -?????-
#.#q#.#    -1---1-    -?-?-?-
#.....#    -11111-    -?????-
-#####-    -------    -------

Solved: true
Time (CPU s): 1.1789922
Valid: true
Actions: 46
    rruulLrruullllddRluurrDullddrRlddrrrruuLrddllU
Ball references from initial state:
    Ball (0): Location(Coordinate(3,2),SmallBall)
    Ball (1): Location(Coordinate(3,3),MediumBall)
    Ball (2): Location(Coordinate(3,4),SmallBall)
Ball Actions: 6
    L(1)R(1)D(2)R(2)L(2)U(0)
