Timesteps: 1 sat: false Time: 0.423923381 TotalTime: 0.424865339 (REAL s)
Timesteps: 2 sat: false Time: 0.186990167 TotalTime: 0.625879882 (REAL s)
Timesteps: 3 sat: false Time: 0.18679004 TotalTime: 0.812779216 (REAL s)
Timesteps: 4 sat: false Time: 0.236727808 TotalTime: 1.049654686 (REAL s)
Timesteps: 5 sat: false Time: 0.22009127 TotalTime: 1.269961353 (REAL s)
Timesteps: 6 sat: false Time: 0.205552058 TotalTime: 1.475635262 (REAL s)
Timesteps: 7 sat: false Time: 0.222543148 TotalTime: 1.698644802 (REAL s)
Timesteps: 8 sat: false Time: 0.390835952 TotalTime: 2.089753703 (REAL s)
Timesteps: 9 sat: false Time: 0.463988548 TotalTime: 2.553853198 (REAL s)
Timesteps: 10 sat: false Time: 0.929591147 TotalTime: 3.483541382 (REAL s)
Timesteps: 11 sat: false Time: 3.839158304 TotalTime: 7.32278371 (REAL s)
Timesteps: 12 sat: false Time: 5.440599507 TotalTime: 12.76356915 (REAL s)
Timesteps: 13 sat: false Time: 8.52324245 TotalTime: 21.286952675 (REAL s)
Timesteps: 14 sat: true Time: 3.939967953 TotalTime: 25.227064881 (REAL s)

S 0          Snow         Reachable
-#######-    ---------    ---------
#...1...#    -111-111-    -1110111-
#.##.##.#    -1--1--1-    -1--0--1-
#...1...#    -111-111-    -1110111-
#..#.#..#    -11-1-11-    -01-0-11-
#...1...#    -111-111-    -0110111-
-#..p..#-    --11111--    --01111--
--#####--    ---------    ---------

S 1          Snow         Reachable
-#######-    ---------    ---------
#...1...#    -111-111-    -1100111-
#.##.##.#    -1--1--1-    -1--0--1-
#..2q...#    -110-111-    -1101111-
#..#.#..#    -11-1-11-    -01-0-11-
#...1...#    -111-111-    -0100010-
-#.....#-    --11111--    --11111--
--#####--    ---------    ---------

S 2          Snow         Reachable
-#######-    ---------    ---------
#...1...#    -111-111-    -1110111-
#.##.##.#    -1--1--1-    -1--0--1-
#..q2...#    -110-111-    -1110001-
#..#.#..#    -11-1-11-    -11-0-11-
#...1...#    -111-111-    -1110011-
-#.....#-    --11111--    --11111--
--#####--    ---------    ---------

S 3          Snow         Reachable
-#######-    ---------    ---------
#..2q...#    -110-111-    -0001111-
#.##.##.#    -1--1--1-    -0--1--1-
#..'2...#    -110-111-    -0000011-
#..#.#..#    -11-1-11-    -00-0-01-
#...1...#    -111-111-    -0010111-
-#.....#-    --11111--    --01110--
--#####--    ---------    ---------

S 4          Snow         Reachable
-#######-    ---------    ---------
#..2'...#    -110-111-    -0001111-
#.##.##.#    -1--1--1-    -0--0--1-
#..'q...#    -110-111-    -1111111-
#..#4#..#    -11-0-11-    -11-0-10-
#...1...#    -111-111-    -1110110-
-#.....#-    --11111--    --11111--
--#####--    ---------    ---------

S 5          Snow         Reachable
-#######-    ---------    ---------
#..2'...#    -110-111-    -1100001-
#.##.##.#    -1--1--1-    -1--0--1-
#..''...#    -110-111-    -1100111-
#..#5#..#    -11-0-11-    -10-0-01-
#...q...#    -111-111-    -1101011-
-#.....#-    --11111--    --11111--
--#####--    ---------    ---------

S 6          Snow         Reachable
-#######-    ---------    ---------
#..2'...#    -110-111-    -0000000-
#.##.##.#    -1--1--1-    -0--0--0-
#..'1...#    -110-111-    -1100110-
#..#4#..#    -11-0-11-    -01-0-11-
#...q...#    -111-111-    -1101010-
-#.....#-    --11111--    --11111--
--#####--    ---------    ---------

S 7          Snow         Reachable
-#######-    ---------    ---------
#..2'...#    -110-111-    -1101111-
#.##.##.#    -1--1--1-    -1--1--1-
#..1q...#    -110-111-    -1001111-
#..#4#..#    -11-0-11-    -11-0-01-
#...'...#    -111-111-    -1111111-
-#.....#-    --11111--    --01111--
--#####--    ---------    ---------

S 8          Snow         Reachable
-#######-    ---------    ---------
#..2'...#    -110-111-    -1100000-
#.##.##.#    -1--1--1-    -1--0--0-
#..14...#    -110-111-    -1000011-
#..#q#..#    -11-0-11-    -11-1-11-
#...'...#    -111-111-    -0111110-
-#.....#-    --11111--    --10111--
--#####--    ---------    ---------

S 9          Snow         Reachable
-#######-    ---------    ---------
#..2'...#    -110-111-    -1100111-
#.##4##.#    -1--0--1-    -1--0--1-
#..1q...#    -110-111-    -1001101-
#..#'#..#    -11-0-11-    -11-1-01-
#...'...#    -111-111-    -1101111-
-#.....#-    --11111--    --11111--
--#####--    ---------    ---------

S 10         Snow         Reachable
-#######-    ---------    ---------
#..24...#    -110-111-    -1100111-
#.##q##.#    -1--0--1-    -1--1--1-
#..1'...#    -110-111-    -1001111-
#..#'#..#    -11-0-11-    -11-0-11-
#...'...#    -111-111-    -0101111-
-#.....#-    --11111--    --11110--
--#####--    ---------    ---------

S 11         Snow         Reachable
-#######-    ---------    ---------
#..q6...#    -110-111-    -1110000-
#.##'##.#    -1--0--1-    -1--0--0-
#..1'...#    -110-111-    -1100111-
#..#'#..#    -11-0-11-    -11-1-01-
#...'...#    -111-111-    -0111111-
-#.....#-    --11111--    --01111--
--#####--    ---------    ---------

S 12         Snow         Reachable
-#######-    ---------    ---------
#..'6...#    -110-111-    -1100011-
#.##'##.#    -1--0--1-    -1--0--1-
#..q1...#    -110-111-    -1110011-
#..#'#..#    -11-0-11-    -11-1-10-
#...'...#    -111-111-    -1111110-
-#.....#-    --11111--    --11110--
--#####--    ---------    ---------

S 13         Snow         Reachable
-#######-    ---------    ---------
#..'6...#    -110-111-    -0000000-
#.##1##.#    -1--0--1-    -0--0--1-
#..'q...#    -110-111-    -1111111-
#..#'#..#    -11-0-11-    -00-0-01-
#...'...#    -111-111-    -1111111-
-#.....#-    --11111--    --00000--
--#####--    ---------    ---------

S 14         Snow         Reachable
-#######-    ---------    ---------
#..'7...#    -110-111-    -???????-
#.##q##.#    -1--0--1-    -?--?--?-
#..''...#    -110-111-    -???????-
#..#'#..#    -11-0-11-    -??-?-??-
#...'...#    -111-111-    -???????-
-#.....#-    --11111--    --?????--
--#####--    ---------    ---------

Solved: true
Time (CPU s): 24.309895
Valid: true
Actions: 89
    ruruulLrrddldlluluuRlddrdrruruuruullLdDllddrdrUUrruulLrrddllUUUdddlluuluurRllddrRlddrruUU
Ball references from initial state:
    Ball (0): Location(Coordinate(4,2),SmallBall)
    Ball (1): Location(Coordinate(4,4),SmallBall)
    Ball (2): Location(Coordinate(4,6),SmallBall)
Ball Actions: 14
    L(1)R(1)L(2)D(1)U(0)U(0)L(0)U(1)U(1)U(1)R(2)R(0)U(0)U(0)
