Timesteps: 1 sat: false Time: 0.412879788 TotalTime: 0.413839349 (REAL s)
Timesteps: 2 sat: false Time: 0.169599824 TotalTime: 0.589482122 (REAL s)
Timesteps: 3 sat: false Time: 0.15782348 TotalTime: 0.747424625 (REAL s)
Timesteps: 4 sat: false Time: 0.228049844 TotalTime: 0.975603923 (REAL s)
Timesteps: 5 sat: false Time: 0.193366224 TotalTime: 1.169131315 (REAL s)
Timesteps: 6 sat: false Time: 0.189483952 TotalTime: 1.358779963 (REAL s)
Timesteps: 7 sat: false Time: 0.227211507 TotalTime: 1.586111104 (REAL s)
Timesteps: 8 sat: false Time: 0.193353132 TotalTime: 1.779607719 (REAL s)
Timesteps: 9 sat: false Time: 0.266282003 TotalTime: 2.046014196 (REAL s)
Timesteps: 10 sat: false Time: 0.407645697 TotalTime: 2.453757842 (REAL s)
Timesteps: 11 sat: false Time: 0.534943157 TotalTime: 2.98879146 (REAL s)
Timesteps: 12 sat: false Time: 1.599403963 TotalTime: 4.588397488 (REAL s)
Timesteps: 13 sat: false Time: 1.757964793 TotalTime: 6.34645437 (REAL s)
Timesteps: 14 sat: false Time: 1.867299358 TotalTime: 8.213899332 (REAL s)
Timesteps: 15 sat: true Time: 1.722192765 TotalTime: 9.936192734 (REAL s)

S 0         Snow        Reachable
----###-    --------    --------
-###'''#    --------    ----101-
#......#    -111111-    -111111-
#.1#4#2#    -1------    -10-0-0-
#......#    -111111-    -111111-
-###'q'#    --------    ----011-
----###-    --------    --------

S 1         Snow        Reachable
----###-    --------    --------
-###'''#    --------    ----000-
#...4..#    -111011-    -111000-
#.1#q#2#    -1------    -10-1-0-
#......#    -111111-    -111111-
-###'''#    --------    ----110-
----###-    --------    --------

S 2         Snow        Reachable
----###-    --------    --------
-###'''#    --------    ----111-
#...q4.#    -111001-    -001101-
#.1#'#2#    -1------    -00-1-0-
#......#    -111111-    -111111-
-###'''#    --------    ----111-
----###-    --------    --------

S 3         Snow        Reachable
----###-    --------    --------
-###'''#    --------    ----000-
#...4q.#    -111001-    -000010-
#.1#'#2#    -1------    -00-0-0-
#......#    -111111-    -000000-
-###'''#    --------    ----000-
----###-    --------    --------

S 4         Snow        Reachable
----###-    --------    --------
-###'''#    --------    ----111-
#..4q'.#    -110001-    -100101-
#.1#'#2#    -1------    -10-1-0-
#......#    -111111-    -111100-
-###'''#    --------    ----111-
----###-    --------    --------

S 5         Snow        Reachable
----###-    --------    --------
-###'''#    --------    ----100-
#.4q''.#    -100001-    -101111-
#.1#'#2#    -1------    -10-1-0-
#......#    -111111-    -111111-
-###'''#    --------    ----111-
----###-    --------    --------

S 6         Snow        Reachable
----###-    --------    --------
-###'''#    --------    ----000-
#.q4''.#    -100001-    -110000-
#.1#'#2#    -1------    -10-0-0-
#......#    -111111-    -111111-
-###'''#    --------    ----100-
----###-    --------    --------

S 7         Snow        Reachable
----###-    --------    --------
-###'''#    --------    ----000-
#.'q4'.#    -100001-    -111000-
#.1#'#2#    -1------    -10-1-0-
#......#    -111111-    -111100-
-###'''#    --------    ----111-
----###-    --------    --------

S 8         Snow        Reachable
----###-    --------    --------
-###'''#    --------    ----000-
#.''q4.#    -100001-    -001100-
#.1#'#2#    -1------    -00-1-0-
#......#    -111111-    -000111-
-###'''#    --------    ----011-
----###-    --------    --------

S 9         Snow        Reachable
----###-    --------    --------
-###'''#    --------    ----000-
#.'''q4#    -100000-    -100110-
#.1#'#2#    -1------    -10-1-0-
#......#    -111111-    -111101-
-###'''#    --------    ----111-
----###-    --------    --------

S 10        Snow        Reachable
----###-    --------    --------
-###'''#    --------    ----011-
#.''''6#    -100000-    -111110-
#.1#'#q#    -1------    -10-1-1-
#......#    -111111-    -111111-
-###'''#    --------    ----111-
----###-    --------    --------

S 11        Snow        Reachable
----###-    --------    --------
-###'''#    --------    ----010-
#.1'''6#    -100000-    -100110-
#.q#'#'#    -1------    -11-1-1-
#......#    -111111-    -111111-
-###'''#    --------    ----111-
----###-    --------    --------

S 12        Snow        Reachable
----###-    --------    --------
-###'''#    --------    ----000-
#.q1''6#    -100000-    -010000-
#.'#'#'#    -1------    -01-1-1-
#......#    -111111-    -011111-
-###'''#    --------    ----111-
----###-    --------    --------

S 13        Snow        Reachable
----###-    --------    --------
-###'''#    --------    ----000-
#.'q1'6#    -100000-    -011000-
#.'#'#'#    -1------    -01-0-0-
#......#    -111111-    -011111-
-###'''#    --------    ----101-
----###-    --------    --------

S 14        Snow        Reachable
----###-    --------    --------
-###'''#    --------    ----111-
#.''q16#    -100000-    -000100-
#.'#'#'#    -1------    -00-1-0-
#......#    -111111-    -000100-
-###'''#    --------    ----111-
----###-    --------    --------

S 15        Snow        Reachable
----###-    --------    --------
-###'''#    --------    ----???-
#.'''q7#    -100000-    -??????-
#.'#'#'#    -1------    -??-?-?-
#......#    -111111-    -??????-
-###'''#    --------    ----???-
----###-    --------    --------

Solved: true
Time (CPU s): 9.079474
Valid: true
Actions: 49
    ulUdllluurrRurrdLLLrddllluuRRRRlddrrUdllllUluRRRR
Ball references from initial state:
    Ball (0): Location(Coordinate(2,3),SmallBall)
    Ball (1): Location(Coordinate(4,3),LargeBall)
    Ball (2): Location(Coordinate(6,3),MediumBall)
Ball Actions: 15
    U(1)R(1)L(1)L(1)L(1)R(1)R(1)R(1)R(1)U(2)U(0)R(0)R(0)R(0)R(0)
